ARM GAS  /tmp/ccgaQKhc.s 			page 1


   1              		.syntax unified
   2              		.cpu cortex-m3
   3              		.fpu softvfp
   4              		.eabi_attribute 20, 1
   5              		.eabi_attribute 21, 1
   6              		.eabi_attribute 23, 3
   7              		.eabi_attribute 24, 1
   8              		.eabi_attribute 25, 1
   9              		.eabi_attribute 26, 1
  10              		.eabi_attribute 30, 2
  11              		.eabi_attribute 18, 4
  12              		.thumb
  13              		.file	"chcore.c"
  14              		.section	.debug_abbrev,"",%progbits
  15              	.Ldebug_abbrev0:
  16              		.section	.debug_info,"",%progbits
  17              	.Ldebug_info0:
  18              		.section	.debug_line,"",%progbits
  19              	.Ldebug_line0:
  20 0000 5A000000 		.text
  20      02004400 
  20      00000201 
  20      FB0E0D00 
  20      01010101 
  21              	.Ltext0:
  22              		.cfi_sections	.debug_frame
  23              		.section	.text.port_halt,"ax",%progbits
  24              		.align	2
  25              		.p2align 4,,15
  26              		.weak	port_halt
  27              		.thumb
  28              		.thumb_func
  29              		.type	port_halt, %function
  30              	port_halt:
  31              	.LFB0:
  32              		.file 1 "../chibios_2.4.x/os/ports/GCC/ARMCMx/chcore.c"
  33              		.loc 1 46 0
  34              		.cfi_startproc
  35              		@ args = 0, pretend = 0, frame = 0
  36              		@ frame_needed = 0, uses_anonymous_args = 0
  37              		@ link register save eliminated.
  38              		.loc 1 48 0
  39              	@ 48 "../chibios_2.4.x/os/ports/GCC/ARMCMx/chcore.c" 1
  40 0000 72B6     		cpsid   i
  41              	@ 0 "" 2
  42              		.thumb
  43              	.L2:
  44 0002 FEE7     		b	.L2
  45              		.cfi_endproc
  46              	.LFE0:
  47              		.size	port_halt, .-port_halt
  48 0004 AFF30080 		.text
  48      AFF30080 
  48      AFF30080 
  49              	.Letext0:
  50              		.section	.debug_info
  51 0000 87000000 		.4byte	0x87
ARM GAS  /tmp/ccgaQKhc.s 			page 2


  52 0004 0200     		.2byte	0x2
  53 0006 00000000 		.4byte	.Ldebug_abbrev0
  54 000a 04       		.byte	0x4
  55 000b 01       		.uleb128 0x1
  56 000c D9000000 		.4byte	.LASF10
  57 0010 01       		.byte	0x1
  58 0011 0D000000 		.4byte	.LASF11
  59 0015 67000000 		.4byte	.LASF12
  60 0019 00000000 		.4byte	0x0
  61 001d 00000000 		.4byte	0x0
  62 0021 00000000 		.4byte	.Ldebug_ranges0+0x0
  63 0025 00000000 		.4byte	.Ldebug_line0
  64 0029 02       		.uleb128 0x2
  65 002a 04       		.byte	0x4
  66 002b 05       		.byte	0x5
  67 002c 696E7400 		.ascii	"int\000"
  68 0030 03       		.uleb128 0x3
  69 0031 04       		.byte	0x4
  70 0032 07       		.byte	0x7
  71 0033 00000000 		.4byte	.LASF0
  72 0037 03       		.uleb128 0x3
  73 0038 01       		.byte	0x1
  74 0039 06       		.byte	0x6
  75 003a 5B000000 		.4byte	.LASF1
  76 003e 03       		.uleb128 0x3
  77 003f 01       		.byte	0x1
  78 0040 08       		.byte	0x8
  79 0041 4D000000 		.4byte	.LASF2
  80 0045 03       		.uleb128 0x3
  81 0046 02       		.byte	0x2
  82 0047 05       		.byte	0x5
  83 0048 9C000000 		.4byte	.LASF3
  84 004c 03       		.uleb128 0x3
  85 004d 02       		.byte	0x2
  86 004e 07       		.byte	0x7
  87 004f BD000000 		.4byte	.LASF4
  88 0053 03       		.uleb128 0x3
  89 0054 04       		.byte	0x4
  90 0055 05       		.byte	0x5
  91 0056 D0000000 		.4byte	.LASF5
  92 005a 03       		.uleb128 0x3
  93 005b 04       		.byte	0x4
  94 005c 07       		.byte	0x7
  95 005d 3B000000 		.4byte	.LASF6
  96 0061 03       		.uleb128 0x3
  97 0062 08       		.byte	0x8
  98 0063 05       		.byte	0x5
  99 0064 EA000000 		.4byte	.LASF7
 100 0068 03       		.uleb128 0x3
 101 0069 08       		.byte	0x8
 102 006a 07       		.byte	0x7
 103 006b A6000000 		.4byte	.LASF8
 104 006f 03       		.uleb128 0x3
 105 0070 01       		.byte	0x1
 106 0071 08       		.byte	0x8
 107 0072 E5000000 		.4byte	.LASF9
 108 0076 04       		.uleb128 0x4
ARM GAS  /tmp/ccgaQKhc.s 			page 3


 109 0077 01       		.byte	0x1
 110 0078 92000000 		.4byte	.LASF13
 111 007c 01       		.byte	0x1
 112 007d 2E       		.byte	0x2e
 113 007e 01       		.byte	0x1
 114 007f 00000000 		.4byte	.LFB0
 115 0083 04000000 		.4byte	.LFE0
 116 0087 02       		.byte	0x2
 117 0088 7D       		.byte	0x7d
 118 0089 00       		.sleb128 0
 119 008a 00       		.byte	0x0
 120              		.section	.debug_abbrev
 121 0000 01       		.uleb128 0x1
 122 0001 11       		.uleb128 0x11
 123 0002 01       		.byte	0x1
 124 0003 25       		.uleb128 0x25
 125 0004 0E       		.uleb128 0xe
 126 0005 13       		.uleb128 0x13
 127 0006 0B       		.uleb128 0xb
 128 0007 03       		.uleb128 0x3
 129 0008 0E       		.uleb128 0xe
 130 0009 1B       		.uleb128 0x1b
 131 000a 0E       		.uleb128 0xe
 132 000b 11       		.uleb128 0x11
 133 000c 01       		.uleb128 0x1
 134 000d 52       		.uleb128 0x52
 135 000e 01       		.uleb128 0x1
 136 000f 55       		.uleb128 0x55
 137 0010 06       		.uleb128 0x6
 138 0011 10       		.uleb128 0x10
 139 0012 06       		.uleb128 0x6
 140 0013 00       		.byte	0x0
 141 0014 00       		.byte	0x0
 142 0015 02       		.uleb128 0x2
 143 0016 24       		.uleb128 0x24
 144 0017 00       		.byte	0x0
 145 0018 0B       		.uleb128 0xb
 146 0019 0B       		.uleb128 0xb
 147 001a 3E       		.uleb128 0x3e
 148 001b 0B       		.uleb128 0xb
 149 001c 03       		.uleb128 0x3
 150 001d 08       		.uleb128 0x8
 151 001e 00       		.byte	0x0
 152 001f 00       		.byte	0x0
 153 0020 03       		.uleb128 0x3
 154 0021 24       		.uleb128 0x24
 155 0022 00       		.byte	0x0
 156 0023 0B       		.uleb128 0xb
 157 0024 0B       		.uleb128 0xb
 158 0025 3E       		.uleb128 0x3e
 159 0026 0B       		.uleb128 0xb
 160 0027 03       		.uleb128 0x3
 161 0028 0E       		.uleb128 0xe
 162 0029 00       		.byte	0x0
 163 002a 00       		.byte	0x0
 164 002b 04       		.uleb128 0x4
 165 002c 2E       		.uleb128 0x2e
ARM GAS  /tmp/ccgaQKhc.s 			page 4


 166 002d 00       		.byte	0x0
 167 002e 3F       		.uleb128 0x3f
 168 002f 0C       		.uleb128 0xc
 169 0030 03       		.uleb128 0x3
 170 0031 0E       		.uleb128 0xe
 171 0032 3A       		.uleb128 0x3a
 172 0033 0B       		.uleb128 0xb
 173 0034 3B       		.uleb128 0x3b
 174 0035 0B       		.uleb128 0xb
 175 0036 27       		.uleb128 0x27
 176 0037 0C       		.uleb128 0xc
 177 0038 11       		.uleb128 0x11
 178 0039 01       		.uleb128 0x1
 179 003a 12       		.uleb128 0x12
 180 003b 01       		.uleb128 0x1
 181 003c 40       		.uleb128 0x40
 182 003d 0A       		.uleb128 0xa
 183 003e 00       		.byte	0x0
 184 003f 00       		.byte	0x0
 185 0040 00       		.byte	0x0
 186              		.section	.debug_pubnames,"",%progbits
 187 0000 1C000000 		.4byte	0x1c
 188 0004 0200     		.2byte	0x2
 189 0006 00000000 		.4byte	.Ldebug_info0
 190 000a 8B000000 		.4byte	0x8b
 191 000e 76000000 		.4byte	0x76
 192 0012 706F7274 		.ascii	"port_halt\000"
 192      5F68616C 
 192      7400
 193 001c 00000000 		.4byte	0x0
 194              		.section	.debug_pubtypes,"",%progbits
 195 0000 0E000000 		.4byte	0xe
 196 0004 0200     		.2byte	0x2
 197 0006 00000000 		.4byte	.Ldebug_info0
 198 000a 8B000000 		.4byte	0x8b
 199 000e 00000000 		.4byte	0x0
 200              		.section	.debug_aranges,"",%progbits
 201 0000 1C000000 		.4byte	0x1c
 202 0004 0200     		.2byte	0x2
 203 0006 00000000 		.4byte	.Ldebug_info0
 204 000a 04       		.byte	0x4
 205 000b 00       		.byte	0x0
 206 000c 0000     		.2byte	0x0
 207 000e 0000     		.2byte	0x0
 208 0010 00000000 		.4byte	.LFB0
 209 0014 04000000 		.4byte	.LFE0-.LFB0
 210 0018 00000000 		.4byte	0x0
 211 001c 00000000 		.4byte	0x0
 212              		.section	.debug_ranges,"",%progbits
 213              	.Ldebug_ranges0:
 214 0000 00000000 		.4byte	.LFB0
 215 0004 04000000 		.4byte	.LFE0
 216 0008 00000000 		.4byte	0x0
 217 000c 00000000 		.4byte	0x0
 218              		.section	.debug_str,"MS",%progbits,1
 219              	.LASF0:
 220 0000 756E7369 		.ascii	"unsigned int\000"
ARM GAS  /tmp/ccgaQKhc.s 			page 5


 220      676E6564 
 220      20696E74 
 220      00
 221              	.LASF11:
 222 000d 2E2E2F63 		.ascii	"../chibios_2.4.x/os/ports/GCC/ARMCMx/chcore.c\000"
 222      68696269 
 222      6F735F32 
 222      2E342E78 
 222      2F6F732F 
 223              	.LASF6:
 224 003b 6C6F6E67 		.ascii	"long unsigned int\000"
 224      20756E73 
 224      69676E65 
 224      6420696E 
 224      7400
 225              	.LASF2:
 226 004d 756E7369 		.ascii	"unsigned char\000"
 226      676E6564 
 226      20636861 
 226      7200
 227              	.LASF1:
 228 005b 7369676E 		.ascii	"signed char\000"
 228      65642063 
 228      68617200 
 229              	.LASF12:
 230 0067 2F686F6D 		.ascii	"/home/z80/projects/ipm/soft/firmware/valve\000"
 230      652F7A38 
 230      302F7072 
 230      6F6A6563 
 230      74732F69 
 231              	.LASF13:
 232 0092 706F7274 		.ascii	"port_halt\000"
 232      5F68616C 
 232      7400
 233              	.LASF3:
 234 009c 73686F72 		.ascii	"short int\000"
 234      7420696E 
 234      7400
 235              	.LASF8:
 236 00a6 6C6F6E67 		.ascii	"long long unsigned int\000"
 236      206C6F6E 
 236      6720756E 
 236      7369676E 
 236      65642069 
 237              	.LASF4:
 238 00bd 73686F72 		.ascii	"short unsigned int\000"
 238      7420756E 
 238      7369676E 
 238      65642069 
 238      6E7400
 239              	.LASF5:
 240 00d0 6C6F6E67 		.ascii	"long int\000"
 240      20696E74 
 240      00
 241              	.LASF10:
 242 00d9 474E5520 		.ascii	"GNU C 4.5.2\000"
 242      4320342E 
ARM GAS  /tmp/ccgaQKhc.s 			page 6


 242      352E3200 
 243              	.LASF9:
 244 00e5 63686172 		.ascii	"char\000"
 244      00
 245              	.LASF7:
 246 00ea 6C6F6E67 		.ascii	"long long int\000"
 246      206C6F6E 
 246      6720696E 
 246      7400
 247              		.ident	"GCC: (Sourcery G++ Lite 2011.03-42) 4.5.2"
ARM GAS  /tmp/ccgaQKhc.s 			page 7


DEFINED SYMBOLS
                            *ABS*:00000000 chcore.c
     /tmp/ccgaQKhc.s:24     .text.port_halt:00000000 $t
     /tmp/ccgaQKhc.s:30     .text.port_halt:00000000 port_halt
                     .debug_frame:00000010 $d

NO UNDEFINED SYMBOLS
