ARM GAS  /tmp/cc7uCa9S.s 			page 1


   1              		.syntax unified
   2              		.cpu cortex-m3
   3              		.fpu softvfp
   4              		.eabi_attribute 20, 1
   5              		.eabi_attribute 21, 1
   6              		.eabi_attribute 23, 3
   7              		.eabi_attribute 24, 1
   8              		.eabi_attribute 25, 1
   9              		.eabi_attribute 26, 1
  10              		.eabi_attribute 30, 2
  11              		.eabi_attribute 18, 4
  12              		.thumb
  13              		.file	"chcore_v7m.c"
  14              		.section	.debug_abbrev,"",%progbits
  15              	.Ldebug_abbrev0:
  16              		.section	.debug_info,"",%progbits
  17              	.Ldebug_info0:
  18              		.section	.debug_line,"",%progbits
  19              	.Ldebug_line0:
  20 0000 4B020000 		.text
  20      02006A01 
  20      00000201 
  20      FB0E0D00 
  20      01010101 
  21              	.Ltext0:
  22              		.cfi_sections	.debug_frame
  23              		.section	.text._port_switch_from_isr,"ax",%progbits
  24              		.align	2
  25              		.p2align 4,,15
  26              		.global	_port_switch_from_isr
  27              		.thumb
  28              		.thumb_func
  29              		.type	_port_switch_from_isr, %function
  30              	_port_switch_from_isr:
  31              	.LFB6:
  32              		.file 1 "../chibios_2.4.x/os/ports/GCC/ARMCMx/chcore_v7m.c"
  33              		.loc 1 207 0
  34              		.cfi_startproc
  35              		@ Naked Function: prologue and epilogue provided by programmer.
  36              		@ args = 0, pretend = 0, frame = 0
  37              		@ frame_needed = 0, uses_anonymous_args = 0
  38              		.loc 1 209 0
  39 0000 FFF7FEFF 		bl	dbg_check_lock
  40              		.loc 1 210 0
  41 0004 FFF7FEFF 		bl	chSchDoReschedule
  42              		.loc 1 211 0
  43 0008 FFF7FEFF 		bl	dbg_check_unlock
  44              		.loc 1 212 0
  45              	@ 212 "../chibios_2.4.x/os/ports/GCC/ARMCMx/chcore_v7m.c" 1
  46              		_port_exit_from_isr:
  47              	@ 0 "" 2
  48              		.loc 1 214 0
  49              	@ 214 "../chibios_2.4.x/os/ports/GCC/ARMCMx/chcore_v7m.c" 1
  50 000c 00DF     		svc     #0
  51              	@ 0 "" 2
  52              		.loc 1 221 0
  53              		.thumb
ARM GAS  /tmp/cc7uCa9S.s 			page 2


  54              		.cfi_endproc
  55              	.LFE6:
  56              		.size	_port_switch_from_isr, .-_port_switch_from_isr
  57 000e 00BF     		.section	.text.SVCallVector,"ax",%progbits
  58              		.align	2
  59              		.p2align 4,,15
  60              		.global	SVCallVector
  61              		.thumb
  62              		.thumb_func
  63              		.type	SVCallVector, %function
  64              	SVCallVector:
  65              	.LFB1:
  66              		.loc 1 65 0
  67              		.cfi_startproc
  68              		@ args = 0, pretend = 0, frame = 0
  69              		@ frame_needed = 0, uses_anonymous_args = 0
  70 0000 00B5     		push	{lr}
  71              	.LCFI0:
  72              		.cfi_def_cfa_offset 4
  73              		.loc 1 69 0
  74              	@ 69 "../chibios_2.4.x/os/ports/GCC/ARMCMx/chcore_v7m.c" 1
  75 0002 EFF30983 		mrs     r3, PSP
  76              	@ 0 "" 2
  77              	.LVL0:
  78              		.loc 1 73 0
  79              		.thumb
  80 0006 2033     		adds	r3, r3, #32
  81              	.LVL1:
  82              		.loc 1 80 0
  83              	@ 80 "../chibios_2.4.x/os/ports/GCC/ARMCMx/chcore_v7m.c" 1
  84 0008 83F30988 		msr     PSP, r3
  85              	@ 0 "" 2
  86              		.loc 1 81 0
  87              	@ 81 "../chibios_2.4.x/os/ports/GCC/ARMCMx/chcore_v7m.c" 1
  88 000c FFF7FEFF 		bl      _port_unlock
  89              	@ 0 "" 2
  90              	.LVL2:
  91              		.loc 1 82 0
  92              		.thumb
  93 0010 5DF804FB 		ldr	pc, [sp], #4
  94              		.cfi_offset 14, -4
  95              		.cfi_endproc
  96              	.LFE1:
  97              		.size	SVCallVector, .-SVCallVector
  98 0014 AFF30080 		.section	.text._port_init,"ax",%progbits
  98      AFF30080 
  98      AFF30080 
  99              		.align	2
 100              		.p2align 4,,15
 101              		.global	_port_init
 102              		.thumb
 103              		.thumb_func
 104              		.type	_port_init, %function
 105              	_port_init:
 106              	.LFB2:
 107              		.loc 1 118 0
 108              		.cfi_startproc
ARM GAS  /tmp/cc7uCa9S.s 			page 3


 109              		@ args = 0, pretend = 0, frame = 0
 110              		@ frame_needed = 0, uses_anonymous_args = 0
 111              		.loc 1 121 0
 112 0000 0A4B     		ldr	r3, .L4
 113 0002 0022     		movs	r2, #0
 114              		.loc 1 118 0
 115 0004 10B5     		push	{r4, lr}
 116              	.LCFI1:
 117              		.cfi_def_cfa_offset 8
 118              		.loc 1 121 0
 119 0006 9A60     		str	r2, [r3, #8]
 120              		.loc 1 122 0
 121 0008 094A     		ldr	r2, .L4+4
 122              		.loc 1 125 0
 123 000a 0720     		movs	r0, #7
 124 000c 1021     		movs	r1, #16
 125              		.loc 1 122 0
 126 000e DA60     		str	r2, [r3, #12]
 127              		.loc 1 125 0
 128              		.cfi_offset 14, -4
 129              		.cfi_offset 4, -8
 130 0010 FFF7FEFF 		bl	nvicSetSystemHandlerPriority
 131              		.loc 1 127 0
 132 0014 0A20     		movs	r0, #10
 133 0016 4FF40071 		mov	r1, #512
 134 001a FFF7FEFF 		bl	nvicSetSystemHandlerPriority
 135              		.loc 1 129 0
 136 001e 0B20     		movs	r0, #11
 137 0020 8021     		movs	r1, #128
 138              		.loc 1 131 0
 139 0022 BDE81040 		pop	{r4, lr}
 140              		.loc 1 129 0
 141 0026 FFF7FEBF 		b	nvicSetSystemHandlerPriority
 142              	.L5:
 143 002a 00BF     		.align	2
 144              	.L4:
 145 002c 00ED00E0 		.word	-536810240
 146 0030 0000FA05 		.word	100270080
 147              		.cfi_endproc
 148              	.LFE2:
 149              		.size	_port_init, .-_port_init
 150 0034 AFF30080 		.section	.text._port_lock,"ax",%progbits
 150      AFF30080 
 150      AFF30080 
 151              		.align	2
 152              		.p2align 4,,15
 153              		.global	_port_lock
 154              		.thumb
 155              		.thumb_func
 156              		.type	_port_lock, %function
 157              	_port_lock:
 158              	.LFB3:
 159              		.loc 1 134 0
 160              		.cfi_startproc
 161              		@ args = 0, pretend = 0, frame = 0
 162              		@ frame_needed = 0, uses_anonymous_args = 0
 163              		@ link register save eliminated.
ARM GAS  /tmp/cc7uCa9S.s 			page 4


 164              		.loc 1 135 0
 165 0000 2023     		movs	r3, #32
 166              	.LVL3:
 167              		.loc 1 136 0
 168              	@ 136 "../chibios_2.4.x/os/ports/GCC/ARMCMx/chcore_v7m.c" 1
 169 0002 83F31188 		msr     BASEPRI, r3
 170              	@ 0 "" 2
 171              	.LVL4:
 172              		.loc 1 137 0
 173              		.thumb
 174 0006 7047     		bx	lr
 175              		.cfi_endproc
 176              	.LFE3:
 177              		.size	_port_lock, .-_port_lock
 178 0008 AFF30080 		.section	.text._port_unlock,"ax",%progbits
 178      AFF30080 
 179              		.align	2
 180              		.p2align 4,,15
 181              		.global	_port_unlock
 182              		.thumb
 183              		.thumb_func
 184              		.type	_port_unlock, %function
 185              	_port_unlock:
 186              	.LFB4:
 187              		.loc 1 139 0
 188              		.cfi_startproc
 189              		@ args = 0, pretend = 0, frame = 0
 190              		@ frame_needed = 0, uses_anonymous_args = 0
 191              		@ link register save eliminated.
 192              		.loc 1 140 0
 193 0000 0023     		movs	r3, #0
 194              	.LVL5:
 195              		.loc 1 141 0
 196              	@ 141 "../chibios_2.4.x/os/ports/GCC/ARMCMx/chcore_v7m.c" 1
 197 0002 83F31188 		msr     BASEPRI, r3
 198              	@ 0 "" 2
 199              	.LVL6:
 200              		.loc 1 142 0
 201              		.thumb
 202 0006 7047     		bx	lr
 203              		.cfi_endproc
 204              	.LFE4:
 205              		.size	_port_unlock, .-_port_unlock
 206 0008 AFF30080 		.section	.text._port_irq_epilogue,"ax",%progbits
 206      AFF30080 
 207              		.align	2
 208              		.p2align 4,,15
 209              		.global	_port_irq_epilogue
 210              		.thumb
 211              		.thumb_func
 212              		.type	_port_irq_epilogue, %function
 213              	_port_irq_epilogue:
 214              	.LFB5:
 215              		.loc 1 148 0
 216              		.cfi_startproc
 217              		@ args = 0, pretend = 0, frame = 0
 218              		@ frame_needed = 0, uses_anonymous_args = 0
ARM GAS  /tmp/cc7uCa9S.s 			page 5


 219 0000 00B5     		push	{lr}
 220              	.LCFI2:
 221              		.cfi_def_cfa_offset 4
 222              		.loc 1 150 0
 223              	@ 150 "../chibios_2.4.x/os/ports/GCC/ARMCMx/chcore_v7m.c" 1
 224 0002 FFF7FEFF 		bl      _port_lock
 225              	@ 0 "" 2
 226              		.loc 1 151 0
 227              		.thumb
 228 0006 1748     		ldr	r0, .L16
 229 0008 4368     		ldr	r3, [r0, #4]
 230 000a 13F4006F 		tst	r3, #2048
 231 000e 17D0     		beq	.L9
 232              		.cfi_offset 14, -4
 233              	.LBB2:
 234              		.loc 1 155 0
 235              	@ 155 "../chibios_2.4.x/os/ports/GCC/ARMCMx/chcore_v7m.c" 1
 236 0010 EFF30983 		mrs     r3, PSP
 237              	@ 0 "" 2
 238              	.LVL7:
 239              		.loc 1 159 0
 240              		.thumb
 241 0014 203B     		subs	r3, r3, #32
 242              	.LVL8:
 243              		.loc 1 160 0
 244              	@ 160 "../chibios_2.4.x/os/ports/GCC/ARMCMx/chcore_v7m.c" 1
 245 0016 83F30988 		msr     PSP, r3
 246              	@ 0 "" 2
 247              		.loc 1 165 0
 248              		.thumb
 249 001a 134A     		ldr	r2, .L16+4
 250              		.loc 1 161 0
 251 001c 4FF08070 		mov	r0, #16777216
 252              		.loc 1 165 0
 253 0020 9169     		ldr	r1, [r2, #24]
 254              		.loc 1 161 0
 255 0022 D861     		str	r0, [r3, #28]
 256              		.loc 1 165 0
 257 0024 81B1     		cbz	r1, .L10
 258              		.loc 1 165 0 is_stmt 0 discriminator 1
 259 0026 1068     		ldr	r0, [r2, #0]
 260 0028 D269     		ldr	r2, [r2, #28]
 261 002a 8168     		ldr	r1, [r0, #8]
 262 002c 9268     		ldr	r2, [r2, #8]
 263 002e 9142     		cmp	r1, r2
 264 0030 94BF     		ite	ls
 265 0032 0022     		movls	r2, #0
 266 0034 0122     		movhi	r2, #1
 267 0036 8AB1     		cbz	r2, .L12
 268              	.L15:
 269              		.loc 1 167 0 is_stmt 1
 270 0038 0C49     		ldr	r1, .L16+8
 271 003a 9961     		str	r1, [r3, #24]
 272 003c 5DF804FB 		ldr	pc, [sp], #4
 273              	.LVL9:
 274              	.L9:
 275              	.LBE2:
ARM GAS  /tmp/cc7uCa9S.s 			page 6


 276              		.loc 1 197 0
 277              	@ 197 "../chibios_2.4.x/os/ports/GCC/ARMCMx/chcore_v7m.c" 1
 278 0040 FFF7FEFF 		bl      _port_unlock
 279              	@ 0 "" 2
 280              		.thumb
 281 0044 5DF804FB 		ldr	pc, [sp], #4
 282              	.LVL10:
 283              	.L10:
 284              	.LBB3:
 285              		.loc 1 165 0 discriminator 2
 286 0048 1068     		ldr	r0, [r2, #0]
 287 004a D269     		ldr	r2, [r2, #28]
 288 004c 8168     		ldr	r1, [r0, #8]
 289 004e 9268     		ldr	r2, [r2, #8]
 290 0050 9142     		cmp	r1, r2
 291 0052 34BF     		ite	cc
 292 0054 0022     		movcc	r2, #0
 293 0056 0122     		movcs	r2, #1
 294 0058 002A     		cmp	r2, #0
 295 005a EDD1     		bne	.L15
 296              	.L12:
 297              		.loc 1 176 0
 298 005c 044A     		ldr	r2, .L16+12
 299 005e 9A61     		str	r2, [r3, #24]
 300 0060 5DF804FB 		ldr	pc, [sp], #4
 301              	.L17:
 302              		.align	2
 303              	.L16:
 304 0064 00ED00E0 		.word	-536810240
 305 0068 00000000 		.word	rlist
 306 006c 00000000 		.word	_port_switch_from_isr
 307 0070 0C000000 		.word	_port_exit_from_isr
 308              	.LBE3:
 309              		.cfi_endproc
 310              	.LFE5:
 311              		.size	_port_irq_epilogue, .-_port_irq_epilogue
 312 0074 AFF30080 		.section	.text.SysTickVector,"ax",%progbits
 312      AFF30080 
 312      AFF30080 
 313              		.align	2
 314              		.p2align 4,,15
 315              		.global	SysTickVector
 316              		.thumb
 317              		.thumb_func
 318              		.type	SysTickVector, %function
 319              	SysTickVector:
 320              	.LFB0:
 321              		.loc 1 47 0
 322              		.cfi_startproc
 323              		@ args = 0, pretend = 0, frame = 0
 324              		@ frame_needed = 0, uses_anonymous_args = 0
 325 0000 10B5     		push	{r4, lr}
 326              	.LCFI3:
 327              		.cfi_def_cfa_offset 8
 328              		.loc 1 49 0
 329              		.cfi_offset 14, -4
 330              		.cfi_offset 4, -8
ARM GAS  /tmp/cc7uCa9S.s 			page 7


 331 0002 FFF7FEFF 		bl	dbg_check_enter_isr
 332              		.loc 1 51 0
 333              	@ 51 "../chibios_2.4.x/os/ports/GCC/ARMCMx/chcore_v7m.c" 1
 334 0006 FFF7FEFF 		bl      _port_lock
 335              	@ 0 "" 2
 336              		.thumb
 337 000a FFF7FEFF 		bl	dbg_check_lock_from_isr
 338              		.loc 1 52 0
 339 000e FFF7FEFF 		bl	chSysTimerHandlerI
 340              		.loc 1 53 0
 341 0012 FFF7FEFF 		bl	dbg_check_unlock_from_isr
 342              	@ 53 "../chibios_2.4.x/os/ports/GCC/ARMCMx/chcore_v7m.c" 1
 343 0016 FFF7FEFF 		bl      _port_unlock
 344              	@ 0 "" 2
 345              		.loc 1 55 0
 346              		.thumb
 347 001a FFF7FEFF 		bl	dbg_check_leave_isr
 348              		.loc 1 56 0
 349 001e BDE81040 		pop	{r4, lr}
 350              		.loc 1 55 0
 351 0022 FFF7FEBF 		b	_port_irq_epilogue
 352              		.cfi_endproc
 353              	.LFE0:
 354              		.size	SysTickVector, .-SysTickVector
 355 0026 00BFAFF3 		.section	.text._port_switch,"ax",%progbits
 355      0080AFF3 
 355      0080
 356              		.align	2
 357              		.p2align 4,,15
 358              		.global	_port_switch
 359              		.thumb
 360              		.thumb_func
 361              		.type	_port_switch, %function
 362              	_port_switch:
 363              	.LFB7:
 364              		.loc 1 236 0
 365              		.cfi_startproc
 366              		@ Naked Function: prologue and epilogue provided by programmer.
 367              		@ args = 0, pretend = 0, frame = 0
 368              		@ frame_needed = 0, uses_anonymous_args = 0
 369              	.LVL11:
 370              		.loc 1 238 0
 371              	@ 238 "../chibios_2.4.x/os/ports/GCC/ARMCMx/chcore_v7m.c" 1
 372 0000 2DE9F04F 		push    {r4, r5, r6, r7, r8, r9, r10, r11, lr}
 373              	@ 0 "" 2
 374              		.loc 1 244 0
 375              	@ 244 "../chibios_2.4.x/os/ports/GCC/ARMCMx/chcore_v7m.c" 1
 376 0004 C1F80CD0 		str     sp, [r1, #12]                          
 377 0008 D0F80CD0 		ldr     sp, [r0, #12]
 378              	@ 0 "" 2
 379              		.loc 1 250 0
 380              	@ 250 "../chibios_2.4.x/os/ports/GCC/ARMCMx/chcore_v7m.c" 1
 381 000c BDE8F08F 		pop     {r4, r5, r6, r7, r8, r9, r10, r11, pc}
 382              	@ 0 "" 2
 383              		.loc 1 252 0
 384              		.thumb
 385              		.cfi_endproc
ARM GAS  /tmp/cc7uCa9S.s 			page 8


 386              	.LFE7:
 387              		.size	_port_switch, .-_port_switch
 388              		.section	.text._port_thread_start,"ax",%progbits
 389              		.align	2
 390              		.p2align 4,,15
 391              		.global	_port_thread_start
 392              		.thumb
 393              		.thumb_func
 394              		.type	_port_thread_start, %function
 395              	_port_thread_start:
 396              	.LFB8:
 397              		.loc 1 259 0
 398              		.cfi_startproc
 399              		@ args = 0, pretend = 0, frame = 0
 400              		@ frame_needed = 0, uses_anonymous_args = 0
 401 0000 08B5     		push	{r3, lr}
 402              	.LCFI4:
 403              		.cfi_def_cfa_offset 8
 404              		.loc 1 261 0
 405              		.cfi_offset 14, -4
 406              		.cfi_offset 3, -8
 407 0002 FFF7FEFF 		bl	dbg_check_unlock
 408              	@ 261 "../chibios_2.4.x/os/ports/GCC/ARMCMx/chcore_v7m.c" 1
 409 0006 FFF7FEFF 		bl      _port_unlock
 410              	@ 0 "" 2
 411              		.loc 1 262 0
 412              	@ 262 "../chibios_2.4.x/os/ports/GCC/ARMCMx/chcore_v7m.c" 1
 413 000a 2846     		mov     r0, r5                                 
 414 000c A047     		blx     r4                                     
 415 000e FFF7FEFF 		bl      chThdExit
 416              	@ 0 "" 2
 417              		.loc 1 265 0
 418              		.thumb
 419 0012 08BD     		pop	{r3, pc}
 420              		.cfi_endproc
 421              	.LFE8:
 422              		.size	_port_thread_start, .-_port_thread_start
 423 0014 AFF30080 		.text
 423      AFF30080 
 423      AFF30080 
 424              	.Letext0:
 425              		.section	.debug_loc,"",%progbits
 426              	.Ldebug_loc0:
 427              	.LLST0:
 428 0000 00000000 		.4byte	.LFB1
 429 0004 02000000 		.4byte	.LCFI0
 430 0008 0200     		.2byte	0x2
 431 000a 7D       		.byte	0x7d
 432 000b 00       		.sleb128 0
 433 000c 02000000 		.4byte	.LCFI0
 434 0010 14000000 		.4byte	.LFE1
 435 0014 0200     		.2byte	0x2
 436 0016 7D       		.byte	0x7d
 437 0017 04       		.sleb128 4
 438 0018 00000000 		.4byte	0x0
 439 001c 00000000 		.4byte	0x0
 440              	.LLST1:
ARM GAS  /tmp/cc7uCa9S.s 			page 9


 441 0020 06000000 		.4byte	.LVL0
 442 0024 08000000 		.4byte	.LVL1
 443 0028 0300     		.2byte	0x3
 444 002a 73       		.byte	0x73
 445 002b 20       		.sleb128 32
 446 002c 9F       		.byte	0x9f
 447 002d 08000000 		.4byte	.LVL1
 448 0031 10000000 		.4byte	.LVL2
 449 0035 0100     		.2byte	0x1
 450 0037 53       		.byte	0x53
 451 0038 00000000 		.4byte	0x0
 452 003c 00000000 		.4byte	0x0
 453              	.LLST2:
 454 0040 00000000 		.4byte	.LFB2
 455 0044 06000000 		.4byte	.LCFI1
 456 0048 0200     		.2byte	0x2
 457 004a 7D       		.byte	0x7d
 458 004b 00       		.sleb128 0
 459 004c 06000000 		.4byte	.LCFI1
 460 0050 34000000 		.4byte	.LFE2
 461 0054 0200     		.2byte	0x2
 462 0056 7D       		.byte	0x7d
 463 0057 08       		.sleb128 8
 464 0058 00000000 		.4byte	0x0
 465 005c 00000000 		.4byte	0x0
 466              	.LLST3:
 467 0060 06000000 		.4byte	.LVL4
 468 0064 08000000 		.4byte	.LFE3
 469 0068 0100     		.2byte	0x1
 470 006a 53       		.byte	0x53
 471 006b 00000000 		.4byte	0x0
 472 006f 00000000 		.4byte	0x0
 473              	.LLST4:
 474 0073 06000000 		.4byte	.LVL6
 475 0077 08000000 		.4byte	.LFE4
 476 007b 0100     		.2byte	0x1
 477 007d 53       		.byte	0x53
 478 007e 00000000 		.4byte	0x0
 479 0082 00000000 		.4byte	0x0
 480              	.LLST5:
 481 0086 00000000 		.4byte	.LFB5
 482 008a 02000000 		.4byte	.LCFI2
 483 008e 0200     		.2byte	0x2
 484 0090 7D       		.byte	0x7d
 485 0091 00       		.sleb128 0
 486 0092 02000000 		.4byte	.LCFI2
 487 0096 74000000 		.4byte	.LFE5
 488 009a 0200     		.2byte	0x2
 489 009c 7D       		.byte	0x7d
 490 009d 04       		.sleb128 4
 491 009e 00000000 		.4byte	0x0
 492 00a2 00000000 		.4byte	0x0
 493              	.LLST6:
 494 00a6 14000000 		.4byte	.LVL7
 495 00aa 16000000 		.4byte	.LVL8
 496 00ae 0100     		.2byte	0x1
 497 00b0 53       		.byte	0x53
ARM GAS  /tmp/cc7uCa9S.s 			page 10


 498 00b1 16000000 		.4byte	.LVL8
 499 00b5 40000000 		.4byte	.LVL9
 500 00b9 0100     		.2byte	0x1
 501 00bb 53       		.byte	0x53
 502 00bc 48000000 		.4byte	.LVL10
 503 00c0 74000000 		.4byte	.LFE5
 504 00c4 0100     		.2byte	0x1
 505 00c6 53       		.byte	0x53
 506 00c7 00000000 		.4byte	0x0
 507 00cb 00000000 		.4byte	0x0
 508              	.LLST7:
 509 00cf 00000000 		.4byte	.LFB0
 510 00d3 02000000 		.4byte	.LCFI3
 511 00d7 0200     		.2byte	0x2
 512 00d9 7D       		.byte	0x7d
 513 00da 00       		.sleb128 0
 514 00db 02000000 		.4byte	.LCFI3
 515 00df 26000000 		.4byte	.LFE0
 516 00e3 0200     		.2byte	0x2
 517 00e5 7D       		.byte	0x7d
 518 00e6 08       		.sleb128 8
 519 00e7 00000000 		.4byte	0x0
 520 00eb 00000000 		.4byte	0x0
 521              	.LLST8:
 522 00ef 00000000 		.4byte	.LFB8
 523 00f3 02000000 		.4byte	.LCFI4
 524 00f7 0200     		.2byte	0x2
 525 00f9 7D       		.byte	0x7d
 526 00fa 00       		.sleb128 0
 527 00fb 02000000 		.4byte	.LCFI4
 528 00ff 14000000 		.4byte	.LFE8
 529 0103 0200     		.2byte	0x2
 530 0105 7D       		.byte	0x7d
 531 0106 08       		.sleb128 8
 532 0107 00000000 		.4byte	0x0
 533 010b 00000000 		.4byte	0x0
 534              		.file 2 "/home/z80/programs/code-sourcery/2011.03-42/bin/../lib/gcc/arm-none-eabi/4.5.2/../../../.
 535              		.file 3 "../chibios_2.4.x/os/ports/GCC/ARMCMx/chtypes.h"
 536              		.file 4 "../chibios_2.4.x/os/kernel/include/chlists.h"
 537              		.file 5 "../chibios_2.4.x/os/kernel/include/chthreads.h"
 538              		.file 6 "../chibios_2.4.x/os/ports/GCC/ARMCMx/chcore_v7m.h"
 539              		.file 7 "../chibios_2.4.x/os/ports/common/ARMCMx/nvic.h"
 540              		.file 8 "../chibios_2.4.x/os/kernel/include/chschd.h"
 541              		.file 9 "../chibios_2.4.x/os/kernel/include/chmtx.h"
 542              		.section	.debug_info
 543 0000 B6070000 		.4byte	0x7b6
 544 0004 0200     		.2byte	0x2
 545 0006 00000000 		.4byte	.Ldebug_abbrev0
 546 000a 04       		.byte	0x4
 547 000b 01       		.uleb128 0x1
 548 000c 80030000 		.4byte	.LASF94
 549 0010 01       		.byte	0x1
 550 0011 F2010000 		.4byte	.LASF95
 551 0015 FF000000 		.4byte	.LASF96
 552 0019 00000000 		.4byte	0x0
 553 001d 00000000 		.4byte	0x0
 554 0021 18000000 		.4byte	.Ldebug_ranges0+0x18
ARM GAS  /tmp/cc7uCa9S.s 			page 11


 555 0025 00000000 		.4byte	.Ldebug_line0
 556 0029 02       		.uleb128 0x2
 557 002a 04       		.byte	0x4
 558 002b 05       		.byte	0x5
 559 002c 696E7400 		.ascii	"int\000"
 560 0030 03       		.uleb128 0x3
 561 0031 04       		.byte	0x4
 562 0032 07       		.byte	0x7
 563 0033 D7000000 		.4byte	.LASF0
 564 0037 03       		.uleb128 0x3
 565 0038 01       		.byte	0x1
 566 0039 06       		.byte	0x6
 567 003a 67000000 		.4byte	.LASF1
 568 003e 04       		.uleb128 0x4
 569 003f 66030000 		.4byte	.LASF5
 570 0043 02       		.byte	0x2
 571 0044 2A       		.byte	0x2a
 572 0045 49000000 		.4byte	0x49
 573 0049 03       		.uleb128 0x3
 574 004a 01       		.byte	0x1
 575 004b 08       		.byte	0x8
 576 004c 65020000 		.4byte	.LASF2
 577 0050 03       		.uleb128 0x3
 578 0051 02       		.byte	0x2
 579 0052 05       		.byte	0x5
 580 0053 83020000 		.4byte	.LASF3
 581 0057 03       		.uleb128 0x3
 582 0058 02       		.byte	0x2
 583 0059 07       		.byte	0x7
 584 005a 5F010000 		.4byte	.LASF4
 585 005e 04       		.uleb128 0x4
 586 005f 5D020000 		.4byte	.LASF6
 587 0063 02       		.byte	0x2
 588 0064 4F       		.byte	0x4f
 589 0065 69000000 		.4byte	0x69
 590 0069 03       		.uleb128 0x3
 591 006a 04       		.byte	0x4
 592 006b 05       		.byte	0x5
 593 006c 83000000 		.4byte	.LASF7
 594 0070 04       		.uleb128 0x4
 595 0071 C9020000 		.4byte	.LASF8
 596 0075 02       		.byte	0x2
 597 0076 50       		.byte	0x50
 598 0077 7B000000 		.4byte	0x7b
 599 007b 03       		.uleb128 0x3
 600 007c 04       		.byte	0x4
 601 007d 07       		.byte	0x7
 602 007e 2A010000 		.4byte	.LASF9
 603 0082 03       		.uleb128 0x3
 604 0083 08       		.byte	0x8
 605 0084 05       		.byte	0x5
 606 0085 59000000 		.4byte	.LASF10
 607 0089 04       		.uleb128 0x4
 608 008a 0D000000 		.4byte	.LASF11
 609 008e 02       		.byte	0x2
 610 008f 78       		.byte	0x78
 611 0090 94000000 		.4byte	0x94
ARM GAS  /tmp/cc7uCa9S.s 			page 12


 612 0094 03       		.uleb128 0x3
 613 0095 08       		.byte	0x8
 614 0096 07       		.byte	0x7
 615 0097 2C000000 		.4byte	.LASF12
 616 009b 04       		.uleb128 0x4
 617 009c A1010000 		.4byte	.LASF13
 618 00a0 03       		.byte	0x3
 619 00a1 2F       		.byte	0x2f
 620 00a2 3E000000 		.4byte	0x3e
 621 00a6 04       		.uleb128 0x4
 622 00a7 8C000000 		.4byte	.LASF14
 623 00ab 03       		.byte	0x3
 624 00ac 30       		.byte	0x30
 625 00ad 3E000000 		.4byte	0x3e
 626 00b1 04       		.uleb128 0x4
 627 00b2 36020000 		.4byte	.LASF15
 628 00b6 03       		.byte	0x3
 629 00b7 31       		.byte	0x31
 630 00b8 3E000000 		.4byte	0x3e
 631 00bc 04       		.uleb128 0x4
 632 00bd 55020000 		.4byte	.LASF16
 633 00c1 03       		.byte	0x3
 634 00c2 32       		.byte	0x32
 635 00c3 70000000 		.4byte	0x70
 636 00c7 04       		.uleb128 0x4
 637 00c8 77010000 		.4byte	.LASF17
 638 00cc 03       		.byte	0x3
 639 00cd 33       		.byte	0x33
 640 00ce 5E000000 		.4byte	0x5e
 641 00d2 04       		.uleb128 0x4
 642 00d3 B5010000 		.4byte	.LASF18
 643 00d7 03       		.byte	0x3
 644 00d8 35       		.byte	0x35
 645 00d9 70000000 		.4byte	0x70
 646 00dd 04       		.uleb128 0x4
 647 00de F3020000 		.4byte	.LASF19
 648 00e2 03       		.byte	0x3
 649 00e3 36       		.byte	0x36
 650 00e4 70000000 		.4byte	0x70
 651 00e8 04       		.uleb128 0x4
 652 00e9 C6000000 		.4byte	.LASF20
 653 00ed 03       		.byte	0x3
 654 00ee 37       		.byte	0x37
 655 00ef 5E000000 		.4byte	0x5e
 656 00f3 04       		.uleb128 0x4
 657 00f4 B7020000 		.4byte	.LASF21
 658 00f8 04       		.byte	0x4
 659 00f9 2A       		.byte	0x2a
 660 00fa FE000000 		.4byte	0xfe
 661 00fe 05       		.uleb128 0x5
 662 00ff B7020000 		.4byte	.LASF21
 663 0103 4C       		.byte	0x4c
 664 0104 05       		.byte	0x5
 665 0105 5E       		.byte	0x5e
 666 0106 23020000 		.4byte	0x223
 667 010a 06       		.uleb128 0x6
 668 010b A8020000 		.4byte	.LASF22
ARM GAS  /tmp/cc7uCa9S.s 			page 13


 669 010f 05       		.byte	0x5
 670 0110 5F       		.byte	0x5f
 671 0111 48020000 		.4byte	0x248
 672 0115 02       		.byte	0x2
 673 0116 23       		.byte	0x23
 674 0117 00       		.uleb128 0x0
 675 0118 06       		.uleb128 0x6
 676 0119 4E020000 		.4byte	.LASF23
 677 011d 05       		.byte	0x5
 678 011e 61       		.byte	0x61
 679 011f 48020000 		.4byte	0x248
 680 0123 02       		.byte	0x2
 681 0124 23       		.byte	0x23
 682 0125 04       		.uleb128 0x4
 683 0126 06       		.uleb128 0x6
 684 0127 52000000 		.4byte	.LASF24
 685 012b 05       		.byte	0x5
 686 012c 63       		.byte	0x63
 687 012d BC000000 		.4byte	0xbc
 688 0131 02       		.byte	0x2
 689 0132 23       		.byte	0x23
 690 0133 08       		.uleb128 0x8
 691 0134 06       		.uleb128 0x6
 692 0135 A6030000 		.4byte	.LASF25
 693 0139 05       		.byte	0x5
 694 013a 64       		.byte	0x64
 695 013b 98030000 		.4byte	0x398
 696 013f 02       		.byte	0x2
 697 0140 23       		.byte	0x23
 698 0141 0C       		.uleb128 0xc
 699 0142 06       		.uleb128 0x6
 700 0143 A8000000 		.4byte	.LASF26
 701 0147 05       		.byte	0x5
 702 0148 66       		.byte	0x66
 703 0149 48020000 		.4byte	0x248
 704 014d 02       		.byte	0x2
 705 014e 23       		.byte	0x23
 706 014f 10       		.uleb128 0x10
 707 0150 06       		.uleb128 0x6
 708 0151 D7010000 		.4byte	.LASF27
 709 0155 05       		.byte	0x5
 710 0156 67       		.byte	0x67
 711 0157 48020000 		.4byte	0x248
 712 015b 02       		.byte	0x2
 713 015c 23       		.byte	0x23
 714 015d 14       		.uleb128 0x14
 715 015e 06       		.uleb128 0x6
 716 015f 8C030000 		.4byte	.LASF28
 717 0163 05       		.byte	0x5
 718 0164 6E       		.byte	0x6e
 719 0165 4C060000 		.4byte	0x64c
 720 0169 02       		.byte	0x2
 721 016a 23       		.byte	0x23
 722 016b 18       		.uleb128 0x18
 723 016c 06       		.uleb128 0x6
 724 016d CC000000 		.4byte	.LASF29
 725 0171 05       		.byte	0x5
ARM GAS  /tmp/cc7uCa9S.s 			page 14


 726 0172 74       		.byte	0x74
 727 0173 5E060000 		.4byte	0x65e
 728 0177 02       		.byte	0x2
 729 0178 23       		.byte	0x23
 730 0179 1C       		.uleb128 0x1c
 731 017a 06       		.uleb128 0x6
 732 017b 8D020000 		.4byte	.LASF30
 733 017f 05       		.byte	0x5
 734 0180 79       		.byte	0x79
 735 0181 A6000000 		.4byte	0xa6
 736 0185 02       		.byte	0x2
 737 0186 23       		.byte	0x23
 738 0187 20       		.uleb128 0x20
 739 0188 06       		.uleb128 0x6
 740 0189 AF020000 		.4byte	.LASF31
 741 018d 05       		.byte	0x5
 742 018e 7D       		.byte	0x7d
 743 018f 9B000000 		.4byte	0x9b
 744 0193 02       		.byte	0x2
 745 0194 23       		.byte	0x23
 746 0195 21       		.uleb128 0x21
 747 0196 06       		.uleb128 0x6
 748 0197 4A030000 		.4byte	.LASF32
 749 019b 05       		.byte	0x5
 750 019c 82       		.byte	0x82
 751 019d B1000000 		.4byte	0xb1
 752 01a1 02       		.byte	0x2
 753 01a2 23       		.byte	0x23
 754 01a3 22       		.uleb128 0x22
 755 01a4 06       		.uleb128 0x6
 756 01a5 2C030000 		.4byte	.LASF33
 757 01a9 05       		.byte	0x5
 758 01aa 89       		.byte	0x89
 759 01ab 54050000 		.4byte	0x554
 760 01af 02       		.byte	0x2
 761 01b0 23       		.byte	0x23
 762 01b1 24       		.uleb128 0x24
 763 01b2 07       		.uleb128 0x7
 764 01b3 705F7500 		.ascii	"p_u\000"
 765 01b7 05       		.byte	0x5
 766 01b8 AE       		.byte	0xae
 767 01b9 17060000 		.4byte	0x617
 768 01bd 02       		.byte	0x2
 769 01be 23       		.byte	0x23
 770 01bf 28       		.uleb128 0x28
 771 01c0 06       		.uleb128 0x6
 772 01c1 AC030000 		.4byte	.LASF34
 773 01c5 05       		.byte	0x5
 774 01c6 B3       		.byte	0xb3
 775 01c7 70020000 		.4byte	0x270
 776 01cb 02       		.byte	0x2
 777 01cc 23       		.byte	0x23
 778 01cd 2C       		.uleb128 0x2c
 779 01ce 06       		.uleb128 0x6
 780 01cf 3F030000 		.4byte	.LASF35
 781 01d3 05       		.byte	0x5
 782 01d4 B9       		.byte	0xb9
ARM GAS  /tmp/cc7uCa9S.s 			page 15


 783 01d5 4E020000 		.4byte	0x24e
 784 01d9 02       		.byte	0x2
 785 01da 23       		.byte	0x23
 786 01db 30       		.uleb128 0x30
 787 01dc 06       		.uleb128 0x6
 788 01dd 00000000 		.4byte	.LASF36
 789 01e1 05       		.byte	0x5
 790 01e2 BD       		.byte	0xbd
 791 01e3 C7000000 		.4byte	0xc7
 792 01e7 02       		.byte	0x2
 793 01e8 23       		.byte	0x23
 794 01e9 38       		.uleb128 0x38
 795 01ea 06       		.uleb128 0x6
 796 01eb BE020000 		.4byte	.LASF37
 797 01ef 05       		.byte	0x5
 798 01f0 C3       		.byte	0xc3
 799 01f1 D2000000 		.4byte	0xd2
 800 01f5 02       		.byte	0x2
 801 01f6 23       		.byte	0x23
 802 01f7 3C       		.uleb128 0x3c
 803 01f8 06       		.uleb128 0x6
 804 01f9 79020000 		.4byte	.LASF38
 805 01fd 05       		.byte	0x5
 806 01fe CA       		.byte	0xca
 807 01ff 64060000 		.4byte	0x664
 808 0203 02       		.byte	0x2
 809 0204 23       		.byte	0x23
 810 0205 40       		.uleb128 0x40
 811 0206 06       		.uleb128 0x6
 812 0207 FD020000 		.4byte	.LASF39
 813 020b 05       		.byte	0x5
 814 020c CE       		.byte	0xce
 815 020d BC000000 		.4byte	0xbc
 816 0211 02       		.byte	0x2
 817 0212 23       		.byte	0x23
 818 0213 44       		.uleb128 0x44
 819 0214 06       		.uleb128 0x6
 820 0215 73000000 		.4byte	.LASF40
 821 0219 05       		.byte	0x5
 822 021a D4       		.byte	0xd4
 823 021b 86020000 		.4byte	0x286
 824 021f 02       		.byte	0x2
 825 0220 23       		.byte	0x23
 826 0221 48       		.uleb128 0x48
 827 0222 00       		.byte	0x0
 828 0223 08       		.uleb128 0x8
 829 0224 08       		.byte	0x8
 830 0225 04       		.byte	0x4
 831 0226 61       		.byte	0x61
 832 0227 48020000 		.4byte	0x248
 833 022b 06       		.uleb128 0x6
 834 022c A8020000 		.4byte	.LASF22
 835 0230 04       		.byte	0x4
 836 0231 62       		.byte	0x62
 837 0232 48020000 		.4byte	0x248
 838 0236 02       		.byte	0x2
 839 0237 23       		.byte	0x23
ARM GAS  /tmp/cc7uCa9S.s 			page 16


 840 0238 00       		.uleb128 0x0
 841 0239 06       		.uleb128 0x6
 842 023a 4E020000 		.4byte	.LASF23
 843 023e 04       		.byte	0x4
 844 023f 64       		.byte	0x64
 845 0240 48020000 		.4byte	0x248
 846 0244 02       		.byte	0x2
 847 0245 23       		.byte	0x23
 848 0246 04       		.uleb128 0x4
 849 0247 00       		.byte	0x0
 850 0248 09       		.uleb128 0x9
 851 0249 04       		.byte	0x4
 852 024a F3000000 		.4byte	0xf3
 853 024e 04       		.uleb128 0x4
 854 024f E5010000 		.4byte	.LASF41
 855 0253 04       		.byte	0x4
 856 0254 66       		.byte	0x66
 857 0255 23020000 		.4byte	0x223
 858 0259 08       		.uleb128 0x8
 859 025a 04       		.byte	0x4
 860 025b 04       		.byte	0x4
 861 025c 6B       		.byte	0x6b
 862 025d 70020000 		.4byte	0x270
 863 0261 06       		.uleb128 0x6
 864 0262 A8020000 		.4byte	.LASF22
 865 0266 04       		.byte	0x4
 866 0267 6D       		.byte	0x6d
 867 0268 48020000 		.4byte	0x248
 868 026c 02       		.byte	0x2
 869 026d 23       		.byte	0x23
 870 026e 00       		.uleb128 0x0
 871 026f 00       		.byte	0x0
 872 0270 04       		.uleb128 0x4
 873 0271 A9010000 		.4byte	.LASF42
 874 0275 04       		.byte	0x4
 875 0276 70       		.byte	0x70
 876 0277 59020000 		.4byte	0x259
 877 027b 04       		.uleb128 0x4
 878 027c BD000000 		.4byte	.LASF43
 879 0280 06       		.byte	0x6
 880 0281 D7       		.byte	0xd7
 881 0282 86020000 		.4byte	0x286
 882 0286 0A       		.uleb128 0xa
 883 0287 04       		.byte	0x4
 884 0288 04       		.uleb128 0x4
 885 0289 C7010000 		.4byte	.LASF44
 886 028d 06       		.byte	0x6
 887 028e DD       		.byte	0xdd
 888 028f 89000000 		.4byte	0x89
 889 0293 05       		.uleb128 0x5
 890 0294 EB000000 		.4byte	.LASF45
 891 0298 20       		.byte	0x20
 892 0299 06       		.byte	0x6
 893 029a DF       		.byte	0xdf
 894 029b 0B030000 		.4byte	0x30b
 895 029f 07       		.uleb128 0x7
 896 02a0 723000   		.ascii	"r0\000"
ARM GAS  /tmp/cc7uCa9S.s 			page 17


 897 02a3 06       		.byte	0x6
 898 02a4 E0       		.byte	0xe0
 899 02a5 7B020000 		.4byte	0x27b
 900 02a9 02       		.byte	0x2
 901 02aa 23       		.byte	0x23
 902 02ab 00       		.uleb128 0x0
 903 02ac 07       		.uleb128 0x7
 904 02ad 723100   		.ascii	"r1\000"
 905 02b0 06       		.byte	0x6
 906 02b1 E1       		.byte	0xe1
 907 02b2 7B020000 		.4byte	0x27b
 908 02b6 02       		.byte	0x2
 909 02b7 23       		.byte	0x23
 910 02b8 04       		.uleb128 0x4
 911 02b9 07       		.uleb128 0x7
 912 02ba 723200   		.ascii	"r2\000"
 913 02bd 06       		.byte	0x6
 914 02be E2       		.byte	0xe2
 915 02bf 7B020000 		.4byte	0x27b
 916 02c3 02       		.byte	0x2
 917 02c4 23       		.byte	0x23
 918 02c5 08       		.uleb128 0x8
 919 02c6 07       		.uleb128 0x7
 920 02c7 723300   		.ascii	"r3\000"
 921 02ca 06       		.byte	0x6
 922 02cb E3       		.byte	0xe3
 923 02cc 7B020000 		.4byte	0x27b
 924 02d0 02       		.byte	0x2
 925 02d1 23       		.byte	0x23
 926 02d2 0C       		.uleb128 0xc
 927 02d3 07       		.uleb128 0x7
 928 02d4 72313200 		.ascii	"r12\000"
 929 02d8 06       		.byte	0x6
 930 02d9 E4       		.byte	0xe4
 931 02da 7B020000 		.4byte	0x27b
 932 02de 02       		.byte	0x2
 933 02df 23       		.byte	0x23
 934 02e0 10       		.uleb128 0x10
 935 02e1 06       		.uleb128 0x6
 936 02e2 E4000000 		.4byte	.LASF46
 937 02e6 06       		.byte	0x6
 938 02e7 E5       		.byte	0xe5
 939 02e8 7B020000 		.4byte	0x27b
 940 02ec 02       		.byte	0x2
 941 02ed 23       		.byte	0x23
 942 02ee 14       		.uleb128 0x14
 943 02ef 07       		.uleb128 0x7
 944 02f0 706300   		.ascii	"pc\000"
 945 02f3 06       		.byte	0x6
 946 02f4 E6       		.byte	0xe6
 947 02f5 7B020000 		.4byte	0x27b
 948 02f9 02       		.byte	0x2
 949 02fa 23       		.byte	0x23
 950 02fb 18       		.uleb128 0x18
 951 02fc 06       		.uleb128 0x6
 952 02fd 95020000 		.4byte	.LASF47
 953 0301 06       		.byte	0x6
ARM GAS  /tmp/cc7uCa9S.s 			page 18


 954 0302 E7       		.byte	0xe7
 955 0303 7B020000 		.4byte	0x27b
 956 0307 02       		.byte	0x2
 957 0308 23       		.byte	0x23
 958 0309 1C       		.uleb128 0x1c
 959 030a 00       		.byte	0x0
 960 030b 05       		.uleb128 0x5
 961 030c 38030000 		.4byte	.LASF48
 962 0310 24       		.byte	0x24
 963 0311 06       		.byte	0x6
 964 0312 FE       		.byte	0xfe
 965 0313 98030000 		.4byte	0x398
 966 0317 0B       		.uleb128 0xb
 967 0318 723400   		.ascii	"r4\000"
 968 031b 06       		.byte	0x6
 969 031c 1101     		.2byte	0x111
 970 031e 7B020000 		.4byte	0x27b
 971 0322 02       		.byte	0x2
 972 0323 23       		.byte	0x23
 973 0324 00       		.uleb128 0x0
 974 0325 0B       		.uleb128 0xb
 975 0326 723500   		.ascii	"r5\000"
 976 0329 06       		.byte	0x6
 977 032a 1201     		.2byte	0x112
 978 032c 7B020000 		.4byte	0x27b
 979 0330 02       		.byte	0x2
 980 0331 23       		.byte	0x23
 981 0332 04       		.uleb128 0x4
 982 0333 0B       		.uleb128 0xb
 983 0334 723600   		.ascii	"r6\000"
 984 0337 06       		.byte	0x6
 985 0338 1301     		.2byte	0x113
 986 033a 7B020000 		.4byte	0x27b
 987 033e 02       		.byte	0x2
 988 033f 23       		.byte	0x23
 989 0340 08       		.uleb128 0x8
 990 0341 0B       		.uleb128 0xb
 991 0342 723700   		.ascii	"r7\000"
 992 0345 06       		.byte	0x6
 993 0346 1401     		.2byte	0x114
 994 0348 7B020000 		.4byte	0x27b
 995 034c 02       		.byte	0x2
 996 034d 23       		.byte	0x23
 997 034e 0C       		.uleb128 0xc
 998 034f 0B       		.uleb128 0xb
 999 0350 723800   		.ascii	"r8\000"
 1000 0353 06       		.byte	0x6
 1001 0354 1501     		.2byte	0x115
 1002 0356 7B020000 		.4byte	0x27b
 1003 035a 02       		.byte	0x2
 1004 035b 23       		.byte	0x23
 1005 035c 10       		.uleb128 0x10
 1006 035d 0B       		.uleb128 0xb
 1007 035e 723900   		.ascii	"r9\000"
 1008 0361 06       		.byte	0x6
 1009 0362 1601     		.2byte	0x116
 1010 0364 7B020000 		.4byte	0x27b
ARM GAS  /tmp/cc7uCa9S.s 			page 19


 1011 0368 02       		.byte	0x2
 1012 0369 23       		.byte	0x23
 1013 036a 14       		.uleb128 0x14
 1014 036b 0B       		.uleb128 0xb
 1015 036c 72313000 		.ascii	"r10\000"
 1016 0370 06       		.byte	0x6
 1017 0371 1701     		.2byte	0x117
 1018 0373 7B020000 		.4byte	0x27b
 1019 0377 02       		.byte	0x2
 1020 0378 23       		.byte	0x23
 1021 0379 18       		.uleb128 0x18
 1022 037a 0B       		.uleb128 0xb
 1023 037b 72313100 		.ascii	"r11\000"
 1024 037f 06       		.byte	0x6
 1025 0380 1801     		.2byte	0x118
 1026 0382 7B020000 		.4byte	0x27b
 1027 0386 02       		.byte	0x2
 1028 0387 23       		.byte	0x23
 1029 0388 1C       		.uleb128 0x1c
 1030 0389 0B       		.uleb128 0xb
 1031 038a 6C7200   		.ascii	"lr\000"
 1032 038d 06       		.byte	0x6
 1033 038e 1901     		.2byte	0x119
 1034 0390 7B020000 		.4byte	0x27b
 1035 0394 02       		.byte	0x2
 1036 0395 23       		.byte	0x23
 1037 0396 20       		.uleb128 0x20
 1038 0397 00       		.byte	0x0
 1039 0398 0C       		.uleb128 0xc
 1040 0399 57010000 		.4byte	.LASF49
 1041 039d 04       		.byte	0x4
 1042 039e 06       		.byte	0x6
 1043 039f 2301     		.2byte	0x123
 1044 03a1 B5030000 		.4byte	0x3b5
 1045 03a5 0B       		.uleb128 0xb
 1046 03a6 72313300 		.ascii	"r13\000"
 1047 03aa 06       		.byte	0x6
 1048 03ab 2401     		.2byte	0x124
 1049 03ad B5030000 		.4byte	0x3b5
 1050 03b1 02       		.byte	0x2
 1051 03b2 23       		.byte	0x23
 1052 03b3 00       		.uleb128 0x0
 1053 03b4 00       		.byte	0x0
 1054 03b5 09       		.uleb128 0x9
 1055 03b6 04       		.byte	0x4
 1056 03b7 0B030000 		.4byte	0x30b
 1057 03bb 0D       		.uleb128 0xd
 1058 03bc 7B000000 		.4byte	0x7b
 1059 03c0 08       		.uleb128 0x8
 1060 03c1 8C       		.byte	0x8c
 1061 03c2 07       		.byte	0x7
 1062 03c3 89       		.byte	0x89
 1063 03c4 F0040000 		.4byte	0x4f0
 1064 03c8 06       		.uleb128 0x6
 1065 03c9 4C000000 		.4byte	.LASF50
 1066 03cd 07       		.byte	0x7
 1067 03ce 8A       		.byte	0x8a
ARM GAS  /tmp/cc7uCa9S.s 			page 20


 1068 03cf BB030000 		.4byte	0x3bb
 1069 03d3 02       		.byte	0x2
 1070 03d4 23       		.byte	0x23
 1071 03d5 00       		.uleb128 0x0
 1072 03d6 06       		.uleb128 0x6
 1073 03d7 72010000 		.4byte	.LASF51
 1074 03db 07       		.byte	0x7
 1075 03dc 8B       		.byte	0x8b
 1076 03dd BB030000 		.4byte	0x3bb
 1077 03e1 02       		.byte	0x2
 1078 03e2 23       		.byte	0x23
 1079 03e3 04       		.uleb128 0x4
 1080 03e4 06       		.uleb128 0x6
 1081 03e5 3C010000 		.4byte	.LASF52
 1082 03e9 07       		.byte	0x7
 1083 03ea 8C       		.byte	0x8c
 1084 03eb BB030000 		.4byte	0x3bb
 1085 03ef 02       		.byte	0x2
 1086 03f0 23       		.byte	0x23
 1087 03f1 08       		.uleb128 0x8
 1088 03f2 06       		.uleb128 0x6
 1089 03f3 7D010000 		.4byte	.LASF53
 1090 03f7 07       		.byte	0x7
 1091 03f8 8D       		.byte	0x8d
 1092 03f9 BB030000 		.4byte	0x3bb
 1093 03fd 02       		.byte	0x2
 1094 03fe 23       		.byte	0x23
 1095 03ff 0C       		.uleb128 0xc
 1096 0400 07       		.uleb128 0x7
 1097 0401 53435200 		.ascii	"SCR\000"
 1098 0405 07       		.byte	0x7
 1099 0406 8E       		.byte	0x8e
 1100 0407 BB030000 		.4byte	0x3bb
 1101 040b 02       		.byte	0x2
 1102 040c 23       		.byte	0x23
 1103 040d 10       		.uleb128 0x10
 1104 040e 07       		.uleb128 0x7
 1105 040f 43435200 		.ascii	"CCR\000"
 1106 0413 07       		.byte	0x7
 1107 0414 8F       		.byte	0x8f
 1108 0415 BB030000 		.4byte	0x3bb
 1109 0419 02       		.byte	0x2
 1110 041a 23       		.byte	0x23
 1111 041b 14       		.uleb128 0x14
 1112 041c 06       		.uleb128 0x6
 1113 041d 33030000 		.4byte	.LASF54
 1114 0421 07       		.byte	0x7
 1115 0422 90       		.byte	0x90
 1116 0423 00050000 		.4byte	0x500
 1117 0427 02       		.byte	0x2
 1118 0428 23       		.byte	0x23
 1119 0429 18       		.uleb128 0x18
 1120 042a 06       		.uleb128 0x6
 1121 042b 73020000 		.4byte	.LASF55
 1122 042f 07       		.byte	0x7
 1123 0430 91       		.byte	0x91
 1124 0431 BB030000 		.4byte	0x3bb
ARM GAS  /tmp/cc7uCa9S.s 			page 21


 1125 0435 02       		.byte	0x2
 1126 0436 23       		.byte	0x23
 1127 0437 24       		.uleb128 0x24
 1128 0438 06       		.uleb128 0x6
 1129 0439 D2010000 		.4byte	.LASF56
 1130 043d 07       		.byte	0x7
 1131 043e 92       		.byte	0x92
 1132 043f BB030000 		.4byte	0x3bb
 1133 0443 02       		.byte	0x2
 1134 0444 23       		.byte	0x23
 1135 0445 28       		.uleb128 0x28
 1136 0446 06       		.uleb128 0x6
 1137 0447 99030000 		.4byte	.LASF57
 1138 044b 07       		.byte	0x7
 1139 044c 93       		.byte	0x93
 1140 044d BB030000 		.4byte	0x3bb
 1141 0451 02       		.byte	0x2
 1142 0452 23       		.byte	0x23
 1143 0453 2C       		.uleb128 0x2c
 1144 0454 06       		.uleb128 0x6
 1145 0455 83010000 		.4byte	.LASF58
 1146 0459 07       		.byte	0x7
 1147 045a 94       		.byte	0x94
 1148 045b BB030000 		.4byte	0x3bb
 1149 045f 02       		.byte	0x2
 1150 0460 23       		.byte	0x23
 1151 0461 30       		.uleb128 0x30
 1152 0462 06       		.uleb128 0x6
 1153 0463 88010000 		.4byte	.LASF59
 1154 0467 07       		.byte	0x7
 1155 0468 95       		.byte	0x95
 1156 0469 BB030000 		.4byte	0x3bb
 1157 046d 02       		.byte	0x2
 1158 046e 23       		.byte	0x23
 1159 046f 34       		.uleb128 0x34
 1160 0470 06       		.uleb128 0x6
 1161 0471 B0000000 		.4byte	.LASF60
 1162 0475 07       		.byte	0x7
 1163 0476 96       		.byte	0x96
 1164 0477 BB030000 		.4byte	0x3bb
 1165 047b 02       		.byte	0x2
 1166 047c 23       		.byte	0x23
 1167 047d 38       		.uleb128 0x38
 1168 047e 06       		.uleb128 0x6
 1169 047f DA020000 		.4byte	.LASF61
 1170 0483 07       		.byte	0x7
 1171 0484 97       		.byte	0x97
 1172 0485 BB030000 		.4byte	0x3bb
 1173 0489 02       		.byte	0x2
 1174 048a 23       		.byte	0x23
 1175 048b 3C       		.uleb128 0x3c
 1176 048c 07       		.uleb128 0x7
 1177 048d 50465200 		.ascii	"PFR\000"
 1178 0491 07       		.byte	0x7
 1179 0492 98       		.byte	0x98
 1180 0493 15050000 		.4byte	0x515
 1181 0497 02       		.byte	0x2
ARM GAS  /tmp/cc7uCa9S.s 			page 22


 1182 0498 23       		.byte	0x23
 1183 0499 40       		.uleb128 0x40
 1184 049a 07       		.uleb128 0x7
 1185 049b 44465200 		.ascii	"DFR\000"
 1186 049f 07       		.byte	0x7
 1187 04a0 99       		.byte	0x99
 1188 04a1 BB030000 		.4byte	0x3bb
 1189 04a5 02       		.byte	0x2
 1190 04a6 23       		.byte	0x23
 1191 04a7 48       		.uleb128 0x48
 1192 04a8 07       		.uleb128 0x7
 1193 04a9 41445200 		.ascii	"ADR\000"
 1194 04ad 07       		.byte	0x7
 1195 04ae 9A       		.byte	0x9a
 1196 04af BB030000 		.4byte	0x3bb
 1197 04b3 02       		.byte	0x2
 1198 04b4 23       		.byte	0x23
 1199 04b5 4C       		.uleb128 0x4c
 1200 04b6 06       		.uleb128 0x6
 1201 04b7 5B030000 		.4byte	.LASF62
 1202 04bb 07       		.byte	0x7
 1203 04bc 9B       		.byte	0x9b
 1204 04bd 2A050000 		.4byte	0x52a
 1205 04c1 02       		.byte	0x2
 1206 04c2 23       		.byte	0x23
 1207 04c3 50       		.uleb128 0x50
 1208 04c4 07       		.uleb128 0x7
 1209 04c5 53415200 		.ascii	"SAR\000"
 1210 04c9 07       		.byte	0x7
 1211 04ca 9C       		.byte	0x9c
 1212 04cb 3F050000 		.4byte	0x53f
 1213 04cf 02       		.byte	0x2
 1214 04d0 23       		.byte	0x23
 1215 04d1 60       		.uleb128 0x60
 1216 04d2 06       		.uleb128 0x6
 1217 04d3 DF020000 		.4byte	.LASF63
 1218 04d7 07       		.byte	0x7
 1219 04d8 9D       		.byte	0x9d
 1220 04d9 44050000 		.4byte	0x544
 1221 04dd 02       		.byte	0x2
 1222 04de 23       		.byte	0x23
 1223 04df 74       		.uleb128 0x74
 1224 04e0 06       		.uleb128 0x6
 1225 04e1 93030000 		.4byte	.LASF64
 1226 04e5 07       		.byte	0x7
 1227 04e6 9E       		.byte	0x9e
 1228 04e7 BB030000 		.4byte	0x3bb
 1229 04eb 03       		.byte	0x3
 1230 04ec 23       		.byte	0x23
 1231 04ed 8801     		.uleb128 0x88
 1232 04ef 00       		.byte	0x0
 1233 04f0 0E       		.uleb128 0xe
 1234 04f1 7B000000 		.4byte	0x7b
 1235 04f5 00050000 		.4byte	0x500
 1236 04f9 0F       		.uleb128 0xf
 1237 04fa 30000000 		.4byte	0x30
 1238 04fe 02       		.byte	0x2
ARM GAS  /tmp/cc7uCa9S.s 			page 23


 1239 04ff 00       		.byte	0x0
 1240 0500 0D       		.uleb128 0xd
 1241 0501 F0040000 		.4byte	0x4f0
 1242 0505 0E       		.uleb128 0xe
 1243 0506 7B000000 		.4byte	0x7b
 1244 050a 15050000 		.4byte	0x515
 1245 050e 0F       		.uleb128 0xf
 1246 050f 30000000 		.4byte	0x30
 1247 0513 01       		.byte	0x1
 1248 0514 00       		.byte	0x0
 1249 0515 0D       		.uleb128 0xd
 1250 0516 05050000 		.4byte	0x505
 1251 051a 0E       		.uleb128 0xe
 1252 051b 7B000000 		.4byte	0x7b
 1253 051f 2A050000 		.4byte	0x52a
 1254 0523 0F       		.uleb128 0xf
 1255 0524 30000000 		.4byte	0x30
 1256 0528 03       		.byte	0x3
 1257 0529 00       		.byte	0x0
 1258 052a 0D       		.uleb128 0xd
 1259 052b 1A050000 		.4byte	0x51a
 1260 052f 0E       		.uleb128 0xe
 1261 0530 7B000000 		.4byte	0x7b
 1262 0534 3F050000 		.4byte	0x53f
 1263 0538 0F       		.uleb128 0xf
 1264 0539 30000000 		.4byte	0x30
 1265 053d 04       		.byte	0x4
 1266 053e 00       		.byte	0x0
 1267 053f 0D       		.uleb128 0xd
 1268 0540 2F050000 		.4byte	0x52f
 1269 0544 0D       		.uleb128 0xd
 1270 0545 2F050000 		.4byte	0x52f
 1271 0549 04       		.uleb128 0x4
 1272 054a 16000000 		.4byte	.LASF65
 1273 054e 07       		.byte	0x7
 1274 054f 9F       		.byte	0x9f
 1275 0550 C0030000 		.4byte	0x3c0
 1276 0554 0D       		.uleb128 0xd
 1277 0555 DD000000 		.4byte	0xdd
 1278 0559 08       		.uleb128 0x8
 1279 055a 20       		.byte	0x20
 1280 055b 08       		.byte	0x8
 1281 055c 5E       		.byte	0x5e
 1282 055d C4050000 		.4byte	0x5c4
 1283 0561 06       		.uleb128 0x6
 1284 0562 D2020000 		.4byte	.LASF66
 1285 0566 08       		.byte	0x8
 1286 0567 5F       		.byte	0x5f
 1287 0568 4E020000 		.4byte	0x24e
 1288 056c 02       		.byte	0x2
 1289 056d 23       		.byte	0x23
 1290 056e 00       		.uleb128 0x0
 1291 056f 06       		.uleb128 0x6
 1292 0570 9A020000 		.4byte	.LASF67
 1293 0574 08       		.byte	0x8
 1294 0575 60       		.byte	0x60
 1295 0576 BC000000 		.4byte	0xbc
ARM GAS  /tmp/cc7uCa9S.s 			page 24


 1296 057a 02       		.byte	0x2
 1297 057b 23       		.byte	0x23
 1298 057c 08       		.uleb128 0x8
 1299 057d 06       		.uleb128 0x6
 1300 057e DF010000 		.4byte	.LASF68
 1301 0582 08       		.byte	0x8
 1302 0583 62       		.byte	0x62
 1303 0584 98030000 		.4byte	0x398
 1304 0588 02       		.byte	0x2
 1305 0589 23       		.byte	0x23
 1306 058a 0C       		.uleb128 0xc
 1307 058b 06       		.uleb128 0x6
 1308 058c B5000000 		.4byte	.LASF69
 1309 0590 08       		.byte	0x8
 1310 0591 65       		.byte	0x65
 1311 0592 48020000 		.4byte	0x248
 1312 0596 02       		.byte	0x2
 1313 0597 23       		.byte	0x23
 1314 0598 10       		.uleb128 0x10
 1315 0599 06       		.uleb128 0x6
 1316 059a 2E020000 		.4byte	.LASF70
 1317 059e 08       		.byte	0x8
 1318 059f 66       		.byte	0x66
 1319 05a0 48020000 		.4byte	0x248
 1320 05a4 02       		.byte	0x2
 1321 05a5 23       		.byte	0x23
 1322 05a6 14       		.uleb128 0x14
 1323 05a7 06       		.uleb128 0x6
 1324 05a8 15030000 		.4byte	.LASF71
 1325 05ac 08       		.byte	0x8
 1326 05ad 6A       		.byte	0x6a
 1327 05ae E8000000 		.4byte	0xe8
 1328 05b2 02       		.byte	0x2
 1329 05b3 23       		.byte	0x23
 1330 05b4 18       		.uleb128 0x18
 1331 05b5 06       		.uleb128 0x6
 1332 05b6 24020000 		.4byte	.LASF72
 1333 05ba 08       		.byte	0x8
 1334 05bb 6C       		.byte	0x6c
 1335 05bc 48020000 		.4byte	0x248
 1336 05c0 02       		.byte	0x2
 1337 05c1 23       		.byte	0x23
 1338 05c2 1C       		.uleb128 0x1c
 1339 05c3 00       		.byte	0x0
 1340 05c4 04       		.uleb128 0x4
 1341 05c5 51030000 		.4byte	.LASF73
 1342 05c9 08       		.byte	0x8
 1343 05ca 6E       		.byte	0x6e
 1344 05cb 59050000 		.4byte	0x559
 1345 05cf 05       		.uleb128 0x5
 1346 05d0 C1010000 		.4byte	.LASF74
 1347 05d4 10       		.byte	0x10
 1348 05d5 09       		.byte	0x9
 1349 05d6 2C       		.byte	0x2c
 1350 05d7 06060000 		.4byte	0x606
 1351 05db 06       		.uleb128 0x6
 1352 05dc 7B000000 		.4byte	.LASF75
ARM GAS  /tmp/cc7uCa9S.s 			page 25


 1353 05e0 09       		.byte	0x9
 1354 05e1 2D       		.byte	0x2d
 1355 05e2 4E020000 		.4byte	0x24e
 1356 05e6 02       		.byte	0x2
 1357 05e7 23       		.byte	0x23
 1358 05e8 00       		.uleb128 0x0
 1359 05e9 06       		.uleb128 0x6
 1360 05ea 9E030000 		.4byte	.LASF76
 1361 05ee 09       		.byte	0x9
 1362 05ef 2F       		.byte	0x2f
 1363 05f0 48020000 		.4byte	0x248
 1364 05f4 02       		.byte	0x2
 1365 05f5 23       		.byte	0x23
 1366 05f6 08       		.uleb128 0x8
 1367 05f7 06       		.uleb128 0x6
 1368 05f8 EC020000 		.4byte	.LASF77
 1369 05fc 09       		.byte	0x9
 1370 05fd 31       		.byte	0x31
 1371 05fe 06060000 		.4byte	0x606
 1372 0602 02       		.byte	0x2
 1373 0603 23       		.byte	0x23
 1374 0604 0C       		.uleb128 0xc
 1375 0605 00       		.byte	0x0
 1376 0606 09       		.uleb128 0x9
 1377 0607 04       		.byte	0x4
 1378 0608 CF050000 		.4byte	0x5cf
 1379 060c 04       		.uleb128 0x4
 1380 060d C1010000 		.4byte	.LASF74
 1381 0611 09       		.byte	0x9
 1382 0612 33       		.byte	0x33
 1383 0613 CF050000 		.4byte	0x5cf
 1384 0617 10       		.uleb128 0x10
 1385 0618 04       		.byte	0x4
 1386 0619 05       		.byte	0x5
 1387 061a 90       		.byte	0x90
 1388 061b 4C060000 		.4byte	0x64c
 1389 061f 11       		.uleb128 0x11
 1390 0620 06000000 		.4byte	.LASF78
 1391 0624 05       		.byte	0x5
 1392 0625 97       		.byte	0x97
 1393 0626 C7000000 		.4byte	0xc7
 1394 062a 11       		.uleb128 0x11
 1395 062b 43000000 		.4byte	.LASF79
 1396 062f 05       		.byte	0x5
 1397 0630 9E       		.byte	0x9e
 1398 0631 C7000000 		.4byte	0xc7
 1399 0635 11       		.uleb128 0x11
 1400 0636 79030000 		.4byte	.LASF80
 1401 063a 05       		.byte	0x5
 1402 063b A5       		.byte	0xa5
 1403 063c 86020000 		.4byte	0x286
 1404 0640 11       		.uleb128 0x11
 1405 0641 A1020000 		.4byte	.LASF81
 1406 0645 05       		.byte	0x5
 1407 0646 AC       		.byte	0xac
 1408 0647 D2000000 		.4byte	0xd2
 1409 064b 00       		.byte	0x0
ARM GAS  /tmp/cc7uCa9S.s 			page 26


 1410 064c 09       		.uleb128 0x9
 1411 064d 04       		.byte	0x4
 1412 064e 52060000 		.4byte	0x652
 1413 0652 12       		.uleb128 0x12
 1414 0653 57060000 		.4byte	0x657
 1415 0657 03       		.uleb128 0x3
 1416 0658 01       		.byte	0x1
 1417 0659 08       		.byte	0x8
 1418 065a E7020000 		.4byte	.LASF82
 1419 065e 09       		.uleb128 0x9
 1420 065f 04       		.byte	0x4
 1421 0660 88020000 		.4byte	0x288
 1422 0664 09       		.uleb128 0x9
 1423 0665 04       		.byte	0x4
 1424 0666 0C060000 		.4byte	0x60c
 1425 066a 13       		.uleb128 0x13
 1426 066b 01       		.byte	0x1
 1427 066c 41010000 		.4byte	.LASF83
 1428 0670 01       		.byte	0x1
 1429 0671 CF       		.byte	0xcf
 1430 0672 01       		.byte	0x1
 1431 0673 00000000 		.4byte	.LFB6
 1432 0677 0E000000 		.4byte	.LFE6
 1433 067b 02       		.byte	0x2
 1434 067c 7D       		.byte	0x7d
 1435 067d 00       		.sleb128 0
 1436 067e 14       		.uleb128 0x14
 1437 067f 01       		.byte	0x1
 1438 0680 08030000 		.4byte	.LASF85
 1439 0684 01       		.byte	0x1
 1440 0685 41       		.byte	0x41
 1441 0686 01       		.byte	0x1
 1442 0687 00000000 		.4byte	.LFB1
 1443 068b 14000000 		.4byte	.LFE1
 1444 068f 00000000 		.4byte	.LLST0
 1445 0693 A7060000 		.4byte	0x6a7
 1446 0697 15       		.uleb128 0x15
 1447 0698 49020000 		.4byte	.LASF87
 1448 069c 01       		.byte	0x1
 1449 069d 42       		.byte	0x42
 1450 069e A7060000 		.4byte	0x6a7
 1451 06a2 20000000 		.4byte	.LLST1
 1452 06a6 00       		.byte	0x0
 1453 06a7 09       		.uleb128 0x9
 1454 06a8 04       		.byte	0x4
 1455 06a9 93020000 		.4byte	0x293
 1456 06ad 16       		.uleb128 0x16
 1457 06ae 01       		.byte	0x1
 1458 06af 6E030000 		.4byte	.LASF84
 1459 06b3 01       		.byte	0x1
 1460 06b4 76       		.byte	0x76
 1461 06b5 01       		.byte	0x1
 1462 06b6 00000000 		.4byte	.LFB2
 1463 06ba 34000000 		.4byte	.LFE2
 1464 06be 40000000 		.4byte	.LLST2
 1465 06c2 17       		.uleb128 0x17
 1466 06c3 01       		.byte	0x1
ARM GAS  /tmp/cc7uCa9S.s 			page 27


 1467 06c4 3E020000 		.4byte	.LASF86
 1468 06c8 01       		.byte	0x1
 1469 06c9 86       		.byte	0x86
 1470 06ca 01       		.byte	0x1
 1471 06cb 00000000 		.4byte	.LFB3
 1472 06cf 08000000 		.4byte	.LFE3
 1473 06d3 02       		.byte	0x2
 1474 06d4 7D       		.byte	0x7d
 1475 06d5 00       		.sleb128 0
 1476 06d6 EA060000 		.4byte	0x6ea
 1477 06da 18       		.uleb128 0x18
 1478 06db 746D7000 		.ascii	"tmp\000"
 1479 06df 01       		.byte	0x1
 1480 06e0 87       		.byte	0x87
 1481 06e1 70000000 		.4byte	0x70
 1482 06e5 60000000 		.4byte	.LLST3
 1483 06e9 00       		.byte	0x0
 1484 06ea 17       		.uleb128 0x17
 1485 06eb 01       		.byte	0x1
 1486 06ec 1F030000 		.4byte	.LASF88
 1487 06f0 01       		.byte	0x1
 1488 06f1 8B       		.byte	0x8b
 1489 06f2 01       		.byte	0x1
 1490 06f3 00000000 		.4byte	.LFB4
 1491 06f7 08000000 		.4byte	.LFE4
 1492 06fb 02       		.byte	0x2
 1493 06fc 7D       		.byte	0x7d
 1494 06fd 00       		.sleb128 0
 1495 06fe 12070000 		.4byte	0x712
 1496 0702 18       		.uleb128 0x18
 1497 0703 746D7000 		.ascii	"tmp\000"
 1498 0707 01       		.byte	0x1
 1499 0708 8C       		.byte	0x8c
 1500 0709 70000000 		.4byte	0x70
 1501 070d 73000000 		.4byte	.LLST4
 1502 0711 00       		.byte	0x0
 1503 0712 14       		.uleb128 0x14
 1504 0713 01       		.byte	0x1
 1505 0714 8E010000 		.4byte	.LASF89
 1506 0718 01       		.byte	0x1
 1507 0719 94       		.byte	0x94
 1508 071a 01       		.byte	0x1
 1509 071b 00000000 		.4byte	.LFB5
 1510 071f 74000000 		.4byte	.LFE5
 1511 0723 86000000 		.4byte	.LLST5
 1512 0727 41070000 		.4byte	0x741
 1513 072b 19       		.uleb128 0x19
 1514 072c 00000000 		.4byte	.Ldebug_ranges0+0x0
 1515 0730 15       		.uleb128 0x15
 1516 0731 49020000 		.4byte	.LASF87
 1517 0735 01       		.byte	0x1
 1518 0736 98       		.byte	0x98
 1519 0737 A7060000 		.4byte	0x6a7
 1520 073b A6000000 		.4byte	.LLST6
 1521 073f 00       		.byte	0x0
 1522 0740 00       		.byte	0x0
 1523 0741 16       		.uleb128 0x16
ARM GAS  /tmp/cc7uCa9S.s 			page 28


 1524 0742 01       		.byte	0x1
 1525 0743 1E000000 		.4byte	.LASF90
 1526 0747 01       		.byte	0x1
 1527 0748 2F       		.byte	0x2f
 1528 0749 01       		.byte	0x1
 1529 074a 00000000 		.4byte	.LFB0
 1530 074e 26000000 		.4byte	.LFE0
 1531 0752 CF000000 		.4byte	.LLST7
 1532 0756 17       		.uleb128 0x17
 1533 0757 01       		.byte	0x1
 1534 0758 F2000000 		.4byte	.LASF91
 1535 075c 01       		.byte	0x1
 1536 075d EC       		.byte	0xec
 1537 075e 01       		.byte	0x1
 1538 075f 00000000 		.4byte	.LFB7
 1539 0763 10000000 		.4byte	.LFE7
 1540 0767 02       		.byte	0x2
 1541 0768 7D       		.byte	0x7d
 1542 0769 00       		.sleb128 0
 1543 076a 89070000 		.4byte	0x789
 1544 076e 1A       		.uleb128 0x1a
 1545 076f 6E747000 		.ascii	"ntp\000"
 1546 0773 01       		.byte	0x1
 1547 0774 EC       		.byte	0xec
 1548 0775 48020000 		.4byte	0x248
 1549 0779 01       		.byte	0x1
 1550 077a 50       		.byte	0x50
 1551 077b 1A       		.uleb128 0x1a
 1552 077c 6F747000 		.ascii	"otp\000"
 1553 0780 01       		.byte	0x1
 1554 0781 EC       		.byte	0xec
 1555 0782 48020000 		.4byte	0x248
 1556 0786 01       		.byte	0x1
 1557 0787 51       		.byte	0x51
 1558 0788 00       		.byte	0x0
 1559 0789 1B       		.uleb128 0x1b
 1560 078a 01       		.byte	0x1
 1561 078b 95000000 		.4byte	.LASF92
 1562 078f 01       		.byte	0x1
 1563 0790 0301     		.2byte	0x103
 1564 0792 01       		.byte	0x1
 1565 0793 00000000 		.4byte	.LFB8
 1566 0797 14000000 		.4byte	.LFE8
 1567 079b EF000000 		.4byte	.LLST8
 1568 079f 1C       		.uleb128 0x1c
 1569 07a0 60030000 		.4byte	.LASF93
 1570 07a4 08       		.byte	0x8
 1571 07a5 72       		.byte	0x72
 1572 07a6 C4050000 		.4byte	0x5c4
 1573 07aa 01       		.byte	0x1
 1574 07ab 01       		.byte	0x1
 1575 07ac 1C       		.uleb128 0x1c
 1576 07ad 60030000 		.4byte	.LASF93
 1577 07b1 08       		.byte	0x8
 1578 07b2 72       		.byte	0x72
 1579 07b3 C4050000 		.4byte	0x5c4
 1580 07b7 01       		.byte	0x1
ARM GAS  /tmp/cc7uCa9S.s 			page 29


 1581 07b8 01       		.byte	0x1
 1582 07b9 00       		.byte	0x0
 1583              		.section	.debug_abbrev
 1584 0000 01       		.uleb128 0x1
 1585 0001 11       		.uleb128 0x11
 1586 0002 01       		.byte	0x1
 1587 0003 25       		.uleb128 0x25
 1588 0004 0E       		.uleb128 0xe
 1589 0005 13       		.uleb128 0x13
 1590 0006 0B       		.uleb128 0xb
 1591 0007 03       		.uleb128 0x3
 1592 0008 0E       		.uleb128 0xe
 1593 0009 1B       		.uleb128 0x1b
 1594 000a 0E       		.uleb128 0xe
 1595 000b 11       		.uleb128 0x11
 1596 000c 01       		.uleb128 0x1
 1597 000d 52       		.uleb128 0x52
 1598 000e 01       		.uleb128 0x1
 1599 000f 55       		.uleb128 0x55
 1600 0010 06       		.uleb128 0x6
 1601 0011 10       		.uleb128 0x10
 1602 0012 06       		.uleb128 0x6
 1603 0013 00       		.byte	0x0
 1604 0014 00       		.byte	0x0
 1605 0015 02       		.uleb128 0x2
 1606 0016 24       		.uleb128 0x24
 1607 0017 00       		.byte	0x0
 1608 0018 0B       		.uleb128 0xb
 1609 0019 0B       		.uleb128 0xb
 1610 001a 3E       		.uleb128 0x3e
 1611 001b 0B       		.uleb128 0xb
 1612 001c 03       		.uleb128 0x3
 1613 001d 08       		.uleb128 0x8
 1614 001e 00       		.byte	0x0
 1615 001f 00       		.byte	0x0
 1616 0020 03       		.uleb128 0x3
 1617 0021 24       		.uleb128 0x24
 1618 0022 00       		.byte	0x0
 1619 0023 0B       		.uleb128 0xb
 1620 0024 0B       		.uleb128 0xb
 1621 0025 3E       		.uleb128 0x3e
 1622 0026 0B       		.uleb128 0xb
 1623 0027 03       		.uleb128 0x3
 1624 0028 0E       		.uleb128 0xe
 1625 0029 00       		.byte	0x0
 1626 002a 00       		.byte	0x0
 1627 002b 04       		.uleb128 0x4
 1628 002c 16       		.uleb128 0x16
 1629 002d 00       		.byte	0x0
 1630 002e 03       		.uleb128 0x3
 1631 002f 0E       		.uleb128 0xe
 1632 0030 3A       		.uleb128 0x3a
 1633 0031 0B       		.uleb128 0xb
 1634 0032 3B       		.uleb128 0x3b
 1635 0033 0B       		.uleb128 0xb
 1636 0034 49       		.uleb128 0x49
 1637 0035 13       		.uleb128 0x13
ARM GAS  /tmp/cc7uCa9S.s 			page 30


 1638 0036 00       		.byte	0x0
 1639 0037 00       		.byte	0x0
 1640 0038 05       		.uleb128 0x5
 1641 0039 13       		.uleb128 0x13
 1642 003a 01       		.byte	0x1
 1643 003b 03       		.uleb128 0x3
 1644 003c 0E       		.uleb128 0xe
 1645 003d 0B       		.uleb128 0xb
 1646 003e 0B       		.uleb128 0xb
 1647 003f 3A       		.uleb128 0x3a
 1648 0040 0B       		.uleb128 0xb
 1649 0041 3B       		.uleb128 0x3b
 1650 0042 0B       		.uleb128 0xb
 1651 0043 01       		.uleb128 0x1
 1652 0044 13       		.uleb128 0x13
 1653 0045 00       		.byte	0x0
 1654 0046 00       		.byte	0x0
 1655 0047 06       		.uleb128 0x6
 1656 0048 0D       		.uleb128 0xd
 1657 0049 00       		.byte	0x0
 1658 004a 03       		.uleb128 0x3
 1659 004b 0E       		.uleb128 0xe
 1660 004c 3A       		.uleb128 0x3a
 1661 004d 0B       		.uleb128 0xb
 1662 004e 3B       		.uleb128 0x3b
 1663 004f 0B       		.uleb128 0xb
 1664 0050 49       		.uleb128 0x49
 1665 0051 13       		.uleb128 0x13
 1666 0052 38       		.uleb128 0x38
 1667 0053 0A       		.uleb128 0xa
 1668 0054 00       		.byte	0x0
 1669 0055 00       		.byte	0x0
 1670 0056 07       		.uleb128 0x7
 1671 0057 0D       		.uleb128 0xd
 1672 0058 00       		.byte	0x0
 1673 0059 03       		.uleb128 0x3
 1674 005a 08       		.uleb128 0x8
 1675 005b 3A       		.uleb128 0x3a
 1676 005c 0B       		.uleb128 0xb
 1677 005d 3B       		.uleb128 0x3b
 1678 005e 0B       		.uleb128 0xb
 1679 005f 49       		.uleb128 0x49
 1680 0060 13       		.uleb128 0x13
 1681 0061 38       		.uleb128 0x38
 1682 0062 0A       		.uleb128 0xa
 1683 0063 00       		.byte	0x0
 1684 0064 00       		.byte	0x0
 1685 0065 08       		.uleb128 0x8
 1686 0066 13       		.uleb128 0x13
 1687 0067 01       		.byte	0x1
 1688 0068 0B       		.uleb128 0xb
 1689 0069 0B       		.uleb128 0xb
 1690 006a 3A       		.uleb128 0x3a
 1691 006b 0B       		.uleb128 0xb
 1692 006c 3B       		.uleb128 0x3b
 1693 006d 0B       		.uleb128 0xb
 1694 006e 01       		.uleb128 0x1
ARM GAS  /tmp/cc7uCa9S.s 			page 31


 1695 006f 13       		.uleb128 0x13
 1696 0070 00       		.byte	0x0
 1697 0071 00       		.byte	0x0
 1698 0072 09       		.uleb128 0x9
 1699 0073 0F       		.uleb128 0xf
 1700 0074 00       		.byte	0x0
 1701 0075 0B       		.uleb128 0xb
 1702 0076 0B       		.uleb128 0xb
 1703 0077 49       		.uleb128 0x49
 1704 0078 13       		.uleb128 0x13
 1705 0079 00       		.byte	0x0
 1706 007a 00       		.byte	0x0
 1707 007b 0A       		.uleb128 0xa
 1708 007c 0F       		.uleb128 0xf
 1709 007d 00       		.byte	0x0
 1710 007e 0B       		.uleb128 0xb
 1711 007f 0B       		.uleb128 0xb
 1712 0080 00       		.byte	0x0
 1713 0081 00       		.byte	0x0
 1714 0082 0B       		.uleb128 0xb
 1715 0083 0D       		.uleb128 0xd
 1716 0084 00       		.byte	0x0
 1717 0085 03       		.uleb128 0x3
 1718 0086 08       		.uleb128 0x8
 1719 0087 3A       		.uleb128 0x3a
 1720 0088 0B       		.uleb128 0xb
 1721 0089 3B       		.uleb128 0x3b
 1722 008a 05       		.uleb128 0x5
 1723 008b 49       		.uleb128 0x49
 1724 008c 13       		.uleb128 0x13
 1725 008d 38       		.uleb128 0x38
 1726 008e 0A       		.uleb128 0xa
 1727 008f 00       		.byte	0x0
 1728 0090 00       		.byte	0x0
 1729 0091 0C       		.uleb128 0xc
 1730 0092 13       		.uleb128 0x13
 1731 0093 01       		.byte	0x1
 1732 0094 03       		.uleb128 0x3
 1733 0095 0E       		.uleb128 0xe
 1734 0096 0B       		.uleb128 0xb
 1735 0097 0B       		.uleb128 0xb
 1736 0098 3A       		.uleb128 0x3a
 1737 0099 0B       		.uleb128 0xb
 1738 009a 3B       		.uleb128 0x3b
 1739 009b 05       		.uleb128 0x5
 1740 009c 01       		.uleb128 0x1
 1741 009d 13       		.uleb128 0x13
 1742 009e 00       		.byte	0x0
 1743 009f 00       		.byte	0x0
 1744 00a0 0D       		.uleb128 0xd
 1745 00a1 35       		.uleb128 0x35
 1746 00a2 00       		.byte	0x0
 1747 00a3 49       		.uleb128 0x49
 1748 00a4 13       		.uleb128 0x13
 1749 00a5 00       		.byte	0x0
 1750 00a6 00       		.byte	0x0
 1751 00a7 0E       		.uleb128 0xe
ARM GAS  /tmp/cc7uCa9S.s 			page 32


 1752 00a8 01       		.uleb128 0x1
 1753 00a9 01       		.byte	0x1
 1754 00aa 49       		.uleb128 0x49
 1755 00ab 13       		.uleb128 0x13
 1756 00ac 01       		.uleb128 0x1
 1757 00ad 13       		.uleb128 0x13
 1758 00ae 00       		.byte	0x0
 1759 00af 00       		.byte	0x0
 1760 00b0 0F       		.uleb128 0xf
 1761 00b1 21       		.uleb128 0x21
 1762 00b2 00       		.byte	0x0
 1763 00b3 49       		.uleb128 0x49
 1764 00b4 13       		.uleb128 0x13
 1765 00b5 2F       		.uleb128 0x2f
 1766 00b6 0B       		.uleb128 0xb
 1767 00b7 00       		.byte	0x0
 1768 00b8 00       		.byte	0x0
 1769 00b9 10       		.uleb128 0x10
 1770 00ba 17       		.uleb128 0x17
 1771 00bb 01       		.byte	0x1
 1772 00bc 0B       		.uleb128 0xb
 1773 00bd 0B       		.uleb128 0xb
 1774 00be 3A       		.uleb128 0x3a
 1775 00bf 0B       		.uleb128 0xb
 1776 00c0 3B       		.uleb128 0x3b
 1777 00c1 0B       		.uleb128 0xb
 1778 00c2 01       		.uleb128 0x1
 1779 00c3 13       		.uleb128 0x13
 1780 00c4 00       		.byte	0x0
 1781 00c5 00       		.byte	0x0
 1782 00c6 11       		.uleb128 0x11
 1783 00c7 0D       		.uleb128 0xd
 1784 00c8 00       		.byte	0x0
 1785 00c9 03       		.uleb128 0x3
 1786 00ca 0E       		.uleb128 0xe
 1787 00cb 3A       		.uleb128 0x3a
 1788 00cc 0B       		.uleb128 0xb
 1789 00cd 3B       		.uleb128 0x3b
 1790 00ce 0B       		.uleb128 0xb
 1791 00cf 49       		.uleb128 0x49
 1792 00d0 13       		.uleb128 0x13
 1793 00d1 00       		.byte	0x0
 1794 00d2 00       		.byte	0x0
 1795 00d3 12       		.uleb128 0x12
 1796 00d4 26       		.uleb128 0x26
 1797 00d5 00       		.byte	0x0
 1798 00d6 49       		.uleb128 0x49
 1799 00d7 13       		.uleb128 0x13
 1800 00d8 00       		.byte	0x0
 1801 00d9 00       		.byte	0x0
 1802 00da 13       		.uleb128 0x13
 1803 00db 2E       		.uleb128 0x2e
 1804 00dc 00       		.byte	0x0
 1805 00dd 3F       		.uleb128 0x3f
 1806 00de 0C       		.uleb128 0xc
 1807 00df 03       		.uleb128 0x3
 1808 00e0 0E       		.uleb128 0xe
ARM GAS  /tmp/cc7uCa9S.s 			page 33


 1809 00e1 3A       		.uleb128 0x3a
 1810 00e2 0B       		.uleb128 0xb
 1811 00e3 3B       		.uleb128 0x3b
 1812 00e4 0B       		.uleb128 0xb
 1813 00e5 27       		.uleb128 0x27
 1814 00e6 0C       		.uleb128 0xc
 1815 00e7 11       		.uleb128 0x11
 1816 00e8 01       		.uleb128 0x1
 1817 00e9 12       		.uleb128 0x12
 1818 00ea 01       		.uleb128 0x1
 1819 00eb 40       		.uleb128 0x40
 1820 00ec 0A       		.uleb128 0xa
 1821 00ed 00       		.byte	0x0
 1822 00ee 00       		.byte	0x0
 1823 00ef 14       		.uleb128 0x14
 1824 00f0 2E       		.uleb128 0x2e
 1825 00f1 01       		.byte	0x1
 1826 00f2 3F       		.uleb128 0x3f
 1827 00f3 0C       		.uleb128 0xc
 1828 00f4 03       		.uleb128 0x3
 1829 00f5 0E       		.uleb128 0xe
 1830 00f6 3A       		.uleb128 0x3a
 1831 00f7 0B       		.uleb128 0xb
 1832 00f8 3B       		.uleb128 0x3b
 1833 00f9 0B       		.uleb128 0xb
 1834 00fa 27       		.uleb128 0x27
 1835 00fb 0C       		.uleb128 0xc
 1836 00fc 11       		.uleb128 0x11
 1837 00fd 01       		.uleb128 0x1
 1838 00fe 12       		.uleb128 0x12
 1839 00ff 01       		.uleb128 0x1
 1840 0100 40       		.uleb128 0x40
 1841 0101 06       		.uleb128 0x6
 1842 0102 01       		.uleb128 0x1
 1843 0103 13       		.uleb128 0x13
 1844 0104 00       		.byte	0x0
 1845 0105 00       		.byte	0x0
 1846 0106 15       		.uleb128 0x15
 1847 0107 34       		.uleb128 0x34
 1848 0108 00       		.byte	0x0
 1849 0109 03       		.uleb128 0x3
 1850 010a 0E       		.uleb128 0xe
 1851 010b 3A       		.uleb128 0x3a
 1852 010c 0B       		.uleb128 0xb
 1853 010d 3B       		.uleb128 0x3b
 1854 010e 0B       		.uleb128 0xb
 1855 010f 49       		.uleb128 0x49
 1856 0110 13       		.uleb128 0x13
 1857 0111 02       		.uleb128 0x2
 1858 0112 06       		.uleb128 0x6
 1859 0113 00       		.byte	0x0
 1860 0114 00       		.byte	0x0
 1861 0115 16       		.uleb128 0x16
 1862 0116 2E       		.uleb128 0x2e
 1863 0117 00       		.byte	0x0
 1864 0118 3F       		.uleb128 0x3f
 1865 0119 0C       		.uleb128 0xc
ARM GAS  /tmp/cc7uCa9S.s 			page 34


 1866 011a 03       		.uleb128 0x3
 1867 011b 0E       		.uleb128 0xe
 1868 011c 3A       		.uleb128 0x3a
 1869 011d 0B       		.uleb128 0xb
 1870 011e 3B       		.uleb128 0x3b
 1871 011f 0B       		.uleb128 0xb
 1872 0120 27       		.uleb128 0x27
 1873 0121 0C       		.uleb128 0xc
 1874 0122 11       		.uleb128 0x11
 1875 0123 01       		.uleb128 0x1
 1876 0124 12       		.uleb128 0x12
 1877 0125 01       		.uleb128 0x1
 1878 0126 40       		.uleb128 0x40
 1879 0127 06       		.uleb128 0x6
 1880 0128 00       		.byte	0x0
 1881 0129 00       		.byte	0x0
 1882 012a 17       		.uleb128 0x17
 1883 012b 2E       		.uleb128 0x2e
 1884 012c 01       		.byte	0x1
 1885 012d 3F       		.uleb128 0x3f
 1886 012e 0C       		.uleb128 0xc
 1887 012f 03       		.uleb128 0x3
 1888 0130 0E       		.uleb128 0xe
 1889 0131 3A       		.uleb128 0x3a
 1890 0132 0B       		.uleb128 0xb
 1891 0133 3B       		.uleb128 0x3b
 1892 0134 0B       		.uleb128 0xb
 1893 0135 27       		.uleb128 0x27
 1894 0136 0C       		.uleb128 0xc
 1895 0137 11       		.uleb128 0x11
 1896 0138 01       		.uleb128 0x1
 1897 0139 12       		.uleb128 0x12
 1898 013a 01       		.uleb128 0x1
 1899 013b 40       		.uleb128 0x40
 1900 013c 0A       		.uleb128 0xa
 1901 013d 01       		.uleb128 0x1
 1902 013e 13       		.uleb128 0x13
 1903 013f 00       		.byte	0x0
 1904 0140 00       		.byte	0x0
 1905 0141 18       		.uleb128 0x18
 1906 0142 34       		.uleb128 0x34
 1907 0143 00       		.byte	0x0
 1908 0144 03       		.uleb128 0x3
 1909 0145 08       		.uleb128 0x8
 1910 0146 3A       		.uleb128 0x3a
 1911 0147 0B       		.uleb128 0xb
 1912 0148 3B       		.uleb128 0x3b
 1913 0149 0B       		.uleb128 0xb
 1914 014a 49       		.uleb128 0x49
 1915 014b 13       		.uleb128 0x13
 1916 014c 02       		.uleb128 0x2
 1917 014d 06       		.uleb128 0x6
 1918 014e 00       		.byte	0x0
 1919 014f 00       		.byte	0x0
 1920 0150 19       		.uleb128 0x19
 1921 0151 0B       		.uleb128 0xb
 1922 0152 01       		.byte	0x1
ARM GAS  /tmp/cc7uCa9S.s 			page 35


 1923 0153 55       		.uleb128 0x55
 1924 0154 06       		.uleb128 0x6
 1925 0155 00       		.byte	0x0
 1926 0156 00       		.byte	0x0
 1927 0157 1A       		.uleb128 0x1a
 1928 0158 05       		.uleb128 0x5
 1929 0159 00       		.byte	0x0
 1930 015a 03       		.uleb128 0x3
 1931 015b 08       		.uleb128 0x8
 1932 015c 3A       		.uleb128 0x3a
 1933 015d 0B       		.uleb128 0xb
 1934 015e 3B       		.uleb128 0x3b
 1935 015f 0B       		.uleb128 0xb
 1936 0160 49       		.uleb128 0x49
 1937 0161 13       		.uleb128 0x13
 1938 0162 02       		.uleb128 0x2
 1939 0163 0A       		.uleb128 0xa
 1940 0164 00       		.byte	0x0
 1941 0165 00       		.byte	0x0
 1942 0166 1B       		.uleb128 0x1b
 1943 0167 2E       		.uleb128 0x2e
 1944 0168 00       		.byte	0x0
 1945 0169 3F       		.uleb128 0x3f
 1946 016a 0C       		.uleb128 0xc
 1947 016b 03       		.uleb128 0x3
 1948 016c 0E       		.uleb128 0xe
 1949 016d 3A       		.uleb128 0x3a
 1950 016e 0B       		.uleb128 0xb
 1951 016f 3B       		.uleb128 0x3b
 1952 0170 05       		.uleb128 0x5
 1953 0171 27       		.uleb128 0x27
 1954 0172 0C       		.uleb128 0xc
 1955 0173 11       		.uleb128 0x11
 1956 0174 01       		.uleb128 0x1
 1957 0175 12       		.uleb128 0x12
 1958 0176 01       		.uleb128 0x1
 1959 0177 40       		.uleb128 0x40
 1960 0178 06       		.uleb128 0x6
 1961 0179 00       		.byte	0x0
 1962 017a 00       		.byte	0x0
 1963 017b 1C       		.uleb128 0x1c
 1964 017c 34       		.uleb128 0x34
 1965 017d 00       		.byte	0x0
 1966 017e 03       		.uleb128 0x3
 1967 017f 0E       		.uleb128 0xe
 1968 0180 3A       		.uleb128 0x3a
 1969 0181 0B       		.uleb128 0xb
 1970 0182 3B       		.uleb128 0x3b
 1971 0183 0B       		.uleb128 0xb
 1972 0184 49       		.uleb128 0x49
 1973 0185 13       		.uleb128 0x13
 1974 0186 3F       		.uleb128 0x3f
 1975 0187 0C       		.uleb128 0xc
 1976 0188 3C       		.uleb128 0x3c
 1977 0189 0C       		.uleb128 0xc
 1978 018a 00       		.byte	0x0
 1979 018b 00       		.byte	0x0
ARM GAS  /tmp/cc7uCa9S.s 			page 36


 1980 018c 00       		.byte	0x0
 1981              		.section	.debug_pubnames,"",%progbits
 1982 0000 B9000000 		.4byte	0xb9
 1983 0004 0200     		.2byte	0x2
 1984 0006 00000000 		.4byte	.Ldebug_info0
 1985 000a BA070000 		.4byte	0x7ba
 1986 000e 6A060000 		.4byte	0x66a
 1987 0012 5F706F72 		.ascii	"_port_switch_from_isr\000"
 1987      745F7377 
 1987      69746368 
 1987      5F66726F 
 1987      6D5F6973 
 1988 0028 7E060000 		.4byte	0x67e
 1989 002c 53564361 		.ascii	"SVCallVector\000"
 1989      6C6C5665 
 1989      63746F72 
 1989      00
 1990 0039 AD060000 		.4byte	0x6ad
 1991 003d 5F706F72 		.ascii	"_port_init\000"
 1991      745F696E 
 1991      697400
 1992 0048 C2060000 		.4byte	0x6c2
 1993 004c 5F706F72 		.ascii	"_port_lock\000"
 1993      745F6C6F 
 1993      636B00
 1994 0057 EA060000 		.4byte	0x6ea
 1995 005b 5F706F72 		.ascii	"_port_unlock\000"
 1995      745F756E 
 1995      6C6F636B 
 1995      00
 1996 0068 12070000 		.4byte	0x712
 1997 006c 5F706F72 		.ascii	"_port_irq_epilogue\000"
 1997      745F6972 
 1997      715F6570 
 1997      696C6F67 
 1997      756500
 1998 007f 41070000 		.4byte	0x741
 1999 0083 53797354 		.ascii	"SysTickVector\000"
 1999      69636B56 
 1999      6563746F 
 1999      7200
 2000 0091 56070000 		.4byte	0x756
 2001 0095 5F706F72 		.ascii	"_port_switch\000"
 2001      745F7377 
 2001      69746368 
 2001      00
 2002 00a2 89070000 		.4byte	0x789
 2003 00a6 5F706F72 		.ascii	"_port_thread_start\000"
 2003      745F7468 
 2003      72656164 
 2003      5F737461 
 2003      727400
 2004 00b9 00000000 		.4byte	0x0
 2005              		.section	.debug_pubtypes,"",%progbits
 2006 0000 46010000 		.4byte	0x146
 2007 0004 0200     		.2byte	0x2
 2008 0006 00000000 		.4byte	.Ldebug_info0
ARM GAS  /tmp/cc7uCa9S.s 			page 37


 2009 000a BA070000 		.4byte	0x7ba
 2010 000e 3E000000 		.4byte	0x3e
 2011 0012 75696E74 		.ascii	"uint8_t\000"
 2011      385F7400 
 2012 001a 5E000000 		.4byte	0x5e
 2013 001e 696E7433 		.ascii	"int32_t\000"
 2013      325F7400 
 2014 0026 70000000 		.4byte	0x70
 2015 002a 75696E74 		.ascii	"uint32_t\000"
 2015      33325F74 
 2015      00
 2016 0033 89000000 		.4byte	0x89
 2017 0037 75696E74 		.ascii	"uint64_t\000"
 2017      36345F74 
 2017      00
 2018 0040 9B000000 		.4byte	0x9b
 2019 0044 746D6F64 		.ascii	"tmode_t\000"
 2019      655F7400 
 2020 004c A6000000 		.4byte	0xa6
 2021 0050 74737461 		.ascii	"tstate_t\000"
 2021      74655F74 
 2021      00
 2022 0059 B1000000 		.4byte	0xb1
 2023 005d 74726566 		.ascii	"trefs_t\000"
 2023      735F7400 
 2024 0065 BC000000 		.4byte	0xbc
 2025 0069 74707269 		.ascii	"tprio_t\000"
 2025      6F5F7400 
 2026 0071 C7000000 		.4byte	0xc7
 2027 0075 6D73675F 		.ascii	"msg_t\000"
 2027      7400
 2028 007b D2000000 		.4byte	0xd2
 2029 007f 6576656E 		.ascii	"eventmask_t\000"
 2029      746D6173 
 2029      6B5F7400 
 2030 008b DD000000 		.4byte	0xdd
 2031 008f 73797374 		.ascii	"systime_t\000"
 2031      696D655F 
 2031      7400
 2032 0099 E8000000 		.4byte	0xe8
 2033 009d 636E745F 		.ascii	"cnt_t\000"
 2033      7400
 2034 00a3 F3000000 		.4byte	0xf3
 2035 00a7 54687265 		.ascii	"Thread\000"
 2035      616400
 2036 00ae 4E020000 		.4byte	0x24e
 2037 00b2 54687265 		.ascii	"ThreadsQueue\000"
 2037      61647351 
 2037      75657565 
 2037      00
 2038 00bf 70020000 		.4byte	0x270
 2039 00c3 54687265 		.ascii	"ThreadsList\000"
 2039      6164734C 
 2039      69737400 
 2040 00cf 7B020000 		.4byte	0x27b
 2041 00d3 72656761 		.ascii	"regarm_t\000"
 2041      726D5F74 
ARM GAS  /tmp/cc7uCa9S.s 			page 38


 2041      00
 2042 00dc 88020000 		.4byte	0x288
 2043 00e0 73746B61 		.ascii	"stkalign_t\000"
 2043      6C69676E 
 2043      5F7400
 2044 00eb 93020000 		.4byte	0x293
 2045 00ef 65787463 		.ascii	"extctx\000"
 2045      747800
 2046 00f6 0B030000 		.4byte	0x30b
 2047 00fa 696E7463 		.ascii	"intctx\000"
 2047      747800
 2048 0101 98030000 		.4byte	0x398
 2049 0105 636F6E74 		.ascii	"context\000"
 2049      65787400 
 2050 010d 49050000 		.4byte	0x549
 2051 0111 434D785F 		.ascii	"CMx_SCB\000"
 2051      53434200 
 2052 0119 C4050000 		.4byte	0x5c4
 2053 011d 52656164 		.ascii	"ReadyList\000"
 2053      794C6973 
 2053      7400
 2054 0127 CF050000 		.4byte	0x5cf
 2055 012b 4D757465 		.ascii	"Mutex\000"
 2055      7800
 2056 0131 0C060000 		.4byte	0x60c
 2057 0135 4D757465 		.ascii	"Mutex\000"
 2057      7800
 2058 013b FE000000 		.4byte	0xfe
 2059 013f 54687265 		.ascii	"Thread\000"
 2059      616400
 2060 0146 00000000 		.4byte	0x0
 2061              		.section	.debug_aranges,"",%progbits
 2062 0000 5C000000 		.4byte	0x5c
 2063 0004 0200     		.2byte	0x2
 2064 0006 00000000 		.4byte	.Ldebug_info0
 2065 000a 04       		.byte	0x4
 2066 000b 00       		.byte	0x0
 2067 000c 0000     		.2byte	0x0
 2068 000e 0000     		.2byte	0x0
 2069 0010 00000000 		.4byte	.LFB6
 2070 0014 0E000000 		.4byte	.LFE6-.LFB6
 2071 0018 00000000 		.4byte	.LFB1
 2072 001c 14000000 		.4byte	.LFE1-.LFB1
 2073 0020 00000000 		.4byte	.LFB2
 2074 0024 34000000 		.4byte	.LFE2-.LFB2
 2075 0028 00000000 		.4byte	.LFB3
 2076 002c 08000000 		.4byte	.LFE3-.LFB3
 2077 0030 00000000 		.4byte	.LFB4
 2078 0034 08000000 		.4byte	.LFE4-.LFB4
 2079 0038 00000000 		.4byte	.LFB5
 2080 003c 74000000 		.4byte	.LFE5-.LFB5
 2081 0040 00000000 		.4byte	.LFB0
 2082 0044 26000000 		.4byte	.LFE0-.LFB0
 2083 0048 00000000 		.4byte	.LFB7
 2084 004c 10000000 		.4byte	.LFE7-.LFB7
 2085 0050 00000000 		.4byte	.LFB8
 2086 0054 14000000 		.4byte	.LFE8-.LFB8
ARM GAS  /tmp/cc7uCa9S.s 			page 39


 2087 0058 00000000 		.4byte	0x0
 2088 005c 00000000 		.4byte	0x0
 2089              		.section	.debug_ranges,"",%progbits
 2090              	.Ldebug_ranges0:
 2091 0000 10000000 		.4byte	.LBB2
 2092 0004 40000000 		.4byte	.LBE2
 2093 0008 48000000 		.4byte	.LBB3
 2094 000c 74000000 		.4byte	.LBE3
 2095 0010 00000000 		.4byte	0x0
 2096 0014 00000000 		.4byte	0x0
 2097 0018 00000000 		.4byte	.LFB6
 2098 001c 0E000000 		.4byte	.LFE6
 2099 0020 00000000 		.4byte	.LFB1
 2100 0024 14000000 		.4byte	.LFE1
 2101 0028 00000000 		.4byte	.LFB2
 2102 002c 34000000 		.4byte	.LFE2
 2103 0030 00000000 		.4byte	.LFB3
 2104 0034 08000000 		.4byte	.LFE3
 2105 0038 00000000 		.4byte	.LFB4
 2106 003c 08000000 		.4byte	.LFE4
 2107 0040 00000000 		.4byte	.LFB5
 2108 0044 74000000 		.4byte	.LFE5
 2109 0048 00000000 		.4byte	.LFB0
 2110 004c 26000000 		.4byte	.LFE0
 2111 0050 00000000 		.4byte	.LFB7
 2112 0054 10000000 		.4byte	.LFE7
 2113 0058 00000000 		.4byte	.LFB8
 2114 005c 14000000 		.4byte	.LFE8
 2115 0060 00000000 		.4byte	0x0
 2116 0064 00000000 		.4byte	0x0
 2117              		.section	.debug_str,"MS",%progbits,1
 2118              	.LASF36:
 2119 0000 705F6D73 		.ascii	"p_msg\000"
 2119      6700
 2120              	.LASF78:
 2121 0006 7264796D 		.ascii	"rdymsg\000"
 2121      736700
 2122              	.LASF11:
 2123 000d 75696E74 		.ascii	"uint64_t\000"
 2123      36345F74 
 2123      00
 2124              	.LASF65:
 2125 0016 434D785F 		.ascii	"CMx_SCB\000"
 2125      53434200 
 2126              	.LASF90:
 2127 001e 53797354 		.ascii	"SysTickVector\000"
 2127      69636B56 
 2127      6563746F 
 2127      7200
 2128              	.LASF12:
 2129 002c 6C6F6E67 		.ascii	"long long unsigned int\000"
 2129      206C6F6E 
 2129      6720756E 
 2129      7369676E 
 2129      65642069 
 2130              	.LASF79:
 2131 0043 65786974 		.ascii	"exitcode\000"
ARM GAS  /tmp/cc7uCa9S.s 			page 40


 2131      636F6465 
 2131      00
 2132              	.LASF50:
 2133 004c 43505549 		.ascii	"CPUID\000"
 2133      4400
 2134              	.LASF24:
 2135 0052 705F7072 		.ascii	"p_prio\000"
 2135      696F00
 2136              	.LASF10:
 2137 0059 6C6F6E67 		.ascii	"long long int\000"
 2137      206C6F6E 
 2137      6720696E 
 2137      7400
 2138              	.LASF1:
 2139 0067 7369676E 		.ascii	"signed char\000"
 2139      65642063 
 2139      68617200 
 2140              	.LASF40:
 2141 0073 705F6D70 		.ascii	"p_mpool\000"
 2141      6F6F6C00 
 2142              	.LASF75:
 2143 007b 6D5F7175 		.ascii	"m_queue\000"
 2143      65756500 
 2144              	.LASF7:
 2145 0083 6C6F6E67 		.ascii	"long int\000"
 2145      20696E74 
 2145      00
 2146              	.LASF14:
 2147 008c 74737461 		.ascii	"tstate_t\000"
 2147      74655F74 
 2147      00
 2148              	.LASF92:
 2149 0095 5F706F72 		.ascii	"_port_thread_start\000"
 2149      745F7468 
 2149      72656164 
 2149      5F737461 
 2149      727400
 2150              	.LASF26:
 2151 00a8 705F6E65 		.ascii	"p_newer\000"
 2151      77657200 
 2152              	.LASF60:
 2153 00b0 42464152 		.ascii	"BFAR\000"
 2153      00
 2154              	.LASF69:
 2155 00b5 725F6E65 		.ascii	"r_newer\000"
 2155      77657200 
 2156              	.LASF43:
 2157 00bd 72656761 		.ascii	"regarm_t\000"
 2157      726D5F74 
 2157      00
 2158              	.LASF20:
 2159 00c6 636E745F 		.ascii	"cnt_t\000"
 2159      7400
 2160              	.LASF29:
 2161 00cc 705F7374 		.ascii	"p_stklimit\000"
 2161      6B6C696D 
 2161      697400
ARM GAS  /tmp/cc7uCa9S.s 			page 41


 2162              	.LASF0:
 2163 00d7 756E7369 		.ascii	"unsigned int\000"
 2163      676E6564 
 2163      20696E74 
 2163      00
 2164              	.LASF46:
 2165 00e4 6C725F74 		.ascii	"lr_thd\000"
 2165      686400
 2166              	.LASF45:
 2167 00eb 65787463 		.ascii	"extctx\000"
 2167      747800
 2168              	.LASF91:
 2169 00f2 5F706F72 		.ascii	"_port_switch\000"
 2169      745F7377 
 2169      69746368 
 2169      00
 2170              	.LASF96:
 2171 00ff 2F686F6D 		.ascii	"/home/z80/projects/ipm/soft/firmware/valve\000"
 2171      652F7A38 
 2171      302F7072 
 2171      6F6A6563 
 2171      74732F69 
 2172              	.LASF9:
 2173 012a 6C6F6E67 		.ascii	"long unsigned int\000"
 2173      20756E73 
 2173      69676E65 
 2173      6420696E 
 2173      7400
 2174              	.LASF52:
 2175 013c 56544F52 		.ascii	"VTOR\000"
 2175      00
 2176              	.LASF83:
 2177 0141 5F706F72 		.ascii	"_port_switch_from_isr\000"
 2177      745F7377 
 2177      69746368 
 2177      5F66726F 
 2177      6D5F6973 
 2178              	.LASF49:
 2179 0157 636F6E74 		.ascii	"context\000"
 2179      65787400 
 2180              	.LASF4:
 2181 015f 73686F72 		.ascii	"short unsigned int\000"
 2181      7420756E 
 2181      7369676E 
 2181      65642069 
 2181      6E7400
 2182              	.LASF51:
 2183 0172 49435352 		.ascii	"ICSR\000"
 2183      00
 2184              	.LASF17:
 2185 0177 6D73675F 		.ascii	"msg_t\000"
 2185      7400
 2186              	.LASF53:
 2187 017d 41495243 		.ascii	"AIRCR\000"
 2187      5200
 2188              	.LASF58:
 2189 0183 44465352 		.ascii	"DFSR\000"
ARM GAS  /tmp/cc7uCa9S.s 			page 42


 2189      00
 2190              	.LASF59:
 2191 0188 4D4D4641 		.ascii	"MMFAR\000"
 2191      5200
 2192              	.LASF89:
 2193 018e 5F706F72 		.ascii	"_port_irq_epilogue\000"
 2193      745F6972 
 2193      715F6570 
 2193      696C6F67 
 2193      756500
 2194              	.LASF13:
 2195 01a1 746D6F64 		.ascii	"tmode_t\000"
 2195      655F7400 
 2196              	.LASF42:
 2197 01a9 54687265 		.ascii	"ThreadsList\000"
 2197      6164734C 
 2197      69737400 
 2198              	.LASF18:
 2199 01b5 6576656E 		.ascii	"eventmask_t\000"
 2199      746D6173 
 2199      6B5F7400 
 2200              	.LASF74:
 2201 01c1 4D757465 		.ascii	"Mutex\000"
 2201      7800
 2202              	.LASF44:
 2203 01c7 73746B61 		.ascii	"stkalign_t\000"
 2203      6C69676E 
 2203      5F7400
 2204              	.LASF56:
 2205 01d2 43465352 		.ascii	"CFSR\000"
 2205      00
 2206              	.LASF27:
 2207 01d7 705F6F6C 		.ascii	"p_older\000"
 2207      64657200 
 2208              	.LASF68:
 2209 01df 725F6374 		.ascii	"r_ctx\000"
 2209      7800
 2210              	.LASF41:
 2211 01e5 54687265 		.ascii	"ThreadsQueue\000"
 2211      61647351 
 2211      75657565 
 2211      00
 2212              	.LASF95:
 2213 01f2 2E2E2F63 		.ascii	"../chibios_2.4.x/os/ports/GCC/ARMCMx/chcore_v7m.c\000"
 2213      68696269 
 2213      6F735F32 
 2213      2E342E78 
 2213      2F6F732F 
 2214              	.LASF72:
 2215 0224 725F6375 		.ascii	"r_current\000"
 2215      7272656E 
 2215      7400
 2216              	.LASF70:
 2217 022e 725F6F6C 		.ascii	"r_older\000"
 2217      64657200 
 2218              	.LASF15:
 2219 0236 74726566 		.ascii	"trefs_t\000"
ARM GAS  /tmp/cc7uCa9S.s 			page 43


 2219      735F7400 
 2220              	.LASF86:
 2221 023e 5F706F72 		.ascii	"_port_lock\000"
 2221      745F6C6F 
 2221      636B00
 2222              	.LASF87:
 2223 0249 63747870 		.ascii	"ctxp\000"
 2223      00
 2224              	.LASF23:
 2225 024e 705F7072 		.ascii	"p_prev\000"
 2225      657600
 2226              	.LASF16:
 2227 0255 74707269 		.ascii	"tprio_t\000"
 2227      6F5F7400 
 2228              	.LASF6:
 2229 025d 696E7433 		.ascii	"int32_t\000"
 2229      325F7400 
 2230              	.LASF2:
 2231 0265 756E7369 		.ascii	"unsigned char\000"
 2231      676E6564 
 2231      20636861 
 2231      7200
 2232              	.LASF55:
 2233 0273 53484353 		.ascii	"SHCSR\000"
 2233      5200
 2234              	.LASF38:
 2235 0279 705F6D74 		.ascii	"p_mtxlist\000"
 2235      786C6973 
 2235      7400
 2236              	.LASF3:
 2237 0283 73686F72 		.ascii	"short int\000"
 2237      7420696E 
 2237      7400
 2238              	.LASF30:
 2239 028d 705F7374 		.ascii	"p_state\000"
 2239      61746500 
 2240              	.LASF47:
 2241 0295 78707372 		.ascii	"xpsr\000"
 2241      00
 2242              	.LASF67:
 2243 029a 725F7072 		.ascii	"r_prio\000"
 2243      696F00
 2244              	.LASF81:
 2245 02a1 65776D61 		.ascii	"ewmask\000"
 2245      736B00
 2246              	.LASF22:
 2247 02a8 705F6E65 		.ascii	"p_next\000"
 2247      787400
 2248              	.LASF31:
 2249 02af 705F666C 		.ascii	"p_flags\000"
 2249      61677300 
 2250              	.LASF21:
 2251 02b7 54687265 		.ascii	"Thread\000"
 2251      616400
 2252              	.LASF37:
 2253 02be 705F6570 		.ascii	"p_epending\000"
 2253      656E6469 
ARM GAS  /tmp/cc7uCa9S.s 			page 44


 2253      6E6700
 2254              	.LASF8:
 2255 02c9 75696E74 		.ascii	"uint32_t\000"
 2255      33325F74 
 2255      00
 2256              	.LASF66:
 2257 02d2 725F7175 		.ascii	"r_queue\000"
 2257      65756500 
 2258              	.LASF61:
 2259 02da 41465352 		.ascii	"AFSR\000"
 2259      00
 2260              	.LASF63:
 2261 02df 756E7573 		.ascii	"unused1\000"
 2261      65643100 
 2262              	.LASF82:
 2263 02e7 63686172 		.ascii	"char\000"
 2263      00
 2264              	.LASF77:
 2265 02ec 6D5F6E65 		.ascii	"m_next\000"
 2265      787400
 2266              	.LASF19:
 2267 02f3 73797374 		.ascii	"systime_t\000"
 2267      696D655F 
 2267      7400
 2268              	.LASF39:
 2269 02fd 705F7265 		.ascii	"p_realprio\000"
 2269      616C7072 
 2269      696F00
 2270              	.LASF85:
 2271 0308 53564361 		.ascii	"SVCallVector\000"
 2271      6C6C5665 
 2271      63746F72 
 2271      00
 2272              	.LASF71:
 2273 0315 725F7072 		.ascii	"r_preempt\000"
 2273      65656D70 
 2273      7400
 2274              	.LASF88:
 2275 031f 5F706F72 		.ascii	"_port_unlock\000"
 2275      745F756E 
 2275      6C6F636B 
 2275      00
 2276              	.LASF33:
 2277 032c 705F7469 		.ascii	"p_time\000"
 2277      6D6500
 2278              	.LASF54:
 2279 0333 53485052 		.ascii	"SHPR\000"
 2279      00
 2280              	.LASF48:
 2281 0338 696E7463 		.ascii	"intctx\000"
 2281      747800
 2282              	.LASF35:
 2283 033f 705F6D73 		.ascii	"p_msgqueue\000"
 2283      67717565 
 2283      756500
 2284              	.LASF32:
 2285 034a 705F7265 		.ascii	"p_refs\000"
ARM GAS  /tmp/cc7uCa9S.s 			page 45


 2285      667300
 2286              	.LASF73:
 2287 0351 52656164 		.ascii	"ReadyList\000"
 2287      794C6973 
 2287      7400
 2288              	.LASF62:
 2289 035b 4D4D4652 		.ascii	"MMFR\000"
 2289      00
 2290              	.LASF93:
 2291 0360 726C6973 		.ascii	"rlist\000"
 2291      7400
 2292              	.LASF5:
 2293 0366 75696E74 		.ascii	"uint8_t\000"
 2293      385F7400 
 2294              	.LASF84:
 2295 036e 5F706F72 		.ascii	"_port_init\000"
 2295      745F696E 
 2295      697400
 2296              	.LASF80:
 2297 0379 77746F62 		.ascii	"wtobjp\000"
 2297      6A7000
 2298              	.LASF94:
 2299 0380 474E5520 		.ascii	"GNU C 4.5.2\000"
 2299      4320342E 
 2299      352E3200 
 2300              	.LASF28:
 2301 038c 705F6E61 		.ascii	"p_name\000"
 2301      6D6500
 2302              	.LASF64:
 2303 0393 43504143 		.ascii	"CPACR\000"
 2303      5200
 2304              	.LASF57:
 2305 0399 48465352 		.ascii	"HFSR\000"
 2305      00
 2306              	.LASF76:
 2307 039e 6D5F6F77 		.ascii	"m_owner\000"
 2307      6E657200 
 2308              	.LASF25:
 2309 03a6 705F6374 		.ascii	"p_ctx\000"
 2309      7800
 2310              	.LASF34:
 2311 03ac 705F7761 		.ascii	"p_waiting\000"
 2311      6974696E 
 2311      6700
 2312              		.ident	"GCC: (Sourcery G++ Lite 2011.03-42) 4.5.2"
ARM GAS  /tmp/cc7uCa9S.s 			page 46


DEFINED SYMBOLS
                            *ABS*:00000000 chcore_v7m.c
     /tmp/cc7uCa9S.s:24     .text._port_switch_from_isr:00000000 $t
     /tmp/cc7uCa9S.s:30     .text._port_switch_from_isr:00000000 _port_switch_from_isr
     /tmp/cc7uCa9S.s:46     .text._port_switch_from_isr:0000000c _port_exit_from_isr
     /tmp/cc7uCa9S.s:58     .text.SVCallVector:00000000 $t
     /tmp/cc7uCa9S.s:64     .text.SVCallVector:00000000 SVCallVector
     /tmp/cc7uCa9S.s:185    .text._port_unlock:00000000 _port_unlock
     /tmp/cc7uCa9S.s:99     .text._port_init:00000000 $t
     /tmp/cc7uCa9S.s:105    .text._port_init:00000000 _port_init
     /tmp/cc7uCa9S.s:145    .text._port_init:0000002c $d
     /tmp/cc7uCa9S.s:151    .text._port_lock:00000000 $t
     /tmp/cc7uCa9S.s:157    .text._port_lock:00000000 _port_lock
     /tmp/cc7uCa9S.s:179    .text._port_unlock:00000000 $t
     /tmp/cc7uCa9S.s:207    .text._port_irq_epilogue:00000000 $t
     /tmp/cc7uCa9S.s:213    .text._port_irq_epilogue:00000000 _port_irq_epilogue
     /tmp/cc7uCa9S.s:304    .text._port_irq_epilogue:00000064 $d
     /tmp/cc7uCa9S.s:313    .text.SysTickVector:00000000 $t
     /tmp/cc7uCa9S.s:319    .text.SysTickVector:00000000 SysTickVector
     /tmp/cc7uCa9S.s:356    .text._port_switch:00000000 $t
     /tmp/cc7uCa9S.s:362    .text._port_switch:00000000 _port_switch
     /tmp/cc7uCa9S.s:389    .text._port_thread_start:00000000 $t
     /tmp/cc7uCa9S.s:395    .text._port_thread_start:00000000 _port_thread_start
                     .debug_frame:00000010 $d
     /tmp/cc7uCa9S.s:150    .text._port_init:00000034 $t
     /tmp/cc7uCa9S.s:312    .text._port_irq_epilogue:00000074 $t

UNDEFINED SYMBOLS
dbg_check_lock
chSchDoReschedule
dbg_check_unlock
nvicSetSystemHandlerPriority
rlist
dbg_check_enter_isr
dbg_check_lock_from_isr
chSysTimerHandlerI
dbg_check_unlock_from_isr
dbg_check_leave_isr
chThdExit
