ARM GAS  C:\DOCUME~1\z_80\LOCALS~1\Temp\ccT3xJYl.s 			page 1


   1              		.syntax unified
   2              		.cpu cortex-m3
   3              		.fpu softvfp
   4              		.eabi_attribute 20, 1
   5              		.eabi_attribute 21, 1
   6              		.eabi_attribute 23, 3
   7              		.eabi_attribute 24, 1
   8              		.eabi_attribute 25, 1
   9              		.eabi_attribute 26, 1
  10              		.eabi_attribute 30, 2
  11              		.eabi_attribute 18, 4
  12              		.thumb
  13              		.file	"chlists.c"
  14              		.section	.debug_abbrev,"",%progbits
  15              	.Ldebug_abbrev0:
  16              		.section	.debug_info,"",%progbits
  17              	.Ldebug_info0:
  18              		.section	.debug_line,"",%progbits
  19              	.Ldebug_line0:
  20 0000 E8010000 		.text
  20      02004401 
  20      00000201 
  20      FB0E0D00 
  20      01010101 
  21              	.Ltext0:
  22              		.cfi_sections	.debug_frame
  23              		.section	.text.prio_insert,"ax",%progbits
  24              		.align	2
  25              		.p2align 4,,15
  26              		.global	prio_insert
  27              		.thumb
  28              		.thumb_func
  29              		.type	prio_insert, %function
  30              	prio_insert:
  31              	.LFB0:
  32              		.file 1 "../chibios_2.4.x/os/kernel/src/chlists.c"
  33              		.loc 1 51 0
  34              		.cfi_startproc
  35              		@ args = 0, pretend = 0, frame = 0
  36              		@ frame_needed = 0, uses_anonymous_args = 0
  37              		@ link register save eliminated.
  38              	.LVL0:
  39 0000 10B4     		push	{r4}
  40              	.LCFI0:
  41              		.cfi_def_cfa_offset 4
  42              		.loc 1 54 0
  43 0002 0B46     		mov	r3, r1
  44 0004 03E0     		b	.L3
  45              		.cfi_offset 4, -4
  46              	.LVL1:
  47              	.L7:
  48              		.loc 1 59 0 discriminator 1
  49 0006 9C68     		ldr	r4, [r3, #8]
  50 0008 8268     		ldr	r2, [r0, #8]
  51 000a 9442     		cmp	r4, r2
  52 000c 09D3     		bcc	.L6
  53              	.L3:
ARM GAS  C:\DOCUME~1\z_80\LOCALS~1\Temp\ccT3xJYl.s 			page 2


  54              		.loc 1 57 0 discriminator 1
  55 000e 1B68     		ldr	r3, [r3, #0]
  56              	.LVL2:
  57              		.loc 1 59 0 discriminator 1
  58 0010 9942     		cmp	r1, r3
  59 0012 F8D1     		bne	.L7
  60              	.LVL3:
  61              	.L2:
  62              		.loc 1 62 0
  63 0014 4B68     		ldr	r3, [r1, #4]
  64              	.LVL4:
  65              		.loc 1 61 0
  66 0016 0160     		str	r1, [r0, #0]
  67              		.loc 1 62 0
  68 0018 4360     		str	r3, [r0, #4]
  69              		.loc 1 63 0
  70 001a 1860     		str	r0, [r3, #0]
  71 001c 4860     		str	r0, [r1, #4]
  72              		.loc 1 64 0
  73 001e 10BC     		pop	{r4}
  74 0020 7047     		bx	lr
  75              	.LVL5:
  76              	.L6:
  77              		.loc 1 57 0
  78 0022 1946     		mov	r1, r3
  79              	.LVL6:
  80 0024 F6E7     		b	.L2
  81              		.cfi_endproc
  82              	.LFE0:
  83              		.size	prio_insert, .-prio_insert
  84 0026 00BFAFF3 		.section	.text.queue_insert,"ax",%progbits
  84      0080AFF3 
  84      0080
  85              		.align	2
  86              		.p2align 4,,15
  87              		.global	queue_insert
  88              		.thumb
  89              		.thumb_func
  90              		.type	queue_insert, %function
  91              	queue_insert:
  92              	.LFB1:
  93              		.loc 1 74 0
  94              		.cfi_startproc
  95              		@ args = 0, pretend = 0, frame = 0
  96              		@ frame_needed = 0, uses_anonymous_args = 0
  97              		@ link register save eliminated.
  98              	.LVL7:
  99              		.loc 1 77 0
 100 0000 4B68     		ldr	r3, [r1, #4]
 101              		.loc 1 76 0
 102 0002 0160     		str	r1, [r0, #0]
 103              		.loc 1 77 0
 104 0004 4360     		str	r3, [r0, #4]
 105              		.loc 1 78 0
 106 0006 4860     		str	r0, [r1, #4]
 107 0008 1860     		str	r0, [r3, #0]
 108              		.loc 1 79 0
ARM GAS  C:\DOCUME~1\z_80\LOCALS~1\Temp\ccT3xJYl.s 			page 3


 109 000a 7047     		bx	lr
 110              		.cfi_endproc
 111              	.LFE1:
 112              		.size	queue_insert, .-queue_insert
 113 000c AFF30080 		.section	.text.fifo_remove,"ax",%progbits
 114              		.align	2
 115              		.p2align 4,,15
 116              		.global	fifo_remove
 117              		.thumb
 118              		.thumb_func
 119              		.type	fifo_remove, %function
 120              	fifo_remove:
 121              	.LFB2:
 122              		.loc 1 91 0
 123              		.cfi_startproc
 124              		@ args = 0, pretend = 0, frame = 0
 125              		@ frame_needed = 0, uses_anonymous_args = 0
 126              		@ link register save eliminated.
 127              	.LVL8:
 128              		.loc 1 91 0
 129 0000 0346     		mov	r3, r0
 130              		.loc 1 92 0
 131 0002 0068     		ldr	r0, [r0, #0]
 132              	.LVL9:
 133              		.loc 1 94 0
 134 0004 0268     		ldr	r2, [r0, #0]
 135 0006 1A60     		str	r2, [r3, #0]
 136 0008 5360     		str	r3, [r2, #4]
 137              		.loc 1 96 0
 138 000a 7047     		bx	lr
 139              		.cfi_endproc
 140              	.LFE2:
 141              		.size	fifo_remove, .-fifo_remove
 142 000c AFF30080 		.section	.text.lifo_remove,"ax",%progbits
 143              		.align	2
 144              		.p2align 4,,15
 145              		.global	lifo_remove
 146              		.thumb
 147              		.thumb_func
 148              		.type	lifo_remove, %function
 149              	lifo_remove:
 150              	.LFB3:
 151              		.loc 1 108 0
 152              		.cfi_startproc
 153              		@ args = 0, pretend = 0, frame = 0
 154              		@ frame_needed = 0, uses_anonymous_args = 0
 155              		@ link register save eliminated.
 156              	.LVL10:
 157              		.loc 1 108 0
 158 0000 0346     		mov	r3, r0
 159              		.loc 1 109 0
 160 0002 4068     		ldr	r0, [r0, #4]
 161              	.LVL11:
 162              		.loc 1 111 0
 163 0004 4268     		ldr	r2, [r0, #4]
 164 0006 5A60     		str	r2, [r3, #4]
 165 0008 1360     		str	r3, [r2, #0]
ARM GAS  C:\DOCUME~1\z_80\LOCALS~1\Temp\ccT3xJYl.s 			page 4


 166              		.loc 1 113 0
 167 000a 7047     		bx	lr
 168              		.cfi_endproc
 169              	.LFE3:
 170              		.size	lifo_remove, .-lifo_remove
 171 000c AFF30080 		.section	.text.dequeue,"ax",%progbits
 172              		.align	2
 173              		.p2align 4,,15
 174              		.global	dequeue
 175              		.thumb
 176              		.thumb_func
 177              		.type	dequeue, %function
 178              	dequeue:
 179              	.LFB4:
 180              		.loc 1 125 0
 181              		.cfi_startproc
 182              		@ args = 0, pretend = 0, frame = 0
 183              		@ frame_needed = 0, uses_anonymous_args = 0
 184              		@ link register save eliminated.
 185              	.LVL12:
 186              		.loc 1 127 0
 187 0000 4268     		ldr	r2, [r0, #4]
 188 0002 0168     		ldr	r1, [r0, #0]
 189 0004 1160     		str	r1, [r2, #0]
 190              		.loc 1 128 0
 191 0006 0368     		ldr	r3, [r0, #0]
 192 0008 5A60     		str	r2, [r3, #4]
 193              		.loc 1 130 0
 194 000a 7047     		bx	lr
 195              		.cfi_endproc
 196              	.LFE4:
 197              		.size	dequeue, .-dequeue
 198 000c AFF30080 		.section	.text.list_insert,"ax",%progbits
 199              		.align	2
 200              		.p2align 4,,15
 201              		.global	list_insert
 202              		.thumb
 203              		.thumb_func
 204              		.type	list_insert, %function
 205              	list_insert:
 206              	.LFB5:
 207              		.loc 1 140 0
 208              		.cfi_startproc
 209              		@ args = 0, pretend = 0, frame = 0
 210              		@ frame_needed = 0, uses_anonymous_args = 0
 211              		@ link register save eliminated.
 212              	.LVL13:
 213              		.loc 1 142 0
 214 0000 0B68     		ldr	r3, [r1, #0]
 215 0002 0360     		str	r3, [r0, #0]
 216              		.loc 1 143 0
 217 0004 0860     		str	r0, [r1, #0]
 218              		.loc 1 144 0
 219 0006 7047     		bx	lr
 220              		.cfi_endproc
 221              	.LFE5:
 222              		.size	list_insert, .-list_insert
ARM GAS  C:\DOCUME~1\z_80\LOCALS~1\Temp\ccT3xJYl.s 			page 5


 223 0008 AFF30080 		.section	.text.list_remove,"ax",%progbits
 223      AFF30080 
 224              		.align	2
 225              		.p2align 4,,15
 226              		.global	list_remove
 227              		.thumb
 228              		.thumb_func
 229              		.type	list_remove, %function
 230              	list_remove:
 231              	.LFB6:
 232              		.loc 1 155 0
 233              		.cfi_startproc
 234              		@ args = 0, pretend = 0, frame = 0
 235              		@ frame_needed = 0, uses_anonymous_args = 0
 236              		@ link register save eliminated.
 237              	.LVL14:
 238              		.loc 1 155 0
 239 0000 0346     		mov	r3, r0
 240              		.loc 1 157 0
 241 0002 0068     		ldr	r0, [r0, #0]
 242              	.LVL15:
 243              		.loc 1 158 0
 244 0004 0268     		ldr	r2, [r0, #0]
 245 0006 1A60     		str	r2, [r3, #0]
 246              		.loc 1 160 0
 247 0008 7047     		bx	lr
 248              		.cfi_endproc
 249              	.LFE6:
 250              		.size	list_remove, .-list_remove
 251 000a 00BFAFF3 		.text
 251      0080
 252              	.Letext0:
 253              		.section	.debug_loc,"",%progbits
 254              	.Ldebug_loc0:
 255              	.LLST0:
 256 0000 00000000 		.4byte	.LFB0
 257 0004 02000000 		.4byte	.LCFI0
 258 0008 0200     		.2byte	0x2
 259 000a 7D       		.byte	0x7d
 260 000b 00       		.sleb128 0
 261 000c 02000000 		.4byte	.LCFI0
 262 0010 26000000 		.4byte	.LFE0
 263 0014 0200     		.2byte	0x2
 264 0016 7D       		.byte	0x7d
 265 0017 04       		.sleb128 4
 266 0018 00000000 		.4byte	0x0
 267 001c 00000000 		.4byte	0x0
 268              	.LLST1:
 269 0020 00000000 		.4byte	.LVL0
 270 0024 14000000 		.4byte	.LVL3
 271 0028 0100     		.2byte	0x1
 272 002a 51       		.byte	0x51
 273 002b 22000000 		.4byte	.LVL5
 274 002f 24000000 		.4byte	.LVL6
 275 0033 0100     		.2byte	0x1
 276 0035 51       		.byte	0x51
 277 0036 00000000 		.4byte	0x0
ARM GAS  C:\DOCUME~1\z_80\LOCALS~1\Temp\ccT3xJYl.s 			page 6


 278 003a 00000000 		.4byte	0x0
 279              	.LLST2:
 280 003e 00000000 		.4byte	.LVL0
 281 0042 06000000 		.4byte	.LVL1
 282 0046 0100     		.2byte	0x1
 283 0048 51       		.byte	0x51
 284 0049 06000000 		.4byte	.LVL1
 285 004d 10000000 		.4byte	.LVL2
 286 0051 0100     		.2byte	0x1
 287 0053 53       		.byte	0x53
 288 0054 10000000 		.4byte	.LVL2
 289 0058 16000000 		.4byte	.LVL4
 290 005c 0100     		.2byte	0x1
 291 005e 53       		.byte	0x53
 292 005f 22000000 		.4byte	.LVL5
 293 0063 26000000 		.4byte	.LFE0
 294 0067 0100     		.2byte	0x1
 295 0069 53       		.byte	0x53
 296 006a 00000000 		.4byte	0x0
 297 006e 00000000 		.4byte	0x0
 298              	.LLST3:
 299 0072 00000000 		.4byte	.LVL8
 300 0076 04000000 		.4byte	.LVL9
 301 007a 0100     		.2byte	0x1
 302 007c 50       		.byte	0x50
 303 007d 04000000 		.4byte	.LVL9
 304 0081 0C000000 		.4byte	.LFE2
 305 0085 0100     		.2byte	0x1
 306 0087 53       		.byte	0x53
 307 0088 00000000 		.4byte	0x0
 308 008c 00000000 		.4byte	0x0
 309              	.LLST4:
 310 0090 00000000 		.4byte	.LVL10
 311 0094 04000000 		.4byte	.LVL11
 312 0098 0100     		.2byte	0x1
 313 009a 50       		.byte	0x50
 314 009b 04000000 		.4byte	.LVL11
 315 009f 0C000000 		.4byte	.LFE3
 316 00a3 0100     		.2byte	0x1
 317 00a5 53       		.byte	0x53
 318 00a6 00000000 		.4byte	0x0
 319 00aa 00000000 		.4byte	0x0
 320              	.LLST5:
 321 00ae 00000000 		.4byte	.LVL14
 322 00b2 04000000 		.4byte	.LVL15
 323 00b6 0100     		.2byte	0x1
 324 00b8 50       		.byte	0x50
 325 00b9 04000000 		.4byte	.LVL15
 326 00bd 0A000000 		.4byte	.LFE6
 327 00c1 0100     		.2byte	0x1
 328 00c3 53       		.byte	0x53
 329 00c4 00000000 		.4byte	0x0
 330 00c8 00000000 		.4byte	0x0
 331              		.file 2 "c:\\programs\\codesourcery\\arm-2012.03-56\\bin\\../lib/gcc/arm-none-eabi/4.5.2/../../../
 332              		.file 3 "../chibios_2.4.x/os/ports/GCC/ARMCMx/chtypes.h"
 333              		.file 4 "../chibios_2.4.x/os/kernel/include/chlists.h"
 334              		.file 5 "../chibios_2.4.x/os/kernel/include/chthreads.h"
ARM GAS  C:\DOCUME~1\z_80\LOCALS~1\Temp\ccT3xJYl.s 			page 7


 335              		.file 6 "../chibios_2.4.x/os/ports/GCC/ARMCMx/chcore_v7m.h"
 336              		.file 7 "../chibios_2.4.x/os/kernel/include/chmtx.h"
 337              		.section	.debug_info
 338 0000 58050000 		.4byte	0x558
 339 0004 0200     		.2byte	0x2
 340 0006 00000000 		.4byte	.Ldebug_abbrev0
 341 000a 04       		.byte	0x4
 342 000b 01       		.uleb128 0x1
 343 000c 5A020000 		.4byte	.LASF62
 344 0010 01       		.byte	0x1
 345 0011 6D020000 		.4byte	.LASF63
 346 0015 23000000 		.4byte	.LASF64
 347 0019 00000000 		.4byte	0x0
 348 001d 00000000 		.4byte	0x0
 349 0021 00000000 		.4byte	.Ldebug_ranges0+0x0
 350 0025 00000000 		.4byte	.Ldebug_line0
 351 0029 02       		.uleb128 0x2
 352 002a 04       		.byte	0x4
 353 002b 05       		.byte	0x5
 354 002c 696E7400 		.ascii	"int\000"
 355 0030 03       		.uleb128 0x3
 356 0031 04       		.byte	0x4
 357 0032 07       		.byte	0x7
 358 0033 D2000000 		.4byte	.LASF0
 359 0037 03       		.uleb128 0x3
 360 0038 01       		.byte	0x1
 361 0039 06       		.byte	0x6
 362 003a 65000000 		.4byte	.LASF1
 363 003e 04       		.uleb128 0x4
 364 003f 4B020000 		.4byte	.LASF5
 365 0043 02       		.byte	0x2
 366 0044 2A       		.byte	0x2a
 367 0045 49000000 		.4byte	0x49
 368 0049 03       		.uleb128 0x3
 369 004a 01       		.byte	0x1
 370 004b 08       		.byte	0x8
 371 004c 97010000 		.4byte	.LASF2
 372 0050 03       		.uleb128 0x3
 373 0051 02       		.byte	0x2
 374 0052 05       		.byte	0x5
 375 0053 AF010000 		.4byte	.LASF3
 376 0057 03       		.uleb128 0x3
 377 0058 02       		.byte	0x2
 378 0059 07       		.byte	0x7
 379 005a F9000000 		.4byte	.LASF4
 380 005e 04       		.uleb128 0x4
 381 005f 8F010000 		.4byte	.LASF6
 382 0063 02       		.byte	0x2
 383 0064 4F       		.byte	0x4f
 384 0065 69000000 		.4byte	0x69
 385 0069 03       		.uleb128 0x3
 386 006a 04       		.byte	0x4
 387 006b 05       		.byte	0x5
 388 006c 98000000 		.4byte	.LASF7
 389 0070 04       		.uleb128 0x4
 390 0071 E9010000 		.4byte	.LASF8
 391 0075 02       		.byte	0x2
ARM GAS  C:\DOCUME~1\z_80\LOCALS~1\Temp\ccT3xJYl.s 			page 8


 392 0076 50       		.byte	0x50
 393 0077 7B000000 		.4byte	0x7b
 394 007b 03       		.uleb128 0x3
 395 007c 04       		.byte	0x4
 396 007d 07       		.byte	0x7
 397 007e DF000000 		.4byte	.LASF9
 398 0082 03       		.uleb128 0x3
 399 0083 08       		.byte	0x8
 400 0084 05       		.byte	0x5
 401 0085 57000000 		.4byte	.LASF10
 402 0089 04       		.uleb128 0x4
 403 008a 1A000000 		.4byte	.LASF11
 404 008e 02       		.byte	0x2
 405 008f 78       		.byte	0x78
 406 0090 94000000 		.4byte	0x94
 407 0094 03       		.uleb128 0x3
 408 0095 08       		.byte	0x8
 409 0096 07       		.byte	0x7
 410 0097 79000000 		.4byte	.LASF12
 411 009b 04       		.uleb128 0x4
 412 009c 1E010000 		.4byte	.LASF13
 413 00a0 03       		.byte	0x3
 414 00a1 2F       		.byte	0x2f
 415 00a2 3E000000 		.4byte	0x3e
 416 00a6 04       		.uleb128 0x4
 417 00a7 A1000000 		.4byte	.LASF14
 418 00ab 03       		.byte	0x3
 419 00ac 30       		.byte	0x30
 420 00ad 3E000000 		.4byte	0x3e
 421 00b1 04       		.uleb128 0x4
 422 00b2 78010000 		.4byte	.LASF15
 423 00b6 03       		.byte	0x3
 424 00b7 31       		.byte	0x31
 425 00b8 3E000000 		.4byte	0x3e
 426 00bc 04       		.uleb128 0x4
 427 00bd 87010000 		.4byte	.LASF16
 428 00c1 03       		.byte	0x3
 429 00c2 32       		.byte	0x32
 430 00c3 70000000 		.4byte	0x70
 431 00c7 04       		.uleb128 0x4
 432 00c8 0C010000 		.4byte	.LASF17
 433 00cc 03       		.byte	0x3
 434 00cd 33       		.byte	0x33
 435 00ce 5E000000 		.4byte	0x5e
 436 00d2 04       		.uleb128 0x4
 437 00d3 32010000 		.4byte	.LASF18
 438 00d7 03       		.byte	0x3
 439 00d8 35       		.byte	0x35
 440 00d9 70000000 		.4byte	0x70
 441 00dd 04       		.uleb128 0x4
 442 00de 0A020000 		.4byte	.LASF19
 443 00e2 03       		.byte	0x3
 444 00e3 36       		.byte	0x36
 445 00e4 70000000 		.4byte	0x70
 446 00e8 04       		.uleb128 0x4
 447 00e9 D7010000 		.4byte	.LASF20
 448 00ed 04       		.byte	0x4
ARM GAS  C:\DOCUME~1\z_80\LOCALS~1\Temp\ccT3xJYl.s 			page 9


 449 00ee 2A       		.byte	0x2a
 450 00ef F3000000 		.4byte	0xf3
 451 00f3 05       		.uleb128 0x5
 452 00f4 D7010000 		.4byte	.LASF20
 453 00f8 4C       		.byte	0x4c
 454 00f9 05       		.byte	0x5
 455 00fa 5E       		.byte	0x5e
 456 00fb 18020000 		.4byte	0x218
 457 00ff 06       		.uleb128 0x6
 458 0100 C8010000 		.4byte	.LASF21
 459 0104 05       		.byte	0x5
 460 0105 5F       		.byte	0x5f
 461 0106 3D020000 		.4byte	0x23d
 462 010a 02       		.byte	0x2
 463 010b 23       		.byte	0x23
 464 010c 00       		.uleb128 0x0
 465 010d 06       		.uleb128 0x6
 466 010e 80010000 		.4byte	.LASF22
 467 0112 05       		.byte	0x5
 468 0113 61       		.byte	0x61
 469 0114 3D020000 		.4byte	0x23d
 470 0118 02       		.byte	0x2
 471 0119 23       		.byte	0x23
 472 011a 04       		.uleb128 0x4
 473 011b 06       		.uleb128 0x6
 474 011c 50000000 		.4byte	.LASF23
 475 0120 05       		.byte	0x5
 476 0121 63       		.byte	0x63
 477 0122 BC000000 		.4byte	0xbc
 478 0126 02       		.byte	0x2
 479 0127 23       		.byte	0x23
 480 0128 08       		.uleb128 0x8
 481 0129 06       		.uleb128 0x6
 482 012a 9E020000 		.4byte	.LASF24
 483 012e 05       		.byte	0x5
 484 012f 64       		.byte	0x64
 485 0130 15030000 		.4byte	0x315
 486 0134 02       		.byte	0x2
 487 0135 23       		.byte	0x23
 488 0136 0C       		.uleb128 0xc
 489 0137 06       		.uleb128 0x6
 490 0138 AA000000 		.4byte	.LASF25
 491 013c 05       		.byte	0x5
 492 013d 66       		.byte	0x66
 493 013e 3D020000 		.4byte	0x23d
 494 0142 02       		.byte	0x2
 495 0143 23       		.byte	0x23
 496 0144 10       		.uleb128 0x10
 497 0145 06       		.uleb128 0x6
 498 0146 4F010000 		.4byte	.LASF26
 499 014a 05       		.byte	0x5
 500 014b 67       		.byte	0x67
 501 014c 3D020000 		.4byte	0x23d
 502 0150 02       		.byte	0x2
 503 0151 23       		.byte	0x23
 504 0152 14       		.uleb128 0x14
 505 0153 06       		.uleb128 0x6
ARM GAS  C:\DOCUME~1\z_80\LOCALS~1\Temp\ccT3xJYl.s 			page 10


 506 0154 66020000 		.4byte	.LASF27
 507 0158 05       		.byte	0x5
 508 0159 6E       		.byte	0x6e
 509 015a BA030000 		.4byte	0x3ba
 510 015e 02       		.byte	0x2
 511 015f 23       		.byte	0x23
 512 0160 18       		.uleb128 0x18
 513 0161 06       		.uleb128 0x6
 514 0162 C7000000 		.4byte	.LASF28
 515 0166 05       		.byte	0x5
 516 0167 74       		.byte	0x74
 517 0168 CC030000 		.4byte	0x3cc
 518 016c 02       		.byte	0x2
 519 016d 23       		.byte	0x23
 520 016e 1C       		.uleb128 0x1c
 521 016f 06       		.uleb128 0x6
 522 0170 B9010000 		.4byte	.LASF29
 523 0174 05       		.byte	0x5
 524 0175 79       		.byte	0x79
 525 0176 A6000000 		.4byte	0xa6
 526 017a 02       		.byte	0x2
 527 017b 23       		.byte	0x23
 528 017c 20       		.uleb128 0x20
 529 017d 06       		.uleb128 0x6
 530 017e CF010000 		.4byte	.LASF30
 531 0182 05       		.byte	0x5
 532 0183 7D       		.byte	0x7d
 533 0184 9B000000 		.4byte	0x9b
 534 0188 02       		.byte	0x2
 535 0189 23       		.byte	0x23
 536 018a 21       		.uleb128 0x21
 537 018b 06       		.uleb128 0x6
 538 018c 44020000 		.4byte	.LASF31
 539 0190 05       		.byte	0x5
 540 0191 82       		.byte	0x82
 541 0192 B1000000 		.4byte	0xb1
 542 0196 02       		.byte	0x2
 543 0197 23       		.byte	0x23
 544 0198 22       		.uleb128 0x22
 545 0199 06       		.uleb128 0x6
 546 019a 1F020000 		.4byte	.LASF32
 547 019e 05       		.byte	0x5
 548 019f 89       		.byte	0x89
 549 01a0 38030000 		.4byte	0x338
 550 01a4 02       		.byte	0x2
 551 01a5 23       		.byte	0x23
 552 01a6 24       		.uleb128 0x24
 553 01a7 07       		.uleb128 0x7
 554 01a8 705F7500 		.ascii	"p_u\000"
 555 01ac 05       		.byte	0x5
 556 01ad AE       		.byte	0xae
 557 01ae 85030000 		.4byte	0x385
 558 01b2 02       		.byte	0x2
 559 01b3 23       		.byte	0x23
 560 01b4 28       		.uleb128 0x28
 561 01b5 06       		.uleb128 0x6
 562 01b6 A4020000 		.4byte	.LASF33
ARM GAS  C:\DOCUME~1\z_80\LOCALS~1\Temp\ccT3xJYl.s 			page 11


 563 01ba 05       		.byte	0x5
 564 01bb B3       		.byte	0xb3
 565 01bc 65020000 		.4byte	0x265
 566 01c0 02       		.byte	0x2
 567 01c1 23       		.byte	0x23
 568 01c2 2C       		.uleb128 0x2c
 569 01c3 06       		.uleb128 0x6
 570 01c4 39020000 		.4byte	.LASF34
 571 01c8 05       		.byte	0x5
 572 01c9 B9       		.byte	0xb9
 573 01ca 43020000 		.4byte	0x243
 574 01ce 02       		.byte	0x2
 575 01cf 23       		.byte	0x23
 576 01d0 30       		.uleb128 0x30
 577 01d1 06       		.uleb128 0x6
 578 01d2 00000000 		.4byte	.LASF35
 579 01d6 05       		.byte	0x5
 580 01d7 BD       		.byte	0xbd
 581 01d8 C7000000 		.4byte	0xc7
 582 01dc 02       		.byte	0x2
 583 01dd 23       		.byte	0x23
 584 01de 38       		.uleb128 0x38
 585 01df 06       		.uleb128 0x6
 586 01e0 DE010000 		.4byte	.LASF36
 587 01e4 05       		.byte	0x5
 588 01e5 C3       		.byte	0xc3
 589 01e6 D2000000 		.4byte	0xd2
 590 01ea 02       		.byte	0x2
 591 01eb 23       		.byte	0x23
 592 01ec 3C       		.uleb128 0x3c
 593 01ed 06       		.uleb128 0x6
 594 01ee A5010000 		.4byte	.LASF37
 595 01f2 05       		.byte	0x5
 596 01f3 CA       		.byte	0xca
 597 01f4 D2030000 		.4byte	0x3d2
 598 01f8 02       		.byte	0x2
 599 01f9 23       		.byte	0x23
 600 01fa 40       		.uleb128 0x40
 601 01fb 06       		.uleb128 0x6
 602 01fc 14020000 		.4byte	.LASF38
 603 0200 05       		.byte	0x5
 604 0201 CE       		.byte	0xce
 605 0202 BC000000 		.4byte	0xbc
 606 0206 02       		.byte	0x2
 607 0207 23       		.byte	0x23
 608 0208 44       		.uleb128 0x44
 609 0209 06       		.uleb128 0x6
 610 020a 71000000 		.4byte	.LASF39
 611 020e 05       		.byte	0x5
 612 020f D4       		.byte	0xd4
 613 0210 7B020000 		.4byte	0x27b
 614 0214 02       		.byte	0x2
 615 0215 23       		.byte	0x23
 616 0216 48       		.uleb128 0x48
 617 0217 00       		.byte	0x0
 618 0218 08       		.uleb128 0x8
 619 0219 08       		.byte	0x8
ARM GAS  C:\DOCUME~1\z_80\LOCALS~1\Temp\ccT3xJYl.s 			page 12


 620 021a 04       		.byte	0x4
 621 021b 61       		.byte	0x61
 622 021c 3D020000 		.4byte	0x23d
 623 0220 06       		.uleb128 0x6
 624 0221 C8010000 		.4byte	.LASF21
 625 0225 04       		.byte	0x4
 626 0226 62       		.byte	0x62
 627 0227 3D020000 		.4byte	0x23d
 628 022b 02       		.byte	0x2
 629 022c 23       		.byte	0x23
 630 022d 00       		.uleb128 0x0
 631 022e 06       		.uleb128 0x6
 632 022f 80010000 		.4byte	.LASF22
 633 0233 04       		.byte	0x4
 634 0234 64       		.byte	0x64
 635 0235 3D020000 		.4byte	0x23d
 636 0239 02       		.byte	0x2
 637 023a 23       		.byte	0x23
 638 023b 04       		.uleb128 0x4
 639 023c 00       		.byte	0x0
 640 023d 09       		.uleb128 0x9
 641 023e 04       		.byte	0x4
 642 023f E8000000 		.4byte	0xe8
 643 0243 04       		.uleb128 0x4
 644 0244 57010000 		.4byte	.LASF40
 645 0248 04       		.byte	0x4
 646 0249 66       		.byte	0x66
 647 024a 18020000 		.4byte	0x218
 648 024e 08       		.uleb128 0x8
 649 024f 04       		.byte	0x4
 650 0250 04       		.byte	0x4
 651 0251 6B       		.byte	0x6b
 652 0252 65020000 		.4byte	0x265
 653 0256 06       		.uleb128 0x6
 654 0257 C8010000 		.4byte	.LASF21
 655 025b 04       		.byte	0x4
 656 025c 6D       		.byte	0x6d
 657 025d 3D020000 		.4byte	0x23d
 658 0261 02       		.byte	0x2
 659 0262 23       		.byte	0x23
 660 0263 00       		.uleb128 0x0
 661 0264 00       		.byte	0x0
 662 0265 04       		.uleb128 0x4
 663 0266 26010000 		.4byte	.LASF41
 664 026a 04       		.byte	0x4
 665 026b 70       		.byte	0x70
 666 026c 4E020000 		.4byte	0x24e
 667 0270 04       		.uleb128 0x4
 668 0271 BE000000 		.4byte	.LASF42
 669 0275 06       		.byte	0x6
 670 0276 D7       		.byte	0xd7
 671 0277 7B020000 		.4byte	0x27b
 672 027b 0A       		.uleb128 0xa
 673 027c 04       		.byte	0x4
 674 027d 04       		.uleb128 0x4
 675 027e 44010000 		.4byte	.LASF43
 676 0282 06       		.byte	0x6
ARM GAS  C:\DOCUME~1\z_80\LOCALS~1\Temp\ccT3xJYl.s 			page 13


 677 0283 DD       		.byte	0xdd
 678 0284 89000000 		.4byte	0x89
 679 0288 05       		.uleb128 0x5
 680 0289 32020000 		.4byte	.LASF44
 681 028d 24       		.byte	0x24
 682 028e 06       		.byte	0x6
 683 028f FE       		.byte	0xfe
 684 0290 15030000 		.4byte	0x315
 685 0294 0B       		.uleb128 0xb
 686 0295 723400   		.ascii	"r4\000"
 687 0298 06       		.byte	0x6
 688 0299 1101     		.2byte	0x111
 689 029b 70020000 		.4byte	0x270
 690 029f 02       		.byte	0x2
 691 02a0 23       		.byte	0x23
 692 02a1 00       		.uleb128 0x0
 693 02a2 0B       		.uleb128 0xb
 694 02a3 723500   		.ascii	"r5\000"
 695 02a6 06       		.byte	0x6
 696 02a7 1201     		.2byte	0x112
 697 02a9 70020000 		.4byte	0x270
 698 02ad 02       		.byte	0x2
 699 02ae 23       		.byte	0x23
 700 02af 04       		.uleb128 0x4
 701 02b0 0B       		.uleb128 0xb
 702 02b1 723600   		.ascii	"r6\000"
 703 02b4 06       		.byte	0x6
 704 02b5 1301     		.2byte	0x113
 705 02b7 70020000 		.4byte	0x270
 706 02bb 02       		.byte	0x2
 707 02bc 23       		.byte	0x23
 708 02bd 08       		.uleb128 0x8
 709 02be 0B       		.uleb128 0xb
 710 02bf 723700   		.ascii	"r7\000"
 711 02c2 06       		.byte	0x6
 712 02c3 1401     		.2byte	0x114
 713 02c5 70020000 		.4byte	0x270
 714 02c9 02       		.byte	0x2
 715 02ca 23       		.byte	0x23
 716 02cb 0C       		.uleb128 0xc
 717 02cc 0B       		.uleb128 0xb
 718 02cd 723800   		.ascii	"r8\000"
 719 02d0 06       		.byte	0x6
 720 02d1 1501     		.2byte	0x115
 721 02d3 70020000 		.4byte	0x270
 722 02d7 02       		.byte	0x2
 723 02d8 23       		.byte	0x23
 724 02d9 10       		.uleb128 0x10
 725 02da 0B       		.uleb128 0xb
 726 02db 723900   		.ascii	"r9\000"
 727 02de 06       		.byte	0x6
 728 02df 1601     		.2byte	0x116
 729 02e1 70020000 		.4byte	0x270
 730 02e5 02       		.byte	0x2
 731 02e6 23       		.byte	0x23
 732 02e7 14       		.uleb128 0x14
 733 02e8 0B       		.uleb128 0xb
ARM GAS  C:\DOCUME~1\z_80\LOCALS~1\Temp\ccT3xJYl.s 			page 14


 734 02e9 72313000 		.ascii	"r10\000"
 735 02ed 06       		.byte	0x6
 736 02ee 1701     		.2byte	0x117
 737 02f0 70020000 		.4byte	0x270
 738 02f4 02       		.byte	0x2
 739 02f5 23       		.byte	0x23
 740 02f6 18       		.uleb128 0x18
 741 02f7 0B       		.uleb128 0xb
 742 02f8 72313100 		.ascii	"r11\000"
 743 02fc 06       		.byte	0x6
 744 02fd 1801     		.2byte	0x118
 745 02ff 70020000 		.4byte	0x270
 746 0303 02       		.byte	0x2
 747 0304 23       		.byte	0x23
 748 0305 1C       		.uleb128 0x1c
 749 0306 0B       		.uleb128 0xb
 750 0307 6C7200   		.ascii	"lr\000"
 751 030a 06       		.byte	0x6
 752 030b 1901     		.2byte	0x119
 753 030d 70020000 		.4byte	0x270
 754 0311 02       		.byte	0x2
 755 0312 23       		.byte	0x23
 756 0313 20       		.uleb128 0x20
 757 0314 00       		.byte	0x0
 758 0315 0C       		.uleb128 0xc
 759 0316 F1000000 		.4byte	.LASF45
 760 031a 04       		.byte	0x4
 761 031b 06       		.byte	0x6
 762 031c 2301     		.2byte	0x123
 763 031e 32030000 		.4byte	0x332
 764 0322 0B       		.uleb128 0xb
 765 0323 72313300 		.ascii	"r13\000"
 766 0327 06       		.byte	0x6
 767 0328 2401     		.2byte	0x124
 768 032a 32030000 		.4byte	0x332
 769 032e 02       		.byte	0x2
 770 032f 23       		.byte	0x23
 771 0330 00       		.uleb128 0x0
 772 0331 00       		.byte	0x0
 773 0332 09       		.uleb128 0x9
 774 0333 04       		.byte	0x4
 775 0334 88020000 		.4byte	0x288
 776 0338 0D       		.uleb128 0xd
 777 0339 DD000000 		.4byte	0xdd
 778 033d 05       		.uleb128 0x5
 779 033e 3E010000 		.4byte	.LASF46
 780 0342 10       		.byte	0x10
 781 0343 07       		.byte	0x7
 782 0344 2C       		.byte	0x2c
 783 0345 74030000 		.4byte	0x374
 784 0349 06       		.uleb128 0x6
 785 034a 90000000 		.4byte	.LASF47
 786 034e 07       		.byte	0x7
 787 034f 2D       		.byte	0x2d
 788 0350 43020000 		.4byte	0x243
 789 0354 02       		.byte	0x2
 790 0355 23       		.byte	0x23
ARM GAS  C:\DOCUME~1\z_80\LOCALS~1\Temp\ccT3xJYl.s 			page 15


 791 0356 00       		.uleb128 0x0
 792 0357 06       		.uleb128 0x6
 793 0358 96020000 		.4byte	.LASF48
 794 035c 07       		.byte	0x7
 795 035d 2F       		.byte	0x2f
 796 035e 3D020000 		.4byte	0x23d
 797 0362 02       		.byte	0x2
 798 0363 23       		.byte	0x23
 799 0364 08       		.uleb128 0x8
 800 0365 06       		.uleb128 0x6
 801 0366 03020000 		.4byte	.LASF49
 802 036a 07       		.byte	0x7
 803 036b 31       		.byte	0x31
 804 036c 74030000 		.4byte	0x374
 805 0370 02       		.byte	0x2
 806 0371 23       		.byte	0x23
 807 0372 0C       		.uleb128 0xc
 808 0373 00       		.byte	0x0
 809 0374 09       		.uleb128 0x9
 810 0375 04       		.byte	0x4
 811 0376 3D030000 		.4byte	0x33d
 812 037a 04       		.uleb128 0x4
 813 037b 3E010000 		.4byte	.LASF46
 814 037f 07       		.byte	0x7
 815 0380 33       		.byte	0x33
 816 0381 3D030000 		.4byte	0x33d
 817 0385 0E       		.uleb128 0xe
 818 0386 04       		.byte	0x4
 819 0387 05       		.byte	0x5
 820 0388 90       		.byte	0x90
 821 0389 BA030000 		.4byte	0x3ba
 822 038d 0F       		.uleb128 0xf
 823 038e 13000000 		.4byte	.LASF50
 824 0392 05       		.byte	0x5
 825 0393 97       		.byte	0x97
 826 0394 C7000000 		.4byte	0xc7
 827 0398 0F       		.uleb128 0xf
 828 0399 47000000 		.4byte	.LASF51
 829 039d 05       		.byte	0x5
 830 039e 9E       		.byte	0x9e
 831 039f C7000000 		.4byte	0xc7
 832 03a3 0F       		.uleb128 0xf
 833 03a4 53020000 		.4byte	.LASF52
 834 03a8 05       		.byte	0x5
 835 03a9 A5       		.byte	0xa5
 836 03aa 7B020000 		.4byte	0x27b
 837 03ae 0F       		.uleb128 0xf
 838 03af C1010000 		.4byte	.LASF53
 839 03b3 05       		.byte	0x5
 840 03b4 AC       		.byte	0xac
 841 03b5 D2000000 		.4byte	0xd2
 842 03b9 00       		.byte	0x0
 843 03ba 09       		.uleb128 0x9
 844 03bb 04       		.byte	0x4
 845 03bc C0030000 		.4byte	0x3c0
 846 03c0 10       		.uleb128 0x10
 847 03c1 C5030000 		.4byte	0x3c5
ARM GAS  C:\DOCUME~1\z_80\LOCALS~1\Temp\ccT3xJYl.s 			page 16


 848 03c5 03       		.uleb128 0x3
 849 03c6 01       		.byte	0x1
 850 03c7 08       		.byte	0x8
 851 03c8 F2010000 		.4byte	.LASF54
 852 03cc 09       		.uleb128 0x9
 853 03cd 04       		.byte	0x4
 854 03ce 7D020000 		.4byte	0x27d
 855 03d2 09       		.uleb128 0x9
 856 03d3 04       		.byte	0x4
 857 03d4 7A030000 		.4byte	0x37a
 858 03d8 11       		.uleb128 0x11
 859 03d9 01       		.byte	0x1
 860 03da 12010000 		.4byte	.LASF55
 861 03de 01       		.byte	0x1
 862 03df 33       		.byte	0x33
 863 03e0 01       		.byte	0x1
 864 03e1 00000000 		.4byte	.LFB0
 865 03e5 26000000 		.4byte	.LFE0
 866 03e9 00000000 		.4byte	.LLST0
 867 03ed 1B040000 		.4byte	0x41b
 868 03f1 12       		.uleb128 0x12
 869 03f2 747000   		.ascii	"tp\000"
 870 03f5 01       		.byte	0x1
 871 03f6 33       		.byte	0x33
 872 03f7 3D020000 		.4byte	0x23d
 873 03fb 01       		.byte	0x1
 874 03fc 50       		.byte	0x50
 875 03fd 13       		.uleb128 0x13
 876 03fe 74717000 		.ascii	"tqp\000"
 877 0402 01       		.byte	0x1
 878 0403 33       		.byte	0x33
 879 0404 1B040000 		.4byte	0x41b
 880 0408 20000000 		.4byte	.LLST1
 881 040c 14       		.uleb128 0x14
 882 040d 637000   		.ascii	"cp\000"
 883 0410 01       		.byte	0x1
 884 0411 36       		.byte	0x36
 885 0412 3D020000 		.4byte	0x23d
 886 0416 3E000000 		.4byte	.LLST2
 887 041a 00       		.byte	0x0
 888 041b 09       		.uleb128 0x9
 889 041c 04       		.byte	0x4
 890 041d 43020000 		.4byte	0x243
 891 0421 15       		.uleb128 0x15
 892 0422 01       		.byte	0x1
 893 0423 06000000 		.4byte	.LASF56
 894 0427 01       		.byte	0x1
 895 0428 4A       		.byte	0x4a
 896 0429 01       		.byte	0x1
 897 042a 00000000 		.4byte	.LFB1
 898 042e 0C000000 		.4byte	.LFE1
 899 0432 02       		.byte	0x2
 900 0433 7D       		.byte	0x7d
 901 0434 00       		.sleb128 0
 902 0435 53040000 		.4byte	0x453
 903 0439 12       		.uleb128 0x12
 904 043a 747000   		.ascii	"tp\000"
ARM GAS  C:\DOCUME~1\z_80\LOCALS~1\Temp\ccT3xJYl.s 			page 17


 905 043d 01       		.byte	0x1
 906 043e 4A       		.byte	0x4a
 907 043f 3D020000 		.4byte	0x23d
 908 0443 01       		.byte	0x1
 909 0444 50       		.byte	0x50
 910 0445 12       		.uleb128 0x12
 911 0446 74717000 		.ascii	"tqp\000"
 912 044a 01       		.byte	0x1
 913 044b 4A       		.byte	0x4a
 914 044c 1B040000 		.4byte	0x41b
 915 0450 01       		.byte	0x1
 916 0451 51       		.byte	0x51
 917 0452 00       		.byte	0x0
 918 0453 16       		.uleb128 0x16
 919 0454 01       		.byte	0x1
 920 0455 F7010000 		.4byte	.LASF57
 921 0459 01       		.byte	0x1
 922 045a 5B       		.byte	0x5b
 923 045b 01       		.byte	0x1
 924 045c 3D020000 		.4byte	0x23d
 925 0460 00000000 		.4byte	.LFB2
 926 0464 0C000000 		.4byte	.LFE2
 927 0468 02       		.byte	0x2
 928 0469 7D       		.byte	0x7d
 929 046a 00       		.sleb128 0
 930 046b 8C040000 		.4byte	0x48c
 931 046f 13       		.uleb128 0x13
 932 0470 74717000 		.ascii	"tqp\000"
 933 0474 01       		.byte	0x1
 934 0475 5B       		.byte	0x5b
 935 0476 1B040000 		.4byte	0x41b
 936 047a 72000000 		.4byte	.LLST3
 937 047e 17       		.uleb128 0x17
 938 047f 747000   		.ascii	"tp\000"
 939 0482 01       		.byte	0x1
 940 0483 5C       		.byte	0x5c
 941 0484 3D020000 		.4byte	0x23d
 942 0488 02       		.byte	0x2
 943 0489 73       		.byte	0x73
 944 048a 00       		.sleb128 0
 945 048b 00       		.byte	0x0
 946 048c 16       		.uleb128 0x16
 947 048d 01       		.byte	0x1
 948 048e 26020000 		.4byte	.LASF58
 949 0492 01       		.byte	0x1
 950 0493 6C       		.byte	0x6c
 951 0494 01       		.byte	0x1
 952 0495 3D020000 		.4byte	0x23d
 953 0499 00000000 		.4byte	.LFB3
 954 049d 0C000000 		.4byte	.LFE3
 955 04a1 02       		.byte	0x2
 956 04a2 7D       		.byte	0x7d
 957 04a3 00       		.sleb128 0
 958 04a4 C5040000 		.4byte	0x4c5
 959 04a8 13       		.uleb128 0x13
 960 04a9 74717000 		.ascii	"tqp\000"
 961 04ad 01       		.byte	0x1
ARM GAS  C:\DOCUME~1\z_80\LOCALS~1\Temp\ccT3xJYl.s 			page 18


 962 04ae 6C       		.byte	0x6c
 963 04af 1B040000 		.4byte	0x41b
 964 04b3 90000000 		.4byte	.LLST4
 965 04b7 17       		.uleb128 0x17
 966 04b8 747000   		.ascii	"tp\000"
 967 04bb 01       		.byte	0x1
 968 04bc 6D       		.byte	0x6d
 969 04bd 3D020000 		.4byte	0x23d
 970 04c1 02       		.byte	0x2
 971 04c2 73       		.byte	0x73
 972 04c3 04       		.sleb128 4
 973 04c4 00       		.byte	0x0
 974 04c5 16       		.uleb128 0x16
 975 04c6 01       		.byte	0x1
 976 04c7 64010000 		.4byte	.LASF59
 977 04cb 01       		.byte	0x1
 978 04cc 7D       		.byte	0x7d
 979 04cd 01       		.byte	0x1
 980 04ce 3D020000 		.4byte	0x23d
 981 04d2 00000000 		.4byte	.LFB4
 982 04d6 0C000000 		.4byte	.LFE4
 983 04da 02       		.byte	0x2
 984 04db 7D       		.byte	0x7d
 985 04dc 00       		.sleb128 0
 986 04dd EE040000 		.4byte	0x4ee
 987 04e1 12       		.uleb128 0x12
 988 04e2 747000   		.ascii	"tp\000"
 989 04e5 01       		.byte	0x1
 990 04e6 7D       		.byte	0x7d
 991 04e7 3D020000 		.4byte	0x23d
 992 04eb 01       		.byte	0x1
 993 04ec 50       		.byte	0x50
 994 04ed 00       		.byte	0x0
 995 04ee 15       		.uleb128 0x15
 996 04ef 01       		.byte	0x1
 997 04f0 6C010000 		.4byte	.LASF60
 998 04f4 01       		.byte	0x1
 999 04f5 8C       		.byte	0x8c
 1000 04f6 01       		.byte	0x1
 1001 04f7 00000000 		.4byte	.LFB5
 1002 04fb 08000000 		.4byte	.LFE5
 1003 04ff 02       		.byte	0x2
 1004 0500 7D       		.byte	0x7d
 1005 0501 00       		.sleb128 0
 1006 0502 20050000 		.4byte	0x520
 1007 0506 12       		.uleb128 0x12
 1008 0507 747000   		.ascii	"tp\000"
 1009 050a 01       		.byte	0x1
 1010 050b 8C       		.byte	0x8c
 1011 050c 3D020000 		.4byte	0x23d
 1012 0510 01       		.byte	0x1
 1013 0511 50       		.byte	0x50
 1014 0512 12       		.uleb128 0x12
 1015 0513 746C7000 		.ascii	"tlp\000"
 1016 0517 01       		.byte	0x1
 1017 0518 8C       		.byte	0x8c
 1018 0519 20050000 		.4byte	0x520
ARM GAS  C:\DOCUME~1\z_80\LOCALS~1\Temp\ccT3xJYl.s 			page 19


 1019 051d 01       		.byte	0x1
 1020 051e 51       		.byte	0x51
 1021 051f 00       		.byte	0x0
 1022 0520 09       		.uleb128 0x9
 1023 0521 04       		.byte	0x4
 1024 0522 65020000 		.4byte	0x265
 1025 0526 18       		.uleb128 0x18
 1026 0527 01       		.byte	0x1
 1027 0528 B2000000 		.4byte	.LASF61
 1028 052c 01       		.byte	0x1
 1029 052d 9B       		.byte	0x9b
 1030 052e 01       		.byte	0x1
 1031 052f 3D020000 		.4byte	0x23d
 1032 0533 00000000 		.4byte	.LFB6
 1033 0537 0A000000 		.4byte	.LFE6
 1034 053b 02       		.byte	0x2
 1035 053c 7D       		.byte	0x7d
 1036 053d 00       		.sleb128 0
 1037 053e 13       		.uleb128 0x13
 1038 053f 746C7000 		.ascii	"tlp\000"
 1039 0543 01       		.byte	0x1
 1040 0544 9B       		.byte	0x9b
 1041 0545 20050000 		.4byte	0x520
 1042 0549 AE000000 		.4byte	.LLST5
 1043 054d 17       		.uleb128 0x17
 1044 054e 747000   		.ascii	"tp\000"
 1045 0551 01       		.byte	0x1
 1046 0552 9D       		.byte	0x9d
 1047 0553 3D020000 		.4byte	0x23d
 1048 0557 02       		.byte	0x2
 1049 0558 73       		.byte	0x73
 1050 0559 00       		.sleb128 0
 1051 055a 00       		.byte	0x0
 1052 055b 00       		.byte	0x0
 1053              		.section	.debug_abbrev
 1054 0000 01       		.uleb128 0x1
 1055 0001 11       		.uleb128 0x11
 1056 0002 01       		.byte	0x1
 1057 0003 25       		.uleb128 0x25
 1058 0004 0E       		.uleb128 0xe
 1059 0005 13       		.uleb128 0x13
 1060 0006 0B       		.uleb128 0xb
 1061 0007 03       		.uleb128 0x3
 1062 0008 0E       		.uleb128 0xe
 1063 0009 1B       		.uleb128 0x1b
 1064 000a 0E       		.uleb128 0xe
 1065 000b 11       		.uleb128 0x11
 1066 000c 01       		.uleb128 0x1
 1067 000d 52       		.uleb128 0x52
 1068 000e 01       		.uleb128 0x1
 1069 000f 55       		.uleb128 0x55
 1070 0010 06       		.uleb128 0x6
 1071 0011 10       		.uleb128 0x10
 1072 0012 06       		.uleb128 0x6
 1073 0013 00       		.byte	0x0
 1074 0014 00       		.byte	0x0
 1075 0015 02       		.uleb128 0x2
ARM GAS  C:\DOCUME~1\z_80\LOCALS~1\Temp\ccT3xJYl.s 			page 20


 1076 0016 24       		.uleb128 0x24
 1077 0017 00       		.byte	0x0
 1078 0018 0B       		.uleb128 0xb
 1079 0019 0B       		.uleb128 0xb
 1080 001a 3E       		.uleb128 0x3e
 1081 001b 0B       		.uleb128 0xb
 1082 001c 03       		.uleb128 0x3
 1083 001d 08       		.uleb128 0x8
 1084 001e 00       		.byte	0x0
 1085 001f 00       		.byte	0x0
 1086 0020 03       		.uleb128 0x3
 1087 0021 24       		.uleb128 0x24
 1088 0022 00       		.byte	0x0
 1089 0023 0B       		.uleb128 0xb
 1090 0024 0B       		.uleb128 0xb
 1091 0025 3E       		.uleb128 0x3e
 1092 0026 0B       		.uleb128 0xb
 1093 0027 03       		.uleb128 0x3
 1094 0028 0E       		.uleb128 0xe
 1095 0029 00       		.byte	0x0
 1096 002a 00       		.byte	0x0
 1097 002b 04       		.uleb128 0x4
 1098 002c 16       		.uleb128 0x16
 1099 002d 00       		.byte	0x0
 1100 002e 03       		.uleb128 0x3
 1101 002f 0E       		.uleb128 0xe
 1102 0030 3A       		.uleb128 0x3a
 1103 0031 0B       		.uleb128 0xb
 1104 0032 3B       		.uleb128 0x3b
 1105 0033 0B       		.uleb128 0xb
 1106 0034 49       		.uleb128 0x49
 1107 0035 13       		.uleb128 0x13
 1108 0036 00       		.byte	0x0
 1109 0037 00       		.byte	0x0
 1110 0038 05       		.uleb128 0x5
 1111 0039 13       		.uleb128 0x13
 1112 003a 01       		.byte	0x1
 1113 003b 03       		.uleb128 0x3
 1114 003c 0E       		.uleb128 0xe
 1115 003d 0B       		.uleb128 0xb
 1116 003e 0B       		.uleb128 0xb
 1117 003f 3A       		.uleb128 0x3a
 1118 0040 0B       		.uleb128 0xb
 1119 0041 3B       		.uleb128 0x3b
 1120 0042 0B       		.uleb128 0xb
 1121 0043 01       		.uleb128 0x1
 1122 0044 13       		.uleb128 0x13
 1123 0045 00       		.byte	0x0
 1124 0046 00       		.byte	0x0
 1125 0047 06       		.uleb128 0x6
 1126 0048 0D       		.uleb128 0xd
 1127 0049 00       		.byte	0x0
 1128 004a 03       		.uleb128 0x3
 1129 004b 0E       		.uleb128 0xe
 1130 004c 3A       		.uleb128 0x3a
 1131 004d 0B       		.uleb128 0xb
 1132 004e 3B       		.uleb128 0x3b
ARM GAS  C:\DOCUME~1\z_80\LOCALS~1\Temp\ccT3xJYl.s 			page 21


 1133 004f 0B       		.uleb128 0xb
 1134 0050 49       		.uleb128 0x49
 1135 0051 13       		.uleb128 0x13
 1136 0052 38       		.uleb128 0x38
 1137 0053 0A       		.uleb128 0xa
 1138 0054 00       		.byte	0x0
 1139 0055 00       		.byte	0x0
 1140 0056 07       		.uleb128 0x7
 1141 0057 0D       		.uleb128 0xd
 1142 0058 00       		.byte	0x0
 1143 0059 03       		.uleb128 0x3
 1144 005a 08       		.uleb128 0x8
 1145 005b 3A       		.uleb128 0x3a
 1146 005c 0B       		.uleb128 0xb
 1147 005d 3B       		.uleb128 0x3b
 1148 005e 0B       		.uleb128 0xb
 1149 005f 49       		.uleb128 0x49
 1150 0060 13       		.uleb128 0x13
 1151 0061 38       		.uleb128 0x38
 1152 0062 0A       		.uleb128 0xa
 1153 0063 00       		.byte	0x0
 1154 0064 00       		.byte	0x0
 1155 0065 08       		.uleb128 0x8
 1156 0066 13       		.uleb128 0x13
 1157 0067 01       		.byte	0x1
 1158 0068 0B       		.uleb128 0xb
 1159 0069 0B       		.uleb128 0xb
 1160 006a 3A       		.uleb128 0x3a
 1161 006b 0B       		.uleb128 0xb
 1162 006c 3B       		.uleb128 0x3b
 1163 006d 0B       		.uleb128 0xb
 1164 006e 01       		.uleb128 0x1
 1165 006f 13       		.uleb128 0x13
 1166 0070 00       		.byte	0x0
 1167 0071 00       		.byte	0x0
 1168 0072 09       		.uleb128 0x9
 1169 0073 0F       		.uleb128 0xf
 1170 0074 00       		.byte	0x0
 1171 0075 0B       		.uleb128 0xb
 1172 0076 0B       		.uleb128 0xb
 1173 0077 49       		.uleb128 0x49
 1174 0078 13       		.uleb128 0x13
 1175 0079 00       		.byte	0x0
 1176 007a 00       		.byte	0x0
 1177 007b 0A       		.uleb128 0xa
 1178 007c 0F       		.uleb128 0xf
 1179 007d 00       		.byte	0x0
 1180 007e 0B       		.uleb128 0xb
 1181 007f 0B       		.uleb128 0xb
 1182 0080 00       		.byte	0x0
 1183 0081 00       		.byte	0x0
 1184 0082 0B       		.uleb128 0xb
 1185 0083 0D       		.uleb128 0xd
 1186 0084 00       		.byte	0x0
 1187 0085 03       		.uleb128 0x3
 1188 0086 08       		.uleb128 0x8
 1189 0087 3A       		.uleb128 0x3a
ARM GAS  C:\DOCUME~1\z_80\LOCALS~1\Temp\ccT3xJYl.s 			page 22


 1190 0088 0B       		.uleb128 0xb
 1191 0089 3B       		.uleb128 0x3b
 1192 008a 05       		.uleb128 0x5
 1193 008b 49       		.uleb128 0x49
 1194 008c 13       		.uleb128 0x13
 1195 008d 38       		.uleb128 0x38
 1196 008e 0A       		.uleb128 0xa
 1197 008f 00       		.byte	0x0
 1198 0090 00       		.byte	0x0
 1199 0091 0C       		.uleb128 0xc
 1200 0092 13       		.uleb128 0x13
 1201 0093 01       		.byte	0x1
 1202 0094 03       		.uleb128 0x3
 1203 0095 0E       		.uleb128 0xe
 1204 0096 0B       		.uleb128 0xb
 1205 0097 0B       		.uleb128 0xb
 1206 0098 3A       		.uleb128 0x3a
 1207 0099 0B       		.uleb128 0xb
 1208 009a 3B       		.uleb128 0x3b
 1209 009b 05       		.uleb128 0x5
 1210 009c 01       		.uleb128 0x1
 1211 009d 13       		.uleb128 0x13
 1212 009e 00       		.byte	0x0
 1213 009f 00       		.byte	0x0
 1214 00a0 0D       		.uleb128 0xd
 1215 00a1 35       		.uleb128 0x35
 1216 00a2 00       		.byte	0x0
 1217 00a3 49       		.uleb128 0x49
 1218 00a4 13       		.uleb128 0x13
 1219 00a5 00       		.byte	0x0
 1220 00a6 00       		.byte	0x0
 1221 00a7 0E       		.uleb128 0xe
 1222 00a8 17       		.uleb128 0x17
 1223 00a9 01       		.byte	0x1
 1224 00aa 0B       		.uleb128 0xb
 1225 00ab 0B       		.uleb128 0xb
 1226 00ac 3A       		.uleb128 0x3a
 1227 00ad 0B       		.uleb128 0xb
 1228 00ae 3B       		.uleb128 0x3b
 1229 00af 0B       		.uleb128 0xb
 1230 00b0 01       		.uleb128 0x1
 1231 00b1 13       		.uleb128 0x13
 1232 00b2 00       		.byte	0x0
 1233 00b3 00       		.byte	0x0
 1234 00b4 0F       		.uleb128 0xf
 1235 00b5 0D       		.uleb128 0xd
 1236 00b6 00       		.byte	0x0
 1237 00b7 03       		.uleb128 0x3
 1238 00b8 0E       		.uleb128 0xe
 1239 00b9 3A       		.uleb128 0x3a
 1240 00ba 0B       		.uleb128 0xb
 1241 00bb 3B       		.uleb128 0x3b
 1242 00bc 0B       		.uleb128 0xb
 1243 00bd 49       		.uleb128 0x49
 1244 00be 13       		.uleb128 0x13
 1245 00bf 00       		.byte	0x0
 1246 00c0 00       		.byte	0x0
ARM GAS  C:\DOCUME~1\z_80\LOCALS~1\Temp\ccT3xJYl.s 			page 23


 1247 00c1 10       		.uleb128 0x10
 1248 00c2 26       		.uleb128 0x26
 1249 00c3 00       		.byte	0x0
 1250 00c4 49       		.uleb128 0x49
 1251 00c5 13       		.uleb128 0x13
 1252 00c6 00       		.byte	0x0
 1253 00c7 00       		.byte	0x0
 1254 00c8 11       		.uleb128 0x11
 1255 00c9 2E       		.uleb128 0x2e
 1256 00ca 01       		.byte	0x1
 1257 00cb 3F       		.uleb128 0x3f
 1258 00cc 0C       		.uleb128 0xc
 1259 00cd 03       		.uleb128 0x3
 1260 00ce 0E       		.uleb128 0xe
 1261 00cf 3A       		.uleb128 0x3a
 1262 00d0 0B       		.uleb128 0xb
 1263 00d1 3B       		.uleb128 0x3b
 1264 00d2 0B       		.uleb128 0xb
 1265 00d3 27       		.uleb128 0x27
 1266 00d4 0C       		.uleb128 0xc
 1267 00d5 11       		.uleb128 0x11
 1268 00d6 01       		.uleb128 0x1
 1269 00d7 12       		.uleb128 0x12
 1270 00d8 01       		.uleb128 0x1
 1271 00d9 40       		.uleb128 0x40
 1272 00da 06       		.uleb128 0x6
 1273 00db 01       		.uleb128 0x1
 1274 00dc 13       		.uleb128 0x13
 1275 00dd 00       		.byte	0x0
 1276 00de 00       		.byte	0x0
 1277 00df 12       		.uleb128 0x12
 1278 00e0 05       		.uleb128 0x5
 1279 00e1 00       		.byte	0x0
 1280 00e2 03       		.uleb128 0x3
 1281 00e3 08       		.uleb128 0x8
 1282 00e4 3A       		.uleb128 0x3a
 1283 00e5 0B       		.uleb128 0xb
 1284 00e6 3B       		.uleb128 0x3b
 1285 00e7 0B       		.uleb128 0xb
 1286 00e8 49       		.uleb128 0x49
 1287 00e9 13       		.uleb128 0x13
 1288 00ea 02       		.uleb128 0x2
 1289 00eb 0A       		.uleb128 0xa
 1290 00ec 00       		.byte	0x0
 1291 00ed 00       		.byte	0x0
 1292 00ee 13       		.uleb128 0x13
 1293 00ef 05       		.uleb128 0x5
 1294 00f0 00       		.byte	0x0
 1295 00f1 03       		.uleb128 0x3
 1296 00f2 08       		.uleb128 0x8
 1297 00f3 3A       		.uleb128 0x3a
 1298 00f4 0B       		.uleb128 0xb
 1299 00f5 3B       		.uleb128 0x3b
 1300 00f6 0B       		.uleb128 0xb
 1301 00f7 49       		.uleb128 0x49
 1302 00f8 13       		.uleb128 0x13
 1303 00f9 02       		.uleb128 0x2
ARM GAS  C:\DOCUME~1\z_80\LOCALS~1\Temp\ccT3xJYl.s 			page 24


 1304 00fa 06       		.uleb128 0x6
 1305 00fb 00       		.byte	0x0
 1306 00fc 00       		.byte	0x0
 1307 00fd 14       		.uleb128 0x14
 1308 00fe 34       		.uleb128 0x34
 1309 00ff 00       		.byte	0x0
 1310 0100 03       		.uleb128 0x3
 1311 0101 08       		.uleb128 0x8
 1312 0102 3A       		.uleb128 0x3a
 1313 0103 0B       		.uleb128 0xb
 1314 0104 3B       		.uleb128 0x3b
 1315 0105 0B       		.uleb128 0xb
 1316 0106 49       		.uleb128 0x49
 1317 0107 13       		.uleb128 0x13
 1318 0108 02       		.uleb128 0x2
 1319 0109 06       		.uleb128 0x6
 1320 010a 00       		.byte	0x0
 1321 010b 00       		.byte	0x0
 1322 010c 15       		.uleb128 0x15
 1323 010d 2E       		.uleb128 0x2e
 1324 010e 01       		.byte	0x1
 1325 010f 3F       		.uleb128 0x3f
 1326 0110 0C       		.uleb128 0xc
 1327 0111 03       		.uleb128 0x3
 1328 0112 0E       		.uleb128 0xe
 1329 0113 3A       		.uleb128 0x3a
 1330 0114 0B       		.uleb128 0xb
 1331 0115 3B       		.uleb128 0x3b
 1332 0116 0B       		.uleb128 0xb
 1333 0117 27       		.uleb128 0x27
 1334 0118 0C       		.uleb128 0xc
 1335 0119 11       		.uleb128 0x11
 1336 011a 01       		.uleb128 0x1
 1337 011b 12       		.uleb128 0x12
 1338 011c 01       		.uleb128 0x1
 1339 011d 40       		.uleb128 0x40
 1340 011e 0A       		.uleb128 0xa
 1341 011f 01       		.uleb128 0x1
 1342 0120 13       		.uleb128 0x13
 1343 0121 00       		.byte	0x0
 1344 0122 00       		.byte	0x0
 1345 0123 16       		.uleb128 0x16
 1346 0124 2E       		.uleb128 0x2e
 1347 0125 01       		.byte	0x1
 1348 0126 3F       		.uleb128 0x3f
 1349 0127 0C       		.uleb128 0xc
 1350 0128 03       		.uleb128 0x3
 1351 0129 0E       		.uleb128 0xe
 1352 012a 3A       		.uleb128 0x3a
 1353 012b 0B       		.uleb128 0xb
 1354 012c 3B       		.uleb128 0x3b
 1355 012d 0B       		.uleb128 0xb
 1356 012e 27       		.uleb128 0x27
 1357 012f 0C       		.uleb128 0xc
 1358 0130 49       		.uleb128 0x49
 1359 0131 13       		.uleb128 0x13
 1360 0132 11       		.uleb128 0x11
ARM GAS  C:\DOCUME~1\z_80\LOCALS~1\Temp\ccT3xJYl.s 			page 25


 1361 0133 01       		.uleb128 0x1
 1362 0134 12       		.uleb128 0x12
 1363 0135 01       		.uleb128 0x1
 1364 0136 40       		.uleb128 0x40
 1365 0137 0A       		.uleb128 0xa
 1366 0138 01       		.uleb128 0x1
 1367 0139 13       		.uleb128 0x13
 1368 013a 00       		.byte	0x0
 1369 013b 00       		.byte	0x0
 1370 013c 17       		.uleb128 0x17
 1371 013d 34       		.uleb128 0x34
 1372 013e 00       		.byte	0x0
 1373 013f 03       		.uleb128 0x3
 1374 0140 08       		.uleb128 0x8
 1375 0141 3A       		.uleb128 0x3a
 1376 0142 0B       		.uleb128 0xb
 1377 0143 3B       		.uleb128 0x3b
 1378 0144 0B       		.uleb128 0xb
 1379 0145 49       		.uleb128 0x49
 1380 0146 13       		.uleb128 0x13
 1381 0147 02       		.uleb128 0x2
 1382 0148 0A       		.uleb128 0xa
 1383 0149 00       		.byte	0x0
 1384 014a 00       		.byte	0x0
 1385 014b 18       		.uleb128 0x18
 1386 014c 2E       		.uleb128 0x2e
 1387 014d 01       		.byte	0x1
 1388 014e 3F       		.uleb128 0x3f
 1389 014f 0C       		.uleb128 0xc
 1390 0150 03       		.uleb128 0x3
 1391 0151 0E       		.uleb128 0xe
 1392 0152 3A       		.uleb128 0x3a
 1393 0153 0B       		.uleb128 0xb
 1394 0154 3B       		.uleb128 0x3b
 1395 0155 0B       		.uleb128 0xb
 1396 0156 27       		.uleb128 0x27
 1397 0157 0C       		.uleb128 0xc
 1398 0158 49       		.uleb128 0x49
 1399 0159 13       		.uleb128 0x13
 1400 015a 11       		.uleb128 0x11
 1401 015b 01       		.uleb128 0x1
 1402 015c 12       		.uleb128 0x12
 1403 015d 01       		.uleb128 0x1
 1404 015e 40       		.uleb128 0x40
 1405 015f 0A       		.uleb128 0xa
 1406 0160 00       		.byte	0x0
 1407 0161 00       		.byte	0x0
 1408 0162 00       		.byte	0x0
 1409              		.section	.debug_pubnames,"",%progbits
 1410 0000 7B000000 		.4byte	0x7b
 1411 0004 0200     		.2byte	0x2
 1412 0006 00000000 		.4byte	.Ldebug_info0
 1413 000a 5C050000 		.4byte	0x55c
 1414 000e D8030000 		.4byte	0x3d8
 1415 0012 7072696F 		.ascii	"prio_insert\000"
 1415      5F696E73 
 1415      65727400 
ARM GAS  C:\DOCUME~1\z_80\LOCALS~1\Temp\ccT3xJYl.s 			page 26


 1416 001e 21040000 		.4byte	0x421
 1417 0022 71756575 		.ascii	"queue_insert\000"
 1417      655F696E 
 1417      73657274 
 1417      00
 1418 002f 53040000 		.4byte	0x453
 1419 0033 6669666F 		.ascii	"fifo_remove\000"
 1419      5F72656D 
 1419      6F766500 
 1420 003f 8C040000 		.4byte	0x48c
 1421 0043 6C69666F 		.ascii	"lifo_remove\000"
 1421      5F72656D 
 1421      6F766500 
 1422 004f C5040000 		.4byte	0x4c5
 1423 0053 64657175 		.ascii	"dequeue\000"
 1423      65756500 
 1424 005b EE040000 		.4byte	0x4ee
 1425 005f 6C697374 		.ascii	"list_insert\000"
 1425      5F696E73 
 1425      65727400 
 1426 006b 26050000 		.4byte	0x526
 1427 006f 6C697374 		.ascii	"list_remove\000"
 1427      5F72656D 
 1427      6F766500 
 1428 007b 00000000 		.4byte	0x0
 1429              		.section	.debug_pubtypes,"",%progbits
 1430 0000 17010000 		.4byte	0x117
 1431 0004 0200     		.2byte	0x2
 1432 0006 00000000 		.4byte	.Ldebug_info0
 1433 000a 5C050000 		.4byte	0x55c
 1434 000e 3E000000 		.4byte	0x3e
 1435 0012 75696E74 		.ascii	"uint8_t\000"
 1435      385F7400 
 1436 001a 5E000000 		.4byte	0x5e
 1437 001e 696E7433 		.ascii	"int32_t\000"
 1437      325F7400 
 1438 0026 70000000 		.4byte	0x70
 1439 002a 75696E74 		.ascii	"uint32_t\000"
 1439      33325F74 
 1439      00
 1440 0033 89000000 		.4byte	0x89
 1441 0037 75696E74 		.ascii	"uint64_t\000"
 1441      36345F74 
 1441      00
 1442 0040 9B000000 		.4byte	0x9b
 1443 0044 746D6F64 		.ascii	"tmode_t\000"
 1443      655F7400 
 1444 004c A6000000 		.4byte	0xa6
 1445 0050 74737461 		.ascii	"tstate_t\000"
 1445      74655F74 
 1445      00
 1446 0059 B1000000 		.4byte	0xb1
 1447 005d 74726566 		.ascii	"trefs_t\000"
 1447      735F7400 
 1448 0065 BC000000 		.4byte	0xbc
 1449 0069 74707269 		.ascii	"tprio_t\000"
 1449      6F5F7400 
ARM GAS  C:\DOCUME~1\z_80\LOCALS~1\Temp\ccT3xJYl.s 			page 27


 1450 0071 C7000000 		.4byte	0xc7
 1451 0075 6D73675F 		.ascii	"msg_t\000"
 1451      7400
 1452 007b D2000000 		.4byte	0xd2
 1453 007f 6576656E 		.ascii	"eventmask_t\000"
 1453      746D6173 
 1453      6B5F7400 
 1454 008b DD000000 		.4byte	0xdd
 1455 008f 73797374 		.ascii	"systime_t\000"
 1455      696D655F 
 1455      7400
 1456 0099 E8000000 		.4byte	0xe8
 1457 009d 54687265 		.ascii	"Thread\000"
 1457      616400
 1458 00a4 43020000 		.4byte	0x243
 1459 00a8 54687265 		.ascii	"ThreadsQueue\000"
 1459      61647351 
 1459      75657565 
 1459      00
 1460 00b5 65020000 		.4byte	0x265
 1461 00b9 54687265 		.ascii	"ThreadsList\000"
 1461      6164734C 
 1461      69737400 
 1462 00c5 70020000 		.4byte	0x270
 1463 00c9 72656761 		.ascii	"regarm_t\000"
 1463      726D5F74 
 1463      00
 1464 00d2 7D020000 		.4byte	0x27d
 1465 00d6 73746B61 		.ascii	"stkalign_t\000"
 1465      6C69676E 
 1465      5F7400
 1466 00e1 88020000 		.4byte	0x288
 1467 00e5 696E7463 		.ascii	"intctx\000"
 1467      747800
 1468 00ec 15030000 		.4byte	0x315
 1469 00f0 636F6E74 		.ascii	"context\000"
 1469      65787400 
 1470 00f8 3D030000 		.4byte	0x33d
 1471 00fc 4D757465 		.ascii	"Mutex\000"
 1471      7800
 1472 0102 7A030000 		.4byte	0x37a
 1473 0106 4D757465 		.ascii	"Mutex\000"
 1473      7800
 1474 010c F3000000 		.4byte	0xf3
 1475 0110 54687265 		.ascii	"Thread\000"
 1475      616400
 1476 0117 00000000 		.4byte	0x0
 1477              		.section	.debug_aranges,"",%progbits
 1478 0000 4C000000 		.4byte	0x4c
 1479 0004 0200     		.2byte	0x2
 1480 0006 00000000 		.4byte	.Ldebug_info0
 1481 000a 04       		.byte	0x4
 1482 000b 00       		.byte	0x0
 1483 000c 0000     		.2byte	0x0
 1484 000e 0000     		.2byte	0x0
 1485 0010 00000000 		.4byte	.LFB0
 1486 0014 26000000 		.4byte	.LFE0-.LFB0
ARM GAS  C:\DOCUME~1\z_80\LOCALS~1\Temp\ccT3xJYl.s 			page 28


 1487 0018 00000000 		.4byte	.LFB1
 1488 001c 0C000000 		.4byte	.LFE1-.LFB1
 1489 0020 00000000 		.4byte	.LFB2
 1490 0024 0C000000 		.4byte	.LFE2-.LFB2
 1491 0028 00000000 		.4byte	.LFB3
 1492 002c 0C000000 		.4byte	.LFE3-.LFB3
 1493 0030 00000000 		.4byte	.LFB4
 1494 0034 0C000000 		.4byte	.LFE4-.LFB4
 1495 0038 00000000 		.4byte	.LFB5
 1496 003c 08000000 		.4byte	.LFE5-.LFB5
 1497 0040 00000000 		.4byte	.LFB6
 1498 0044 0A000000 		.4byte	.LFE6-.LFB6
 1499 0048 00000000 		.4byte	0x0
 1500 004c 00000000 		.4byte	0x0
 1501              		.section	.debug_ranges,"",%progbits
 1502              	.Ldebug_ranges0:
 1503 0000 00000000 		.4byte	.LFB0
 1504 0004 26000000 		.4byte	.LFE0
 1505 0008 00000000 		.4byte	.LFB1
 1506 000c 0C000000 		.4byte	.LFE1
 1507 0010 00000000 		.4byte	.LFB2
 1508 0014 0C000000 		.4byte	.LFE2
 1509 0018 00000000 		.4byte	.LFB3
 1510 001c 0C000000 		.4byte	.LFE3
 1511 0020 00000000 		.4byte	.LFB4
 1512 0024 0C000000 		.4byte	.LFE4
 1513 0028 00000000 		.4byte	.LFB5
 1514 002c 08000000 		.4byte	.LFE5
 1515 0030 00000000 		.4byte	.LFB6
 1516 0034 0A000000 		.4byte	.LFE6
 1517 0038 00000000 		.4byte	0x0
 1518 003c 00000000 		.4byte	0x0
 1519              		.section	.debug_str,"MS",%progbits,1
 1520              	.LASF35:
 1521 0000 705F6D73 		.ascii	"p_msg\000"
 1521      6700
 1522              	.LASF56:
 1523 0006 71756575 		.ascii	"queue_insert\000"
 1523      655F696E 
 1523      73657274 
 1523      00
 1524              	.LASF50:
 1525 0013 7264796D 		.ascii	"rdymsg\000"
 1525      736700
 1526              	.LASF11:
 1527 001a 75696E74 		.ascii	"uint64_t\000"
 1527      36345F74 
 1527      00
 1528              	.LASF64:
 1529 0023 433A5C70 		.ascii	"C:\\projects\\ipm\\soft\\firmware\\valve\000"
 1529      726F6A65 
 1529      6374735C 
 1529      69706D5C 
 1529      736F6674 
 1530              	.LASF51:
 1531 0047 65786974 		.ascii	"exitcode\000"
 1531      636F6465 
ARM GAS  C:\DOCUME~1\z_80\LOCALS~1\Temp\ccT3xJYl.s 			page 29


 1531      00
 1532              	.LASF23:
 1533 0050 705F7072 		.ascii	"p_prio\000"
 1533      696F00
 1534              	.LASF10:
 1535 0057 6C6F6E67 		.ascii	"long long int\000"
 1535      206C6F6E 
 1535      6720696E 
 1535      7400
 1536              	.LASF1:
 1537 0065 7369676E 		.ascii	"signed char\000"
 1537      65642063 
 1537      68617200 
 1538              	.LASF39:
 1539 0071 705F6D70 		.ascii	"p_mpool\000"
 1539      6F6F6C00 
 1540              	.LASF12:
 1541 0079 6C6F6E67 		.ascii	"long long unsigned int\000"
 1541      206C6F6E 
 1541      6720756E 
 1541      7369676E 
 1541      65642069 
 1542              	.LASF47:
 1543 0090 6D5F7175 		.ascii	"m_queue\000"
 1543      65756500 
 1544              	.LASF7:
 1545 0098 6C6F6E67 		.ascii	"long int\000"
 1545      20696E74 
 1545      00
 1546              	.LASF14:
 1547 00a1 74737461 		.ascii	"tstate_t\000"
 1547      74655F74 
 1547      00
 1548              	.LASF25:
 1549 00aa 705F6E65 		.ascii	"p_newer\000"
 1549      77657200 
 1550              	.LASF61:
 1551 00b2 6C697374 		.ascii	"list_remove\000"
 1551      5F72656D 
 1551      6F766500 
 1552              	.LASF42:
 1553 00be 72656761 		.ascii	"regarm_t\000"
 1553      726D5F74 
 1553      00
 1554              	.LASF28:
 1555 00c7 705F7374 		.ascii	"p_stklimit\000"
 1555      6B6C696D 
 1555      697400
 1556              	.LASF0:
 1557 00d2 756E7369 		.ascii	"unsigned int\000"
 1557      676E6564 
 1557      20696E74 
 1557      00
 1558              	.LASF9:
 1559 00df 6C6F6E67 		.ascii	"long unsigned int\000"
 1559      20756E73 
 1559      69676E65 
ARM GAS  C:\DOCUME~1\z_80\LOCALS~1\Temp\ccT3xJYl.s 			page 30


 1559      6420696E 
 1559      7400
 1560              	.LASF45:
 1561 00f1 636F6E74 		.ascii	"context\000"
 1561      65787400 
 1562              	.LASF4:
 1563 00f9 73686F72 		.ascii	"short unsigned int\000"
 1563      7420756E 
 1563      7369676E 
 1563      65642069 
 1563      6E7400
 1564              	.LASF17:
 1565 010c 6D73675F 		.ascii	"msg_t\000"
 1565      7400
 1566              	.LASF55:
 1567 0112 7072696F 		.ascii	"prio_insert\000"
 1567      5F696E73 
 1567      65727400 
 1568              	.LASF13:
 1569 011e 746D6F64 		.ascii	"tmode_t\000"
 1569      655F7400 
 1570              	.LASF41:
 1571 0126 54687265 		.ascii	"ThreadsList\000"
 1571      6164734C 
 1571      69737400 
 1572              	.LASF18:
 1573 0132 6576656E 		.ascii	"eventmask_t\000"
 1573      746D6173 
 1573      6B5F7400 
 1574              	.LASF46:
 1575 013e 4D757465 		.ascii	"Mutex\000"
 1575      7800
 1576              	.LASF43:
 1577 0144 73746B61 		.ascii	"stkalign_t\000"
 1577      6C69676E 
 1577      5F7400
 1578              	.LASF26:
 1579 014f 705F6F6C 		.ascii	"p_older\000"
 1579      64657200 
 1580              	.LASF40:
 1581 0157 54687265 		.ascii	"ThreadsQueue\000"
 1581      61647351 
 1581      75657565 
 1581      00
 1582              	.LASF59:
 1583 0164 64657175 		.ascii	"dequeue\000"
 1583      65756500 
 1584              	.LASF60:
 1585 016c 6C697374 		.ascii	"list_insert\000"
 1585      5F696E73 
 1585      65727400 
 1586              	.LASF15:
 1587 0178 74726566 		.ascii	"trefs_t\000"
 1587      735F7400 
 1588              	.LASF22:
 1589 0180 705F7072 		.ascii	"p_prev\000"
 1589      657600
ARM GAS  C:\DOCUME~1\z_80\LOCALS~1\Temp\ccT3xJYl.s 			page 31


 1590              	.LASF16:
 1591 0187 74707269 		.ascii	"tprio_t\000"
 1591      6F5F7400 
 1592              	.LASF6:
 1593 018f 696E7433 		.ascii	"int32_t\000"
 1593      325F7400 
 1594              	.LASF2:
 1595 0197 756E7369 		.ascii	"unsigned char\000"
 1595      676E6564 
 1595      20636861 
 1595      7200
 1596              	.LASF37:
 1597 01a5 705F6D74 		.ascii	"p_mtxlist\000"
 1597      786C6973 
 1597      7400
 1598              	.LASF3:
 1599 01af 73686F72 		.ascii	"short int\000"
 1599      7420696E 
 1599      7400
 1600              	.LASF29:
 1601 01b9 705F7374 		.ascii	"p_state\000"
 1601      61746500 
 1602              	.LASF53:
 1603 01c1 65776D61 		.ascii	"ewmask\000"
 1603      736B00
 1604              	.LASF21:
 1605 01c8 705F6E65 		.ascii	"p_next\000"
 1605      787400
 1606              	.LASF30:
 1607 01cf 705F666C 		.ascii	"p_flags\000"
 1607      61677300 
 1608              	.LASF20:
 1609 01d7 54687265 		.ascii	"Thread\000"
 1609      616400
 1610              	.LASF36:
 1611 01de 705F6570 		.ascii	"p_epending\000"
 1611      656E6469 
 1611      6E6700
 1612              	.LASF8:
 1613 01e9 75696E74 		.ascii	"uint32_t\000"
 1613      33325F74 
 1613      00
 1614              	.LASF54:
 1615 01f2 63686172 		.ascii	"char\000"
 1615      00
 1616              	.LASF57:
 1617 01f7 6669666F 		.ascii	"fifo_remove\000"
 1617      5F72656D 
 1617      6F766500 
 1618              	.LASF49:
 1619 0203 6D5F6E65 		.ascii	"m_next\000"
 1619      787400
 1620              	.LASF19:
 1621 020a 73797374 		.ascii	"systime_t\000"
 1621      696D655F 
 1621      7400
 1622              	.LASF38:
ARM GAS  C:\DOCUME~1\z_80\LOCALS~1\Temp\ccT3xJYl.s 			page 32


 1623 0214 705F7265 		.ascii	"p_realprio\000"
 1623      616C7072 
 1623      696F00
 1624              	.LASF32:
 1625 021f 705F7469 		.ascii	"p_time\000"
 1625      6D6500
 1626              	.LASF58:
 1627 0226 6C69666F 		.ascii	"lifo_remove\000"
 1627      5F72656D 
 1627      6F766500 
 1628              	.LASF44:
 1629 0232 696E7463 		.ascii	"intctx\000"
 1629      747800
 1630              	.LASF34:
 1631 0239 705F6D73 		.ascii	"p_msgqueue\000"
 1631      67717565 
 1631      756500
 1632              	.LASF31:
 1633 0244 705F7265 		.ascii	"p_refs\000"
 1633      667300
 1634              	.LASF5:
 1635 024b 75696E74 		.ascii	"uint8_t\000"
 1635      385F7400 
 1636              	.LASF52:
 1637 0253 77746F62 		.ascii	"wtobjp\000"
 1637      6A7000
 1638              	.LASF62:
 1639 025a 474E5520 		.ascii	"GNU C 4.5.2\000"
 1639      4320342E 
 1639      352E3200 
 1640              	.LASF27:
 1641 0266 705F6E61 		.ascii	"p_name\000"
 1641      6D6500
 1642              	.LASF63:
 1643 026d 2E2E2F63 		.ascii	"../chibios_2.4.x/os/kernel/src/chlists.c\000"
 1643      68696269 
 1643      6F735F32 
 1643      2E342E78 
 1643      2F6F732F 
 1644              	.LASF48:
 1645 0296 6D5F6F77 		.ascii	"m_owner\000"
 1645      6E657200 
 1646              	.LASF24:
 1647 029e 705F6374 		.ascii	"p_ctx\000"
 1647      7800
 1648              	.LASF33:
 1649 02a4 705F7761 		.ascii	"p_waiting\000"
 1649      6974696E 
 1649      6700
 1650              		.ident	"GCC: (Sourcery G++ Lite 2011.03-42) 4.5.2"
ARM GAS  C:\DOCUME~1\z_80\LOCALS~1\Temp\ccT3xJYl.s 			page 33


DEFINED SYMBOLS
                            *ABS*:00000000 chlists.c
C:\DOCUME~1\z_80\LOCALS~1\Temp\ccT3xJYl.s:24     .text.prio_insert:00000000 $t
C:\DOCUME~1\z_80\LOCALS~1\Temp\ccT3xJYl.s:30     .text.prio_insert:00000000 prio_insert
C:\DOCUME~1\z_80\LOCALS~1\Temp\ccT3xJYl.s:85     .text.queue_insert:00000000 $t
C:\DOCUME~1\z_80\LOCALS~1\Temp\ccT3xJYl.s:91     .text.queue_insert:00000000 queue_insert
C:\DOCUME~1\z_80\LOCALS~1\Temp\ccT3xJYl.s:114    .text.fifo_remove:00000000 $t
C:\DOCUME~1\z_80\LOCALS~1\Temp\ccT3xJYl.s:120    .text.fifo_remove:00000000 fifo_remove
C:\DOCUME~1\z_80\LOCALS~1\Temp\ccT3xJYl.s:143    .text.lifo_remove:00000000 $t
C:\DOCUME~1\z_80\LOCALS~1\Temp\ccT3xJYl.s:149    .text.lifo_remove:00000000 lifo_remove
C:\DOCUME~1\z_80\LOCALS~1\Temp\ccT3xJYl.s:172    .text.dequeue:00000000 $t
C:\DOCUME~1\z_80\LOCALS~1\Temp\ccT3xJYl.s:178    .text.dequeue:00000000 dequeue
C:\DOCUME~1\z_80\LOCALS~1\Temp\ccT3xJYl.s:199    .text.list_insert:00000000 $t
C:\DOCUME~1\z_80\LOCALS~1\Temp\ccT3xJYl.s:205    .text.list_insert:00000000 list_insert
C:\DOCUME~1\z_80\LOCALS~1\Temp\ccT3xJYl.s:224    .text.list_remove:00000000 $t
C:\DOCUME~1\z_80\LOCALS~1\Temp\ccT3xJYl.s:230    .text.list_remove:00000000 list_remove
                     .debug_frame:00000010 $d

NO UNDEFINED SYMBOLS
