ARM GAS  /tmp/ccBtDQrf.s 			page 1


   1              		.syntax unified
   2              		.cpu cortex-m3
   3              		.fpu softvfp
   4              		.eabi_attribute 20, 1
   5              		.eabi_attribute 21, 1
   6              		.eabi_attribute 23, 3
   7              		.eabi_attribute 24, 1
   8              		.eabi_attribute 25, 1
   9              		.eabi_attribute 26, 1
  10              		.eabi_attribute 30, 2
  11              		.eabi_attribute 18, 4
  12              		.thumb
  13              		.file	"chmemcore.c"
  14              		.section	.debug_abbrev,"",%progbits
  15              	.Ldebug_abbrev0:
  16              		.section	.debug_info,"",%progbits
  17              	.Ldebug_info0:
  18              		.section	.debug_line,"",%progbits
  19              	.Ldebug_line0:
  20 0000 7E010000 		.text
  20      02002101 
  20      00000201 
  20      FB0E0D00 
  20      01010101 
  21              	.Ltext0:
  22              		.cfi_sections	.debug_frame
  23              		.section	.text._core_init,"ax",%progbits
  24              		.align	2
  25              		.p2align 4,,15
  26              		.global	_core_init
  27              		.thumb
  28              		.thumb_func
  29              		.type	_core_init, %function
  30              	_core_init:
  31              	.LFB0:
  32              		.file 1 "../chibios_2.4.x/os/kernel/src/chmemcore.c"
  33              		.loc 1 66 0
  34              		.cfi_startproc
  35              		@ args = 0, pretend = 0, frame = 0
  36              		@ frame_needed = 0, uses_anonymous_args = 0
  37              		@ link register save eliminated.
  38              		.loc 1 70 0
  39 0000 054B     		ldr	r3, .L2
  40 0002 064A     		ldr	r2, .L2+4
  41              		.loc 1 71 0
  42 0004 0648     		ldr	r0, .L2+8
  43              		.loc 1 70 0
  44 0006 23F00701 		bic	r1, r3, #7
  45              		.loc 1 71 0
  46 000a 064B     		ldr	r3, .L2+12
  47              		.loc 1 70 0
  48 000c 1160     		str	r1, [r2, #0]
  49              		.loc 1 71 0
  50 000e 20F00702 		bic	r2, r0, #7
  51 0012 1A60     		str	r2, [r3, #0]
  52              		.loc 1 77 0
  53 0014 7047     		bx	lr
ARM GAS  /tmp/ccBtDQrf.s 			page 2


  54              	.L3:
  55 0016 00BF     		.align	2
  56              	.L2:
  57 0018 07000000 		.word	__heap_base__+7
  58 001c 00000000 		.word	.LANCHOR0
  59 0020 00000000 		.word	__heap_end__
  60 0024 00000000 		.word	.LANCHOR1
  61              		.cfi_endproc
  62              	.LFE0:
  63              		.size	_core_init, .-_core_init
  64 0028 AFF30080 		.section	.text.chCoreAllocI,"ax",%progbits
  64      AFF30080 
  65              		.align	2
  66              		.p2align 4,,15
  67              		.global	chCoreAllocI
  68              		.thumb
  69              		.thumb_func
  70              		.type	chCoreAllocI, %function
  71              	chCoreAllocI:
  72              	.LFB2:
  73              		.loc 1 112 0
  74              		.cfi_startproc
  75              		@ args = 0, pretend = 0, frame = 0
  76              		@ frame_needed = 0, uses_anonymous_args = 0
  77              	.LVL0:
  78 0000 10B5     		push	{r4, lr}
  79              	.LCFI0:
  80              		.cfi_def_cfa_offset 8
  81              		.loc 1 112 0
  82 0002 0446     		mov	r4, r0
  83              		.cfi_offset 14, -4
  84              		.cfi_offset 4, -8
  85              		.loc 1 115 0
  86 0004 FFF7FEFF 		bl	chDbgCheckClassI
  87              	.LVL1:
  88              		.loc 1 118 0
  89 0008 074A     		ldr	r2, .L8
  90 000a 0849     		ldr	r1, .L8+4
  91 000c 1368     		ldr	r3, [r2, #0]
  92 000e 0968     		ldr	r1, [r1, #0]
  93              		.loc 1 117 0
  94 0010 E01D     		adds	r0, r4, #7
  95 0012 20F00700 		bic	r0, r0, #7
  96              	.LVL2:
  97              		.loc 1 118 0
  98 0016 C91A     		subs	r1, r1, r3
  99 0018 8842     		cmp	r0, r1
 100 001a 03D8     		bhi	.L6
 101              	.LVL3:
 102              		.loc 1 121 0
 103 001c 1818     		adds	r0, r3, r0
 104              	.LVL4:
 105 001e 1060     		str	r0, [r2, #0]
 106              		.loc 1 122 0
 107 0020 1846     		mov	r0, r3
 108 0022 10BD     		pop	{r4, pc}
 109              	.LVL5:
ARM GAS  /tmp/ccBtDQrf.s 			page 3


 110              	.L6:
 111              		.loc 1 119 0
 112 0024 0020     		movs	r0, #0
 113              	.LVL6:
 114              		.loc 1 123 0
 115 0026 10BD     		pop	{r4, pc}
 116              	.L9:
 117              		.align	2
 118              	.L8:
 119 0028 00000000 		.word	.LANCHOR0
 120 002c 00000000 		.word	.LANCHOR1
 121              		.cfi_endproc
 122              	.LFE2:
 123              		.size	chCoreAllocI, .-chCoreAllocI
 124              		.section	.text.chCoreAlloc,"ax",%progbits
 125              		.align	2
 126              		.p2align 4,,15
 127              		.global	chCoreAlloc
 128              		.thumb
 129              		.thumb_func
 130              		.type	chCoreAlloc, %function
 131              	chCoreAlloc:
 132              	.LFB1:
 133              		.loc 1 91 0
 134              		.cfi_startproc
 135              		@ args = 0, pretend = 0, frame = 0
 136              		@ frame_needed = 0, uses_anonymous_args = 0
 137              	.LVL7:
 138 0000 10B5     		push	{r4, lr}
 139              	.LCFI1:
 140              		.cfi_def_cfa_offset 8
 141              		.loc 1 91 0
 142 0002 0446     		mov	r4, r0
 143              		.cfi_offset 14, -4
 144              		.cfi_offset 4, -8
 145              		.loc 1 94 0
 146              	@ 94 "../chibios_2.4.x/os/kernel/src/chmemcore.c" 1
 147 0004 FFF7FEFF 		bl      _port_lock
 148              	@ 0 "" 2
 149              		.thumb
 150 0008 FFF7FEFF 		bl	dbg_check_lock
 151              	.LVL8:
 152              		.loc 1 95 0
 153 000c 2046     		mov	r0, r4
 154 000e FFF7FEFF 		bl	chCoreAllocI
 155 0012 0446     		mov	r4, r0
 156              	.LVL9:
 157              		.loc 1 96 0
 158 0014 FFF7FEFF 		bl	dbg_check_unlock
 159              	.LVL10:
 160              	@ 96 "../chibios_2.4.x/os/kernel/src/chmemcore.c" 1
 161 0018 FFF7FEFF 		bl      _port_unlock
 162              	@ 0 "" 2
 163              		.loc 1 98 0
 164              		.thumb
 165 001c 2046     		mov	r0, r4
 166 001e 10BD     		pop	{r4, pc}
ARM GAS  /tmp/ccBtDQrf.s 			page 4


 167              		.cfi_endproc
 168              	.LFE1:
 169              		.size	chCoreAlloc, .-chCoreAlloc
 170              		.section	.text.chCoreStatus,"ax",%progbits
 171              		.align	2
 172              		.p2align 4,,15
 173              		.global	chCoreStatus
 174              		.thumb
 175              		.thumb_func
 176              		.type	chCoreStatus, %function
 177              	chCoreStatus:
 178              	.LFB3:
 179              		.loc 1 132 0
 180              		.cfi_startproc
 181              		@ args = 0, pretend = 0, frame = 0
 182              		@ frame_needed = 0, uses_anonymous_args = 0
 183              		@ link register save eliminated.
 184              		.loc 1 134 0
 185 0000 024A     		ldr	r2, .L12
 186 0002 0349     		ldr	r1, .L12+4
 187 0004 1068     		ldr	r0, [r2, #0]
 188 0006 0B68     		ldr	r3, [r1, #0]
 189              		.loc 1 135 0
 190 0008 C01A     		subs	r0, r0, r3
 191 000a 7047     		bx	lr
 192              	.L13:
 193              		.align	2
 194              	.L12:
 195 000c 00000000 		.word	.LANCHOR1
 196 0010 00000000 		.word	.LANCHOR0
 197              		.cfi_endproc
 198              	.LFE3:
 199              		.size	chCoreStatus, .-chCoreStatus
 200 0014 AFF30080 		.section	.bss.endmem,"aw",%nobits
 200      AFF30080 
 200      AFF30080 
 201              		.align	2
 202              		.set	.LANCHOR1,. + 0
 203              		.type	endmem, %object
 204              		.size	endmem, 4
 205              	endmem:
 206 0000 00000000 		.space	4
 207              		.section	.bss.nextmem,"aw",%nobits
 208              		.align	2
 209              		.set	.LANCHOR0,. + 0
 210              		.type	nextmem, %object
 211              		.size	nextmem, 4
 212              	nextmem:
 213 0000 00000000 		.space	4
 214              		.text
 215              	.Letext0:
 216              		.section	.debug_loc,"",%progbits
 217              	.Ldebug_loc0:
 218              	.LLST0:
 219 0000 00000000 		.4byte	.LFB2
 220 0004 02000000 		.4byte	.LCFI0
 221 0008 0200     		.2byte	0x2
ARM GAS  /tmp/ccBtDQrf.s 			page 5


 222 000a 7D       		.byte	0x7d
 223 000b 00       		.sleb128 0
 224 000c 02000000 		.4byte	.LCFI0
 225 0010 30000000 		.4byte	.LFE2
 226 0014 0200     		.2byte	0x2
 227 0016 7D       		.byte	0x7d
 228 0017 08       		.sleb128 8
 229 0018 00000000 		.4byte	0x0
 230 001c 00000000 		.4byte	0x0
 231              	.LLST1:
 232 0020 00000000 		.4byte	.LVL0
 233 0024 07000000 		.4byte	.LVL1-1
 234 0028 0100     		.2byte	0x1
 235 002a 50       		.byte	0x50
 236 002b 07000000 		.4byte	.LVL1-1
 237 002f 16000000 		.4byte	.LVL2
 238 0033 0100     		.2byte	0x1
 239 0035 54       		.byte	0x54
 240 0036 16000000 		.4byte	.LVL2
 241 003a 1E000000 		.4byte	.LVL4
 242 003e 0100     		.2byte	0x1
 243 0040 50       		.byte	0x50
 244 0041 24000000 		.4byte	.LVL5
 245 0045 26000000 		.4byte	.LVL6
 246 0049 0100     		.2byte	0x1
 247 004b 50       		.byte	0x50
 248 004c 00000000 		.4byte	0x0
 249 0050 00000000 		.4byte	0x0
 250              	.LLST2:
 251 0054 1C000000 		.4byte	.LVL3
 252 0058 24000000 		.4byte	.LVL5
 253 005c 0500     		.2byte	0x5
 254 005e 03       		.byte	0x3
 255 005f 00000000 		.4byte	nextmem
 256 0063 00000000 		.4byte	0x0
 257 0067 00000000 		.4byte	0x0
 258              	.LLST3:
 259 006b 00000000 		.4byte	.LFB1
 260 006f 02000000 		.4byte	.LCFI1
 261 0073 0200     		.2byte	0x2
 262 0075 7D       		.byte	0x7d
 263 0076 00       		.sleb128 0
 264 0077 02000000 		.4byte	.LCFI1
 265 007b 20000000 		.4byte	.LFE1
 266 007f 0200     		.2byte	0x2
 267 0081 7D       		.byte	0x7d
 268 0082 08       		.sleb128 8
 269 0083 00000000 		.4byte	0x0
 270 0087 00000000 		.4byte	0x0
 271              	.LLST4:
 272 008b 00000000 		.4byte	.LVL7
 273 008f 0B000000 		.4byte	.LVL8-1
 274 0093 0100     		.2byte	0x1
 275 0095 50       		.byte	0x50
 276 0096 0B000000 		.4byte	.LVL8-1
 277 009a 14000000 		.4byte	.LVL9
 278 009e 0100     		.2byte	0x1
ARM GAS  /tmp/ccBtDQrf.s 			page 6


 279 00a0 54       		.byte	0x54
 280 00a1 00000000 		.4byte	0x0
 281 00a5 00000000 		.4byte	0x0
 282              	.LLST5:
 283 00a9 14000000 		.4byte	.LVL9
 284 00ad 17000000 		.4byte	.LVL10-1
 285 00b1 0100     		.2byte	0x1
 286 00b3 50       		.byte	0x50
 287 00b4 17000000 		.4byte	.LVL10-1
 288 00b8 20000000 		.4byte	.LFE1
 289 00bc 0100     		.2byte	0x1
 290 00be 54       		.byte	0x54
 291 00bf 00000000 		.4byte	0x0
 292 00c3 00000000 		.4byte	0x0
 293              		.file 2 "/home/z80/programs/code-sourcery/2011.03-42/bin/../lib/gcc/arm-none-eabi/4.5.2/include/st
 294              		.file 3 "/home/z80/programs/code-sourcery/2011.03-42/bin/../lib/gcc/arm-none-eabi/4.5.2/../../../.
 295              		.section	.debug_info
 296 0000 97010000 		.4byte	0x197
 297 0004 0200     		.2byte	0x2
 298 0006 00000000 		.4byte	.Ldebug_abbrev0
 299 000a 04       		.byte	0x4
 300 000b 01       		.uleb128 0x1
 301 000c 21000000 		.4byte	.LASF19
 302 0010 01       		.byte	0x1
 303 0011 80000000 		.4byte	.LASF20
 304 0015 AB000000 		.4byte	.LASF21
 305 0019 00000000 		.4byte	0x0
 306 001d 00000000 		.4byte	0x0
 307 0021 00000000 		.4byte	.Ldebug_ranges0+0x0
 308 0025 00000000 		.4byte	.Ldebug_line0
 309 0029 02       		.uleb128 0x2
 310 002a 04       		.byte	0x4
 311 002b 05       		.byte	0x5
 312 002c 696E7400 		.ascii	"int\000"
 313 0030 03       		.uleb128 0x3
 314 0031 2D000000 		.4byte	.LASF2
 315 0035 02       		.byte	0x2
 316 0036 D3       		.byte	0xd3
 317 0037 3B000000 		.4byte	0x3b
 318 003b 04       		.uleb128 0x4
 319 003c 04       		.byte	0x4
 320 003d 07       		.byte	0x7
 321 003e 40010000 		.4byte	.LASF0
 322 0042 04       		.uleb128 0x4
 323 0043 01       		.byte	0x1
 324 0044 06       		.byte	0x6
 325 0045 1A010000 		.4byte	.LASF1
 326 0049 03       		.uleb128 0x3
 327 004a D6000000 		.4byte	.LASF3
 328 004e 03       		.byte	0x3
 329 004f 2A       		.byte	0x2a
 330 0050 54000000 		.4byte	0x54
 331 0054 04       		.uleb128 0x4
 332 0055 01       		.byte	0x1
 333 0056 08       		.byte	0x8
 334 0057 DE000000 		.4byte	.LASF4
 335 005b 04       		.uleb128 0x4
ARM GAS  /tmp/ccBtDQrf.s 			page 7


 336 005c 02       		.byte	0x2
 337 005d 05       		.byte	0x5
 338 005e 36010000 		.4byte	.LASF5
 339 0062 04       		.uleb128 0x4
 340 0063 02       		.byte	0x2
 341 0064 07       		.byte	0x7
 342 0065 0E000000 		.4byte	.LASF6
 343 0069 04       		.uleb128 0x4
 344 006a 04       		.byte	0x4
 345 006b 05       		.byte	0x5
 346 006c FD000000 		.4byte	.LASF7
 347 0070 04       		.uleb128 0x4
 348 0071 04       		.byte	0x4
 349 0072 07       		.byte	0x7
 350 0073 57000000 		.4byte	.LASF8
 351 0077 04       		.uleb128 0x4
 352 0078 08       		.byte	0x8
 353 0079 05       		.byte	0x5
 354 007a 00000000 		.4byte	.LASF9
 355 007e 04       		.uleb128 0x4
 356 007f 08       		.byte	0x8
 357 0080 07       		.byte	0x7
 358 0081 69000000 		.4byte	.LASF10
 359 0085 05       		.uleb128 0x5
 360 0086 04       		.byte	0x4
 361 0087 04       		.uleb128 0x4
 362 0088 01       		.byte	0x1
 363 0089 08       		.byte	0x8
 364 008a EC000000 		.4byte	.LASF11
 365 008e 06       		.uleb128 0x6
 366 008f 04       		.byte	0x4
 367 0090 49000000 		.4byte	0x49
 368 0094 07       		.uleb128 0x7
 369 0095 01       		.byte	0x1
 370 0096 2B010000 		.4byte	.LASF22
 371 009a 01       		.byte	0x1
 372 009b 42       		.byte	0x42
 373 009c 01       		.byte	0x1
 374 009d 00000000 		.4byte	.LFB0
 375 00a1 28000000 		.4byte	.LFE0
 376 00a5 02       		.byte	0x2
 377 00a6 7D       		.byte	0x7d
 378 00a7 00       		.sleb128 0
 379 00a8 C7000000 		.4byte	0xc7
 380 00ac 08       		.uleb128 0x8
 381 00ad 49000000 		.4byte	.LASF12
 382 00b1 01       		.byte	0x1
 383 00b2 44       		.byte	0x44
 384 00b3 C7000000 		.4byte	0xc7
 385 00b7 01       		.byte	0x1
 386 00b8 01       		.byte	0x1
 387 00b9 08       		.uleb128 0x8
 388 00ba 3C000000 		.4byte	.LASF13
 389 00be 01       		.byte	0x1
 390 00bf 45       		.byte	0x45
 391 00c0 C7000000 		.4byte	0xc7
 392 00c4 01       		.byte	0x1
ARM GAS  /tmp/ccBtDQrf.s 			page 8


 393 00c5 01       		.byte	0x1
 394 00c6 00       		.byte	0x0
 395 00c7 09       		.uleb128 0x9
 396 00c8 49000000 		.4byte	0x49
 397 00cc D2000000 		.4byte	0xd2
 398 00d0 0A       		.uleb128 0xa
 399 00d1 00       		.byte	0x0
 400 00d2 0B       		.uleb128 0xb
 401 00d3 01       		.byte	0x1
 402 00d4 0D010000 		.4byte	.LASF14
 403 00d8 01       		.byte	0x1
 404 00d9 70       		.byte	0x70
 405 00da 01       		.byte	0x1
 406 00db 85000000 		.4byte	0x85
 407 00df 00000000 		.4byte	.LFB2
 408 00e3 30000000 		.4byte	.LFE2
 409 00e7 00000000 		.4byte	.LLST0
 410 00eb 0C010000 		.4byte	0x10c
 411 00ef 0C       		.uleb128 0xc
 412 00f0 26010000 		.4byte	.LASF16
 413 00f4 01       		.byte	0x1
 414 00f5 70       		.byte	0x70
 415 00f6 30000000 		.4byte	0x30
 416 00fa 20000000 		.4byte	.LLST1
 417 00fe 0D       		.uleb128 0xd
 418 00ff 7000     		.ascii	"p\000"
 419 0101 01       		.byte	0x1
 420 0102 71       		.byte	0x71
 421 0103 85000000 		.4byte	0x85
 422 0107 54000000 		.4byte	.LLST2
 423 010b 00       		.byte	0x0
 424 010c 0B       		.uleb128 0xb
 425 010d 01       		.byte	0x1
 426 010e F1000000 		.4byte	.LASF15
 427 0112 01       		.byte	0x1
 428 0113 5B       		.byte	0x5b
 429 0114 01       		.byte	0x1
 430 0115 85000000 		.4byte	0x85
 431 0119 00000000 		.4byte	.LFB1
 432 011d 20000000 		.4byte	.LFE1
 433 0121 6B000000 		.4byte	.LLST3
 434 0125 46010000 		.4byte	0x146
 435 0129 0C       		.uleb128 0xc
 436 012a 26010000 		.4byte	.LASF16
 437 012e 01       		.byte	0x1
 438 012f 5B       		.byte	0x5b
 439 0130 30000000 		.4byte	0x30
 440 0134 8B000000 		.4byte	.LLST4
 441 0138 0D       		.uleb128 0xd
 442 0139 7000     		.ascii	"p\000"
 443 013b 01       		.byte	0x1
 444 013c 5C       		.byte	0x5c
 445 013d 85000000 		.4byte	0x85
 446 0141 A9000000 		.4byte	.LLST5
 447 0145 00       		.byte	0x0
 448 0146 0E       		.uleb128 0xe
 449 0147 01       		.byte	0x1
ARM GAS  /tmp/ccBtDQrf.s 			page 9


 450 0148 4D010000 		.4byte	.LASF23
 451 014c 01       		.byte	0x1
 452 014d 84       		.byte	0x84
 453 014e 01       		.byte	0x1
 454 014f 30000000 		.4byte	0x30
 455 0153 00000000 		.4byte	.LFB3
 456 0157 14000000 		.4byte	.LFE3
 457 015b 02       		.byte	0x2
 458 015c 7D       		.byte	0x7d
 459 015d 00       		.sleb128 0
 460 015e 0F       		.uleb128 0xf
 461 015f 34000000 		.4byte	.LASF17
 462 0163 01       		.byte	0x1
 463 0164 3A       		.byte	0x3a
 464 0165 8E000000 		.4byte	0x8e
 465 0169 05       		.byte	0x5
 466 016a 03       		.byte	0x3
 467 016b 00000000 		.4byte	nextmem
 468 016f 0F       		.uleb128 0xf
 469 0170 06010000 		.4byte	.LASF18
 470 0174 01       		.byte	0x1
 471 0175 3B       		.byte	0x3b
 472 0176 8E000000 		.4byte	0x8e
 473 017a 05       		.byte	0x5
 474 017b 03       		.byte	0x3
 475 017c 00000000 		.4byte	endmem
 476 0180 08       		.uleb128 0x8
 477 0181 49000000 		.4byte	.LASF12
 478 0185 01       		.byte	0x1
 479 0186 44       		.byte	0x44
 480 0187 C7000000 		.4byte	0xc7
 481 018b 01       		.byte	0x1
 482 018c 01       		.byte	0x1
 483 018d 08       		.uleb128 0x8
 484 018e 3C000000 		.4byte	.LASF13
 485 0192 01       		.byte	0x1
 486 0193 45       		.byte	0x45
 487 0194 C7000000 		.4byte	0xc7
 488 0198 01       		.byte	0x1
 489 0199 01       		.byte	0x1
 490 019a 00       		.byte	0x0
 491              		.section	.debug_abbrev
 492 0000 01       		.uleb128 0x1
 493 0001 11       		.uleb128 0x11
 494 0002 01       		.byte	0x1
 495 0003 25       		.uleb128 0x25
 496 0004 0E       		.uleb128 0xe
 497 0005 13       		.uleb128 0x13
 498 0006 0B       		.uleb128 0xb
 499 0007 03       		.uleb128 0x3
 500 0008 0E       		.uleb128 0xe
 501 0009 1B       		.uleb128 0x1b
 502 000a 0E       		.uleb128 0xe
 503 000b 11       		.uleb128 0x11
 504 000c 01       		.uleb128 0x1
 505 000d 52       		.uleb128 0x52
 506 000e 01       		.uleb128 0x1
ARM GAS  /tmp/ccBtDQrf.s 			page 10


 507 000f 55       		.uleb128 0x55
 508 0010 06       		.uleb128 0x6
 509 0011 10       		.uleb128 0x10
 510 0012 06       		.uleb128 0x6
 511 0013 00       		.byte	0x0
 512 0014 00       		.byte	0x0
 513 0015 02       		.uleb128 0x2
 514 0016 24       		.uleb128 0x24
 515 0017 00       		.byte	0x0
 516 0018 0B       		.uleb128 0xb
 517 0019 0B       		.uleb128 0xb
 518 001a 3E       		.uleb128 0x3e
 519 001b 0B       		.uleb128 0xb
 520 001c 03       		.uleb128 0x3
 521 001d 08       		.uleb128 0x8
 522 001e 00       		.byte	0x0
 523 001f 00       		.byte	0x0
 524 0020 03       		.uleb128 0x3
 525 0021 16       		.uleb128 0x16
 526 0022 00       		.byte	0x0
 527 0023 03       		.uleb128 0x3
 528 0024 0E       		.uleb128 0xe
 529 0025 3A       		.uleb128 0x3a
 530 0026 0B       		.uleb128 0xb
 531 0027 3B       		.uleb128 0x3b
 532 0028 0B       		.uleb128 0xb
 533 0029 49       		.uleb128 0x49
 534 002a 13       		.uleb128 0x13
 535 002b 00       		.byte	0x0
 536 002c 00       		.byte	0x0
 537 002d 04       		.uleb128 0x4
 538 002e 24       		.uleb128 0x24
 539 002f 00       		.byte	0x0
 540 0030 0B       		.uleb128 0xb
 541 0031 0B       		.uleb128 0xb
 542 0032 3E       		.uleb128 0x3e
 543 0033 0B       		.uleb128 0xb
 544 0034 03       		.uleb128 0x3
 545 0035 0E       		.uleb128 0xe
 546 0036 00       		.byte	0x0
 547 0037 00       		.byte	0x0
 548 0038 05       		.uleb128 0x5
 549 0039 0F       		.uleb128 0xf
 550 003a 00       		.byte	0x0
 551 003b 0B       		.uleb128 0xb
 552 003c 0B       		.uleb128 0xb
 553 003d 00       		.byte	0x0
 554 003e 00       		.byte	0x0
 555 003f 06       		.uleb128 0x6
 556 0040 0F       		.uleb128 0xf
 557 0041 00       		.byte	0x0
 558 0042 0B       		.uleb128 0xb
 559 0043 0B       		.uleb128 0xb
 560 0044 49       		.uleb128 0x49
 561 0045 13       		.uleb128 0x13
 562 0046 00       		.byte	0x0
 563 0047 00       		.byte	0x0
ARM GAS  /tmp/ccBtDQrf.s 			page 11


 564 0048 07       		.uleb128 0x7
 565 0049 2E       		.uleb128 0x2e
 566 004a 01       		.byte	0x1
 567 004b 3F       		.uleb128 0x3f
 568 004c 0C       		.uleb128 0xc
 569 004d 03       		.uleb128 0x3
 570 004e 0E       		.uleb128 0xe
 571 004f 3A       		.uleb128 0x3a
 572 0050 0B       		.uleb128 0xb
 573 0051 3B       		.uleb128 0x3b
 574 0052 0B       		.uleb128 0xb
 575 0053 27       		.uleb128 0x27
 576 0054 0C       		.uleb128 0xc
 577 0055 11       		.uleb128 0x11
 578 0056 01       		.uleb128 0x1
 579 0057 12       		.uleb128 0x12
 580 0058 01       		.uleb128 0x1
 581 0059 40       		.uleb128 0x40
 582 005a 0A       		.uleb128 0xa
 583 005b 01       		.uleb128 0x1
 584 005c 13       		.uleb128 0x13
 585 005d 00       		.byte	0x0
 586 005e 00       		.byte	0x0
 587 005f 08       		.uleb128 0x8
 588 0060 34       		.uleb128 0x34
 589 0061 00       		.byte	0x0
 590 0062 03       		.uleb128 0x3
 591 0063 0E       		.uleb128 0xe
 592 0064 3A       		.uleb128 0x3a
 593 0065 0B       		.uleb128 0xb
 594 0066 3B       		.uleb128 0x3b
 595 0067 0B       		.uleb128 0xb
 596 0068 49       		.uleb128 0x49
 597 0069 13       		.uleb128 0x13
 598 006a 3F       		.uleb128 0x3f
 599 006b 0C       		.uleb128 0xc
 600 006c 3C       		.uleb128 0x3c
 601 006d 0C       		.uleb128 0xc
 602 006e 00       		.byte	0x0
 603 006f 00       		.byte	0x0
 604 0070 09       		.uleb128 0x9
 605 0071 01       		.uleb128 0x1
 606 0072 01       		.byte	0x1
 607 0073 49       		.uleb128 0x49
 608 0074 13       		.uleb128 0x13
 609 0075 01       		.uleb128 0x1
 610 0076 13       		.uleb128 0x13
 611 0077 00       		.byte	0x0
 612 0078 00       		.byte	0x0
 613 0079 0A       		.uleb128 0xa
 614 007a 21       		.uleb128 0x21
 615 007b 00       		.byte	0x0
 616 007c 00       		.byte	0x0
 617 007d 00       		.byte	0x0
 618 007e 0B       		.uleb128 0xb
 619 007f 2E       		.uleb128 0x2e
 620 0080 01       		.byte	0x1
ARM GAS  /tmp/ccBtDQrf.s 			page 12


 621 0081 3F       		.uleb128 0x3f
 622 0082 0C       		.uleb128 0xc
 623 0083 03       		.uleb128 0x3
 624 0084 0E       		.uleb128 0xe
 625 0085 3A       		.uleb128 0x3a
 626 0086 0B       		.uleb128 0xb
 627 0087 3B       		.uleb128 0x3b
 628 0088 0B       		.uleb128 0xb
 629 0089 27       		.uleb128 0x27
 630 008a 0C       		.uleb128 0xc
 631 008b 49       		.uleb128 0x49
 632 008c 13       		.uleb128 0x13
 633 008d 11       		.uleb128 0x11
 634 008e 01       		.uleb128 0x1
 635 008f 12       		.uleb128 0x12
 636 0090 01       		.uleb128 0x1
 637 0091 40       		.uleb128 0x40
 638 0092 06       		.uleb128 0x6
 639 0093 01       		.uleb128 0x1
 640 0094 13       		.uleb128 0x13
 641 0095 00       		.byte	0x0
 642 0096 00       		.byte	0x0
 643 0097 0C       		.uleb128 0xc
 644 0098 05       		.uleb128 0x5
 645 0099 00       		.byte	0x0
 646 009a 03       		.uleb128 0x3
 647 009b 0E       		.uleb128 0xe
 648 009c 3A       		.uleb128 0x3a
 649 009d 0B       		.uleb128 0xb
 650 009e 3B       		.uleb128 0x3b
 651 009f 0B       		.uleb128 0xb
 652 00a0 49       		.uleb128 0x49
 653 00a1 13       		.uleb128 0x13
 654 00a2 02       		.uleb128 0x2
 655 00a3 06       		.uleb128 0x6
 656 00a4 00       		.byte	0x0
 657 00a5 00       		.byte	0x0
 658 00a6 0D       		.uleb128 0xd
 659 00a7 34       		.uleb128 0x34
 660 00a8 00       		.byte	0x0
 661 00a9 03       		.uleb128 0x3
 662 00aa 08       		.uleb128 0x8
 663 00ab 3A       		.uleb128 0x3a
 664 00ac 0B       		.uleb128 0xb
 665 00ad 3B       		.uleb128 0x3b
 666 00ae 0B       		.uleb128 0xb
 667 00af 49       		.uleb128 0x49
 668 00b0 13       		.uleb128 0x13
 669 00b1 02       		.uleb128 0x2
 670 00b2 06       		.uleb128 0x6
 671 00b3 00       		.byte	0x0
 672 00b4 00       		.byte	0x0
 673 00b5 0E       		.uleb128 0xe
 674 00b6 2E       		.uleb128 0x2e
 675 00b7 00       		.byte	0x0
 676 00b8 3F       		.uleb128 0x3f
 677 00b9 0C       		.uleb128 0xc
ARM GAS  /tmp/ccBtDQrf.s 			page 13


 678 00ba 03       		.uleb128 0x3
 679 00bb 0E       		.uleb128 0xe
 680 00bc 3A       		.uleb128 0x3a
 681 00bd 0B       		.uleb128 0xb
 682 00be 3B       		.uleb128 0x3b
 683 00bf 0B       		.uleb128 0xb
 684 00c0 27       		.uleb128 0x27
 685 00c1 0C       		.uleb128 0xc
 686 00c2 49       		.uleb128 0x49
 687 00c3 13       		.uleb128 0x13
 688 00c4 11       		.uleb128 0x11
 689 00c5 01       		.uleb128 0x1
 690 00c6 12       		.uleb128 0x12
 691 00c7 01       		.uleb128 0x1
 692 00c8 40       		.uleb128 0x40
 693 00c9 0A       		.uleb128 0xa
 694 00ca 00       		.byte	0x0
 695 00cb 00       		.byte	0x0
 696 00cc 0F       		.uleb128 0xf
 697 00cd 34       		.uleb128 0x34
 698 00ce 00       		.byte	0x0
 699 00cf 03       		.uleb128 0x3
 700 00d0 0E       		.uleb128 0xe
 701 00d1 3A       		.uleb128 0x3a
 702 00d2 0B       		.uleb128 0xb
 703 00d3 3B       		.uleb128 0x3b
 704 00d4 0B       		.uleb128 0xb
 705 00d5 49       		.uleb128 0x49
 706 00d6 13       		.uleb128 0x13
 707 00d7 02       		.uleb128 0x2
 708 00d8 0A       		.uleb128 0xa
 709 00d9 00       		.byte	0x0
 710 00da 00       		.byte	0x0
 711 00db 00       		.byte	0x0
 712              		.section	.debug_pubnames,"",%progbits
 713 0000 4F000000 		.4byte	0x4f
 714 0004 0200     		.2byte	0x2
 715 0006 00000000 		.4byte	.Ldebug_info0
 716 000a 9B010000 		.4byte	0x19b
 717 000e 94000000 		.4byte	0x94
 718 0012 5F636F72 		.ascii	"_core_init\000"
 718      655F696E 
 718      697400
 719 001d D2000000 		.4byte	0xd2
 720 0021 6368436F 		.ascii	"chCoreAllocI\000"
 720      7265416C 
 720      6C6F6349 
 720      00
 721 002e 0C010000 		.4byte	0x10c
 722 0032 6368436F 		.ascii	"chCoreAlloc\000"
 722      7265416C 
 722      6C6F6300 
 723 003e 46010000 		.4byte	0x146
 724 0042 6368436F 		.ascii	"chCoreStatus\000"
 724      72655374 
 724      61747573 
 724      00
ARM GAS  /tmp/ccBtDQrf.s 			page 14


 725 004f 00000000 		.4byte	0x0
 726              		.section	.debug_pubtypes,"",%progbits
 727 0000 25000000 		.4byte	0x25
 728 0004 0200     		.2byte	0x2
 729 0006 00000000 		.4byte	.Ldebug_info0
 730 000a 9B010000 		.4byte	0x19b
 731 000e 30000000 		.4byte	0x30
 732 0012 73697A65 		.ascii	"size_t\000"
 732      5F7400
 733 0019 49000000 		.4byte	0x49
 734 001d 75696E74 		.ascii	"uint8_t\000"
 734      385F7400 
 735 0025 00000000 		.4byte	0x0
 736              		.section	.debug_aranges,"",%progbits
 737 0000 34000000 		.4byte	0x34
 738 0004 0200     		.2byte	0x2
 739 0006 00000000 		.4byte	.Ldebug_info0
 740 000a 04       		.byte	0x4
 741 000b 00       		.byte	0x0
 742 000c 0000     		.2byte	0x0
 743 000e 0000     		.2byte	0x0
 744 0010 00000000 		.4byte	.LFB0
 745 0014 28000000 		.4byte	.LFE0-.LFB0
 746 0018 00000000 		.4byte	.LFB2
 747 001c 30000000 		.4byte	.LFE2-.LFB2
 748 0020 00000000 		.4byte	.LFB1
 749 0024 20000000 		.4byte	.LFE1-.LFB1
 750 0028 00000000 		.4byte	.LFB3
 751 002c 14000000 		.4byte	.LFE3-.LFB3
 752 0030 00000000 		.4byte	0x0
 753 0034 00000000 		.4byte	0x0
 754              		.section	.debug_ranges,"",%progbits
 755              	.Ldebug_ranges0:
 756 0000 00000000 		.4byte	.LFB0
 757 0004 28000000 		.4byte	.LFE0
 758 0008 00000000 		.4byte	.LFB2
 759 000c 30000000 		.4byte	.LFE2
 760 0010 00000000 		.4byte	.LFB1
 761 0014 20000000 		.4byte	.LFE1
 762 0018 00000000 		.4byte	.LFB3
 763 001c 14000000 		.4byte	.LFE3
 764 0020 00000000 		.4byte	0x0
 765 0024 00000000 		.4byte	0x0
 766              		.section	.debug_str,"MS",%progbits,1
 767              	.LASF9:
 768 0000 6C6F6E67 		.ascii	"long long int\000"
 768      206C6F6E 
 768      6720696E 
 768      7400
 769              	.LASF6:
 770 000e 73686F72 		.ascii	"short unsigned int\000"
 770      7420756E 
 770      7369676E 
 770      65642069 
 770      6E7400
 771              	.LASF19:
 772 0021 474E5520 		.ascii	"GNU C 4.5.2\000"
ARM GAS  /tmp/ccBtDQrf.s 			page 15


 772      4320342E 
 772      352E3200 
 773              	.LASF2:
 774 002d 73697A65 		.ascii	"size_t\000"
 774      5F7400
 775              	.LASF17:
 776 0034 6E657874 		.ascii	"nextmem\000"
 776      6D656D00 
 777              	.LASF13:
 778 003c 5F5F6865 		.ascii	"__heap_end__\000"
 778      61705F65 
 778      6E645F5F 
 778      00
 779              	.LASF12:
 780 0049 5F5F6865 		.ascii	"__heap_base__\000"
 780      61705F62 
 780      6173655F 
 780      5F00
 781              	.LASF8:
 782 0057 6C6F6E67 		.ascii	"long unsigned int\000"
 782      20756E73 
 782      69676E65 
 782      6420696E 
 782      7400
 783              	.LASF10:
 784 0069 6C6F6E67 		.ascii	"long long unsigned int\000"
 784      206C6F6E 
 784      6720756E 
 784      7369676E 
 784      65642069 
 785              	.LASF20:
 786 0080 2E2E2F63 		.ascii	"../chibios_2.4.x/os/kernel/src/chmemcore.c\000"
 786      68696269 
 786      6F735F32 
 786      2E342E78 
 786      2F6F732F 
 787              	.LASF21:
 788 00ab 2F686F6D 		.ascii	"/home/z80/projects/ipm/soft/firmware/valve\000"
 788      652F7A38 
 788      302F7072 
 788      6F6A6563 
 788      74732F69 
 789              	.LASF3:
 790 00d6 75696E74 		.ascii	"uint8_t\000"
 790      385F7400 
 791              	.LASF4:
 792 00de 756E7369 		.ascii	"unsigned char\000"
 792      676E6564 
 792      20636861 
 792      7200
 793              	.LASF11:
 794 00ec 63686172 		.ascii	"char\000"
 794      00
 795              	.LASF15:
 796 00f1 6368436F 		.ascii	"chCoreAlloc\000"
 796      7265416C 
 796      6C6F6300 
ARM GAS  /tmp/ccBtDQrf.s 			page 16


 797              	.LASF7:
 798 00fd 6C6F6E67 		.ascii	"long int\000"
 798      20696E74 
 798      00
 799              	.LASF18:
 800 0106 656E646D 		.ascii	"endmem\000"
 800      656D00
 801              	.LASF14:
 802 010d 6368436F 		.ascii	"chCoreAllocI\000"
 802      7265416C 
 802      6C6F6349 
 802      00
 803              	.LASF1:
 804 011a 7369676E 		.ascii	"signed char\000"
 804      65642063 
 804      68617200 
 805              	.LASF16:
 806 0126 73697A65 		.ascii	"size\000"
 806      00
 807              	.LASF22:
 808 012b 5F636F72 		.ascii	"_core_init\000"
 808      655F696E 
 808      697400
 809              	.LASF5:
 810 0136 73686F72 		.ascii	"short int\000"
 810      7420696E 
 810      7400
 811              	.LASF0:
 812 0140 756E7369 		.ascii	"unsigned int\000"
 812      676E6564 
 812      20696E74 
 812      00
 813              	.LASF23:
 814 014d 6368436F 		.ascii	"chCoreStatus\000"
 814      72655374 
 814      61747573 
 814      00
 815              		.ident	"GCC: (Sourcery G++ Lite 2011.03-42) 4.5.2"
ARM GAS  /tmp/ccBtDQrf.s 			page 17


DEFINED SYMBOLS
                            *ABS*:00000000 chmemcore.c
     /tmp/ccBtDQrf.s:24     .text._core_init:00000000 $t
     /tmp/ccBtDQrf.s:30     .text._core_init:00000000 _core_init
     /tmp/ccBtDQrf.s:57     .text._core_init:00000018 $d
     /tmp/ccBtDQrf.s:65     .text.chCoreAllocI:00000000 $t
     /tmp/ccBtDQrf.s:71     .text.chCoreAllocI:00000000 chCoreAllocI
     /tmp/ccBtDQrf.s:119    .text.chCoreAllocI:00000028 $d
     /tmp/ccBtDQrf.s:125    .text.chCoreAlloc:00000000 $t
     /tmp/ccBtDQrf.s:131    .text.chCoreAlloc:00000000 chCoreAlloc
     /tmp/ccBtDQrf.s:171    .text.chCoreStatus:00000000 $t
     /tmp/ccBtDQrf.s:177    .text.chCoreStatus:00000000 chCoreStatus
     /tmp/ccBtDQrf.s:195    .text.chCoreStatus:0000000c $d
     /tmp/ccBtDQrf.s:201    .bss.endmem:00000000 $d
     /tmp/ccBtDQrf.s:205    .bss.endmem:00000000 endmem
     /tmp/ccBtDQrf.s:208    .bss.nextmem:00000000 $d
     /tmp/ccBtDQrf.s:212    .bss.nextmem:00000000 nextmem
                     .debug_frame:00000010 $d
     /tmp/ccBtDQrf.s:64     .text._core_init:00000028 $t
     /tmp/ccBtDQrf.s:200    .text.chCoreStatus:00000014 $t

UNDEFINED SYMBOLS
__heap_base__
__heap_end__
chDbgCheckClassI
_port_lock
dbg_check_lock
dbg_check_unlock
_port_unlock
