ARM GAS  /tmp/ccJbf2W6.s 			page 1


   1              		.syntax unified
   2              		.cpu cortex-m3
   3              		.fpu softvfp
   4              		.eabi_attribute 20, 1
   5              		.eabi_attribute 21, 1
   6              		.eabi_attribute 23, 3
   7              		.eabi_attribute 24, 1
   8              		.eabi_attribute 25, 1
   9              		.eabi_attribute 26, 1
  10              		.eabi_attribute 30, 2
  11              		.eabi_attribute 18, 4
  12              		.thumb
  13              		.file	"chmsg.c"
  14              		.section	.debug_abbrev,"",%progbits
  15              	.Ldebug_abbrev0:
  16              		.section	.debug_info,"",%progbits
  17              	.Ldebug_info0:
  18              		.section	.debug_line,"",%progbits
  19              	.Ldebug_line0:
  20 0000 B8010000 		.text
  20      02005201 
  20      00000201 
  20      FB0E0D00 
  20      01010101 
  21              	.Ltext0:
  22              		.cfi_sections	.debug_frame
  23              		.section	.text.chMsgSend,"ax",%progbits
  24              		.align	2
  25              		.p2align 4,,15
  26              		.global	chMsgSend
  27              		.thumb
  28              		.thumb_func
  29              		.type	chMsgSend, %function
  30              	chMsgSend:
  31              	.LFB0:
  32              		.file 1 "../chibios_2.4.x/os/kernel/src/chmsg.c"
  33              		.loc 1 75 0
  34              		.cfi_startproc
  35              		@ args = 0, pretend = 0, frame = 0
  36              		@ frame_needed = 0, uses_anonymous_args = 0
  37              	.LVL0:
  38              		.loc 1 76 0
  39 0000 134B     		ldr	r3, .L7
  40              		.loc 1 75 0
  41 0002 70B5     		push	{r4, r5, r6, lr}
  42              	.LCFI0:
  43              		.cfi_def_cfa_offset 16
  44              		.loc 1 78 0
  45 0004 0546     		mov	r5, r0
  46              		.cfi_offset 14, -4
  47              		.cfi_offset 6, -8
  48              		.cfi_offset 5, -12
  49              		.cfi_offset 4, -16
  50              		.loc 1 75 0
  51 0006 0E46     		mov	r6, r1
  52              		.loc 1 76 0
  53 0008 DC69     		ldr	r4, [r3, #28]
ARM GAS  /tmp/ccJbf2W6.s 			page 2


  54              	.LVL1:
  55              		.loc 1 78 0
  56 000a E0B1     		cbz	r0, .L5
  57              	.LVL2:
  58              	.L2:
  59              		.loc 1 80 0
  60              	@ 80 "../chibios_2.4.x/os/kernel/src/chmsg.c" 1
  61 000c FFF7FEFF 		bl      _port_lock
  62              	@ 0 "" 2
  63              		.thumb
  64 0010 FFF7FEFF 		bl	dbg_check_lock
  65              		.loc 1 82 0
  66 0014 05F13001 		add	r1, r5, #48
  67              		.loc 1 83 0
  68 0018 2046     		mov	r0, r4
  69              		.loc 1 81 0
  70 001a A663     		str	r6, [r4, #56]
  71              		.loc 1 82 0
  72 001c A162     		str	r1, [r4, #40]
  73              		.loc 1 83 0
  74 001e FFF7FEFF 		bl	queue_insert
  75              		.loc 1 84 0
  76 0022 95F82000 		ldrb	r0, [r5, #32]	@ zero_extendqisi2
  77 0026 0C28     		cmp	r0, #12
  78 0028 09D0     		beq	.L6
  79              	.L3:
  80              		.loc 1 86 0
  81 002a 0A20     		movs	r0, #10
  82 002c FFF7FEFF 		bl	chSchGoSleepS
  83              		.loc 1 87 0
  84 0030 A46A     		ldr	r4, [r4, #40]
  85              	.LVL3:
  86              		.loc 1 88 0
  87 0032 FFF7FEFF 		bl	dbg_check_unlock
  88              	@ 88 "../chibios_2.4.x/os/kernel/src/chmsg.c" 1
  89 0036 FFF7FEFF 		bl      _port_unlock
  90              	@ 0 "" 2
  91              		.loc 1 90 0
  92              		.thumb
  93 003a 2046     		mov	r0, r4
  94 003c 70BD     		pop	{r4, r5, r6, pc}
  95              	.LVL4:
  96              	.L6:
  97              		.loc 1 85 0
  98 003e 2846     		mov	r0, r5
  99 0040 FFF7FEFF 		bl	chSchReadyI
 100 0044 F1E7     		b	.L3
 101              	.L5:
 102              		.loc 1 78 0 discriminator 1
 103 0046 0348     		ldr	r0, .L7+4
 104 0048 FFF7FEFF 		bl	chDbgPanic
 105 004c DEE7     		b	.L2
 106              	.L8:
 107 004e 00BF     		.align	2
 108              	.L7:
 109 0050 00000000 		.word	rlist
 110 0054 00000000 		.word	.LC0
ARM GAS  /tmp/ccJbf2W6.s 			page 3


 111              		.cfi_endproc
 112              	.LFE0:
 113              		.size	chMsgSend, .-chMsgSend
 114 0058 AFF30080 		.section	.text.chMsgWait,"ax",%progbits
 114      AFF30080 
 115              		.align	2
 116              		.p2align 4,,15
 117              		.global	chMsgWait
 118              		.thumb
 119              		.thumb_func
 120              		.type	chMsgWait, %function
 121              	chMsgWait:
 122              	.LFB1:
 123              		.loc 1 106 0
 124              		.cfi_startproc
 125              		@ args = 0, pretend = 0, frame = 0
 126              		@ frame_needed = 0, uses_anonymous_args = 0
 127 0000 10B5     		push	{r4, lr}
 128              	.LCFI1:
 129              		.cfi_def_cfa_offset 8
 130              		.loc 1 109 0
 131              	@ 109 "../chibios_2.4.x/os/kernel/src/chmsg.c" 1
 132 0002 FFF7FEFF 		bl      _port_lock
 133              	@ 0 "" 2
 134              		.loc 1 110 0
 135              		.thumb
 136 0006 0D4C     		ldr	r4, .L12
 137              		.cfi_offset 14, -4
 138              		.cfi_offset 4, -8
 139              		.loc 1 109 0
 140 0008 FFF7FEFF 		bl	dbg_check_lock
 141              		.loc 1 110 0
 142 000c E069     		ldr	r0, [r4, #28]
 143 000e 036B     		ldr	r3, [r0, #48]
 144 0010 3030     		adds	r0, r0, #48
 145 0012 8342     		cmp	r3, r0
 146 0014 0BD0     		beq	.L11
 147              	.L10:
 148              		.loc 1 112 0
 149 0016 FFF7FEFF 		bl	fifo_remove
 150              		.loc 1 113 0
 151 001a 0B21     		movs	r1, #11
 152 001c 80F82010 		strb	r1, [r0, #32]
 153              		.loc 1 112 0
 154 0020 0446     		mov	r4, r0
 155              	.LVL5:
 156              		.loc 1 114 0
 157 0022 FFF7FEFF 		bl	dbg_check_unlock
 158              	.LVL6:
 159              	@ 114 "../chibios_2.4.x/os/kernel/src/chmsg.c" 1
 160 0026 FFF7FEFF 		bl      _port_unlock
 161              	@ 0 "" 2
 162              		.loc 1 116 0
 163              		.thumb
 164 002a 2046     		mov	r0, r4
 165 002c 10BD     		pop	{r4, pc}
 166              	.LVL7:
ARM GAS  /tmp/ccJbf2W6.s 			page 4


 167              	.L11:
 168              		.loc 1 111 0
 169 002e 0C20     		movs	r0, #12
 170 0030 FFF7FEFF 		bl	chSchGoSleepS
 171 0034 E069     		ldr	r0, [r4, #28]
 172 0036 3030     		adds	r0, r0, #48
 173 0038 EDE7     		b	.L10
 174              	.L13:
 175 003a 00BF     		.align	2
 176              	.L12:
 177 003c 00000000 		.word	rlist
 178              		.cfi_endproc
 179              	.LFE1:
 180              		.size	chMsgWait, .-chMsgWait
 181              		.section	.text.chMsgRelease,"ax",%progbits
 182              		.align	2
 183              		.p2align 4,,15
 184              		.global	chMsgRelease
 185              		.thumb
 186              		.thumb_func
 187              		.type	chMsgRelease, %function
 188              	chMsgRelease:
 189              	.LFB2:
 190              		.loc 1 128 0
 191              		.cfi_startproc
 192              		@ args = 0, pretend = 0, frame = 0
 193              		@ frame_needed = 0, uses_anonymous_args = 0
 194              	.LVL8:
 195 0000 38B5     		push	{r3, r4, r5, lr}
 196              	.LCFI2:
 197              		.cfi_def_cfa_offset 16
 198              		.loc 1 128 0
 199 0002 0446     		mov	r4, r0
 200              		.cfi_offset 14, -4
 201              		.cfi_offset 5, -8
 202              		.cfi_offset 4, -12
 203              		.cfi_offset 3, -16
 204 0004 0D46     		mov	r5, r1
 205              		.loc 1 130 0
 206              	@ 130 "../chibios_2.4.x/os/kernel/src/chmsg.c" 1
 207 0006 FFF7FEFF 		bl      _port_lock
 208              	@ 0 "" 2
 209              		.thumb
 210 000a FFF7FEFF 		bl	dbg_check_lock
 211              	.LVL9:
 212              		.loc 1 131 0
 213 000e 94F82030 		ldrb	r3, [r4, #32]	@ zero_extendqisi2
 214 0012 0B2B     		cmp	r3, #11
 215 0014 02D0     		beq	.L15
 216              		.loc 1 131 0 is_stmt 0 discriminator 1
 217 0016 0648     		ldr	r0, .L16
 218 0018 FFF7FEFF 		bl	chDbgPanic
 219              	.L15:
 220              		.loc 1 133 0 is_stmt 1
 221 001c 2046     		mov	r0, r4
 222 001e 2946     		mov	r1, r5
 223 0020 FFF7FEFF 		bl	chSchWakeupS
ARM GAS  /tmp/ccJbf2W6.s 			page 5


 224              		.loc 1 134 0
 225 0024 FFF7FEFF 		bl	dbg_check_unlock
 226              	@ 134 "../chibios_2.4.x/os/kernel/src/chmsg.c" 1
 227 0028 FFF7FEFF 		bl      _port_unlock
 228              	@ 0 "" 2
 229              		.loc 1 135 0
 230              		.thumb
 231 002c 38BD     		pop	{r3, r4, r5, pc}
 232              	.L17:
 233 002e 00BF     		.align	2
 234              	.L16:
 235 0030 10000000 		.word	.LC1
 236              		.cfi_endproc
 237              	.LFE2:
 238              		.size	chMsgRelease, .-chMsgRelease
 239 0034 AFF30080 		.section	.rodata.str1.4,"aMS",%progbits,1
 239      AFF30080 
 239      AFF30080 
 240              		.align	2
 241              	.LC0:
 242 0000 2263684D 		.ascii	"\"chMsgSend\"()\000"
 242      73675365 
 242      6E642228 
 242      2900
 243 000e 0000     		.space	2
 244              	.LC1:
 245 0010 63684D73 		.ascii	"chMsgRelease(), #1\000"
 245      6752656C 
 245      65617365 
 245      28292C20 
 245      233100
 246 0023 00       		.text
 247              	.Letext0:
 248              		.section	.debug_loc,"",%progbits
 249              	.Ldebug_loc0:
 250              	.LLST0:
 251 0000 00000000 		.4byte	.LFB0
 252 0004 04000000 		.4byte	.LCFI0
 253 0008 0200     		.2byte	0x2
 254 000a 7D       		.byte	0x7d
 255 000b 00       		.sleb128 0
 256 000c 04000000 		.4byte	.LCFI0
 257 0010 58000000 		.4byte	.LFE0
 258 0014 0200     		.2byte	0x2
 259 0016 7D       		.byte	0x7d
 260 0017 10       		.sleb128 16
 261 0018 00000000 		.4byte	0x0
 262 001c 00000000 		.4byte	0x0
 263              	.LLST1:
 264 0020 00000000 		.4byte	.LVL0
 265 0024 0C000000 		.4byte	.LVL2
 266 0028 0100     		.2byte	0x1
 267 002a 50       		.byte	0x50
 268 002b 0C000000 		.4byte	.LVL2
 269 002f 58000000 		.4byte	.LFE0
 270 0033 0100     		.2byte	0x1
 271 0035 55       		.byte	0x55
ARM GAS  /tmp/ccJbf2W6.s 			page 6


 272 0036 00000000 		.4byte	0x0
 273 003a 00000000 		.4byte	0x0
 274              	.LLST2:
 275 003e 00000000 		.4byte	.LVL0
 276 0042 0C000000 		.4byte	.LVL2
 277 0046 0100     		.2byte	0x1
 278 0048 51       		.byte	0x51
 279 0049 0C000000 		.4byte	.LVL2
 280 004d 32000000 		.4byte	.LVL3
 281 0051 0100     		.2byte	0x1
 282 0053 56       		.byte	0x56
 283 0054 32000000 		.4byte	.LVL3
 284 0058 3E000000 		.4byte	.LVL4
 285 005c 0100     		.2byte	0x1
 286 005e 54       		.byte	0x54
 287 005f 3E000000 		.4byte	.LVL4
 288 0063 58000000 		.4byte	.LFE0
 289 0067 0100     		.2byte	0x1
 290 0069 56       		.byte	0x56
 291 006a 00000000 		.4byte	0x0
 292 006e 00000000 		.4byte	0x0
 293              	.LLST3:
 294 0072 0A000000 		.4byte	.LVL1
 295 0076 0C000000 		.4byte	.LVL2
 296 007a 0200     		.2byte	0x2
 297 007c 73       		.byte	0x73
 298 007d 1C       		.sleb128 28
 299 007e 0C000000 		.4byte	.LVL2
 300 0082 32000000 		.4byte	.LVL3
 301 0086 0100     		.2byte	0x1
 302 0088 54       		.byte	0x54
 303 0089 3E000000 		.4byte	.LVL4
 304 008d 58000000 		.4byte	.LFE0
 305 0091 0100     		.2byte	0x1
 306 0093 54       		.byte	0x54
 307 0094 00000000 		.4byte	0x0
 308 0098 00000000 		.4byte	0x0
 309              	.LLST4:
 310 009c 00000000 		.4byte	.LFB1
 311 00a0 02000000 		.4byte	.LCFI1
 312 00a4 0200     		.2byte	0x2
 313 00a6 7D       		.byte	0x7d
 314 00a7 00       		.sleb128 0
 315 00a8 02000000 		.4byte	.LCFI1
 316 00ac 40000000 		.4byte	.LFE1
 317 00b0 0200     		.2byte	0x2
 318 00b2 7D       		.byte	0x7d
 319 00b3 08       		.sleb128 8
 320 00b4 00000000 		.4byte	0x0
 321 00b8 00000000 		.4byte	0x0
 322              	.LLST5:
 323 00bc 22000000 		.4byte	.LVL5
 324 00c0 25000000 		.4byte	.LVL6-1
 325 00c4 0100     		.2byte	0x1
 326 00c6 50       		.byte	0x50
 327 00c7 25000000 		.4byte	.LVL6-1
 328 00cb 2E000000 		.4byte	.LVL7
ARM GAS  /tmp/ccJbf2W6.s 			page 7


 329 00cf 0100     		.2byte	0x1
 330 00d1 54       		.byte	0x54
 331 00d2 00000000 		.4byte	0x0
 332 00d6 00000000 		.4byte	0x0
 333              	.LLST6:
 334 00da 00000000 		.4byte	.LFB2
 335 00de 02000000 		.4byte	.LCFI2
 336 00e2 0200     		.2byte	0x2
 337 00e4 7D       		.byte	0x7d
 338 00e5 00       		.sleb128 0
 339 00e6 02000000 		.4byte	.LCFI2
 340 00ea 34000000 		.4byte	.LFE2
 341 00ee 0200     		.2byte	0x2
 342 00f0 7D       		.byte	0x7d
 343 00f1 10       		.sleb128 16
 344 00f2 00000000 		.4byte	0x0
 345 00f6 00000000 		.4byte	0x0
 346              	.LLST7:
 347 00fa 00000000 		.4byte	.LVL8
 348 00fe 0D000000 		.4byte	.LVL9-1
 349 0102 0100     		.2byte	0x1
 350 0104 50       		.byte	0x50
 351 0105 0D000000 		.4byte	.LVL9-1
 352 0109 34000000 		.4byte	.LFE2
 353 010d 0100     		.2byte	0x1
 354 010f 54       		.byte	0x54
 355 0110 00000000 		.4byte	0x0
 356 0114 00000000 		.4byte	0x0
 357              	.LLST8:
 358 0118 00000000 		.4byte	.LVL8
 359 011c 0D000000 		.4byte	.LVL9-1
 360 0120 0100     		.2byte	0x1
 361 0122 51       		.byte	0x51
 362 0123 0D000000 		.4byte	.LVL9-1
 363 0127 34000000 		.4byte	.LFE2
 364 012b 0100     		.2byte	0x1
 365 012d 55       		.byte	0x55
 366 012e 00000000 		.4byte	0x0
 367 0132 00000000 		.4byte	0x0
 368              		.file 2 "/home/z80/programs/code-sourcery/2011.03-42/bin/../lib/gcc/arm-none-eabi/4.5.2/../../../.
 369              		.file 3 "../chibios_2.4.x/os/ports/GCC/ARMCMx/chtypes.h"
 370              		.file 4 "../chibios_2.4.x/os/kernel/include/chlists.h"
 371              		.file 5 "../chibios_2.4.x/os/kernel/include/chthreads.h"
 372              		.file 6 "../chibios_2.4.x/os/ports/GCC/ARMCMx/chcore_v7m.h"
 373              		.file 7 "../chibios_2.4.x/os/kernel/include/chschd.h"
 374              		.file 8 "../chibios_2.4.x/os/kernel/include/chmtx.h"
 375              		.section	.debug_info
 376 0000 1D050000 		.4byte	0x51d
 377 0004 0200     		.2byte	0x2
 378 0006 00000000 		.4byte	.Ldebug_abbrev0
 379 000a 04       		.byte	0x4
 380 000b 01       		.uleb128 0x1
 381 000c 9D020000 		.4byte	.LASF67
 382 0010 01       		.byte	0x1
 383 0011 50020000 		.4byte	.LASF68
 384 0015 BA000000 		.4byte	.LASF69
 385 0019 00000000 		.4byte	0x0
ARM GAS  /tmp/ccJbf2W6.s 			page 8


 386 001d 00000000 		.4byte	0x0
 387 0021 00000000 		.4byte	.Ldebug_ranges0+0x0
 388 0025 00000000 		.4byte	.Ldebug_line0
 389 0029 02       		.uleb128 0x2
 390 002a 04       		.byte	0x4
 391 002b 05       		.byte	0x5
 392 002c 696E7400 		.ascii	"int\000"
 393 0030 03       		.uleb128 0x3
 394 0031 04       		.byte	0x4
 395 0032 07       		.byte	0x7
 396 0033 AD000000 		.4byte	.LASF0
 397 0037 03       		.uleb128 0x3
 398 0038 01       		.byte	0x1
 399 0039 06       		.byte	0x6
 400 003a 4B000000 		.4byte	.LASF1
 401 003e 04       		.uleb128 0x4
 402 003f 8E020000 		.4byte	.LASF5
 403 0043 02       		.byte	0x2
 404 0044 2A       		.byte	0x2a
 405 0045 49000000 		.4byte	0x49
 406 0049 03       		.uleb128 0x3
 407 004a 01       		.byte	0x1
 408 004b 08       		.byte	0x8
 409 004c 95010000 		.4byte	.LASF2
 410 0050 03       		.uleb128 0x3
 411 0051 02       		.byte	0x2
 412 0052 05       		.byte	0x5
 413 0053 AD010000 		.4byte	.LASF3
 414 0057 03       		.uleb128 0x3
 415 0058 02       		.byte	0x2
 416 0059 07       		.byte	0x7
 417 005a FF000000 		.4byte	.LASF4
 418 005e 04       		.uleb128 0x4
 419 005f 8D010000 		.4byte	.LASF6
 420 0063 02       		.byte	0x2
 421 0064 4F       		.byte	0x4f
 422 0065 69000000 		.4byte	0x69
 423 0069 03       		.uleb128 0x3
 424 006a 04       		.byte	0x4
 425 006b 05       		.byte	0x5
 426 006c 67000000 		.4byte	.LASF7
 427 0070 04       		.uleb128 0x4
 428 0071 FB010000 		.4byte	.LASF8
 429 0075 02       		.byte	0x2
 430 0076 50       		.byte	0x50
 431 0077 7B000000 		.4byte	0x7b
 432 007b 03       		.uleb128 0x3
 433 007c 04       		.byte	0x4
 434 007d 07       		.byte	0x7
 435 007e E5000000 		.4byte	.LASF9
 436 0082 03       		.uleb128 0x3
 437 0083 08       		.byte	0x8
 438 0084 05       		.byte	0x5
 439 0085 3D000000 		.4byte	.LASF10
 440 0089 04       		.uleb128 0x4
 441 008a 0D000000 		.4byte	.LASF11
 442 008e 02       		.byte	0x2
ARM GAS  /tmp/ccJbf2W6.s 			page 9


 443 008f 78       		.byte	0x78
 444 0090 94000000 		.4byte	0x94
 445 0094 03       		.uleb128 0x3
 446 0095 08       		.byte	0x8
 447 0096 07       		.byte	0x7
 448 0097 16000000 		.4byte	.LASF12
 449 009b 04       		.uleb128 0x4
 450 009c 18010000 		.4byte	.LASF13
 451 00a0 03       		.byte	0x3
 452 00a1 2F       		.byte	0x2f
 453 00a2 3E000000 		.4byte	0x3e
 454 00a6 04       		.uleb128 0x4
 455 00a7 7A000000 		.4byte	.LASF14
 456 00ab 03       		.byte	0x3
 457 00ac 30       		.byte	0x30
 458 00ad 3E000000 		.4byte	0x3e
 459 00b1 04       		.uleb128 0x4
 460 00b2 76010000 		.4byte	.LASF15
 461 00b6 03       		.byte	0x3
 462 00b7 31       		.byte	0x31
 463 00b8 3E000000 		.4byte	0x3e
 464 00bc 04       		.uleb128 0x4
 465 00bd 85010000 		.4byte	.LASF16
 466 00c1 03       		.byte	0x3
 467 00c2 32       		.byte	0x32
 468 00c3 70000000 		.4byte	0x70
 469 00c7 04       		.uleb128 0x4
 470 00c8 12010000 		.4byte	.LASF17
 471 00cc 03       		.byte	0x3
 472 00cd 33       		.byte	0x33
 473 00ce 5E000000 		.4byte	0x5e
 474 00d2 04       		.uleb128 0x4
 475 00d3 2C010000 		.4byte	.LASF18
 476 00d7 03       		.byte	0x3
 477 00d8 35       		.byte	0x35
 478 00d9 70000000 		.4byte	0x70
 479 00dd 04       		.uleb128 0x4
 480 00de 18020000 		.4byte	.LASF19
 481 00e2 03       		.byte	0x3
 482 00e3 36       		.byte	0x36
 483 00e4 70000000 		.4byte	0x70
 484 00e8 04       		.uleb128 0x4
 485 00e9 9C000000 		.4byte	.LASF20
 486 00ed 03       		.byte	0x3
 487 00ee 37       		.byte	0x37
 488 00ef 5E000000 		.4byte	0x5e
 489 00f3 04       		.uleb128 0x4
 490 00f4 DC010000 		.4byte	.LASF21
 491 00f8 04       		.byte	0x4
 492 00f9 2A       		.byte	0x2a
 493 00fa FE000000 		.4byte	0xfe
 494 00fe 05       		.uleb128 0x5
 495 00ff DC010000 		.4byte	.LASF21
 496 0103 4C       		.byte	0x4c
 497 0104 05       		.byte	0x5
 498 0105 5E       		.byte	0x5e
 499 0106 23020000 		.4byte	0x223
ARM GAS  /tmp/ccJbf2W6.s 			page 10


 500 010a 06       		.uleb128 0x6
 501 010b CD010000 		.4byte	.LASF22
 502 010f 05       		.byte	0x5
 503 0110 5F       		.byte	0x5f
 504 0111 48020000 		.4byte	0x248
 505 0115 02       		.byte	0x2
 506 0116 23       		.byte	0x23
 507 0117 00       		.uleb128 0x0
 508 0118 06       		.uleb128 0x6
 509 0119 7E010000 		.4byte	.LASF23
 510 011d 05       		.byte	0x5
 511 011e 61       		.byte	0x61
 512 011f 48020000 		.4byte	0x248
 513 0123 02       		.byte	0x2
 514 0124 23       		.byte	0x23
 515 0125 04       		.uleb128 0x4
 516 0126 06       		.uleb128 0x6
 517 0127 36000000 		.4byte	.LASF24
 518 012b 05       		.byte	0x5
 519 012c 63       		.byte	0x63
 520 012d BC000000 		.4byte	0xbc
 521 0131 02       		.byte	0x2
 522 0132 23       		.byte	0x23
 523 0133 08       		.uleb128 0x8
 524 0134 06       		.uleb128 0x6
 525 0135 C2020000 		.4byte	.LASF25
 526 0139 05       		.byte	0x5
 527 013a 64       		.byte	0x64
 528 013b 20030000 		.4byte	0x320
 529 013f 02       		.byte	0x2
 530 0140 23       		.byte	0x23
 531 0141 0C       		.uleb128 0xc
 532 0142 06       		.uleb128 0x6
 533 0143 83000000 		.4byte	.LASF26
 534 0147 05       		.byte	0x5
 535 0148 66       		.byte	0x66
 536 0149 48020000 		.4byte	0x248
 537 014d 02       		.byte	0x2
 538 014e 23       		.byte	0x23
 539 014f 10       		.uleb128 0x10
 540 0150 06       		.uleb128 0x6
 541 0151 49010000 		.4byte	.LASF27
 542 0155 05       		.byte	0x5
 543 0156 67       		.byte	0x67
 544 0157 48020000 		.4byte	0x248
 545 015b 02       		.byte	0x2
 546 015c 23       		.byte	0x23
 547 015d 14       		.uleb128 0x14
 548 015e 06       		.uleb128 0x6
 549 015f A9020000 		.4byte	.LASF28
 550 0163 05       		.byte	0x5
 551 0164 6E       		.byte	0x6e
 552 0165 3B040000 		.4byte	0x43b
 553 0169 02       		.byte	0x2
 554 016a 23       		.byte	0x23
 555 016b 18       		.uleb128 0x18
 556 016c 06       		.uleb128 0x6
ARM GAS  /tmp/ccJbf2W6.s 			page 11


 557 016d A2000000 		.4byte	.LASF29
 558 0171 05       		.byte	0x5
 559 0172 74       		.byte	0x74
 560 0173 4D040000 		.4byte	0x44d
 561 0177 02       		.byte	0x2
 562 0178 23       		.byte	0x23
 563 0179 1C       		.uleb128 0x1c
 564 017a 06       		.uleb128 0x6
 565 017b B7010000 		.4byte	.LASF30
 566 017f 05       		.byte	0x5
 567 0180 79       		.byte	0x79
 568 0181 A6000000 		.4byte	0xa6
 569 0185 02       		.byte	0x2
 570 0186 23       		.byte	0x23
 571 0187 20       		.uleb128 0x20
 572 0188 06       		.uleb128 0x6
 573 0189 D4010000 		.4byte	.LASF31
 574 018d 05       		.byte	0x5
 575 018e 7D       		.byte	0x7d
 576 018f 9B000000 		.4byte	0x9b
 577 0193 02       		.byte	0x2
 578 0194 23       		.byte	0x23
 579 0195 21       		.uleb128 0x21
 580 0196 06       		.uleb128 0x6
 581 0197 77020000 		.4byte	.LASF32
 582 019b 05       		.byte	0x5
 583 019c 82       		.byte	0x82
 584 019d B1000000 		.4byte	0xb1
 585 01a1 02       		.byte	0x2
 586 01a2 23       		.byte	0x23
 587 01a3 22       		.uleb128 0x22
 588 01a4 06       		.uleb128 0x6
 589 01a5 2D020000 		.4byte	.LASF33
 590 01a9 05       		.byte	0x5
 591 01aa 89       		.byte	0x89
 592 01ab 43030000 		.4byte	0x343
 593 01af 02       		.byte	0x2
 594 01b0 23       		.byte	0x23
 595 01b1 24       		.uleb128 0x24
 596 01b2 07       		.uleb128 0x7
 597 01b3 705F7500 		.ascii	"p_u\000"
 598 01b7 05       		.byte	0x5
 599 01b8 AE       		.byte	0xae
 600 01b9 06040000 		.4byte	0x406
 601 01bd 02       		.byte	0x2
 602 01be 23       		.byte	0x23
 603 01bf 28       		.uleb128 0x28
 604 01c0 06       		.uleb128 0x6
 605 01c1 C8020000 		.4byte	.LASF34
 606 01c5 05       		.byte	0x5
 607 01c6 B3       		.byte	0xb3
 608 01c7 70020000 		.4byte	0x270
 609 01cb 02       		.byte	0x2
 610 01cc 23       		.byte	0x23
 611 01cd 2C       		.uleb128 0x2c
 612 01ce 06       		.uleb128 0x6
 613 01cf 3B020000 		.4byte	.LASF35
ARM GAS  /tmp/ccJbf2W6.s 			page 12


 614 01d3 05       		.byte	0x5
 615 01d4 B9       		.byte	0xb9
 616 01d5 4E020000 		.4byte	0x24e
 617 01d9 02       		.byte	0x2
 618 01da 23       		.byte	0x23
 619 01db 30       		.uleb128 0x30
 620 01dc 06       		.uleb128 0x6
 621 01dd 00000000 		.4byte	.LASF36
 622 01e1 05       		.byte	0x5
 623 01e2 BD       		.byte	0xbd
 624 01e3 C7000000 		.4byte	0xc7
 625 01e7 02       		.byte	0x2
 626 01e8 23       		.byte	0x23
 627 01e9 38       		.uleb128 0x38
 628 01ea 06       		.uleb128 0x6
 629 01eb F0010000 		.4byte	.LASF37
 630 01ef 05       		.byte	0x5
 631 01f0 C3       		.byte	0xc3
 632 01f1 D2000000 		.4byte	0xd2
 633 01f5 02       		.byte	0x2
 634 01f6 23       		.byte	0x23
 635 01f7 3C       		.uleb128 0x3c
 636 01f8 06       		.uleb128 0x6
 637 01f9 A3010000 		.4byte	.LASF38
 638 01fd 05       		.byte	0x5
 639 01fe CA       		.byte	0xca
 640 01ff 53040000 		.4byte	0x453
 641 0203 02       		.byte	0x2
 642 0204 23       		.byte	0x23
 643 0205 40       		.uleb128 0x40
 644 0206 06       		.uleb128 0x6
 645 0207 22020000 		.4byte	.LASF39
 646 020b 05       		.byte	0x5
 647 020c CE       		.byte	0xce
 648 020d BC000000 		.4byte	0xbc
 649 0211 02       		.byte	0x2
 650 0212 23       		.byte	0x23
 651 0213 44       		.uleb128 0x44
 652 0214 06       		.uleb128 0x6
 653 0215 57000000 		.4byte	.LASF40
 654 0219 05       		.byte	0x5
 655 021a D4       		.byte	0xd4
 656 021b 86020000 		.4byte	0x286
 657 021f 02       		.byte	0x2
 658 0220 23       		.byte	0x23
 659 0221 48       		.uleb128 0x48
 660 0222 00       		.byte	0x0
 661 0223 08       		.uleb128 0x8
 662 0224 08       		.byte	0x8
 663 0225 04       		.byte	0x4
 664 0226 61       		.byte	0x61
 665 0227 48020000 		.4byte	0x248
 666 022b 06       		.uleb128 0x6
 667 022c CD010000 		.4byte	.LASF22
 668 0230 04       		.byte	0x4
 669 0231 62       		.byte	0x62
 670 0232 48020000 		.4byte	0x248
ARM GAS  /tmp/ccJbf2W6.s 			page 13


 671 0236 02       		.byte	0x2
 672 0237 23       		.byte	0x23
 673 0238 00       		.uleb128 0x0
 674 0239 06       		.uleb128 0x6
 675 023a 7E010000 		.4byte	.LASF23
 676 023e 04       		.byte	0x4
 677 023f 64       		.byte	0x64
 678 0240 48020000 		.4byte	0x248
 679 0244 02       		.byte	0x2
 680 0245 23       		.byte	0x23
 681 0246 04       		.uleb128 0x4
 682 0247 00       		.byte	0x0
 683 0248 09       		.uleb128 0x9
 684 0249 04       		.byte	0x4
 685 024a F3000000 		.4byte	0xf3
 686 024e 04       		.uleb128 0x4
 687 024f 57010000 		.4byte	.LASF41
 688 0253 04       		.byte	0x4
 689 0254 66       		.byte	0x66
 690 0255 23020000 		.4byte	0x223
 691 0259 08       		.uleb128 0x8
 692 025a 04       		.byte	0x4
 693 025b 04       		.byte	0x4
 694 025c 6B       		.byte	0x6b
 695 025d 70020000 		.4byte	0x270
 696 0261 06       		.uleb128 0x6
 697 0262 CD010000 		.4byte	.LASF22
 698 0266 04       		.byte	0x4
 699 0267 6D       		.byte	0x6d
 700 0268 48020000 		.4byte	0x248
 701 026c 02       		.byte	0x2
 702 026d 23       		.byte	0x23
 703 026e 00       		.uleb128 0x0
 704 026f 00       		.byte	0x0
 705 0270 04       		.uleb128 0x4
 706 0271 20010000 		.4byte	.LASF42
 707 0275 04       		.byte	0x4
 708 0276 70       		.byte	0x70
 709 0277 59020000 		.4byte	0x259
 710 027b 04       		.uleb128 0x4
 711 027c 93000000 		.4byte	.LASF43
 712 0280 06       		.byte	0x6
 713 0281 D7       		.byte	0xd7
 714 0282 86020000 		.4byte	0x286
 715 0286 0A       		.uleb128 0xa
 716 0287 04       		.byte	0x4
 717 0288 04       		.uleb128 0x4
 718 0289 3E010000 		.4byte	.LASF44
 719 028d 06       		.byte	0x6
 720 028e DD       		.byte	0xdd
 721 028f 89000000 		.4byte	0x89
 722 0293 05       		.uleb128 0x5
 723 0294 34020000 		.4byte	.LASF45
 724 0298 24       		.byte	0x24
 725 0299 06       		.byte	0x6
 726 029a FE       		.byte	0xfe
 727 029b 20030000 		.4byte	0x320
ARM GAS  /tmp/ccJbf2W6.s 			page 14


 728 029f 0B       		.uleb128 0xb
 729 02a0 723400   		.ascii	"r4\000"
 730 02a3 06       		.byte	0x6
 731 02a4 1101     		.2byte	0x111
 732 02a6 7B020000 		.4byte	0x27b
 733 02aa 02       		.byte	0x2
 734 02ab 23       		.byte	0x23
 735 02ac 00       		.uleb128 0x0
 736 02ad 0B       		.uleb128 0xb
 737 02ae 723500   		.ascii	"r5\000"
 738 02b1 06       		.byte	0x6
 739 02b2 1201     		.2byte	0x112
 740 02b4 7B020000 		.4byte	0x27b
 741 02b8 02       		.byte	0x2
 742 02b9 23       		.byte	0x23
 743 02ba 04       		.uleb128 0x4
 744 02bb 0B       		.uleb128 0xb
 745 02bc 723600   		.ascii	"r6\000"
 746 02bf 06       		.byte	0x6
 747 02c0 1301     		.2byte	0x113
 748 02c2 7B020000 		.4byte	0x27b
 749 02c6 02       		.byte	0x2
 750 02c7 23       		.byte	0x23
 751 02c8 08       		.uleb128 0x8
 752 02c9 0B       		.uleb128 0xb
 753 02ca 723700   		.ascii	"r7\000"
 754 02cd 06       		.byte	0x6
 755 02ce 1401     		.2byte	0x114
 756 02d0 7B020000 		.4byte	0x27b
 757 02d4 02       		.byte	0x2
 758 02d5 23       		.byte	0x23
 759 02d6 0C       		.uleb128 0xc
 760 02d7 0B       		.uleb128 0xb
 761 02d8 723800   		.ascii	"r8\000"
 762 02db 06       		.byte	0x6
 763 02dc 1501     		.2byte	0x115
 764 02de 7B020000 		.4byte	0x27b
 765 02e2 02       		.byte	0x2
 766 02e3 23       		.byte	0x23
 767 02e4 10       		.uleb128 0x10
 768 02e5 0B       		.uleb128 0xb
 769 02e6 723900   		.ascii	"r9\000"
 770 02e9 06       		.byte	0x6
 771 02ea 1601     		.2byte	0x116
 772 02ec 7B020000 		.4byte	0x27b
 773 02f0 02       		.byte	0x2
 774 02f1 23       		.byte	0x23
 775 02f2 14       		.uleb128 0x14
 776 02f3 0B       		.uleb128 0xb
 777 02f4 72313000 		.ascii	"r10\000"
 778 02f8 06       		.byte	0x6
 779 02f9 1701     		.2byte	0x117
 780 02fb 7B020000 		.4byte	0x27b
 781 02ff 02       		.byte	0x2
 782 0300 23       		.byte	0x23
 783 0301 18       		.uleb128 0x18
 784 0302 0B       		.uleb128 0xb
ARM GAS  /tmp/ccJbf2W6.s 			page 15


 785 0303 72313100 		.ascii	"r11\000"
 786 0307 06       		.byte	0x6
 787 0308 1801     		.2byte	0x118
 788 030a 7B020000 		.4byte	0x27b
 789 030e 02       		.byte	0x2
 790 030f 23       		.byte	0x23
 791 0310 1C       		.uleb128 0x1c
 792 0311 0B       		.uleb128 0xb
 793 0312 6C7200   		.ascii	"lr\000"
 794 0315 06       		.byte	0x6
 795 0316 1901     		.2byte	0x119
 796 0318 7B020000 		.4byte	0x27b
 797 031c 02       		.byte	0x2
 798 031d 23       		.byte	0x23
 799 031e 20       		.uleb128 0x20
 800 031f 00       		.byte	0x0
 801 0320 0C       		.uleb128 0xc
 802 0321 F7000000 		.4byte	.LASF46
 803 0325 04       		.byte	0x4
 804 0326 06       		.byte	0x6
 805 0327 2301     		.2byte	0x123
 806 0329 3D030000 		.4byte	0x33d
 807 032d 0B       		.uleb128 0xb
 808 032e 72313300 		.ascii	"r13\000"
 809 0332 06       		.byte	0x6
 810 0333 2401     		.2byte	0x124
 811 0335 3D030000 		.4byte	0x33d
 812 0339 02       		.byte	0x2
 813 033a 23       		.byte	0x23
 814 033b 00       		.uleb128 0x0
 815 033c 00       		.byte	0x0
 816 033d 09       		.uleb128 0x9
 817 033e 04       		.byte	0x4
 818 033f 93020000 		.4byte	0x293
 819 0343 0D       		.uleb128 0xd
 820 0344 DD000000 		.4byte	0xdd
 821 0348 08       		.uleb128 0x8
 822 0349 20       		.byte	0x20
 823 034a 07       		.byte	0x7
 824 034b 5E       		.byte	0x5e
 825 034c B3030000 		.4byte	0x3b3
 826 0350 06       		.uleb128 0x6
 827 0351 04020000 		.4byte	.LASF47
 828 0355 07       		.byte	0x7
 829 0356 5F       		.byte	0x5f
 830 0357 4E020000 		.4byte	0x24e
 831 035b 02       		.byte	0x2
 832 035c 23       		.byte	0x23
 833 035d 00       		.uleb128 0x0
 834 035e 06       		.uleb128 0x6
 835 035f BF010000 		.4byte	.LASF48
 836 0363 07       		.byte	0x7
 837 0364 60       		.byte	0x60
 838 0365 BC000000 		.4byte	0xbc
 839 0369 02       		.byte	0x2
 840 036a 23       		.byte	0x23
 841 036b 08       		.uleb128 0x8
ARM GAS  /tmp/ccJbf2W6.s 			page 16


 842 036c 06       		.uleb128 0x6
 843 036d 51010000 		.4byte	.LASF49
 844 0371 07       		.byte	0x7
 845 0372 62       		.byte	0x62
 846 0373 20030000 		.4byte	0x320
 847 0377 02       		.byte	0x2
 848 0378 23       		.byte	0x23
 849 0379 0C       		.uleb128 0xc
 850 037a 06       		.uleb128 0x6
 851 037b 8B000000 		.4byte	.LASF50
 852 037f 07       		.byte	0x7
 853 0380 65       		.byte	0x65
 854 0381 48020000 		.4byte	0x248
 855 0385 02       		.byte	0x2
 856 0386 23       		.byte	0x23
 857 0387 10       		.uleb128 0x10
 858 0388 06       		.uleb128 0x6
 859 0389 6E010000 		.4byte	.LASF51
 860 038d 07       		.byte	0x7
 861 038e 66       		.byte	0x66
 862 038f 48020000 		.4byte	0x248
 863 0393 02       		.byte	0x2
 864 0394 23       		.byte	0x23
 865 0395 14       		.uleb128 0x14
 866 0396 06       		.uleb128 0x6
 867 0397 B0020000 		.4byte	.LASF52
 868 039b 07       		.byte	0x7
 869 039c 6A       		.byte	0x6a
 870 039d E8000000 		.4byte	0xe8
 871 03a1 02       		.byte	0x2
 872 03a2 23       		.byte	0x23
 873 03a3 18       		.uleb128 0x18
 874 03a4 06       		.uleb128 0x6
 875 03a5 64010000 		.4byte	.LASF53
 876 03a9 07       		.byte	0x7
 877 03aa 6C       		.byte	0x6c
 878 03ab 48020000 		.4byte	0x248
 879 03af 02       		.byte	0x2
 880 03b0 23       		.byte	0x23
 881 03b1 1C       		.uleb128 0x1c
 882 03b2 00       		.byte	0x0
 883 03b3 04       		.uleb128 0x4
 884 03b4 7E020000 		.4byte	.LASF54
 885 03b8 07       		.byte	0x7
 886 03b9 6E       		.byte	0x6e
 887 03ba 48030000 		.4byte	0x348
 888 03be 05       		.uleb128 0x5
 889 03bf 38010000 		.4byte	.LASF55
 890 03c3 10       		.byte	0x10
 891 03c4 08       		.byte	0x8
 892 03c5 2C       		.byte	0x2c
 893 03c6 F5030000 		.4byte	0x3f5
 894 03ca 06       		.uleb128 0x6
 895 03cb 5F000000 		.4byte	.LASF56
 896 03cf 08       		.byte	0x8
 897 03d0 2D       		.byte	0x2d
 898 03d1 4E020000 		.4byte	0x24e
ARM GAS  /tmp/ccJbf2W6.s 			page 17


 899 03d5 02       		.byte	0x2
 900 03d6 23       		.byte	0x23
 901 03d7 00       		.uleb128 0x0
 902 03d8 06       		.uleb128 0x6
 903 03d9 BA020000 		.4byte	.LASF57
 904 03dd 08       		.byte	0x8
 905 03de 2F       		.byte	0x2f
 906 03df 48020000 		.4byte	0x248
 907 03e3 02       		.byte	0x2
 908 03e4 23       		.byte	0x23
 909 03e5 08       		.uleb128 0x8
 910 03e6 06       		.uleb128 0x6
 911 03e7 11020000 		.4byte	.LASF58
 912 03eb 08       		.byte	0x8
 913 03ec 31       		.byte	0x31
 914 03ed F5030000 		.4byte	0x3f5
 915 03f1 02       		.byte	0x2
 916 03f2 23       		.byte	0x23
 917 03f3 0C       		.uleb128 0xc
 918 03f4 00       		.byte	0x0
 919 03f5 09       		.uleb128 0x9
 920 03f6 04       		.byte	0x4
 921 03f7 BE030000 		.4byte	0x3be
 922 03fb 04       		.uleb128 0x4
 923 03fc 38010000 		.4byte	.LASF55
 924 0400 08       		.byte	0x8
 925 0401 33       		.byte	0x33
 926 0402 BE030000 		.4byte	0x3be
 927 0406 0E       		.uleb128 0xe
 928 0407 04       		.byte	0x4
 929 0408 05       		.byte	0x5
 930 0409 90       		.byte	0x90
 931 040a 3B040000 		.4byte	0x43b
 932 040e 0F       		.uleb128 0xf
 933 040f 06000000 		.4byte	.LASF59
 934 0413 05       		.byte	0x5
 935 0414 97       		.byte	0x97
 936 0415 C7000000 		.4byte	0xc7
 937 0419 0F       		.uleb128 0xf
 938 041a 2D000000 		.4byte	.LASF60
 939 041e 05       		.byte	0x5
 940 041f 9E       		.byte	0x9e
 941 0420 C7000000 		.4byte	0xc7
 942 0424 0F       		.uleb128 0xf
 943 0425 96020000 		.4byte	.LASF61
 944 0429 05       		.byte	0x5
 945 042a A5       		.byte	0xa5
 946 042b 86020000 		.4byte	0x286
 947 042f 0F       		.uleb128 0xf
 948 0430 C6010000 		.4byte	.LASF62
 949 0434 05       		.byte	0x5
 950 0435 AC       		.byte	0xac
 951 0436 D2000000 		.4byte	0xd2
 952 043a 00       		.byte	0x0
 953 043b 09       		.uleb128 0x9
 954 043c 04       		.byte	0x4
 955 043d 41040000 		.4byte	0x441
ARM GAS  /tmp/ccJbf2W6.s 			page 18


 956 0441 10       		.uleb128 0x10
 957 0442 46040000 		.4byte	0x446
 958 0446 03       		.uleb128 0x3
 959 0447 01       		.byte	0x1
 960 0448 08       		.byte	0x8
 961 0449 0C020000 		.4byte	.LASF63
 962 044d 09       		.uleb128 0x9
 963 044e 04       		.byte	0x4
 964 044f 88020000 		.4byte	0x288
 965 0453 09       		.uleb128 0x9
 966 0454 04       		.byte	0x4
 967 0455 FB030000 		.4byte	0x3fb
 968 0459 11       		.uleb128 0x11
 969 045a 01       		.byte	0x1
 970 045b 70000000 		.4byte	.LASF64
 971 045f 01       		.byte	0x1
 972 0460 4B       		.byte	0x4b
 973 0461 01       		.byte	0x1
 974 0462 C7000000 		.4byte	0xc7
 975 0466 00000000 		.4byte	.LFB0
 976 046a 58000000 		.4byte	.LFE0
 977 046e 00000000 		.4byte	.LLST0
 978 0472 A3040000 		.4byte	0x4a3
 979 0476 12       		.uleb128 0x12
 980 0477 747000   		.ascii	"tp\000"
 981 047a 01       		.byte	0x1
 982 047b 4B       		.byte	0x4b
 983 047c 48020000 		.4byte	0x248
 984 0480 20000000 		.4byte	.LLST1
 985 0484 12       		.uleb128 0x12
 986 0485 6D736700 		.ascii	"msg\000"
 987 0489 01       		.byte	0x1
 988 048a 4B       		.byte	0x4b
 989 048b C7000000 		.4byte	0xc7
 990 048f 3E000000 		.4byte	.LLST2
 991 0493 13       		.uleb128 0x13
 992 0494 63747000 		.ascii	"ctp\000"
 993 0498 01       		.byte	0x1
 994 0499 4C       		.byte	0x4c
 995 049a 48020000 		.4byte	0x248
 996 049e 72000000 		.4byte	.LLST3
 997 04a2 00       		.byte	0x0
 998 04a3 11       		.uleb128 0x11
 999 04a4 01       		.byte	0x1
 1000 04a5 46020000 		.4byte	.LASF65
 1001 04a9 01       		.byte	0x1
 1002 04aa 6A       		.byte	0x6a
 1003 04ab 01       		.byte	0x1
 1004 04ac 48020000 		.4byte	0x248
 1005 04b0 00000000 		.4byte	.LFB1
 1006 04b4 40000000 		.4byte	.LFE1
 1007 04b8 9C000000 		.4byte	.LLST4
 1008 04bc CF040000 		.4byte	0x4cf
 1009 04c0 13       		.uleb128 0x13
 1010 04c1 747000   		.ascii	"tp\000"
 1011 04c4 01       		.byte	0x1
 1012 04c5 6B       		.byte	0x6b
ARM GAS  /tmp/ccJbf2W6.s 			page 19


 1013 04c6 48020000 		.4byte	0x248
 1014 04ca BC000000 		.4byte	.LLST5
 1015 04ce 00       		.byte	0x0
 1016 04cf 14       		.uleb128 0x14
 1017 04d0 01       		.byte	0x1
 1018 04d1 E3010000 		.4byte	.LASF70
 1019 04d5 01       		.byte	0x1
 1020 04d6 80       		.byte	0x80
 1021 04d7 01       		.byte	0x1
 1022 04d8 00000000 		.4byte	.LFB2
 1023 04dc 34000000 		.4byte	.LFE2
 1024 04e0 DA000000 		.4byte	.LLST6
 1025 04e4 06050000 		.4byte	0x506
 1026 04e8 12       		.uleb128 0x12
 1027 04e9 747000   		.ascii	"tp\000"
 1028 04ec 01       		.byte	0x1
 1029 04ed 80       		.byte	0x80
 1030 04ee 48020000 		.4byte	0x248
 1031 04f2 FA000000 		.4byte	.LLST7
 1032 04f6 12       		.uleb128 0x12
 1033 04f7 6D736700 		.ascii	"msg\000"
 1034 04fb 01       		.byte	0x1
 1035 04fc 80       		.byte	0x80
 1036 04fd C7000000 		.4byte	0xc7
 1037 0501 18010000 		.4byte	.LLST8
 1038 0505 00       		.byte	0x0
 1039 0506 15       		.uleb128 0x15
 1040 0507 88020000 		.4byte	.LASF66
 1041 050b 07       		.byte	0x7
 1042 050c 72       		.byte	0x72
 1043 050d B3030000 		.4byte	0x3b3
 1044 0511 01       		.byte	0x1
 1045 0512 01       		.byte	0x1
 1046 0513 15       		.uleb128 0x15
 1047 0514 88020000 		.4byte	.LASF66
 1048 0518 07       		.byte	0x7
 1049 0519 72       		.byte	0x72
 1050 051a B3030000 		.4byte	0x3b3
 1051 051e 01       		.byte	0x1
 1052 051f 01       		.byte	0x1
 1053 0520 00       		.byte	0x0
 1054              		.section	.debug_abbrev
 1055 0000 01       		.uleb128 0x1
 1056 0001 11       		.uleb128 0x11
 1057 0002 01       		.byte	0x1
 1058 0003 25       		.uleb128 0x25
 1059 0004 0E       		.uleb128 0xe
 1060 0005 13       		.uleb128 0x13
 1061 0006 0B       		.uleb128 0xb
 1062 0007 03       		.uleb128 0x3
 1063 0008 0E       		.uleb128 0xe
 1064 0009 1B       		.uleb128 0x1b
 1065 000a 0E       		.uleb128 0xe
 1066 000b 11       		.uleb128 0x11
 1067 000c 01       		.uleb128 0x1
 1068 000d 52       		.uleb128 0x52
 1069 000e 01       		.uleb128 0x1
ARM GAS  /tmp/ccJbf2W6.s 			page 20


 1070 000f 55       		.uleb128 0x55
 1071 0010 06       		.uleb128 0x6
 1072 0011 10       		.uleb128 0x10
 1073 0012 06       		.uleb128 0x6
 1074 0013 00       		.byte	0x0
 1075 0014 00       		.byte	0x0
 1076 0015 02       		.uleb128 0x2
 1077 0016 24       		.uleb128 0x24
 1078 0017 00       		.byte	0x0
 1079 0018 0B       		.uleb128 0xb
 1080 0019 0B       		.uleb128 0xb
 1081 001a 3E       		.uleb128 0x3e
 1082 001b 0B       		.uleb128 0xb
 1083 001c 03       		.uleb128 0x3
 1084 001d 08       		.uleb128 0x8
 1085 001e 00       		.byte	0x0
 1086 001f 00       		.byte	0x0
 1087 0020 03       		.uleb128 0x3
 1088 0021 24       		.uleb128 0x24
 1089 0022 00       		.byte	0x0
 1090 0023 0B       		.uleb128 0xb
 1091 0024 0B       		.uleb128 0xb
 1092 0025 3E       		.uleb128 0x3e
 1093 0026 0B       		.uleb128 0xb
 1094 0027 03       		.uleb128 0x3
 1095 0028 0E       		.uleb128 0xe
 1096 0029 00       		.byte	0x0
 1097 002a 00       		.byte	0x0
 1098 002b 04       		.uleb128 0x4
 1099 002c 16       		.uleb128 0x16
 1100 002d 00       		.byte	0x0
 1101 002e 03       		.uleb128 0x3
 1102 002f 0E       		.uleb128 0xe
 1103 0030 3A       		.uleb128 0x3a
 1104 0031 0B       		.uleb128 0xb
 1105 0032 3B       		.uleb128 0x3b
 1106 0033 0B       		.uleb128 0xb
 1107 0034 49       		.uleb128 0x49
 1108 0035 13       		.uleb128 0x13
 1109 0036 00       		.byte	0x0
 1110 0037 00       		.byte	0x0
 1111 0038 05       		.uleb128 0x5
 1112 0039 13       		.uleb128 0x13
 1113 003a 01       		.byte	0x1
 1114 003b 03       		.uleb128 0x3
 1115 003c 0E       		.uleb128 0xe
 1116 003d 0B       		.uleb128 0xb
 1117 003e 0B       		.uleb128 0xb
 1118 003f 3A       		.uleb128 0x3a
 1119 0040 0B       		.uleb128 0xb
 1120 0041 3B       		.uleb128 0x3b
 1121 0042 0B       		.uleb128 0xb
 1122 0043 01       		.uleb128 0x1
 1123 0044 13       		.uleb128 0x13
 1124 0045 00       		.byte	0x0
 1125 0046 00       		.byte	0x0
 1126 0047 06       		.uleb128 0x6
ARM GAS  /tmp/ccJbf2W6.s 			page 21


 1127 0048 0D       		.uleb128 0xd
 1128 0049 00       		.byte	0x0
 1129 004a 03       		.uleb128 0x3
 1130 004b 0E       		.uleb128 0xe
 1131 004c 3A       		.uleb128 0x3a
 1132 004d 0B       		.uleb128 0xb
 1133 004e 3B       		.uleb128 0x3b
 1134 004f 0B       		.uleb128 0xb
 1135 0050 49       		.uleb128 0x49
 1136 0051 13       		.uleb128 0x13
 1137 0052 38       		.uleb128 0x38
 1138 0053 0A       		.uleb128 0xa
 1139 0054 00       		.byte	0x0
 1140 0055 00       		.byte	0x0
 1141 0056 07       		.uleb128 0x7
 1142 0057 0D       		.uleb128 0xd
 1143 0058 00       		.byte	0x0
 1144 0059 03       		.uleb128 0x3
 1145 005a 08       		.uleb128 0x8
 1146 005b 3A       		.uleb128 0x3a
 1147 005c 0B       		.uleb128 0xb
 1148 005d 3B       		.uleb128 0x3b
 1149 005e 0B       		.uleb128 0xb
 1150 005f 49       		.uleb128 0x49
 1151 0060 13       		.uleb128 0x13
 1152 0061 38       		.uleb128 0x38
 1153 0062 0A       		.uleb128 0xa
 1154 0063 00       		.byte	0x0
 1155 0064 00       		.byte	0x0
 1156 0065 08       		.uleb128 0x8
 1157 0066 13       		.uleb128 0x13
 1158 0067 01       		.byte	0x1
 1159 0068 0B       		.uleb128 0xb
 1160 0069 0B       		.uleb128 0xb
 1161 006a 3A       		.uleb128 0x3a
 1162 006b 0B       		.uleb128 0xb
 1163 006c 3B       		.uleb128 0x3b
 1164 006d 0B       		.uleb128 0xb
 1165 006e 01       		.uleb128 0x1
 1166 006f 13       		.uleb128 0x13
 1167 0070 00       		.byte	0x0
 1168 0071 00       		.byte	0x0
 1169 0072 09       		.uleb128 0x9
 1170 0073 0F       		.uleb128 0xf
 1171 0074 00       		.byte	0x0
 1172 0075 0B       		.uleb128 0xb
 1173 0076 0B       		.uleb128 0xb
 1174 0077 49       		.uleb128 0x49
 1175 0078 13       		.uleb128 0x13
 1176 0079 00       		.byte	0x0
 1177 007a 00       		.byte	0x0
 1178 007b 0A       		.uleb128 0xa
 1179 007c 0F       		.uleb128 0xf
 1180 007d 00       		.byte	0x0
 1181 007e 0B       		.uleb128 0xb
 1182 007f 0B       		.uleb128 0xb
 1183 0080 00       		.byte	0x0
ARM GAS  /tmp/ccJbf2W6.s 			page 22


 1184 0081 00       		.byte	0x0
 1185 0082 0B       		.uleb128 0xb
 1186 0083 0D       		.uleb128 0xd
 1187 0084 00       		.byte	0x0
 1188 0085 03       		.uleb128 0x3
 1189 0086 08       		.uleb128 0x8
 1190 0087 3A       		.uleb128 0x3a
 1191 0088 0B       		.uleb128 0xb
 1192 0089 3B       		.uleb128 0x3b
 1193 008a 05       		.uleb128 0x5
 1194 008b 49       		.uleb128 0x49
 1195 008c 13       		.uleb128 0x13
 1196 008d 38       		.uleb128 0x38
 1197 008e 0A       		.uleb128 0xa
 1198 008f 00       		.byte	0x0
 1199 0090 00       		.byte	0x0
 1200 0091 0C       		.uleb128 0xc
 1201 0092 13       		.uleb128 0x13
 1202 0093 01       		.byte	0x1
 1203 0094 03       		.uleb128 0x3
 1204 0095 0E       		.uleb128 0xe
 1205 0096 0B       		.uleb128 0xb
 1206 0097 0B       		.uleb128 0xb
 1207 0098 3A       		.uleb128 0x3a
 1208 0099 0B       		.uleb128 0xb
 1209 009a 3B       		.uleb128 0x3b
 1210 009b 05       		.uleb128 0x5
 1211 009c 01       		.uleb128 0x1
 1212 009d 13       		.uleb128 0x13
 1213 009e 00       		.byte	0x0
 1214 009f 00       		.byte	0x0
 1215 00a0 0D       		.uleb128 0xd
 1216 00a1 35       		.uleb128 0x35
 1217 00a2 00       		.byte	0x0
 1218 00a3 49       		.uleb128 0x49
 1219 00a4 13       		.uleb128 0x13
 1220 00a5 00       		.byte	0x0
 1221 00a6 00       		.byte	0x0
 1222 00a7 0E       		.uleb128 0xe
 1223 00a8 17       		.uleb128 0x17
 1224 00a9 01       		.byte	0x1
 1225 00aa 0B       		.uleb128 0xb
 1226 00ab 0B       		.uleb128 0xb
 1227 00ac 3A       		.uleb128 0x3a
 1228 00ad 0B       		.uleb128 0xb
 1229 00ae 3B       		.uleb128 0x3b
 1230 00af 0B       		.uleb128 0xb
 1231 00b0 01       		.uleb128 0x1
 1232 00b1 13       		.uleb128 0x13
 1233 00b2 00       		.byte	0x0
 1234 00b3 00       		.byte	0x0
 1235 00b4 0F       		.uleb128 0xf
 1236 00b5 0D       		.uleb128 0xd
 1237 00b6 00       		.byte	0x0
 1238 00b7 03       		.uleb128 0x3
 1239 00b8 0E       		.uleb128 0xe
 1240 00b9 3A       		.uleb128 0x3a
ARM GAS  /tmp/ccJbf2W6.s 			page 23


 1241 00ba 0B       		.uleb128 0xb
 1242 00bb 3B       		.uleb128 0x3b
 1243 00bc 0B       		.uleb128 0xb
 1244 00bd 49       		.uleb128 0x49
 1245 00be 13       		.uleb128 0x13
 1246 00bf 00       		.byte	0x0
 1247 00c0 00       		.byte	0x0
 1248 00c1 10       		.uleb128 0x10
 1249 00c2 26       		.uleb128 0x26
 1250 00c3 00       		.byte	0x0
 1251 00c4 49       		.uleb128 0x49
 1252 00c5 13       		.uleb128 0x13
 1253 00c6 00       		.byte	0x0
 1254 00c7 00       		.byte	0x0
 1255 00c8 11       		.uleb128 0x11
 1256 00c9 2E       		.uleb128 0x2e
 1257 00ca 01       		.byte	0x1
 1258 00cb 3F       		.uleb128 0x3f
 1259 00cc 0C       		.uleb128 0xc
 1260 00cd 03       		.uleb128 0x3
 1261 00ce 0E       		.uleb128 0xe
 1262 00cf 3A       		.uleb128 0x3a
 1263 00d0 0B       		.uleb128 0xb
 1264 00d1 3B       		.uleb128 0x3b
 1265 00d2 0B       		.uleb128 0xb
 1266 00d3 27       		.uleb128 0x27
 1267 00d4 0C       		.uleb128 0xc
 1268 00d5 49       		.uleb128 0x49
 1269 00d6 13       		.uleb128 0x13
 1270 00d7 11       		.uleb128 0x11
 1271 00d8 01       		.uleb128 0x1
 1272 00d9 12       		.uleb128 0x12
 1273 00da 01       		.uleb128 0x1
 1274 00db 40       		.uleb128 0x40
 1275 00dc 06       		.uleb128 0x6
 1276 00dd 01       		.uleb128 0x1
 1277 00de 13       		.uleb128 0x13
 1278 00df 00       		.byte	0x0
 1279 00e0 00       		.byte	0x0
 1280 00e1 12       		.uleb128 0x12
 1281 00e2 05       		.uleb128 0x5
 1282 00e3 00       		.byte	0x0
 1283 00e4 03       		.uleb128 0x3
 1284 00e5 08       		.uleb128 0x8
 1285 00e6 3A       		.uleb128 0x3a
 1286 00e7 0B       		.uleb128 0xb
 1287 00e8 3B       		.uleb128 0x3b
 1288 00e9 0B       		.uleb128 0xb
 1289 00ea 49       		.uleb128 0x49
 1290 00eb 13       		.uleb128 0x13
 1291 00ec 02       		.uleb128 0x2
 1292 00ed 06       		.uleb128 0x6
 1293 00ee 00       		.byte	0x0
 1294 00ef 00       		.byte	0x0
 1295 00f0 13       		.uleb128 0x13
 1296 00f1 34       		.uleb128 0x34
 1297 00f2 00       		.byte	0x0
ARM GAS  /tmp/ccJbf2W6.s 			page 24


 1298 00f3 03       		.uleb128 0x3
 1299 00f4 08       		.uleb128 0x8
 1300 00f5 3A       		.uleb128 0x3a
 1301 00f6 0B       		.uleb128 0xb
 1302 00f7 3B       		.uleb128 0x3b
 1303 00f8 0B       		.uleb128 0xb
 1304 00f9 49       		.uleb128 0x49
 1305 00fa 13       		.uleb128 0x13
 1306 00fb 02       		.uleb128 0x2
 1307 00fc 06       		.uleb128 0x6
 1308 00fd 00       		.byte	0x0
 1309 00fe 00       		.byte	0x0
 1310 00ff 14       		.uleb128 0x14
 1311 0100 2E       		.uleb128 0x2e
 1312 0101 01       		.byte	0x1
 1313 0102 3F       		.uleb128 0x3f
 1314 0103 0C       		.uleb128 0xc
 1315 0104 03       		.uleb128 0x3
 1316 0105 0E       		.uleb128 0xe
 1317 0106 3A       		.uleb128 0x3a
 1318 0107 0B       		.uleb128 0xb
 1319 0108 3B       		.uleb128 0x3b
 1320 0109 0B       		.uleb128 0xb
 1321 010a 27       		.uleb128 0x27
 1322 010b 0C       		.uleb128 0xc
 1323 010c 11       		.uleb128 0x11
 1324 010d 01       		.uleb128 0x1
 1325 010e 12       		.uleb128 0x12
 1326 010f 01       		.uleb128 0x1
 1327 0110 40       		.uleb128 0x40
 1328 0111 06       		.uleb128 0x6
 1329 0112 01       		.uleb128 0x1
 1330 0113 13       		.uleb128 0x13
 1331 0114 00       		.byte	0x0
 1332 0115 00       		.byte	0x0
 1333 0116 15       		.uleb128 0x15
 1334 0117 34       		.uleb128 0x34
 1335 0118 00       		.byte	0x0
 1336 0119 03       		.uleb128 0x3
 1337 011a 0E       		.uleb128 0xe
 1338 011b 3A       		.uleb128 0x3a
 1339 011c 0B       		.uleb128 0xb
 1340 011d 3B       		.uleb128 0x3b
 1341 011e 0B       		.uleb128 0xb
 1342 011f 49       		.uleb128 0x49
 1343 0120 13       		.uleb128 0x13
 1344 0121 3F       		.uleb128 0x3f
 1345 0122 0C       		.uleb128 0xc
 1346 0123 3C       		.uleb128 0x3c
 1347 0124 0C       		.uleb128 0xc
 1348 0125 00       		.byte	0x0
 1349 0126 00       		.byte	0x0
 1350 0127 00       		.byte	0x0
 1351              		.section	.debug_pubnames,"",%progbits
 1352 0000 3B000000 		.4byte	0x3b
 1353 0004 0200     		.2byte	0x2
 1354 0006 00000000 		.4byte	.Ldebug_info0
ARM GAS  /tmp/ccJbf2W6.s 			page 25


 1355 000a 21050000 		.4byte	0x521
 1356 000e 59040000 		.4byte	0x459
 1357 0012 63684D73 		.ascii	"chMsgSend\000"
 1357      6753656E 
 1357      6400
 1358 001c A3040000 		.4byte	0x4a3
 1359 0020 63684D73 		.ascii	"chMsgWait\000"
 1359      67576169 
 1359      7400
 1360 002a CF040000 		.4byte	0x4cf
 1361 002e 63684D73 		.ascii	"chMsgRelease\000"
 1361      6752656C 
 1361      65617365 
 1361      00
 1362 003b 00000000 		.4byte	0x0
 1363              		.section	.debug_pubtypes,"",%progbits
 1364 0000 2F010000 		.4byte	0x12f
 1365 0004 0200     		.2byte	0x2
 1366 0006 00000000 		.4byte	.Ldebug_info0
 1367 000a 21050000 		.4byte	0x521
 1368 000e 3E000000 		.4byte	0x3e
 1369 0012 75696E74 		.ascii	"uint8_t\000"
 1369      385F7400 
 1370 001a 5E000000 		.4byte	0x5e
 1371 001e 696E7433 		.ascii	"int32_t\000"
 1371      325F7400 
 1372 0026 70000000 		.4byte	0x70
 1373 002a 75696E74 		.ascii	"uint32_t\000"
 1373      33325F74 
 1373      00
 1374 0033 89000000 		.4byte	0x89
 1375 0037 75696E74 		.ascii	"uint64_t\000"
 1375      36345F74 
 1375      00
 1376 0040 9B000000 		.4byte	0x9b
 1377 0044 746D6F64 		.ascii	"tmode_t\000"
 1377      655F7400 
 1378 004c A6000000 		.4byte	0xa6
 1379 0050 74737461 		.ascii	"tstate_t\000"
 1379      74655F74 
 1379      00
 1380 0059 B1000000 		.4byte	0xb1
 1381 005d 74726566 		.ascii	"trefs_t\000"
 1381      735F7400 
 1382 0065 BC000000 		.4byte	0xbc
 1383 0069 74707269 		.ascii	"tprio_t\000"
 1383      6F5F7400 
 1384 0071 C7000000 		.4byte	0xc7
 1385 0075 6D73675F 		.ascii	"msg_t\000"
 1385      7400
 1386 007b D2000000 		.4byte	0xd2
 1387 007f 6576656E 		.ascii	"eventmask_t\000"
 1387      746D6173 
 1387      6B5F7400 
 1388 008b DD000000 		.4byte	0xdd
 1389 008f 73797374 		.ascii	"systime_t\000"
 1389      696D655F 
ARM GAS  /tmp/ccJbf2W6.s 			page 26


 1389      7400
 1390 0099 E8000000 		.4byte	0xe8
 1391 009d 636E745F 		.ascii	"cnt_t\000"
 1391      7400
 1392 00a3 F3000000 		.4byte	0xf3
 1393 00a7 54687265 		.ascii	"Thread\000"
 1393      616400
 1394 00ae 4E020000 		.4byte	0x24e
 1395 00b2 54687265 		.ascii	"ThreadsQueue\000"
 1395      61647351 
 1395      75657565 
 1395      00
 1396 00bf 70020000 		.4byte	0x270
 1397 00c3 54687265 		.ascii	"ThreadsList\000"
 1397      6164734C 
 1397      69737400 
 1398 00cf 7B020000 		.4byte	0x27b
 1399 00d3 72656761 		.ascii	"regarm_t\000"
 1399      726D5F74 
 1399      00
 1400 00dc 88020000 		.4byte	0x288
 1401 00e0 73746B61 		.ascii	"stkalign_t\000"
 1401      6C69676E 
 1401      5F7400
 1402 00eb 93020000 		.4byte	0x293
 1403 00ef 696E7463 		.ascii	"intctx\000"
 1403      747800
 1404 00f6 20030000 		.4byte	0x320
 1405 00fa 636F6E74 		.ascii	"context\000"
 1405      65787400 
 1406 0102 B3030000 		.4byte	0x3b3
 1407 0106 52656164 		.ascii	"ReadyList\000"
 1407      794C6973 
 1407      7400
 1408 0110 BE030000 		.4byte	0x3be
 1409 0114 4D757465 		.ascii	"Mutex\000"
 1409      7800
 1410 011a FB030000 		.4byte	0x3fb
 1411 011e 4D757465 		.ascii	"Mutex\000"
 1411      7800
 1412 0124 FE000000 		.4byte	0xfe
 1413 0128 54687265 		.ascii	"Thread\000"
 1413      616400
 1414 012f 00000000 		.4byte	0x0
 1415              		.section	.debug_aranges,"",%progbits
 1416 0000 2C000000 		.4byte	0x2c
 1417 0004 0200     		.2byte	0x2
 1418 0006 00000000 		.4byte	.Ldebug_info0
 1419 000a 04       		.byte	0x4
 1420 000b 00       		.byte	0x0
 1421 000c 0000     		.2byte	0x0
 1422 000e 0000     		.2byte	0x0
 1423 0010 00000000 		.4byte	.LFB0
 1424 0014 58000000 		.4byte	.LFE0-.LFB0
 1425 0018 00000000 		.4byte	.LFB1
 1426 001c 40000000 		.4byte	.LFE1-.LFB1
 1427 0020 00000000 		.4byte	.LFB2
ARM GAS  /tmp/ccJbf2W6.s 			page 27


 1428 0024 34000000 		.4byte	.LFE2-.LFB2
 1429 0028 00000000 		.4byte	0x0
 1430 002c 00000000 		.4byte	0x0
 1431              		.section	.debug_ranges,"",%progbits
 1432              	.Ldebug_ranges0:
 1433 0000 00000000 		.4byte	.LFB0
 1434 0004 58000000 		.4byte	.LFE0
 1435 0008 00000000 		.4byte	.LFB1
 1436 000c 40000000 		.4byte	.LFE1
 1437 0010 00000000 		.4byte	.LFB2
 1438 0014 34000000 		.4byte	.LFE2
 1439 0018 00000000 		.4byte	0x0
 1440 001c 00000000 		.4byte	0x0
 1441              		.section	.debug_str,"MS",%progbits,1
 1442              	.LASF36:
 1443 0000 705F6D73 		.ascii	"p_msg\000"
 1443      6700
 1444              	.LASF59:
 1445 0006 7264796D 		.ascii	"rdymsg\000"
 1445      736700
 1446              	.LASF11:
 1447 000d 75696E74 		.ascii	"uint64_t\000"
 1447      36345F74 
 1447      00
 1448              	.LASF12:
 1449 0016 6C6F6E67 		.ascii	"long long unsigned int\000"
 1449      206C6F6E 
 1449      6720756E 
 1449      7369676E 
 1449      65642069 
 1450              	.LASF60:
 1451 002d 65786974 		.ascii	"exitcode\000"
 1451      636F6465 
 1451      00
 1452              	.LASF24:
 1453 0036 705F7072 		.ascii	"p_prio\000"
 1453      696F00
 1454              	.LASF10:
 1455 003d 6C6F6E67 		.ascii	"long long int\000"
 1455      206C6F6E 
 1455      6720696E 
 1455      7400
 1456              	.LASF1:
 1457 004b 7369676E 		.ascii	"signed char\000"
 1457      65642063 
 1457      68617200 
 1458              	.LASF40:
 1459 0057 705F6D70 		.ascii	"p_mpool\000"
 1459      6F6F6C00 
 1460              	.LASF56:
 1461 005f 6D5F7175 		.ascii	"m_queue\000"
 1461      65756500 
 1462              	.LASF7:
 1463 0067 6C6F6E67 		.ascii	"long int\000"
 1463      20696E74 
 1463      00
 1464              	.LASF64:
ARM GAS  /tmp/ccJbf2W6.s 			page 28


 1465 0070 63684D73 		.ascii	"chMsgSend\000"
 1465      6753656E 
 1465      6400
 1466              	.LASF14:
 1467 007a 74737461 		.ascii	"tstate_t\000"
 1467      74655F74 
 1467      00
 1468              	.LASF26:
 1469 0083 705F6E65 		.ascii	"p_newer\000"
 1469      77657200 
 1470              	.LASF50:
 1471 008b 725F6E65 		.ascii	"r_newer\000"
 1471      77657200 
 1472              	.LASF43:
 1473 0093 72656761 		.ascii	"regarm_t\000"
 1473      726D5F74 
 1473      00
 1474              	.LASF20:
 1475 009c 636E745F 		.ascii	"cnt_t\000"
 1475      7400
 1476              	.LASF29:
 1477 00a2 705F7374 		.ascii	"p_stklimit\000"
 1477      6B6C696D 
 1477      697400
 1478              	.LASF0:
 1479 00ad 756E7369 		.ascii	"unsigned int\000"
 1479      676E6564 
 1479      20696E74 
 1479      00
 1480              	.LASF69:
 1481 00ba 2F686F6D 		.ascii	"/home/z80/projects/ipm/soft/firmware/valve\000"
 1481      652F7A38 
 1481      302F7072 
 1481      6F6A6563 
 1481      74732F69 
 1482              	.LASF9:
 1483 00e5 6C6F6E67 		.ascii	"long unsigned int\000"
 1483      20756E73 
 1483      69676E65 
 1483      6420696E 
 1483      7400
 1484              	.LASF46:
 1485 00f7 636F6E74 		.ascii	"context\000"
 1485      65787400 
 1486              	.LASF4:
 1487 00ff 73686F72 		.ascii	"short unsigned int\000"
 1487      7420756E 
 1487      7369676E 
 1487      65642069 
 1487      6E7400
 1488              	.LASF17:
 1489 0112 6D73675F 		.ascii	"msg_t\000"
 1489      7400
 1490              	.LASF13:
 1491 0118 746D6F64 		.ascii	"tmode_t\000"
 1491      655F7400 
 1492              	.LASF42:
ARM GAS  /tmp/ccJbf2W6.s 			page 29


 1493 0120 54687265 		.ascii	"ThreadsList\000"
 1493      6164734C 
 1493      69737400 
 1494              	.LASF18:
 1495 012c 6576656E 		.ascii	"eventmask_t\000"
 1495      746D6173 
 1495      6B5F7400 
 1496              	.LASF55:
 1497 0138 4D757465 		.ascii	"Mutex\000"
 1497      7800
 1498              	.LASF44:
 1499 013e 73746B61 		.ascii	"stkalign_t\000"
 1499      6C69676E 
 1499      5F7400
 1500              	.LASF27:
 1501 0149 705F6F6C 		.ascii	"p_older\000"
 1501      64657200 
 1502              	.LASF49:
 1503 0151 725F6374 		.ascii	"r_ctx\000"
 1503      7800
 1504              	.LASF41:
 1505 0157 54687265 		.ascii	"ThreadsQueue\000"
 1505      61647351 
 1505      75657565 
 1505      00
 1506              	.LASF53:
 1507 0164 725F6375 		.ascii	"r_current\000"
 1507      7272656E 
 1507      7400
 1508              	.LASF51:
 1509 016e 725F6F6C 		.ascii	"r_older\000"
 1509      64657200 
 1510              	.LASF15:
 1511 0176 74726566 		.ascii	"trefs_t\000"
 1511      735F7400 
 1512              	.LASF23:
 1513 017e 705F7072 		.ascii	"p_prev\000"
 1513      657600
 1514              	.LASF16:
 1515 0185 74707269 		.ascii	"tprio_t\000"
 1515      6F5F7400 
 1516              	.LASF6:
 1517 018d 696E7433 		.ascii	"int32_t\000"
 1517      325F7400 
 1518              	.LASF2:
 1519 0195 756E7369 		.ascii	"unsigned char\000"
 1519      676E6564 
 1519      20636861 
 1519      7200
 1520              	.LASF38:
 1521 01a3 705F6D74 		.ascii	"p_mtxlist\000"
 1521      786C6973 
 1521      7400
 1522              	.LASF3:
 1523 01ad 73686F72 		.ascii	"short int\000"
 1523      7420696E 
 1523      7400
ARM GAS  /tmp/ccJbf2W6.s 			page 30


 1524              	.LASF30:
 1525 01b7 705F7374 		.ascii	"p_state\000"
 1525      61746500 
 1526              	.LASF48:
 1527 01bf 725F7072 		.ascii	"r_prio\000"
 1527      696F00
 1528              	.LASF62:
 1529 01c6 65776D61 		.ascii	"ewmask\000"
 1529      736B00
 1530              	.LASF22:
 1531 01cd 705F6E65 		.ascii	"p_next\000"
 1531      787400
 1532              	.LASF31:
 1533 01d4 705F666C 		.ascii	"p_flags\000"
 1533      61677300 
 1534              	.LASF21:
 1535 01dc 54687265 		.ascii	"Thread\000"
 1535      616400
 1536              	.LASF70:
 1537 01e3 63684D73 		.ascii	"chMsgRelease\000"
 1537      6752656C 
 1537      65617365 
 1537      00
 1538              	.LASF37:
 1539 01f0 705F6570 		.ascii	"p_epending\000"
 1539      656E6469 
 1539      6E6700
 1540              	.LASF8:
 1541 01fb 75696E74 		.ascii	"uint32_t\000"
 1541      33325F74 
 1541      00
 1542              	.LASF47:
 1543 0204 725F7175 		.ascii	"r_queue\000"
 1543      65756500 
 1544              	.LASF63:
 1545 020c 63686172 		.ascii	"char\000"
 1545      00
 1546              	.LASF58:
 1547 0211 6D5F6E65 		.ascii	"m_next\000"
 1547      787400
 1548              	.LASF19:
 1549 0218 73797374 		.ascii	"systime_t\000"
 1549      696D655F 
 1549      7400
 1550              	.LASF39:
 1551 0222 705F7265 		.ascii	"p_realprio\000"
 1551      616C7072 
 1551      696F00
 1552              	.LASF33:
 1553 022d 705F7469 		.ascii	"p_time\000"
 1553      6D6500
 1554              	.LASF45:
 1555 0234 696E7463 		.ascii	"intctx\000"
 1555      747800
 1556              	.LASF35:
 1557 023b 705F6D73 		.ascii	"p_msgqueue\000"
 1557      67717565 
ARM GAS  /tmp/ccJbf2W6.s 			page 31


 1557      756500
 1558              	.LASF65:
 1559 0246 63684D73 		.ascii	"chMsgWait\000"
 1559      67576169 
 1559      7400
 1560              	.LASF68:
 1561 0250 2E2E2F63 		.ascii	"../chibios_2.4.x/os/kernel/src/chmsg.c\000"
 1561      68696269 
 1561      6F735F32 
 1561      2E342E78 
 1561      2F6F732F 
 1562              	.LASF32:
 1563 0277 705F7265 		.ascii	"p_refs\000"
 1563      667300
 1564              	.LASF54:
 1565 027e 52656164 		.ascii	"ReadyList\000"
 1565      794C6973 
 1565      7400
 1566              	.LASF66:
 1567 0288 726C6973 		.ascii	"rlist\000"
 1567      7400
 1568              	.LASF5:
 1569 028e 75696E74 		.ascii	"uint8_t\000"
 1569      385F7400 
 1570              	.LASF61:
 1571 0296 77746F62 		.ascii	"wtobjp\000"
 1571      6A7000
 1572              	.LASF67:
 1573 029d 474E5520 		.ascii	"GNU C 4.5.2\000"
 1573      4320342E 
 1573      352E3200 
 1574              	.LASF28:
 1575 02a9 705F6E61 		.ascii	"p_name\000"
 1575      6D6500
 1576              	.LASF52:
 1577 02b0 725F7072 		.ascii	"r_preempt\000"
 1577      65656D70 
 1577      7400
 1578              	.LASF57:
 1579 02ba 6D5F6F77 		.ascii	"m_owner\000"
 1579      6E657200 
 1580              	.LASF25:
 1581 02c2 705F6374 		.ascii	"p_ctx\000"
 1581      7800
 1582              	.LASF34:
 1583 02c8 705F7761 		.ascii	"p_waiting\000"
 1583      6974696E 
 1583      6700
 1584              		.ident	"GCC: (Sourcery G++ Lite 2011.03-42) 4.5.2"
ARM GAS  /tmp/ccJbf2W6.s 			page 32


DEFINED SYMBOLS
                            *ABS*:00000000 chmsg.c
     /tmp/ccJbf2W6.s:24     .text.chMsgSend:00000000 $t
     /tmp/ccJbf2W6.s:30     .text.chMsgSend:00000000 chMsgSend
     /tmp/ccJbf2W6.s:109    .text.chMsgSend:00000050 $d
     /tmp/ccJbf2W6.s:115    .text.chMsgWait:00000000 $t
     /tmp/ccJbf2W6.s:121    .text.chMsgWait:00000000 chMsgWait
     /tmp/ccJbf2W6.s:177    .text.chMsgWait:0000003c $d
     /tmp/ccJbf2W6.s:182    .text.chMsgRelease:00000000 $t
     /tmp/ccJbf2W6.s:188    .text.chMsgRelease:00000000 chMsgRelease
     /tmp/ccJbf2W6.s:235    .text.chMsgRelease:00000030 $d
     /tmp/ccJbf2W6.s:240    .rodata.str1.4:00000000 $d
                     .debug_frame:00000010 $d
     /tmp/ccJbf2W6.s:114    .text.chMsgSend:00000058 $t
     /tmp/ccJbf2W6.s:239    .text.chMsgRelease:00000034 $t

UNDEFINED SYMBOLS
_port_lock
dbg_check_lock
queue_insert
chSchGoSleepS
dbg_check_unlock
_port_unlock
chSchReadyI
chDbgPanic
rlist
fifo_remove
chSchWakeupS
