ARM GAS  C:\DOCUME~1\z_80\LOCALS~1\Temp\ccwDxm3M.s 			page 1


   1              		.syntax unified
   2              		.cpu cortex-m3
   3              		.fpu softvfp
   4              		.eabi_attribute 20, 1
   5              		.eabi_attribute 21, 1
   6              		.eabi_attribute 23, 3
   7              		.eabi_attribute 24, 1
   8              		.eabi_attribute 25, 1
   9              		.eabi_attribute 26, 1
  10              		.eabi_attribute 30, 2
  11              		.eabi_attribute 18, 4
  12              		.thumb
  13              		.file	"chprintf.c"
  14              		.section	.debug_abbrev,"",%progbits
  15              	.Ldebug_abbrev0:
  16              		.section	.debug_info,"",%progbits
  17              	.Ldebug_info0:
  18              		.section	.debug_line,"",%progbits
  19              	.Ldebug_line0:
  20 0000 31030000 		.text
  20      02009001 
  20      00000201 
  20      FB0E0D00 
  20      01010101 
  21              	.Ltext0:
  22              		.cfi_sections	.debug_frame
  23              		.section	.text.ltoa,"ax",%progbits
  24              		.align	2
  25              		.p2align 4,,15
  26              		.thumb
  27              		.thumb_func
  28              		.type	ltoa, %function
  29              	ltoa:
  30              	.LFB0:
  31              		.file 1 "../chibios_2.4.x/os/various/chprintf.c"
  32              		.loc 1 42 0
  33              		.cfi_startproc
  34              		@ args = 0, pretend = 0, frame = 0
  35              		@ frame_needed = 0, uses_anonymous_args = 0
  36              		@ link register save eliminated.
  37              	.LVL0:
  38 0000 70B4     		push	{r4, r5, r6}
  39              	.LCFI0:
  40              		.cfi_def_cfa_offset 12
  41              		.loc 1 46 0
  42 0002 00F10B06 		add	r6, r0, #11
  43              		.cfi_offset 6, -4
  44              		.cfi_offset 5, -8
  45              		.cfi_offset 4, -12
  46              	.LVL1:
  47              		.loc 1 42 0
  48 0006 00F10A04 		add	r4, r0, #10
  49              	.LVL2:
  50              	.L3:
  51              		.loc 1 48 0
  52 000a B1FBF2F5 		udiv	r5, r1, r2
  53 000e 02FB1511 		mls	r1, r2, r5, r1
ARM GAS  C:\DOCUME~1\z_80\LOCALS~1\Temp\ccwDxm3M.s 			page 2


  54              	.LVL3:
  55              		.loc 1 49 0
  56 0012 01F13003 		add	r3, r1, #48
  57              	.LVL4:
  58              		.loc 1 50 0
  59 0016 392B     		cmp	r3, #57
  60              		.loc 1 51 0
  61 0018 C8BF     		it	gt
  62 001a 01F13703 		addgt	r3, r1, #55
  63              	.LVL5:
  64              		.loc 1 53 0
  65 001e 2946     		mov	r1, r5
  66              		.loc 1 51 0
  67 0020 2546     		mov	r5, r4
  68              	.LVL6:
  69              		.loc 1 52 0
  70 0022 04F80139 		strb	r3, [r4], #-1
  71              	.LVL7:
  72              		.loc 1 53 0
  73 0026 0029     		cmp	r1, #0
  74 0028 EFD1     		bne	.L3
  75              	.LVL8:
  76              		.loc 1 42 0
  77 002a 0446     		mov	r4, r0
  78              		.loc 1 55 0
  79 002c C5EB060C 		rsb	ip, r5, r6
  80 0030 E243     		mvns	r2, r4
  81              	.LVL9:
  82              		.loc 1 42 0
  83 0032 6044     		add	r0, r0, ip
  84              	.LVL10:
  85 0034 1218     		adds	r2, r2, r0
  86 0036 12F0010F 		tst	r2, #1
  87              		.loc 1 53 0
  88 003a 2946     		mov	r1, r5
  89              	.LVL11:
  90 003c 0AD0     		beq	.L5
  91              	.LVL12:
  92              		.loc 1 57 0
  93 003e 04F8013B 		strb	r3, [r4], #1
  94              	.LVL13:
  95              		.loc 1 58 0
  96 0042 11F8013F 		ldrb	r3, [r1, #1]!	@ zero_extendqisi2
  97 0046 05E0     		b	.L5
  98              	.LVL14:
  99              	.L13:
 100 0048 11F8013F 		ldrb	r3, [r1, #1]!	@ zero_extendqisi2
 101              		.loc 1 57 0
 102 004c 6370     		strb	r3, [r4, #1]
 103              		.loc 1 58 0
 104 004e 11F8013F 		ldrb	r3, [r1, #1]!	@ zero_extendqisi2
 105              		.loc 1 57 0
 106 0052 541C     		adds	r4, r2, #1
 107              	.LVL15:
 108              	.L5:
 109              		.loc 1 57 0 is_stmt 0 discriminator 1
 110 0054 2246     		mov	r2, r4
ARM GAS  C:\DOCUME~1\z_80\LOCALS~1\Temp\ccwDxm3M.s 			page 3


 111 0056 02F8013B 		strb	r3, [r2], #1
 112              	.LVL16:
 113              		.loc 1 58 0 is_stmt 1 discriminator 1
 114 005a 8242     		cmp	r2, r0
 115 005c F4D1     		bne	.L13
 116              		.loc 1 61 0
 117 005e 70BC     		pop	{r4, r5, r6}
 118 0060 7047     		bx	lr
 119              		.cfi_endproc
 120              	.LFE0:
 121              		.size	ltoa, .-ltoa
 122 0062 00BFAFF3 		.section	.text.chprintf,"ax",%progbits
 122      0080AFF3 
 122      0080AFF3 
 122      0080
 123              		.align	2
 124              		.p2align 4,,15
 125              		.global	chprintf
 126              		.thumb
 127              		.thumb_func
 128              		.type	chprintf, %function
 129              	chprintf:
 130              	.LFB1:
 131              		.loc 1 86 0
 132              		.cfi_startproc
 133              		@ args = 4, pretend = 12, frame = 16
 134              		@ frame_needed = 0, uses_anonymous_args = 1
 135              	.LVL17:
 136 0000 0EB4     		push	{r1, r2, r3}
 137              	.LCFI1:
 138              		.cfi_def_cfa_offset 12
 139 0002 2DE9F04F 		push	{r4, r5, r6, r7, r8, r9, sl, fp, lr}
 140              	.LCFI2:
 141              		.cfi_def_cfa_offset 48
 142 0006 84B0     		sub	sp, sp, #16
 143              	.LCFI3:
 144              		.cfi_def_cfa_offset 64
 145              		.loc 1 86 0
 146 0008 0DAB     		add	r3, sp, #52
 147              		.cfi_offset 14, -16
 148              		.cfi_offset 11, -20
 149              		.cfi_offset 10, -24
 150              		.cfi_offset 9, -28
 151              		.cfi_offset 8, -32
 152              		.cfi_offset 7, -36
 153              		.cfi_offset 6, -40
 154              		.cfi_offset 5, -44
 155              		.cfi_offset 4, -48
 156              		.cfi_offset 3, -4
 157              		.cfi_offset 2, -8
 158              		.cfi_offset 1, -12
 159 000a 53F8044B 		ldr	r4, [r3], #4
 160              		.loc 1 160 0
 161 000e DFF890B3 		ldr	fp, .L111
 162              		.loc 1 86 0
 163 0012 0546     		mov	r5, r0
 164              		.loc 1 94 0
ARM GAS  C:\DOCUME~1\z_80\LOCALS~1\Temp\ccwDxm3M.s 			page 4


 165 0014 0393     		str	r3, [sp, #12]
 166              	.LVL18:
 167              	.L92:
 168              		.loc 1 96 0
 169 0016 2178     		ldrb	r1, [r4, #0]	@ zero_extendqisi2
 170              	.LVL19:
 171              		.loc 1 97 0
 172 0018 59B1     		cbz	r1, .L93
 173              	.LVL20:
 174              	.L101:
 175              		.loc 1 96 0
 176 001a 0134     		adds	r4, r4, #1
 177              		.loc 1 101 0
 178 001c 2529     		cmp	r1, #37
 179 001e 0DD0     		beq	.L17
 180              		.loc 1 102 0
 181 0020 2A68     		ldr	r2, [r5, #0]
 182 0022 2846     		mov	r0, r5
 183 0024 1369     		ldr	r3, [r2, #16]
 184 0026 4FF0FF32 		mov	r2, #-1
 185 002a 9847     		blx	r3
 186              	.LVL21:
 187              		.loc 1 96 0
 188 002c 2178     		ldrb	r1, [r4, #0]	@ zero_extendqisi2
 189              	.LVL22:
 190              		.loc 1 97 0
 191 002e 0029     		cmp	r1, #0
 192 0030 F3D1     		bne	.L101
 193              	.LVL23:
 194              	.L93:
 195              		.loc 1 222 0
 196 0032 04B0     		add	sp, sp, #16
 197 0034 BDE8F04F 		pop	{r4, r5, r6, r7, r8, r9, sl, fp, lr}
 198 0038 03B0     		add	sp, sp, #12
 199 003a 7047     		bx	lr
 200              	.L17:
 201              	.LVL24:
 202              		.loc 1 108 0
 203 003c 2378     		ldrb	r3, [r4, #0]	@ zero_extendqisi2
 204 003e 2D2B     		cmp	r3, #45
 205 0040 00F08681 		beq	.L102
 206              		.loc 1 107 0
 207 0044 0026     		movs	r6, #0
 208              	.LVL25:
 209              	.L19:
 210              		.loc 1 113 0
 211 0046 2E2B     		cmp	r3, #46
 212              	.LVL26:
 213              		.loc 1 114 0
 214 0048 06BF     		itte	eq
 215 004a 14F8013F 		ldrbeq	r3, [r4, #1]!	@ zero_extendqisi2
 216              	.LVL27:
 217              		.loc 1 115 0
 218 004e 4FF03008 		moveq	r8, #48
 219              		.loc 1 112 0
 220 0052 4FF02008 		movne	r8, #32
 221              	.LVL28:
ARM GAS  C:\DOCUME~1\z_80\LOCALS~1\Temp\ccwDxm3M.s 			page 5


 222              		.loc 1 114 0
 223 0056 0398     		ldr	r0, [sp, #12]
 224              		.loc 1 86 0
 225 0058 611C     		adds	r1, r4, #1
 226              		.loc 1 117 0
 227 005a 4FF0000A 		mov	sl, #0
 228 005e 07E0     		b	.L23
 229              	.LVL29:
 230              	.L103:
 231              		.loc 1 123 0
 232 0060 0278     		ldrb	r2, [r0, #0]	@ zero_extendqisi2
 233              	.LVL30:
 234 0062 0430     		adds	r0, r0, #4
 235              	.LVL31:
 236              	.L21:
 237              		.loc 1 126 0
 238 0064 0AEB8A0A 		add	sl, sl, sl, lsl #2
 239              	.LVL32:
 240 0068 11F8013B 		ldrb	r3, [r1], #1	@ zero_extendqisi2
 241              	.LVL33:
 242 006c 02EB4A0A 		add	sl, r2, sl, lsl #1
 243              	.LVL34:
 244              	.L23:
 245              		.loc 1 120 0
 246 0070 A3F13004 		sub	r4, r3, #48
 247 0074 E2B2     		uxtb	r2, r4
 248 0076 092A     		cmp	r2, #9
 249              		.loc 1 114 0
 250 0078 0C46     		mov	r4, r1
 251              	.LVL35:
 252              		.loc 1 120 0
 253 007a F3D9     		bls	.L21
 254              		.loc 1 122 0
 255 007c 2A2B     		cmp	r3, #42
 256 007e EFD0     		beq	.L103
 257              		.loc 1 129 0
 258 0080 2E2B     		cmp	r3, #46
 259              		.loc 1 127 0
 260 0082 0390     		str	r0, [sp, #12]
 261              	.LVL36:
 262              		.loc 1 129 0
 263 0084 00F05081 		beq	.L104
 264              		.loc 1 128 0
 265 0088 4FF0000C 		mov	ip, #0
 266              	.LVL37:
 267              	.L24:
 268              		.loc 1 143 0
 269 008c 6C2B     		cmp	r3, #108
 270 008e 00F04581 		beq	.L28
 271              		.loc 1 143 0 is_stmt 0 discriminator 1
 272 0092 4C2B     		cmp	r3, #76
 273 0094 00F04281 		beq	.L28
 274              		.loc 1 149 0 is_stmt 1
 275 0098 A3F14100 		sub	r0, r3, #65
 276 009c C1B2     		uxtb	r1, r0
 277              	.LVL38:
 278 009e 1929     		cmp	r1, #25
ARM GAS  C:\DOCUME~1\z_80\LOCALS~1\Temp\ccwDxm3M.s 			page 6


 279 00a0 8CBF     		ite	hi
 280 00a2 0021     		movhi	r1, #0
 281 00a4 0121     		movls	r1, #1
 282              	.LVL39:
 283              	.L30:
 284              		.loc 1 152 0
 285 00a6 A3F14407 		sub	r7, r3, #68
 286 00aa 342F     		cmp	r7, #52
 287 00ac 00F21981 		bhi	.L31
 288 00b0 DFE817F0 		tbh	[pc, r7, lsl #1]
 289              	.L38:
 290 00b4 2401     		.2byte	(.L32-.L38)/2
 291 00b6 1701     		.2byte	(.L31-.L38)/2
 292 00b8 1701     		.2byte	(.L31-.L38)/2
 293 00ba 1701     		.2byte	(.L31-.L38)/2
 294 00bc 1701     		.2byte	(.L31-.L38)/2
 295 00be 1701     		.2byte	(.L31-.L38)/2
 296 00c0 1701     		.2byte	(.L31-.L38)/2
 297 00c2 1701     		.2byte	(.L31-.L38)/2
 298 00c4 1701     		.2byte	(.L31-.L38)/2
 299 00c6 1701     		.2byte	(.L31-.L38)/2
 300 00c8 1701     		.2byte	(.L31-.L38)/2
 301 00ca 1C01     		.2byte	(.L33-.L38)/2
 302 00cc 1701     		.2byte	(.L31-.L38)/2
 303 00ce 1701     		.2byte	(.L31-.L38)/2
 304 00d0 1701     		.2byte	(.L31-.L38)/2
 305 00d2 1701     		.2byte	(.L31-.L38)/2
 306 00d4 1701     		.2byte	(.L31-.L38)/2
 307 00d6 3201     		.2byte	(.L58-.L38)/2
 308 00d8 1701     		.2byte	(.L31-.L38)/2
 309 00da 1701     		.2byte	(.L31-.L38)/2
 310 00dc 0C01     		.2byte	(.L35-.L38)/2
 311 00de 1701     		.2byte	(.L31-.L38)/2
 312 00e0 1701     		.2byte	(.L31-.L38)/2
 313 00e2 1701     		.2byte	(.L31-.L38)/2
 314 00e4 1701     		.2byte	(.L31-.L38)/2
 315 00e6 1701     		.2byte	(.L31-.L38)/2
 316 00e8 1701     		.2byte	(.L31-.L38)/2
 317 00ea 1701     		.2byte	(.L31-.L38)/2
 318 00ec 1701     		.2byte	(.L31-.L38)/2
 319 00ee 1701     		.2byte	(.L31-.L38)/2
 320 00f0 1701     		.2byte	(.L31-.L38)/2
 321 00f2 C300     		.2byte	(.L36-.L38)/2
 322 00f4 2401     		.2byte	(.L32-.L38)/2
 323 00f6 1701     		.2byte	(.L31-.L38)/2
 324 00f8 1701     		.2byte	(.L31-.L38)/2
 325 00fa 1701     		.2byte	(.L31-.L38)/2
 326 00fc 1701     		.2byte	(.L31-.L38)/2
 327 00fe 1701     		.2byte	(.L31-.L38)/2
 328 0100 1701     		.2byte	(.L31-.L38)/2
 329 0102 1701     		.2byte	(.L31-.L38)/2
 330 0104 1701     		.2byte	(.L31-.L38)/2
 331 0106 1701     		.2byte	(.L31-.L38)/2
 332 0108 1701     		.2byte	(.L31-.L38)/2
 333 010a 1C01     		.2byte	(.L33-.L38)/2
 334 010c 1701     		.2byte	(.L31-.L38)/2
 335 010e 1701     		.2byte	(.L31-.L38)/2
ARM GAS  C:\DOCUME~1\z_80\LOCALS~1\Temp\ccwDxm3M.s 			page 7


 336 0110 1701     		.2byte	(.L31-.L38)/2
 337 0112 3500     		.2byte	(.L37-.L38)/2
 338 0114 1701     		.2byte	(.L31-.L38)/2
 339 0116 3201     		.2byte	(.L58-.L38)/2
 340 0118 1701     		.2byte	(.L31-.L38)/2
 341 011a 1701     		.2byte	(.L31-.L38)/2
 342 011c 0C01     		.2byte	(.L35-.L38)/2
 343              	.L37:
 344              	.LVL40:
 345              		.loc 1 159 0
 346 011e 039B     		ldr	r3, [sp, #12]
 347              	.LVL41:
 348              		.loc 1 162 0
 349 0120 47F6FF78 		movw	r8, #32767
 350              		.loc 1 159 0
 351 0124 1F68     		ldr	r7, [r3, #0]
 352              	.LVL42:
 353 0126 1A1D     		adds	r2, r3, #4
 354 0128 0392     		str	r2, [sp, #12]
 355              		.loc 1 160 0
 356 012a 002F     		cmp	r7, #0
 357 012c 08BF     		it	eq
 358 012e 5F46     		moveq	r7, fp
 359              	.LVL43:
 360              		.loc 1 163 0
 361 0130 3878     		ldrb	r0, [r7, #0]	@ zero_extendqisi2
 362              		.loc 1 162 0
 363 0132 BCF1000F 		cmp	ip, #0
 364 0136 08BF     		it	eq
 365 0138 C446     		moveq	ip, r8
 366              	.LVL44:
 367              		.loc 1 163 0
 368 013a 0028     		cmp	r0, #0
 369 013c 00F02B81 		beq	.L61
 370              		.loc 1 86 0
 371 0140 781C     		adds	r0, r7, #1
 372 0142 C143     		mvns	r1, r0
 373              	.LVL45:
 374 0144 8444     		add	ip, r0, ip
 375              		.loc 1 163 0
 376 0146 7A78     		ldrb	r2, [r7, #1]	@ zero_extendqisi2
 377 0148 01EB0C09 		add	r9, r1, ip
 378              	.LVL46:
 379 014c 09F00101 		and	r1, r9, #1
 380 0150 431C     		adds	r3, r0, #1
 381 0152 92B1     		cbz	r2, .L62
 382 0154 6345     		cmp	r3, ip
 383 0156 10D0     		beq	.L62
 384 0158 21B1     		cbz	r1, .L42
 385              		.loc 1 86 0
 386 015a 1846     		mov	r0, r3
 387              	.LVL47:
 388              		.loc 1 163 0
 389 015c 13F8012B 		ldrb	r2, [r3], #1	@ zero_extendqisi2
 390 0160 4AB9     		cbnz	r2, .L95
 391 0162 0AE0     		b	.L62
 392              	.L42:
ARM GAS  C:\DOCUME~1\z_80\LOCALS~1\Temp\ccwDxm3M.s 			page 8


 393              		.loc 1 163 0 is_stmt 0 discriminator 1
 394 0164 1A46     		mov	r2, r3
 395 0166 12F8011B 		ldrb	r1, [r2], #1	@ zero_extendqisi2
 396              		.loc 1 86 0 is_stmt 1 discriminator 1
 397 016a 1846     		mov	r0, r3
 398              		.loc 1 163 0 discriminator 1
 399 016c 29B1     		cbz	r1, .L62
 400              		.loc 1 163 0 is_stmt 0 discriminator 2
 401 016e 5978     		ldrb	r1, [r3, #1]	@ zero_extendqisi2
 402              		.loc 1 86 0 is_stmt 1 discriminator 2
 403 0170 1046     		mov	r0, r2
 404              		.loc 1 163 0 discriminator 2
 405 0172 531C     		adds	r3, r2, #1
 406 0174 09B1     		cbz	r1, .L62
 407              	.L95:
 408              		.loc 1 163 0 is_stmt 0
 409 0176 6345     		cmp	r3, ip
 410 0178 F4D1     		bne	.L42
 411              	.L62:
 412              		.loc 1 200 0 is_stmt 1
 413 017a C7EB0009 		rsb	r9, r7, r0
 414              		.loc 1 201 0
 415 017e C9EB0A0C 		rsb	ip, r9, sl
 416              		.loc 1 158 0
 417 0182 4FF02008 		mov	r8, #32
 418              	.LVL48:
 419              		.loc 1 201 0
 420 0186 2CEAEC7A 		bic	sl, ip, ip, asr #31
 421              	.LVL49:
 422              		.loc 1 203 0
 423 018a 002E     		cmp	r6, #0
 424 018c 67D0     		beq	.L105
 425              	.LVL50:
 426              	.L48:
 427              		.loc 1 214 0 discriminator 1
 428 018e B9F1000F 		cmp	r9, #0
 429 0192 28DD     		ble	.L51
 430              	.LVL51:
 431              		.loc 1 215 0
 432 0194 3E46     		mov	r6, r7
 433 0196 2A68     		ldr	r2, [r5, #0]
 434 0198 F843     		mvns	r0, r7
 435              		.loc 1 86 0
 436 019a B944     		add	r9, r7, r9
 437              	.LVL52:
 438              		.loc 1 215 0
 439 019c 16F8011B 		ldrb	r1, [r6], #1	@ zero_extendqisi2
 440 01a0 09EB0007 		add	r7, r9, r0
 441 01a4 1369     		ldr	r3, [r2, #16]
 442 01a6 2846     		mov	r0, r5
 443 01a8 4FF0FF32 		mov	r2, #-1
 444 01ac 9847     		blx	r3
 445              	.LVL53:
 446              		.loc 1 214 0
 447 01ae 4E45     		cmp	r6, r9
 448 01b0 07F00107 		and	r7, r7, #1
 449 01b4 17D0     		beq	.L51
ARM GAS  C:\DOCUME~1\z_80\LOCALS~1\Temp\ccwDxm3M.s 			page 9


 450 01b6 1FB1     		cbz	r7, .L52
 451              		.loc 1 215 0
 452 01b8 2B68     		ldr	r3, [r5, #0]
 453 01ba 16F8011B 		ldrb	r1, [r6], #1	@ zero_extendqisi2
 454 01be 0BE0     		b	.L100
 455              	.L52:
 456 01c0 2868     		ldr	r0, [r5, #0]
 457 01c2 3746     		mov	r7, r6
 458 01c4 17F8011B 		ldrb	r1, [r7], #1	@ zero_extendqisi2
 459 01c8 0369     		ldr	r3, [r0, #16]
 460 01ca 4FF0FF32 		mov	r2, #-1
 461 01ce 2846     		mov	r0, r5
 462 01d0 9847     		blx	r3
 463 01d2 2B68     		ldr	r3, [r5, #0]
 464 01d4 7178     		ldrb	r1, [r6, #1]	@ zero_extendqisi2
 465 01d6 7E1C     		adds	r6, r7, #1
 466              	.L100:
 467 01d8 1B69     		ldr	r3, [r3, #16]
 468 01da 2846     		mov	r0, r5
 469 01dc 4FF0FF32 		mov	r2, #-1
 470 01e0 9847     		blx	r3
 471              		.loc 1 214 0
 472 01e2 4E45     		cmp	r6, r9
 473 01e4 ECD1     		bne	.L52
 474              	.L51:
 475              	.LVL54:
 476              		.loc 1 217 0 discriminator 1
 477 01e6 BAF1000F 		cmp	sl, #0
 478 01ea 3FF414AF 		beq	.L92
 479              		.loc 1 218 0
 480 01ee 2E68     		ldr	r6, [r5, #0]
 481 01f0 0AF1FF3C 		add	ip, sl, #-1
 482 01f4 3369     		ldr	r3, [r6, #16]
 483 01f6 2846     		mov	r0, r5
 484              		.loc 1 217 0
 485 01f8 6646     		mov	r6, ip
 486              		.loc 1 218 0
 487 01fa 4146     		mov	r1, r8
 488 01fc 4FF0FF32 		mov	r2, #-1
 489 0200 0CF00107 		and	r7, ip, #1
 490 0204 9847     		blx	r3
 491              	.LVL55:
 492              		.loc 1 217 0
 493 0206 002E     		cmp	r6, #0
 494 0208 3FF405AF 		beq	.L92
 495 020c 1FB1     		cbz	r7, .L65
 496              		.loc 1 218 0
 497 020e 2A68     		ldr	r2, [r5, #0]
 498 0210 2846     		mov	r0, r5
 499 0212 1369     		ldr	r3, [r2, #16]
 500 0214 0AE0     		b	.L98
 501              	.L65:
 502 0216 2868     		ldr	r0, [r5, #0]
 503 0218 4146     		mov	r1, r8
 504 021a 0369     		ldr	r3, [r0, #16]
 505 021c 4FF0FF32 		mov	r2, #-1
 506 0220 2846     		mov	r0, r5
ARM GAS  C:\DOCUME~1\z_80\LOCALS~1\Temp\ccwDxm3M.s 			page 10


 507 0222 9847     		blx	r3
 508 0224 2968     		ldr	r1, [r5, #0]
 509              		.loc 1 219 0
 510 0226 013E     		subs	r6, r6, #1
 511              		.loc 1 218 0
 512 0228 0B69     		ldr	r3, [r1, #16]
 513 022a 2846     		mov	r0, r5
 514              	.L98:
 515 022c 4146     		mov	r1, r8
 516 022e 4FF0FF32 		mov	r2, #-1
 517 0232 9847     		blx	r3
 518              		.loc 1 217 0
 519 0234 013E     		subs	r6, r6, #1
 520 0236 EED1     		bne	.L65
 521 0238 EDE6     		b	.L92
 522              	.LVL56:
 523              	.L36:
 524              		.loc 1 155 0
 525 023a 0399     		ldr	r1, [sp, #12]
 526              	.LVL57:
 527              		.loc 1 106 0
 528 023c 00AF     		add	r7, sp, #0
 529              		.loc 1 155 0
 530 023e 0A68     		ldr	r2, [r1, #0]
 531 0240 0B1D     		adds	r3, r1, #4
 532              	.LVL58:
 533              		.loc 1 154 0
 534 0242 4FF02008 		mov	r8, #32
 535              		.loc 1 155 0
 536 0246 0393     		str	r3, [sp, #12]
 537 0248 8DF80020 		strb	r2, [sp, #0]
 538              	.LVL59:
 539 024c 781C     		adds	r0, r7, #1
 540              	.LVL60:
 541              	.L39:
 542              		.loc 1 200 0
 543 024e C7EB0009 		rsb	r9, r7, r0
 544              	.LVL61:
 545              		.loc 1 201 0
 546 0252 C9EB0A0C 		rsb	ip, r9, sl
 547              	.LVL62:
 548 0256 2CEAEC7A 		bic	sl, ip, ip, asr #31
 549              	.LVL63:
 550              		.loc 1 203 0
 551 025a 002E     		cmp	r6, #0
 552 025c 97D1     		bne	.L48
 553              	.LVL64:
 554              	.L105:
 555              		.loc 1 204 0
 556 025e CAF1000A 		rsb	sl, sl, #0
 557              	.LVL65:
 558              		.loc 1 205 0
 559 0262 BAF1000F 		cmp	sl, #0
 560 0266 92D0     		beq	.L48
 561              		.loc 1 206 0
 562 0268 3978     		ldrb	r1, [r7, #0]	@ zero_extendqisi2
 563 026a 2D29     		cmp	r1, #45
ARM GAS  C:\DOCUME~1\z_80\LOCALS~1\Temp\ccwDxm3M.s 			page 11


 564 026c 00F08580 		beq	.L106
 565              	.LVL66:
 566              	.L50:
 567              		.loc 1 211 0 discriminator 1
 568 0270 2968     		ldr	r1, [r5, #0]
 569 0272 6FEA0A0E 		mvn	lr, sl
 570 0276 0B69     		ldr	r3, [r1, #16]
 571 0278 2846     		mov	r0, r5
 572 027a 4146     		mov	r1, r8
 573 027c 4FF0FF32 		mov	r2, #-1
 574 0280 0EF00106 		and	r6, lr, #1
 575              	.LVL67:
 576 0284 9847     		blx	r3
 577              	.LVL68:
 578              		.loc 1 212 0 discriminator 1
 579 0286 1AF1010A 		adds	sl, sl, #1
 580              	.LVL69:
 581 028a 80D0     		beq	.L48
 582 028c 56B1     		cbz	r6, .L66
 583              		.loc 1 211 0
 584 028e 2968     		ldr	r1, [r5, #0]
 585 0290 2846     		mov	r0, r5
 586 0292 0B69     		ldr	r3, [r1, #16]
 587 0294 4FF0FF32 		mov	r2, #-1
 588 0298 4146     		mov	r1, r8
 589 029a 9847     		blx	r3
 590              	.LVL70:
 591              		.loc 1 212 0
 592 029c 1AF1010A 		adds	sl, sl, #1
 593              	.LVL71:
 594 02a0 3FF475AF 		beq	.L48
 595              	.L66:
 596              		.loc 1 211 0 discriminator 1
 597 02a4 2868     		ldr	r0, [r5, #0]
 598 02a6 4146     		mov	r1, r8
 599 02a8 0369     		ldr	r3, [r0, #16]
 600 02aa 4FF0FF32 		mov	r2, #-1
 601 02ae 2846     		mov	r0, r5
 602 02b0 9847     		blx	r3
 603 02b2 2868     		ldr	r0, [r5, #0]
 604              		.loc 1 212 0 discriminator 1
 605 02b4 0AF1010A 		add	sl, sl, #1
 606              	.LVL72:
 607              		.loc 1 211 0 discriminator 1
 608 02b8 0369     		ldr	r3, [r0, #16]
 609 02ba 4146     		mov	r1, r8
 610 02bc 2846     		mov	r0, r5
 611 02be 4FF0FF32 		mov	r2, #-1
 612 02c2 9847     		blx	r3
 613              	.LVL73:
 614              		.loc 1 212 0 discriminator 1
 615 02c4 1AF1010A 		adds	sl, sl, #1
 616              	.LVL74:
 617 02c8 ECD1     		bne	.L66
 618 02ca 60E7     		b	.L48
 619              	.LVL75:
 620              	.L35:
ARM GAS  C:\DOCUME~1\z_80\LOCALS~1\Temp\ccwDxm3M.s 			page 12


 621              		.loc 1 152 0
 622 02cc 1022     		movs	r2, #16
 623              	.L34:
 624              	.LVL76:
 625              		.loc 1 190 0
 626 02ce 81B1     		cbz	r1, .L46
 627              	.L107:
 628              		.loc 1 191 0
 629 02d0 039B     		ldr	r3, [sp, #12]
 630 02d2 191D     		adds	r1, r3, #4
 631              	.LVL77:
 632 02d4 0391     		str	r1, [sp, #12]
 633 02d6 1968     		ldr	r1, [r3, #0]
 634              	.LVL78:
 635              	.L47:
 636              		.loc 1 194 0
 637 02d8 6846     		mov	r0, sp
 638 02da FFF7FEFF 		bl	ltoa
 639              	.LVL79:
 640              		.loc 1 106 0
 641 02de 6F46     		mov	r7, sp
 642              		.loc 1 195 0
 643 02e0 B5E7     		b	.L39
 644              	.LVL80:
 645              	.L31:
 646              		.loc 1 106 0
 647 02e2 00AF     		add	r7, sp, #0
 648              		.loc 1 197 0
 649 02e4 8DF80030 		strb	r3, [sp, #0]
 650              	.LVL81:
 651 02e8 781C     		adds	r0, r7, #1
 652              		.loc 1 198 0
 653 02ea B0E7     		b	.L39
 654              	.LVL82:
 655              	.L33:
 656 02ec 0822     		movs	r2, #8
 657              	.LVL83:
 658              		.loc 1 190 0
 659 02ee 0029     		cmp	r1, #0
 660 02f0 EED1     		bne	.L107
 661              	.L46:
 662              		.loc 1 193 0
 663 02f2 0398     		ldr	r0, [sp, #12]
 664 02f4 071D     		adds	r7, r0, #4
 665 02f6 0168     		ldr	r1, [r0, #0]
 666              	.LVL84:
 667 02f8 0397     		str	r7, [sp, #12]
 668              	.LVL85:
 669 02fa EDE7     		b	.L47
 670              	.LVL86:
 671              	.L32:
 672              		.loc 1 168 0
 673 02fc 0029     		cmp	r1, #0
 674 02fe 2FD1     		bne	.L108
 675              		.loc 1 171 0
 676 0300 039B     		ldr	r3, [sp, #12]
 677              	.LVL87:
ARM GAS  C:\DOCUME~1\z_80\LOCALS~1\Temp\ccwDxm3M.s 			page 13


 678 0302 1968     		ldr	r1, [r3, #0]
 679              	.LVL88:
 680 0304 1A1D     		adds	r2, r3, #4
 681              		.loc 1 172 0
 682 0306 0029     		cmp	r1, #0
 683              		.loc 1 171 0
 684 0308 0392     		str	r2, [sp, #12]
 685              	.LVL89:
 686              		.loc 1 172 0
 687 030a 2FDB     		blt	.L109
 688              	.LVL90:
 689              	.L63:
 690              		.loc 1 105 0
 691 030c 6846     		mov	r0, sp
 692              	.LVL91:
 693              	.L45:
 694              		.loc 1 176 0
 695 030e 0A22     		movs	r2, #10
 696 0310 FFF7FEFF 		bl	ltoa
 697              	.LVL92:
 698              		.loc 1 106 0
 699 0314 6F46     		mov	r7, sp
 700              		.loc 1 177 0
 701 0316 9AE7     		b	.L39
 702              	.LVL93:
 703              	.L58:
 704              		.loc 1 152 0
 705 0318 0A22     		movs	r2, #10
 706 031a D8E7     		b	.L34
 707              	.LVL94:
 708              	.L28:
 709              		.loc 1 145 0
 710 031c 2278     		ldrb	r2, [r4, #0]	@ zero_extendqisi2
 711 031e EAB1     		cbz	r2, .L57
 712              	.LVL95:
 713              		.loc 1 146 0
 714 0320 0134     		adds	r4, r4, #1
 715              	.LVL96:
 716 0322 1346     		mov	r3, r2
 717              		.loc 1 144 0
 718 0324 0121     		movs	r1, #1
 719 0326 BEE6     		b	.L30
 720              	.LVL97:
 721              	.L104:
 722              		.loc 1 129 0
 723 0328 4FF0000C 		mov	ip, #0
 724              	.LVL98:
 725              	.L27:
 726              		.loc 1 131 0
 727 032c 0C46     		mov	r4, r1
 728 032e 14F8013B 		ldrb	r3, [r4], #1	@ zero_extendqisi2
 729              	.LVL99:
 730              		.loc 1 138 0
 731 0332 0CEB8C07 		add	r7, ip, ip, lsl #2
 732              		.loc 1 132 0
 733 0336 A3F13001 		sub	r1, r3, #48
 734 033a CAB2     		uxtb	r2, r1
ARM GAS  C:\DOCUME~1\z_80\LOCALS~1\Temp\ccwDxm3M.s 			page 14


 735 033c 092A     		cmp	r2, #9
 736              		.loc 1 131 0
 737 033e 2146     		mov	r1, r4
 738              	.LVL100:
 739              		.loc 1 132 0
 740 0340 03D9     		bls	.L25
 741              		.loc 1 134 0
 742 0342 2A2B     		cmp	r3, #42
 743 0344 08D1     		bne	.L110
 744              		.loc 1 135 0
 745 0346 0278     		ldrb	r2, [r0, #0]	@ zero_extendqisi2
 746              	.LVL101:
 747 0348 0430     		adds	r0, r0, #4
 748              	.LVL102:
 749              	.L25:
 750              		.loc 1 139 0
 751 034a 02EB470C 		add	ip, r2, r7, lsl #1
 752              	.LVL103:
 753              		.loc 1 140 0
 754 034e EDE7     		b	.L27
 755              	.LVL104:
 756              	.L102:
 757              		.loc 1 109 0
 758 0350 14F8013F 		ldrb	r3, [r4, #1]!	@ zero_extendqisi2
 759              	.LVL105:
 760              		.loc 1 110 0
 761 0354 0126     		movs	r6, #1
 762 0356 76E6     		b	.L19
 763              	.LVL106:
 764              	.L110:
 765              		.loc 1 134 0
 766 0358 0390     		str	r0, [sp, #12]
 767 035a 97E6     		b	.L24
 768              	.LVL107:
 769              	.L57:
 770              		.loc 1 144 0
 771 035c 0121     		movs	r1, #1
 772              	.LVL108:
 773 035e A2E6     		b	.L30
 774              	.LVL109:
 775              	.L108:
 776              		.loc 1 169 0
 777 0360 039F     		ldr	r7, [sp, #12]
 778 0362 3968     		ldr	r1, [r7, #0]
 779              	.LVL110:
 780 0364 381D     		adds	r0, r7, #4
 781              		.loc 1 172 0
 782 0366 0029     		cmp	r1, #0
 783              		.loc 1 169 0
 784 0368 0390     		str	r0, [sp, #12]
 785              		.loc 1 172 0
 786 036a CFDA     		bge	.L63
 787              	.LVL111:
 788              	.L109:
 789              		.loc 1 173 0
 790 036c 2D20     		movs	r0, #45
 791 036e 00AF     		add	r7, sp, #0
ARM GAS  C:\DOCUME~1\z_80\LOCALS~1\Temp\ccwDxm3M.s 			page 15


 792 0370 8DF80000 		strb	r0, [sp, #0]
 793              	.LVL112:
 794              		.loc 1 174 0
 795 0374 4942     		negs	r1, r1
 796              	.LVL113:
 797              		.loc 1 173 0
 798 0376 781C     		adds	r0, r7, #1
 799 0378 C9E7     		b	.L45
 800              	.LVL114:
 801              	.L106:
 802              		.loc 1 206 0 discriminator 1
 803 037a B8F1300F 		cmp	r8, #48
 804 037e 7FF477AF 		bne	.L50
 805              		.loc 1 207 0
 806 0382 2A68     		ldr	r2, [r5, #0]
 807 0384 2846     		mov	r0, r5
 808              	.LVL115:
 809 0386 1669     		ldr	r6, [r2, #16]
 810              	.LVL116:
 811 0388 4FF0FF32 		mov	r2, #-1
 812 038c B047     		blx	r6
 813 038e 0137     		adds	r7, r7, #1
 814              	.LVL117:
 815              		.loc 1 208 0
 816 0390 09F1FF39 		add	r9, r9, #-1
 817              	.LVL118:
 818 0394 6CE7     		b	.L50
 819              	.LVL119:
 820              	.L61:
 821              		.loc 1 163 0
 822 0396 3846     		mov	r0, r7
 823              		.loc 1 158 0
 824 0398 4FF02008 		mov	r8, #32
 825 039c 57E7     		b	.L39
 826              	.L112:
 827 039e 00BF     		.align	2
 828              	.L111:
 829 03a0 00000000 		.word	.LC0
 830              		.cfi_endproc
 831              	.LFE1:
 832              		.size	chprintf, .-chprintf
 833 03a4 AFF30080 		.section	.rodata.str1.4,"aMS",%progbits,1
 833      AFF30080 
 833      AFF30080 
 834              		.align	2
 835              	.LC0:
 836 0000 286E756C 		.ascii	"(null)\000"
 836      6C2900
 837 0007 00       		.text
 838              	.Letext0:
 839              		.section	.debug_loc,"",%progbits
 840              	.Ldebug_loc0:
 841              	.LLST0:
 842 0000 00000000 		.4byte	.LFB0
 843 0004 02000000 		.4byte	.LCFI0
 844 0008 0200     		.2byte	0x2
 845 000a 7D       		.byte	0x7d
ARM GAS  C:\DOCUME~1\z_80\LOCALS~1\Temp\ccwDxm3M.s 			page 16


 846 000b 00       		.sleb128 0
 847 000c 02000000 		.4byte	.LCFI0
 848 0010 62000000 		.4byte	.LFE0
 849 0014 0200     		.2byte	0x2
 850 0016 7D       		.byte	0x7d
 851 0017 0C       		.sleb128 12
 852 0018 00000000 		.4byte	0x0
 853 001c 00000000 		.4byte	0x0
 854              	.LLST1:
 855 0020 00000000 		.4byte	.LVL0
 856 0024 34000000 		.4byte	.LVL10
 857 0028 0100     		.2byte	0x1
 858 002a 50       		.byte	0x50
 859 002b 34000000 		.4byte	.LVL10
 860 002f 3E000000 		.4byte	.LVL12
 861 0033 0100     		.2byte	0x1
 862 0035 54       		.byte	0x54
 863 0036 42000000 		.4byte	.LVL13
 864 003a 48000000 		.4byte	.LVL14
 865 003e 0100     		.2byte	0x1
 866 0040 54       		.byte	0x54
 867 0041 54000000 		.4byte	.LVL15
 868 0045 5A000000 		.4byte	.LVL16
 869 0049 0100     		.2byte	0x1
 870 004b 54       		.byte	0x54
 871 004c 00000000 		.4byte	0x0
 872 0050 00000000 		.4byte	0x0
 873              	.LLST2:
 874 0054 00000000 		.4byte	.LVL0
 875 0058 12000000 		.4byte	.LVL3
 876 005c 0100     		.2byte	0x1
 877 005e 51       		.byte	0x51
 878 005f 22000000 		.4byte	.LVL6
 879 0063 3C000000 		.4byte	.LVL11
 880 0067 0100     		.2byte	0x1
 881 0069 51       		.byte	0x51
 882 006a 00000000 		.4byte	0x0
 883 006e 00000000 		.4byte	0x0
 884              	.LLST3:
 885 0072 00000000 		.4byte	.LVL0
 886 0076 32000000 		.4byte	.LVL9
 887 007a 0100     		.2byte	0x1
 888 007c 52       		.byte	0x52
 889 007d 00000000 		.4byte	0x0
 890 0081 00000000 		.4byte	0x0
 891              	.LLST4:
 892 0085 12000000 		.4byte	.LVL3
 893 0089 16000000 		.4byte	.LVL4
 894 008d 0100     		.2byte	0x1
 895 008f 51       		.byte	0x51
 896 0090 16000000 		.4byte	.LVL4
 897 0094 1E000000 		.4byte	.LVL5
 898 0098 0100     		.2byte	0x1
 899 009a 53       		.byte	0x53
 900 009b 1E000000 		.4byte	.LVL5
 901 009f 2A000000 		.4byte	.LVL8
 902 00a3 0100     		.2byte	0x1
ARM GAS  C:\DOCUME~1\z_80\LOCALS~1\Temp\ccwDxm3M.s 			page 17


 903 00a5 53       		.byte	0x53
 904 00a6 2A000000 		.4byte	.LVL8
 905 00aa 3E000000 		.4byte	.LVL12
 906 00ae 0600     		.2byte	0x6
 907 00b0 76       		.byte	0x76
 908 00b1 00       		.sleb128 0
 909 00b2 75       		.byte	0x75
 910 00b3 00       		.sleb128 0
 911 00b4 1C       		.byte	0x1c
 912 00b5 9F       		.byte	0x9f
 913 00b6 00000000 		.4byte	0x0
 914 00ba 00000000 		.4byte	0x0
 915              	.LLST5:
 916 00be 06000000 		.4byte	.LVL1
 917 00c2 0A000000 		.4byte	.LVL2
 918 00c6 0100     		.2byte	0x1
 919 00c8 56       		.byte	0x56
 920 00c9 22000000 		.4byte	.LVL6
 921 00cd 26000000 		.4byte	.LVL7
 922 00d1 0100     		.2byte	0x1
 923 00d3 54       		.byte	0x54
 924 00d4 26000000 		.4byte	.LVL7
 925 00d8 3E000000 		.4byte	.LVL12
 926 00dc 0100     		.2byte	0x1
 927 00de 55       		.byte	0x55
 928 00df 00000000 		.4byte	0x0
 929 00e3 00000000 		.4byte	0x0
 930              	.LLST6:
 931 00e7 00000000 		.4byte	.LFB1
 932 00eb 02000000 		.4byte	.LCFI1
 933 00ef 0200     		.2byte	0x2
 934 00f1 7D       		.byte	0x7d
 935 00f2 00       		.sleb128 0
 936 00f3 02000000 		.4byte	.LCFI1
 937 00f7 06000000 		.4byte	.LCFI2
 938 00fb 0200     		.2byte	0x2
 939 00fd 7D       		.byte	0x7d
 940 00fe 0C       		.sleb128 12
 941 00ff 06000000 		.4byte	.LCFI2
 942 0103 08000000 		.4byte	.LCFI3
 943 0107 0200     		.2byte	0x2
 944 0109 7D       		.byte	0x7d
 945 010a 30       		.sleb128 48
 946 010b 08000000 		.4byte	.LCFI3
 947 010f A4030000 		.4byte	.LFE1
 948 0113 0300     		.2byte	0x3
 949 0115 7D       		.byte	0x7d
 950 0116 C000     		.sleb128 64
 951 0118 00000000 		.4byte	0x0
 952 011c 00000000 		.4byte	0x0
 953              	.LLST7:
 954 0120 00000000 		.4byte	.LVL17
 955 0124 16000000 		.4byte	.LVL18
 956 0128 0100     		.2byte	0x1
 957 012a 50       		.byte	0x50
 958 012b 16000000 		.4byte	.LVL18
 959 012f A4030000 		.4byte	.LFE1
ARM GAS  C:\DOCUME~1\z_80\LOCALS~1\Temp\ccwDxm3M.s 			page 18


 960 0133 0100     		.2byte	0x1
 961 0135 55       		.byte	0x55
 962 0136 00000000 		.4byte	0x0
 963 013a 00000000 		.4byte	0x0
 964              	.LLST8:
 965 013e 00000000 		.4byte	.LVL17
 966 0142 16000000 		.4byte	.LVL18
 967 0146 0200     		.2byte	0x2
 968 0148 91       		.byte	0x91
 969 0149 74       		.sleb128 -12
 970 014a 16000000 		.4byte	.LVL18
 971 014e 18000000 		.4byte	.LVL19
 972 0152 0100     		.2byte	0x1
 973 0154 54       		.byte	0x54
 974 0155 18000000 		.4byte	.LVL19
 975 0159 1A000000 		.4byte	.LVL20
 976 015d 0300     		.2byte	0x3
 977 015f 74       		.byte	0x74
 978 0160 01       		.sleb128 1
 979 0161 9F       		.byte	0x9f
 980 0162 2C000000 		.4byte	.LVL21
 981 0166 2E000000 		.4byte	.LVL22
 982 016a 0100     		.2byte	0x1
 983 016c 54       		.byte	0x54
 984 016d 2E000000 		.4byte	.LVL22
 985 0171 32000000 		.4byte	.LVL23
 986 0175 0300     		.2byte	0x3
 987 0177 74       		.byte	0x74
 988 0178 01       		.sleb128 1
 989 0179 9F       		.byte	0x9f
 990 017a 46000000 		.4byte	.LVL25
 991 017e 4E000000 		.4byte	.LVL27
 992 0182 0100     		.2byte	0x1
 993 0184 54       		.byte	0x54
 994 0185 56000000 		.4byte	.LVL28
 995 0189 60000000 		.4byte	.LVL29
 996 018d 0100     		.2byte	0x1
 997 018f 54       		.byte	0x54
 998 0190 60000000 		.4byte	.LVL29
 999 0194 6C000000 		.4byte	.LVL33
 1000 0198 0100     		.2byte	0x1
 1001 019a 51       		.byte	0x51
 1002 019b 6C000000 		.4byte	.LVL33
 1003 019f 70000000 		.4byte	.LVL34
 1004 01a3 0100     		.2byte	0x1
 1005 01a5 54       		.byte	0x54
 1006 01a6 7A000000 		.4byte	.LVL35
 1007 01aa 9E000000 		.4byte	.LVL38
 1008 01ae 0100     		.2byte	0x1
 1009 01b0 51       		.byte	0x51
 1010 01b1 9E000000 		.4byte	.LVL38
 1011 01b5 1C030000 		.4byte	.LVL94
 1012 01b9 0100     		.2byte	0x1
 1013 01bb 54       		.byte	0x54
 1014 01bc 1C030000 		.4byte	.LVL94
 1015 01c0 22030000 		.4byte	.LVL96
 1016 01c4 0100     		.2byte	0x1
ARM GAS  C:\DOCUME~1\z_80\LOCALS~1\Temp\ccwDxm3M.s 			page 19


 1017 01c6 51       		.byte	0x51
 1018 01c7 22030000 		.4byte	.LVL96
 1019 01cb 28030000 		.4byte	.LVL97
 1020 01cf 0100     		.2byte	0x1
 1021 01d1 54       		.byte	0x54
 1022 01d2 28030000 		.4byte	.LVL97
 1023 01d6 2C030000 		.4byte	.LVL98
 1024 01da 0100     		.2byte	0x1
 1025 01dc 51       		.byte	0x51
 1026 01dd 40030000 		.4byte	.LVL100
 1027 01e1 50030000 		.4byte	.LVL104
 1028 01e5 0100     		.2byte	0x1
 1029 01e7 54       		.byte	0x54
 1030 01e8 50030000 		.4byte	.LVL104
 1031 01ec 54030000 		.4byte	.LVL105
 1032 01f0 0100     		.2byte	0x1
 1033 01f2 54       		.byte	0x54
 1034 01f3 54030000 		.4byte	.LVL105
 1035 01f7 58030000 		.4byte	.LVL106
 1036 01fb 0300     		.2byte	0x3
 1037 01fd 74       		.byte	0x74
 1038 01fe 7F       		.sleb128 -1
 1039 01ff 9F       		.byte	0x9f
 1040 0200 58030000 		.4byte	.LVL106
 1041 0204 5E030000 		.4byte	.LVL108
 1042 0208 0100     		.2byte	0x1
 1043 020a 51       		.byte	0x51
 1044 020b 5E030000 		.4byte	.LVL108
 1045 020f A4030000 		.4byte	.LFE1
 1046 0213 0100     		.2byte	0x1
 1047 0215 54       		.byte	0x54
 1048 0216 00000000 		.4byte	0x0
 1049 021a 00000000 		.4byte	0x0
 1050              	.LLST9:
 1051 021e 3C000000 		.4byte	.LVL24
 1052 0222 3A010000 		.4byte	.LVL44
 1053 0226 0100     		.2byte	0x1
 1054 0228 5D       		.byte	0x5d
 1055 0229 3A010000 		.4byte	.LVL44
 1056 022d 4C010000 		.4byte	.LVL46
 1057 0231 0100     		.2byte	0x1
 1058 0233 57       		.byte	0x57
 1059 0234 4C010000 		.4byte	.LVL46
 1060 0238 5C010000 		.4byte	.LVL47
 1061 023c 0100     		.2byte	0x1
 1062 023e 50       		.byte	0x50
 1063 023f 86010000 		.4byte	.LVL48
 1064 0243 8E010000 		.4byte	.LVL50
 1065 0247 0100     		.2byte	0x1
 1066 0249 50       		.byte	0x50
 1067 024a 3A020000 		.4byte	.LVL56
 1068 024e 4C020000 		.4byte	.LVL59
 1069 0252 0100     		.2byte	0x1
 1070 0254 5D       		.byte	0x5d
 1071 0255 4C020000 		.4byte	.LVL59
 1072 0259 4E020000 		.4byte	.LVL60
 1073 025d 0400     		.2byte	0x4
ARM GAS  C:\DOCUME~1\z_80\LOCALS~1\Temp\ccwDxm3M.s 			page 20


 1074 025f 91       		.byte	0x91
 1075 0260 A97F     		.sleb128 -87
 1076 0262 9F       		.byte	0x9f
 1077 0263 4E020000 		.4byte	.LVL60
 1078 0267 70020000 		.4byte	.LVL66
 1079 026b 0100     		.2byte	0x1
 1080 026d 50       		.byte	0x50
 1081 026e CC020000 		.4byte	.LVL75
 1082 0272 DE020000 		.4byte	.LVL79
 1083 0276 0100     		.2byte	0x1
 1084 0278 5D       		.byte	0x5d
 1085 0279 DE020000 		.4byte	.LVL79
 1086 027d E2020000 		.4byte	.LVL80
 1087 0281 0100     		.2byte	0x1
 1088 0283 50       		.byte	0x50
 1089 0284 E2020000 		.4byte	.LVL80
 1090 0288 E8020000 		.4byte	.LVL81
 1091 028c 0100     		.2byte	0x1
 1092 028e 5D       		.byte	0x5d
 1093 028f E8020000 		.4byte	.LVL81
 1094 0293 EC020000 		.4byte	.LVL82
 1095 0297 0400     		.2byte	0x4
 1096 0299 91       		.byte	0x91
 1097 029a A97F     		.sleb128 -87
 1098 029c 9F       		.byte	0x9f
 1099 029d EC020000 		.4byte	.LVL82
 1100 02a1 0E030000 		.4byte	.LVL91
 1101 02a5 0100     		.2byte	0x1
 1102 02a7 5D       		.byte	0x5d
 1103 02a8 0E030000 		.4byte	.LVL91
 1104 02ac 13030000 		.4byte	.LVL92-1
 1105 02b0 0100     		.2byte	0x1
 1106 02b2 50       		.byte	0x50
 1107 02b3 14030000 		.4byte	.LVL92
 1108 02b7 18030000 		.4byte	.LVL93
 1109 02bb 0100     		.2byte	0x1
 1110 02bd 50       		.byte	0x50
 1111 02be 18030000 		.4byte	.LVL93
 1112 02c2 74030000 		.4byte	.LVL112
 1113 02c6 0100     		.2byte	0x1
 1114 02c8 5D       		.byte	0x5d
 1115 02c9 74030000 		.4byte	.LVL112
 1116 02cd 7A030000 		.4byte	.LVL114
 1117 02d1 0400     		.2byte	0x4
 1118 02d3 91       		.byte	0x91
 1119 02d4 A97F     		.sleb128 -87
 1120 02d6 9F       		.byte	0x9f
 1121 02d7 7A030000 		.4byte	.LVL114
 1122 02db 86030000 		.4byte	.LVL115
 1123 02df 0100     		.2byte	0x1
 1124 02e1 50       		.byte	0x50
 1125 02e2 96030000 		.4byte	.LVL119
 1126 02e6 A4030000 		.4byte	.LFE1
 1127 02ea 0100     		.2byte	0x1
 1128 02ec 57       		.byte	0x57
 1129 02ed 00000000 		.4byte	0x0
 1130 02f1 00000000 		.4byte	0x0
ARM GAS  C:\DOCUME~1\z_80\LOCALS~1\Temp\ccwDxm3M.s 			page 21


 1131              	.LLST10:
 1132 02f5 3C000000 		.4byte	.LVL24
 1133 02f9 26010000 		.4byte	.LVL42
 1134 02fd 0100     		.2byte	0x1
 1135 02ff 5D       		.byte	0x5d
 1136 0300 30010000 		.4byte	.LVL43
 1137 0304 8E010000 		.4byte	.LVL50
 1138 0308 0100     		.2byte	0x1
 1139 030a 57       		.byte	0x57
 1140 030b 8E010000 		.4byte	.LVL50
 1141 030f 94010000 		.4byte	.LVL51
 1142 0313 0100     		.2byte	0x1
 1143 0315 57       		.byte	0x57
 1144 0316 3A020000 		.4byte	.LVL56
 1145 031a 4E020000 		.4byte	.LVL60
 1146 031e 0100     		.2byte	0x1
 1147 0320 5D       		.byte	0x5d
 1148 0321 4E020000 		.4byte	.LVL60
 1149 0325 84020000 		.4byte	.LVL67
 1150 0329 0100     		.2byte	0x1
 1151 032b 57       		.byte	0x57
 1152 032c CC020000 		.4byte	.LVL75
 1153 0330 7A030000 		.4byte	.LVL114
 1154 0334 0100     		.2byte	0x1
 1155 0336 5D       		.byte	0x5d
 1156 0337 7A030000 		.4byte	.LVL114
 1157 033b 90030000 		.4byte	.LVL117
 1158 033f 0100     		.2byte	0x1
 1159 0341 57       		.byte	0x57
 1160 0342 90030000 		.4byte	.LVL117
 1161 0346 A4030000 		.4byte	.LFE1
 1162 034a 0100     		.2byte	0x1
 1163 034c 57       		.byte	0x57
 1164 034d 00000000 		.4byte	0x0
 1165 0351 00000000 		.4byte	0x0
 1166              	.LLST11:
 1167 0355 18000000 		.4byte	.LVL19
 1168 0359 1A000000 		.4byte	.LVL20
 1169 035d 0100     		.2byte	0x1
 1170 035f 51       		.byte	0x51
 1171 0360 2E000000 		.4byte	.LVL22
 1172 0364 32000000 		.4byte	.LVL23
 1173 0368 0100     		.2byte	0x1
 1174 036a 51       		.byte	0x51
 1175 036b 60000000 		.4byte	.LVL29
 1176 036f 62000000 		.4byte	.LVL30
 1177 0373 0100     		.2byte	0x1
 1178 0375 53       		.byte	0x53
 1179 0376 62000000 		.4byte	.LVL30
 1180 037a 64000000 		.4byte	.LVL31
 1181 037e 0100     		.2byte	0x1
 1182 0380 52       		.byte	0x52
 1183 0381 64000000 		.4byte	.LVL31
 1184 0385 70000000 		.4byte	.LVL34
 1185 0389 0100     		.2byte	0x1
 1186 038b 52       		.byte	0x52
 1187 038c 70000000 		.4byte	.LVL34
ARM GAS  C:\DOCUME~1\z_80\LOCALS~1\Temp\ccwDxm3M.s 			page 22


 1188 0390 8C000000 		.4byte	.LVL37
 1189 0394 0100     		.2byte	0x1
 1190 0396 53       		.byte	0x53
 1191 0397 8C000000 		.4byte	.LVL37
 1192 039b A6000000 		.4byte	.LVL39
 1193 039f 0100     		.2byte	0x1
 1194 03a1 53       		.byte	0x53
 1195 03a2 A6000000 		.4byte	.LVL39
 1196 03a6 20010000 		.4byte	.LVL41
 1197 03aa 0100     		.2byte	0x1
 1198 03ac 53       		.byte	0x53
 1199 03ad 3A020000 		.4byte	.LVL56
 1200 03b1 42020000 		.4byte	.LVL58
 1201 03b5 0100     		.2byte	0x1
 1202 03b7 53       		.byte	0x53
 1203 03b8 CC020000 		.4byte	.LVL75
 1204 03bc CE020000 		.4byte	.LVL76
 1205 03c0 0100     		.2byte	0x1
 1206 03c2 53       		.byte	0x53
 1207 03c3 E2020000 		.4byte	.LVL80
 1208 03c7 EC020000 		.4byte	.LVL82
 1209 03cb 0100     		.2byte	0x1
 1210 03cd 53       		.byte	0x53
 1211 03ce EC020000 		.4byte	.LVL82
 1212 03d2 EE020000 		.4byte	.LVL83
 1213 03d6 0200     		.2byte	0x2
 1214 03d8 38       		.byte	0x38
 1215 03d9 9F       		.byte	0x9f
 1216 03da FC020000 		.4byte	.LVL86
 1217 03de 02030000 		.4byte	.LVL87
 1218 03e2 0100     		.2byte	0x1
 1219 03e4 53       		.byte	0x53
 1220 03e5 18030000 		.4byte	.LVL93
 1221 03e9 20030000 		.4byte	.LVL95
 1222 03ed 0100     		.2byte	0x1
 1223 03ef 53       		.byte	0x53
 1224 03f0 20030000 		.4byte	.LVL95
 1225 03f4 28030000 		.4byte	.LVL97
 1226 03f8 0100     		.2byte	0x1
 1227 03fa 52       		.byte	0x52
 1228 03fb 28030000 		.4byte	.LVL97
 1229 03ff 2C030000 		.4byte	.LVL98
 1230 0403 0100     		.2byte	0x1
 1231 0405 53       		.byte	0x53
 1232 0406 32030000 		.4byte	.LVL99
 1233 040a 48030000 		.4byte	.LVL101
 1234 040e 0100     		.2byte	0x1
 1235 0410 53       		.byte	0x53
 1236 0411 48030000 		.4byte	.LVL101
 1237 0415 4A030000 		.4byte	.LVL102
 1238 0419 0100     		.2byte	0x1
 1239 041b 52       		.byte	0x52
 1240 041c 4A030000 		.4byte	.LVL102
 1241 0420 50030000 		.4byte	.LVL104
 1242 0424 0100     		.2byte	0x1
 1243 0426 52       		.byte	0x52
 1244 0427 58030000 		.4byte	.LVL106
ARM GAS  C:\DOCUME~1\z_80\LOCALS~1\Temp\ccwDxm3M.s 			page 23


 1245 042b 6C030000 		.4byte	.LVL111
 1246 042f 0100     		.2byte	0x1
 1247 0431 53       		.byte	0x53
 1248 0432 00000000 		.4byte	0x0
 1249 0436 00000000 		.4byte	0x0
 1250              	.LLST12:
 1251 043a 46000000 		.4byte	.LVL25
 1252 043e 48000000 		.4byte	.LVL26
 1253 0442 0300     		.2byte	0x3
 1254 0444 08       		.byte	0x8
 1255 0445 20       		.byte	0x20
 1256 0446 9F       		.byte	0x9f
 1257 0447 48000000 		.4byte	.LVL26
 1258 044b 56000000 		.4byte	.LVL28
 1259 044f 0300     		.2byte	0x3
 1260 0451 08       		.byte	0x8
 1261 0452 30       		.byte	0x30
 1262 0453 9F       		.byte	0x9f
 1263 0454 56000000 		.4byte	.LVL28
 1264 0458 1E010000 		.4byte	.LVL40
 1265 045c 0100     		.2byte	0x1
 1266 045e 58       		.byte	0x58
 1267 045f 1E010000 		.4byte	.LVL40
 1268 0463 86010000 		.4byte	.LVL48
 1269 0467 0300     		.2byte	0x3
 1270 0469 08       		.byte	0x8
 1271 046a 20       		.byte	0x20
 1272 046b 9F       		.byte	0x9f
 1273 046c 86010000 		.4byte	.LVL48
 1274 0470 8E010000 		.4byte	.LVL50
 1275 0474 0100     		.2byte	0x1
 1276 0476 58       		.byte	0x58
 1277 0477 3A020000 		.4byte	.LVL56
 1278 047b 4E020000 		.4byte	.LVL60
 1279 047f 0300     		.2byte	0x3
 1280 0481 08       		.byte	0x8
 1281 0482 20       		.byte	0x20
 1282 0483 9F       		.byte	0x9f
 1283 0484 4E020000 		.4byte	.LVL60
 1284 0488 5E020000 		.4byte	.LVL64
 1285 048c 0100     		.2byte	0x1
 1286 048e 58       		.byte	0x58
 1287 048f CC020000 		.4byte	.LVL75
 1288 0493 50030000 		.4byte	.LVL104
 1289 0497 0100     		.2byte	0x1
 1290 0499 58       		.byte	0x58
 1291 049a 58030000 		.4byte	.LVL106
 1292 049e 7A030000 		.4byte	.LVL114
 1293 04a2 0100     		.2byte	0x1
 1294 04a4 58       		.byte	0x58
 1295 04a5 96030000 		.4byte	.LVL119
 1296 04a9 A4030000 		.4byte	.LFE1
 1297 04ad 0300     		.2byte	0x3
 1298 04af 08       		.byte	0x8
 1299 04b0 20       		.byte	0x20
 1300 04b1 9F       		.byte	0x9f
 1301 04b2 00000000 		.4byte	0x0
ARM GAS  C:\DOCUME~1\z_80\LOCALS~1\Temp\ccwDxm3M.s 			page 24


 1302 04b6 00000000 		.4byte	0x0
 1303              	.LLST13:
 1304 04ba 86010000 		.4byte	.LVL48
 1305 04be 8E010000 		.4byte	.LVL50
 1306 04c2 0100     		.2byte	0x1
 1307 04c4 59       		.byte	0x59
 1308 04c5 8E010000 		.4byte	.LVL50
 1309 04c9 9C010000 		.4byte	.LVL52
 1310 04cd 0300     		.2byte	0x3
 1311 04cf 79       		.byte	0x79
 1312 04d0 7F       		.sleb128 -1
 1313 04d1 9F       		.byte	0x9f
 1314 04d2 52020000 		.4byte	.LVL61
 1315 04d6 84020000 		.4byte	.LVL67
 1316 04da 0100     		.2byte	0x1
 1317 04dc 59       		.byte	0x59
 1318 04dd 7A030000 		.4byte	.LVL114
 1319 04e1 94030000 		.4byte	.LVL118
 1320 04e5 0100     		.2byte	0x1
 1321 04e7 59       		.byte	0x59
 1322 04e8 94030000 		.4byte	.LVL118
 1323 04ec 96030000 		.4byte	.LVL119
 1324 04f0 0100     		.2byte	0x1
 1325 04f2 59       		.byte	0x59
 1326 04f3 00000000 		.4byte	0x0
 1327 04f7 00000000 		.4byte	0x0
 1328              	.LLST14:
 1329 04fb 84000000 		.4byte	.LVL36
 1330 04ff 8C000000 		.4byte	.LVL37
 1331 0503 0200     		.2byte	0x2
 1332 0505 30       		.byte	0x30
 1333 0506 9F       		.byte	0x9f
 1334 0507 8C000000 		.4byte	.LVL37
 1335 050b 3A010000 		.4byte	.LVL44
 1336 050f 0100     		.2byte	0x1
 1337 0511 5C       		.byte	0x5c
 1338 0512 3A020000 		.4byte	.LVL56
 1339 0516 4E020000 		.4byte	.LVL60
 1340 051a 0100     		.2byte	0x1
 1341 051c 5C       		.byte	0x5c
 1342 051d CC020000 		.4byte	.LVL75
 1343 0521 DD020000 		.4byte	.LVL79-1
 1344 0525 0100     		.2byte	0x1
 1345 0527 5C       		.byte	0x5c
 1346 0528 E2020000 		.4byte	.LVL80
 1347 052c 13030000 		.4byte	.LVL92-1
 1348 0530 0100     		.2byte	0x1
 1349 0532 5C       		.byte	0x5c
 1350 0533 18030000 		.4byte	.LVL93
 1351 0537 28030000 		.4byte	.LVL97
 1352 053b 0100     		.2byte	0x1
 1353 053d 5C       		.byte	0x5c
 1354 053e 28030000 		.4byte	.LVL97
 1355 0542 2C030000 		.4byte	.LVL98
 1356 0546 0200     		.2byte	0x2
 1357 0548 30       		.byte	0x30
 1358 0549 9F       		.byte	0x9f
ARM GAS  C:\DOCUME~1\z_80\LOCALS~1\Temp\ccwDxm3M.s 			page 25


 1359 054a 2C030000 		.4byte	.LVL98
 1360 054e 4A030000 		.4byte	.LVL102
 1361 0552 0100     		.2byte	0x1
 1362 0554 5C       		.byte	0x5c
 1363 0555 4A030000 		.4byte	.LVL102
 1364 0559 4E030000 		.4byte	.LVL103
 1365 055d 0500     		.2byte	0x5
 1366 055f 77       		.byte	0x77
 1367 0560 00       		.sleb128 0
 1368 0561 31       		.byte	0x31
 1369 0562 24       		.byte	0x24
 1370 0563 9F       		.byte	0x9f
 1371 0564 4E030000 		.4byte	.LVL103
 1372 0568 50030000 		.4byte	.LVL104
 1373 056c 0100     		.2byte	0x1
 1374 056e 5C       		.byte	0x5c
 1375 056f 58030000 		.4byte	.LVL106
 1376 0573 7A030000 		.4byte	.LVL114
 1377 0577 0100     		.2byte	0x1
 1378 0579 5C       		.byte	0x5c
 1379 057a 00000000 		.4byte	0x0
 1380 057e 00000000 		.4byte	0x0
 1381              	.LLST15:
 1382 0582 56000000 		.4byte	.LVL28
 1383 0586 60000000 		.4byte	.LVL29
 1384 058a 0200     		.2byte	0x2
 1385 058c 30       		.byte	0x30
 1386 058d 9F       		.byte	0x9f
 1387 058e 60000000 		.4byte	.LVL29
 1388 0592 68000000 		.4byte	.LVL32
 1389 0596 0100     		.2byte	0x1
 1390 0598 5A       		.byte	0x5a
 1391 0599 70000000 		.4byte	.LVL34
 1392 059d 86010000 		.4byte	.LVL48
 1393 05a1 0100     		.2byte	0x1
 1394 05a3 5A       		.byte	0x5a
 1395 05a4 86010000 		.4byte	.LVL48
 1396 05a8 8A010000 		.4byte	.LVL49
 1397 05ac 0100     		.2byte	0x1
 1398 05ae 5C       		.byte	0x5c
 1399 05af 8A010000 		.4byte	.LVL49
 1400 05b3 AE010000 		.4byte	.LVL53
 1401 05b7 0100     		.2byte	0x1
 1402 05b9 5A       		.byte	0x5a
 1403 05ba E6010000 		.4byte	.LVL54
 1404 05be 06020000 		.4byte	.LVL55
 1405 05c2 0100     		.2byte	0x1
 1406 05c4 5A       		.byte	0x5a
 1407 05c5 3A020000 		.4byte	.LVL56
 1408 05c9 56020000 		.4byte	.LVL62
 1409 05cd 0100     		.2byte	0x1
 1410 05cf 5A       		.byte	0x5a
 1411 05d0 56020000 		.4byte	.LVL62
 1412 05d4 5A020000 		.4byte	.LVL63
 1413 05d8 0100     		.2byte	0x1
 1414 05da 5C       		.byte	0x5c
 1415 05db 5A020000 		.4byte	.LVL63
ARM GAS  C:\DOCUME~1\z_80\LOCALS~1\Temp\ccwDxm3M.s 			page 26


 1416 05df 62020000 		.4byte	.LVL65
 1417 05e3 0100     		.2byte	0x1
 1418 05e5 5A       		.byte	0x5a
 1419 05e6 62020000 		.4byte	.LVL65
 1420 05ea 86020000 		.4byte	.LVL68
 1421 05ee 0100     		.2byte	0x1
 1422 05f0 5A       		.byte	0x5a
 1423 05f1 86020000 		.4byte	.LVL68
 1424 05f5 8A020000 		.4byte	.LVL69
 1425 05f9 0300     		.2byte	0x3
 1426 05fb 7A       		.byte	0x7a
 1427 05fc 01       		.sleb128 1
 1428 05fd 9F       		.byte	0x9f
 1429 05fe 8A020000 		.4byte	.LVL69
 1430 0602 9C020000 		.4byte	.LVL70
 1431 0606 0100     		.2byte	0x1
 1432 0608 5A       		.byte	0x5a
 1433 0609 9C020000 		.4byte	.LVL70
 1434 060d A0020000 		.4byte	.LVL71
 1435 0611 0300     		.2byte	0x3
 1436 0613 7A       		.byte	0x7a
 1437 0614 01       		.sleb128 1
 1438 0615 9F       		.byte	0x9f
 1439 0616 A0020000 		.4byte	.LVL71
 1440 061a B8020000 		.4byte	.LVL72
 1441 061e 0100     		.2byte	0x1
 1442 0620 5A       		.byte	0x5a
 1443 0621 C4020000 		.4byte	.LVL73
 1444 0625 C8020000 		.4byte	.LVL74
 1445 0629 0300     		.2byte	0x3
 1446 062b 7A       		.byte	0x7a
 1447 062c 01       		.sleb128 1
 1448 062d 9F       		.byte	0x9f
 1449 062e C8020000 		.4byte	.LVL74
 1450 0632 50030000 		.4byte	.LVL104
 1451 0636 0100     		.2byte	0x1
 1452 0638 5A       		.byte	0x5a
 1453 0639 58030000 		.4byte	.LVL106
 1454 063d A4030000 		.4byte	.LFE1
 1455 0641 0100     		.2byte	0x1
 1456 0643 5A       		.byte	0x5a
 1457 0644 00000000 		.4byte	0x0
 1458 0648 00000000 		.4byte	0x0
 1459              	.LLST16:
 1460 064c A6000000 		.4byte	.LVL39
 1461 0650 44010000 		.4byte	.LVL45
 1462 0654 0100     		.2byte	0x1
 1463 0656 51       		.byte	0x51
 1464 0657 3A020000 		.4byte	.LVL56
 1465 065b 3C020000 		.4byte	.LVL57
 1466 065f 0100     		.2byte	0x1
 1467 0661 51       		.byte	0x51
 1468 0662 CC020000 		.4byte	.LVL75
 1469 0666 D4020000 		.4byte	.LVL77
 1470 066a 0100     		.2byte	0x1
 1471 066c 51       		.byte	0x51
 1472 066d E2020000 		.4byte	.LVL80
ARM GAS  C:\DOCUME~1\z_80\LOCALS~1\Temp\ccwDxm3M.s 			page 27


 1473 0671 F8020000 		.4byte	.LVL84
 1474 0675 0100     		.2byte	0x1
 1475 0677 51       		.byte	0x51
 1476 0678 FC020000 		.4byte	.LVL86
 1477 067c 04030000 		.4byte	.LVL88
 1478 0680 0100     		.2byte	0x1
 1479 0682 51       		.byte	0x51
 1480 0683 18030000 		.4byte	.LVL93
 1481 0687 1C030000 		.4byte	.LVL94
 1482 068b 0100     		.2byte	0x1
 1483 068d 51       		.byte	0x51
 1484 068e 1C030000 		.4byte	.LVL94
 1485 0692 28030000 		.4byte	.LVL97
 1486 0696 0200     		.2byte	0x2
 1487 0698 31       		.byte	0x31
 1488 0699 9F       		.byte	0x9f
 1489 069a 5C030000 		.4byte	.LVL107
 1490 069e 60030000 		.4byte	.LVL109
 1491 06a2 0200     		.2byte	0x2
 1492 06a4 31       		.byte	0x31
 1493 06a5 9F       		.byte	0x9f
 1494 06a6 60030000 		.4byte	.LVL109
 1495 06aa 64030000 		.4byte	.LVL110
 1496 06ae 0100     		.2byte	0x1
 1497 06b0 51       		.byte	0x51
 1498 06b1 96030000 		.4byte	.LVL119
 1499 06b5 A4030000 		.4byte	.LFE1
 1500 06b9 0100     		.2byte	0x1
 1501 06bb 51       		.byte	0x51
 1502 06bc 00000000 		.4byte	0x0
 1503 06c0 00000000 		.4byte	0x0
 1504              	.LLST17:
 1505 06c4 3C000000 		.4byte	.LVL24
 1506 06c8 46000000 		.4byte	.LVL25
 1507 06cc 0200     		.2byte	0x2
 1508 06ce 30       		.byte	0x30
 1509 06cf 9F       		.byte	0x9f
 1510 06d0 46000000 		.4byte	.LVL25
 1511 06d4 8E010000 		.4byte	.LVL50
 1512 06d8 0100     		.2byte	0x1
 1513 06da 56       		.byte	0x56
 1514 06db 3A020000 		.4byte	.LVL56
 1515 06df 70020000 		.4byte	.LVL66
 1516 06e3 0100     		.2byte	0x1
 1517 06e5 56       		.byte	0x56
 1518 06e6 CC020000 		.4byte	.LVL75
 1519 06ea 50030000 		.4byte	.LVL104
 1520 06ee 0100     		.2byte	0x1
 1521 06f0 56       		.byte	0x56
 1522 06f1 50030000 		.4byte	.LVL104
 1523 06f5 58030000 		.4byte	.LVL106
 1524 06f9 0200     		.2byte	0x2
 1525 06fb 31       		.byte	0x31
 1526 06fc 9F       		.byte	0x9f
 1527 06fd 58030000 		.4byte	.LVL106
 1528 0701 88030000 		.4byte	.LVL116
 1529 0705 0100     		.2byte	0x1
ARM GAS  C:\DOCUME~1\z_80\LOCALS~1\Temp\ccwDxm3M.s 			page 28


 1530 0707 56       		.byte	0x56
 1531 0708 96030000 		.4byte	.LVL119
 1532 070c A4030000 		.4byte	.LFE1
 1533 0710 0100     		.2byte	0x1
 1534 0712 56       		.byte	0x56
 1535 0713 00000000 		.4byte	0x0
 1536 0717 00000000 		.4byte	0x0
 1537              	.LLST18:
 1538 071b D8020000 		.4byte	.LVL78
 1539 071f DD020000 		.4byte	.LVL79-1
 1540 0723 0100     		.2byte	0x1
 1541 0725 51       		.byte	0x51
 1542 0726 FA020000 		.4byte	.LVL85
 1543 072a FC020000 		.4byte	.LVL86
 1544 072e 0400     		.2byte	0x4
 1545 0730 91       		.byte	0x91
 1546 0731 B47F     		.sleb128 -76
 1547 0733 06       		.byte	0x6
 1548 0734 0A030000 		.4byte	.LVL89
 1549 0738 0C030000 		.4byte	.LVL90
 1550 073c 0400     		.2byte	0x4
 1551 073e 91       		.byte	0x91
 1552 073f B47F     		.sleb128 -76
 1553 0741 06       		.byte	0x6
 1554 0742 0C030000 		.4byte	.LVL90
 1555 0746 13030000 		.4byte	.LVL92-1
 1556 074a 0100     		.2byte	0x1
 1557 074c 51       		.byte	0x51
 1558 074d 64030000 		.4byte	.LVL110
 1559 0751 6C030000 		.4byte	.LVL111
 1560 0755 0400     		.2byte	0x4
 1561 0757 91       		.byte	0x91
 1562 0758 B47F     		.sleb128 -76
 1563 075a 06       		.byte	0x6
 1564 075b 6C030000 		.4byte	.LVL111
 1565 075f 76030000 		.4byte	.LVL113
 1566 0763 0100     		.2byte	0x1
 1567 0765 51       		.byte	0x51
 1568 0766 76030000 		.4byte	.LVL113
 1569 076a 7A030000 		.4byte	.LVL114
 1570 076e 0100     		.2byte	0x1
 1571 0770 51       		.byte	0x51
 1572 0771 00000000 		.4byte	0x0
 1573 0775 00000000 		.4byte	0x0
 1574              		.file 2 "c:\\programs\\codesourcery\\arm-2012.03-56\\bin\\../lib/gcc/arm-none-eabi/4.5.2/include/s
 1575              		.file 3 "c:\\programs\\codesourcery\\arm-2012.03-56\\bin\\../lib/gcc/arm-none-eabi/4.5.2/include/s
 1576              		.file 4 "c:\\programs\\codesourcery\\arm-2012.03-56\\bin\\../lib/gcc/arm-none-eabi/4.5.2/../../../
 1577              		.file 5 "../chibios_2.4.x/os/ports/GCC/ARMCMx/chtypes.h"
 1578              		.file 6 "<built-in>"
 1579              		.file 7 "../chibios_2.4.x/os/kernel/include/chioch.h"
 1580              		.section	.debug_info
 1581 0000 F8030000 		.4byte	0x3f8
 1582 0004 0200     		.2byte	0x2
 1583 0006 00000000 		.4byte	.Ldebug_abbrev0
 1584 000a 04       		.byte	0x4
 1585 000b 01       		.uleb128 0x1
 1586 000c 07000000 		.4byte	.LASF35
ARM GAS  C:\DOCUME~1\z_80\LOCALS~1\Temp\ccwDxm3M.s 			page 29


 1587 0010 01       		.byte	0x1
 1588 0011 C5000000 		.4byte	.LASF36
 1589 0015 5D010000 		.4byte	.LASF37
 1590 0019 00000000 		.4byte	0x0
 1591 001d 00000000 		.4byte	0x0
 1592 0021 00000000 		.4byte	.Ldebug_ranges0+0x0
 1593 0025 00000000 		.4byte	.Ldebug_line0
 1594 0029 02       		.uleb128 0x2
 1595 002a 9D000000 		.4byte	.LASF0
 1596 002e 02       		.byte	0x2
 1597 002f 28       		.byte	0x28
 1598 0030 34000000 		.4byte	0x34
 1599 0034 03       		.uleb128 0x3
 1600 0035 2B010000 		.4byte	.LASF19
 1601 0039 04       		.byte	0x4
 1602 003a 06       		.byte	0x6
 1603 003b 00       		.byte	0x0
 1604 003c 4E000000 		.4byte	0x4e
 1605 0040 04       		.uleb128 0x4
 1606 0041 F4000000 		.4byte	.LASF38
 1607 0045 4E000000 		.4byte	0x4e
 1608 0049 02       		.byte	0x2
 1609 004a 23       		.byte	0x23
 1610 004b 00       		.uleb128 0x0
 1611 004c 01       		.byte	0x1
 1612 004d 00       		.byte	0x0
 1613 004e 05       		.uleb128 0x5
 1614 004f 04       		.byte	0x4
 1615 0050 02       		.uleb128 0x2
 1616 0051 39000000 		.4byte	.LASF1
 1617 0055 02       		.byte	0x2
 1618 0056 66       		.byte	0x66
 1619 0057 29000000 		.4byte	0x29
 1620 005b 06       		.uleb128 0x6
 1621 005c 04       		.byte	0x4
 1622 005d 05       		.byte	0x5
 1623 005e 696E7400 		.ascii	"int\000"
 1624 0062 02       		.uleb128 0x2
 1625 0063 00000000 		.4byte	.LASF2
 1626 0067 03       		.byte	0x3
 1627 0068 D3       		.byte	0xd3
 1628 0069 6D000000 		.4byte	0x6d
 1629 006d 07       		.uleb128 0x7
 1630 006e 04       		.byte	0x4
 1631 006f 07       		.byte	0x7
 1632 0070 B8000000 		.4byte	.LASF3
 1633 0074 07       		.uleb128 0x7
 1634 0075 01       		.byte	0x1
 1635 0076 06       		.byte	0x6
 1636 0077 AD010000 		.4byte	.LASF4
 1637 007b 02       		.uleb128 0x2
 1638 007c EC000000 		.4byte	.LASF5
 1639 0080 04       		.byte	0x4
 1640 0081 2A       		.byte	0x2a
 1641 0082 86000000 		.4byte	0x86
 1642 0086 07       		.uleb128 0x7
 1643 0087 01       		.byte	0x1
ARM GAS  C:\DOCUME~1\z_80\LOCALS~1\Temp\ccwDxm3M.s 			page 30


 1644 0088 08       		.byte	0x8
 1645 0089 41000000 		.4byte	.LASF6
 1646 008d 07       		.uleb128 0x7
 1647 008e 02       		.byte	0x2
 1648 008f 05       		.byte	0x5
 1649 0090 81010000 		.4byte	.LASF7
 1650 0094 07       		.uleb128 0x7
 1651 0095 02       		.byte	0x2
 1652 0096 07       		.byte	0x7
 1653 0097 67000000 		.4byte	.LASF8
 1654 009b 02       		.uleb128 0x2
 1655 009c 1C010000 		.4byte	.LASF9
 1656 00a0 04       		.byte	0x4
 1657 00a1 4F       		.byte	0x4f
 1658 00a2 A6000000 		.4byte	0xa6
 1659 00a6 07       		.uleb128 0x7
 1660 00a7 04       		.byte	0x4
 1661 00a8 05       		.byte	0x5
 1662 00a9 A4010000 		.4byte	.LASF10
 1663 00ad 02       		.uleb128 0x2
 1664 00ae 9B010000 		.4byte	.LASF11
 1665 00b2 04       		.byte	0x4
 1666 00b3 50       		.byte	0x50
 1667 00b4 B8000000 		.4byte	0xb8
 1668 00b8 07       		.uleb128 0x7
 1669 00b9 04       		.byte	0x4
 1670 00ba 07       		.byte	0x7
 1671 00bb 55000000 		.4byte	.LASF12
 1672 00bf 07       		.uleb128 0x7
 1673 00c0 08       		.byte	0x8
 1674 00c1 05       		.byte	0x5
 1675 00c2 35010000 		.4byte	.LASF13
 1676 00c6 07       		.uleb128 0x7
 1677 00c7 08       		.byte	0x8
 1678 00c8 07       		.byte	0x7
 1679 00c9 BE010000 		.4byte	.LASF14
 1680 00cd 02       		.uleb128 0x2
 1681 00ce 2B000000 		.4byte	.LASF15
 1682 00d2 05       		.byte	0x5
 1683 00d3 2E       		.byte	0x2e
 1684 00d4 9B000000 		.4byte	0x9b
 1685 00d8 02       		.uleb128 0x2
 1686 00d9 07010000 		.4byte	.LASF16
 1687 00dd 05       		.byte	0x5
 1688 00de 33       		.byte	0x33
 1689 00df 9B000000 		.4byte	0x9b
 1690 00e3 02       		.uleb128 0x2
 1691 00e4 13000000 		.4byte	.LASF17
 1692 00e8 05       		.byte	0x5
 1693 00e9 36       		.byte	0x36
 1694 00ea AD000000 		.4byte	0xad
 1695 00ee 08       		.uleb128 0x8
 1696 00ef 04       		.byte	0x4
 1697 00f0 F4000000 		.4byte	0xf4
 1698 00f4 09       		.uleb128 0x9
 1699 00f5 F9000000 		.4byte	0xf9
 1700 00f9 07       		.uleb128 0x7
ARM GAS  C:\DOCUME~1\z_80\LOCALS~1\Temp\ccwDxm3M.s 			page 31


 1701 00fa 01       		.byte	0x1
 1702 00fb 08       		.byte	0x8
 1703 00fc 4D010000 		.4byte	.LASF18
 1704 0100 08       		.uleb128 0x8
 1705 0101 04       		.byte	0x4
 1706 0102 7B000000 		.4byte	0x7b
 1707 0106 0A       		.uleb128 0xa
 1708 0107 01       		.byte	0x1
 1709 0108 62000000 		.4byte	0x62
 1710 010c 20010000 		.4byte	0x120
 1711 0110 0B       		.uleb128 0xb
 1712 0111 4E000000 		.4byte	0x4e
 1713 0115 0B       		.uleb128 0xb
 1714 0116 20010000 		.4byte	0x120
 1715 011a 0B       		.uleb128 0xb
 1716 011b 62000000 		.4byte	0x62
 1717 011f 00       		.byte	0x0
 1718 0120 08       		.uleb128 0x8
 1719 0121 04       		.byte	0x4
 1720 0122 26010000 		.4byte	0x126
 1721 0126 09       		.uleb128 0x9
 1722 0127 7B000000 		.4byte	0x7b
 1723 012b 08       		.uleb128 0x8
 1724 012c 04       		.byte	0x4
 1725 012d 06010000 		.4byte	0x106
 1726 0131 0A       		.uleb128 0xa
 1727 0132 01       		.byte	0x1
 1728 0133 62000000 		.4byte	0x62
 1729 0137 4B010000 		.4byte	0x14b
 1730 013b 0B       		.uleb128 0xb
 1731 013c 4E000000 		.4byte	0x4e
 1732 0140 0B       		.uleb128 0xb
 1733 0141 00010000 		.4byte	0x100
 1734 0145 0B       		.uleb128 0xb
 1735 0146 62000000 		.4byte	0x62
 1736 014a 00       		.byte	0x0
 1737 014b 08       		.uleb128 0x8
 1738 014c 04       		.byte	0x4
 1739 014d 31010000 		.4byte	0x131
 1740 0151 03       		.uleb128 0x3
 1741 0152 0D010000 		.4byte	.LASF20
 1742 0156 20       		.byte	0x20
 1743 0157 07       		.byte	0x7
 1744 0158 51       		.byte	0x51
 1745 0159 CE010000 		.4byte	0x1ce
 1746 015d 0C       		.uleb128 0xc
 1747 015e 7A000000 		.4byte	.LASF21
 1748 0162 07       		.byte	0x7
 1749 0163 52       		.byte	0x52
 1750 0164 2B010000 		.4byte	0x12b
 1751 0168 02       		.byte	0x2
 1752 0169 23       		.byte	0x23
 1753 016a 00       		.uleb128 0x0
 1754 016b 0C       		.uleb128 0xc
 1755 016c AC000000 		.4byte	.LASF22
 1756 0170 07       		.byte	0x7
 1757 0171 52       		.byte	0x52
ARM GAS  C:\DOCUME~1\z_80\LOCALS~1\Temp\ccwDxm3M.s 			page 32


 1758 0172 4B010000 		.4byte	0x14b
 1759 0176 02       		.byte	0x2
 1760 0177 23       		.byte	0x23
 1761 0178 04       		.uleb128 0x4
 1762 0179 0C       		.uleb128 0xc
 1763 017a 8F000000 		.4byte	.LASF23
 1764 017e 07       		.byte	0x7
 1765 017f 52       		.byte	0x52
 1766 0180 DE010000 		.4byte	0x1de
 1767 0184 02       		.byte	0x2
 1768 0185 23       		.byte	0x23
 1769 0186 08       		.uleb128 0x8
 1770 0187 0C       		.uleb128 0xc
 1771 0188 F9000000 		.4byte	.LASF24
 1772 018c 07       		.byte	0x7
 1773 018d 52       		.byte	0x52
 1774 018e DE010000 		.4byte	0x1de
 1775 0192 02       		.byte	0x2
 1776 0193 23       		.byte	0x23
 1777 0194 0C       		.uleb128 0xc
 1778 0195 0D       		.uleb128 0xd
 1779 0196 70757400 		.ascii	"put\000"
 1780 019a 07       		.byte	0x7
 1781 019b 52       		.byte	0x52
 1782 019c FE010000 		.4byte	0x1fe
 1783 01a0 02       		.byte	0x2
 1784 01a1 23       		.byte	0x23
 1785 01a2 10       		.uleb128 0x10
 1786 01a3 0D       		.uleb128 0xd
 1787 01a4 67657400 		.ascii	"get\000"
 1788 01a8 07       		.byte	0x7
 1789 01a9 52       		.byte	0x52
 1790 01aa 19020000 		.4byte	0x219
 1791 01ae 02       		.byte	0x2
 1792 01af 23       		.byte	0x23
 1793 01b0 14       		.uleb128 0x14
 1794 01b1 0C       		.uleb128 0xc
 1795 01b2 32000000 		.4byte	.LASF25
 1796 01b6 07       		.byte	0x7
 1797 01b7 52       		.byte	0x52
 1798 01b8 3E020000 		.4byte	0x23e
 1799 01bc 02       		.byte	0x2
 1800 01bd 23       		.byte	0x23
 1801 01be 18       		.uleb128 0x18
 1802 01bf 0C       		.uleb128 0xc
 1803 01c0 4F000000 		.4byte	.LASF26
 1804 01c4 07       		.byte	0x7
 1805 01c5 52       		.byte	0x52
 1806 01c6 63020000 		.4byte	0x263
 1807 01ca 02       		.byte	0x2
 1808 01cb 23       		.byte	0x23
 1809 01cc 1C       		.uleb128 0x1c
 1810 01cd 00       		.byte	0x0
 1811 01ce 0A       		.uleb128 0xa
 1812 01cf 01       		.byte	0x1
 1813 01d0 CD000000 		.4byte	0xcd
 1814 01d4 DE010000 		.4byte	0x1de
ARM GAS  C:\DOCUME~1\z_80\LOCALS~1\Temp\ccwDxm3M.s 			page 33


 1815 01d8 0B       		.uleb128 0xb
 1816 01d9 4E000000 		.4byte	0x4e
 1817 01dd 00       		.byte	0x0
 1818 01de 08       		.uleb128 0x8
 1819 01df 04       		.byte	0x4
 1820 01e0 CE010000 		.4byte	0x1ce
 1821 01e4 0A       		.uleb128 0xa
 1822 01e5 01       		.byte	0x1
 1823 01e6 D8000000 		.4byte	0xd8
 1824 01ea FE010000 		.4byte	0x1fe
 1825 01ee 0B       		.uleb128 0xb
 1826 01ef 4E000000 		.4byte	0x4e
 1827 01f3 0B       		.uleb128 0xb
 1828 01f4 7B000000 		.4byte	0x7b
 1829 01f8 0B       		.uleb128 0xb
 1830 01f9 E3000000 		.4byte	0xe3
 1831 01fd 00       		.byte	0x0
 1832 01fe 08       		.uleb128 0x8
 1833 01ff 04       		.byte	0x4
 1834 0200 E4010000 		.4byte	0x1e4
 1835 0204 0A       		.uleb128 0xa
 1836 0205 01       		.byte	0x1
 1837 0206 D8000000 		.4byte	0xd8
 1838 020a 19020000 		.4byte	0x219
 1839 020e 0B       		.uleb128 0xb
 1840 020f 4E000000 		.4byte	0x4e
 1841 0213 0B       		.uleb128 0xb
 1842 0214 E3000000 		.4byte	0xe3
 1843 0218 00       		.byte	0x0
 1844 0219 08       		.uleb128 0x8
 1845 021a 04       		.byte	0x4
 1846 021b 04020000 		.4byte	0x204
 1847 021f 0A       		.uleb128 0xa
 1848 0220 01       		.byte	0x1
 1849 0221 62000000 		.4byte	0x62
 1850 0225 3E020000 		.4byte	0x23e
 1851 0229 0B       		.uleb128 0xb
 1852 022a 4E000000 		.4byte	0x4e
 1853 022e 0B       		.uleb128 0xb
 1854 022f 20010000 		.4byte	0x120
 1855 0233 0B       		.uleb128 0xb
 1856 0234 62000000 		.4byte	0x62
 1857 0238 0B       		.uleb128 0xb
 1858 0239 E3000000 		.4byte	0xe3
 1859 023d 00       		.byte	0x0
 1860 023e 08       		.uleb128 0x8
 1861 023f 04       		.byte	0x4
 1862 0240 1F020000 		.4byte	0x21f
 1863 0244 0A       		.uleb128 0xa
 1864 0245 01       		.byte	0x1
 1865 0246 62000000 		.4byte	0x62
 1866 024a 63020000 		.4byte	0x263
 1867 024e 0B       		.uleb128 0xb
 1868 024f 4E000000 		.4byte	0x4e
 1869 0253 0B       		.uleb128 0xb
 1870 0254 00010000 		.4byte	0x100
 1871 0258 0B       		.uleb128 0xb
ARM GAS  C:\DOCUME~1\z_80\LOCALS~1\Temp\ccwDxm3M.s 			page 34


 1872 0259 62000000 		.4byte	0x62
 1873 025d 0B       		.uleb128 0xb
 1874 025e E3000000 		.4byte	0xe3
 1875 0262 00       		.byte	0x0
 1876 0263 08       		.uleb128 0x8
 1877 0264 04       		.byte	0x4
 1878 0265 44020000 		.4byte	0x244
 1879 0269 0E       		.uleb128 0xe
 1880 026a 04       		.byte	0x4
 1881 026b 07       		.byte	0x7
 1882 026c 5C       		.byte	0x5c
 1883 026d 80020000 		.4byte	0x280
 1884 0271 0D       		.uleb128 0xd
 1885 0272 766D7400 		.ascii	"vmt\000"
 1886 0276 07       		.byte	0x7
 1887 0277 5E       		.byte	0x5e
 1888 0278 80020000 		.4byte	0x280
 1889 027c 02       		.byte	0x2
 1890 027d 23       		.byte	0x23
 1891 027e 00       		.uleb128 0x0
 1892 027f 00       		.byte	0x0
 1893 0280 08       		.uleb128 0x8
 1894 0281 04       		.byte	0x4
 1895 0282 86020000 		.4byte	0x286
 1896 0286 09       		.uleb128 0x9
 1897 0287 51010000 		.4byte	0x151
 1898 028b 02       		.uleb128 0x2
 1899 028c D5010000 		.4byte	.LASF27
 1900 0290 07       		.byte	0x7
 1901 0291 60       		.byte	0x60
 1902 0292 69020000 		.4byte	0x269
 1903 0296 0F       		.uleb128 0xf
 1904 0297 B9010000 		.4byte	.LASF39
 1905 029b 01       		.byte	0x1
 1906 029c 2A       		.byte	0x2a
 1907 029d 01       		.byte	0x1
 1908 029e F8020000 		.4byte	0x2f8
 1909 02a2 00000000 		.4byte	.LFB0
 1910 02a6 62000000 		.4byte	.LFE0
 1911 02aa 00000000 		.4byte	.LLST0
 1912 02ae F8020000 		.4byte	0x2f8
 1913 02b2 10       		.uleb128 0x10
 1914 02b3 7000     		.ascii	"p\000"
 1915 02b5 01       		.byte	0x1
 1916 02b6 2A       		.byte	0x2a
 1917 02b7 F8020000 		.4byte	0x2f8
 1918 02bb 20000000 		.4byte	.LLST1
 1919 02bf 10       		.uleb128 0x10
 1920 02c0 6E756D00 		.ascii	"num\000"
 1921 02c4 01       		.byte	0x1
 1922 02c5 2A       		.byte	0x2a
 1923 02c6 A6000000 		.4byte	0xa6
 1924 02ca 54000000 		.4byte	.LLST2
 1925 02ce 11       		.uleb128 0x11
 1926 02cf 25000000 		.4byte	.LASF28
 1927 02d3 01       		.byte	0x1
 1928 02d4 2A       		.byte	0x2a
ARM GAS  C:\DOCUME~1\z_80\LOCALS~1\Temp\ccwDxm3M.s 			page 35


 1929 02d5 6D000000 		.4byte	0x6d
 1930 02d9 72000000 		.4byte	.LLST3
 1931 02dd 12       		.uleb128 0x12
 1932 02de 6900     		.ascii	"i\000"
 1933 02e0 01       		.byte	0x1
 1934 02e1 2B       		.byte	0x2b
 1935 02e2 5B000000 		.4byte	0x5b
 1936 02e6 85000000 		.4byte	.LLST4
 1937 02ea 12       		.uleb128 0x12
 1938 02eb 7100     		.ascii	"q\000"
 1939 02ed 01       		.byte	0x1
 1940 02ee 2C       		.byte	0x2c
 1941 02ef F8020000 		.4byte	0x2f8
 1942 02f3 BE000000 		.4byte	.LLST5
 1943 02f7 00       		.byte	0x0
 1944 02f8 08       		.uleb128 0x8
 1945 02f9 04       		.byte	0x4
 1946 02fa F9000000 		.4byte	0xf9
 1947 02fe 13       		.uleb128 0x13
 1948 02ff 01       		.byte	0x1
 1949 0300 86000000 		.4byte	.LASF40
 1950 0304 01       		.byte	0x1
 1951 0305 56       		.byte	0x56
 1952 0306 01       		.byte	0x1
 1953 0307 00000000 		.4byte	.LFB1
 1954 030b A4030000 		.4byte	.LFE1
 1955 030f E7000000 		.4byte	.LLST6
 1956 0313 E9030000 		.4byte	0x3e9
 1957 0317 10       		.uleb128 0x10
 1958 0318 63687000 		.ascii	"chp\000"
 1959 031c 01       		.byte	0x1
 1960 031d 56       		.byte	0x56
 1961 031e E9030000 		.4byte	0x3e9
 1962 0322 20010000 		.4byte	.LLST7
 1963 0326 10       		.uleb128 0x10
 1964 0327 666D7400 		.ascii	"fmt\000"
 1965 032b 01       		.byte	0x1
 1966 032c 56       		.byte	0x56
 1967 032d EE000000 		.4byte	0xee
 1968 0331 3E010000 		.4byte	.LLST8
 1969 0335 14       		.uleb128 0x14
 1970 0336 15       		.uleb128 0x15
 1971 0337 617000   		.ascii	"ap\000"
 1972 033a 01       		.byte	0x1
 1973 033b 57       		.byte	0x57
 1974 033c 50000000 		.4byte	0x50
 1975 0340 02       		.byte	0x2
 1976 0341 91       		.byte	0x91
 1977 0342 4C       		.sleb128 -52
 1978 0343 16       		.uleb128 0x16
 1979 0344 24010000 		.4byte	.LASF29
 1980 0348 01       		.byte	0x1
 1981 0349 58       		.byte	0x58
 1982 034a EF030000 		.4byte	0x3ef
 1983 034e 02       		.byte	0x2
 1984 034f 91       		.byte	0x91
 1985 0350 40       		.sleb128 -64
ARM GAS  C:\DOCUME~1\z_80\LOCALS~1\Temp\ccwDxm3M.s 			page 36


 1986 0351 12       		.uleb128 0x12
 1987 0352 7000     		.ascii	"p\000"
 1988 0354 01       		.byte	0x1
 1989 0355 59       		.byte	0x59
 1990 0356 F8020000 		.4byte	0x2f8
 1991 035a 1E020000 		.4byte	.LLST9
 1992 035e 12       		.uleb128 0x12
 1993 035f 7300     		.ascii	"s\000"
 1994 0361 01       		.byte	0x1
 1995 0362 59       		.byte	0x59
 1996 0363 F8020000 		.4byte	0x2f8
 1997 0367 F5020000 		.4byte	.LLST10
 1998 036b 12       		.uleb128 0x12
 1999 036c 6300     		.ascii	"c\000"
 2000 036e 01       		.byte	0x1
 2001 036f 59       		.byte	0x59
 2002 0370 F9000000 		.4byte	0xf9
 2003 0374 55030000 		.4byte	.LLST11
 2004 0378 17       		.uleb128 0x17
 2005 0379 B1000000 		.4byte	.LASF30
 2006 037d 01       		.byte	0x1
 2007 037e 59       		.byte	0x59
 2008 037f F9000000 		.4byte	0xf9
 2009 0383 3A040000 		.4byte	.LLST12
 2010 0387 12       		.uleb128 0x12
 2011 0388 6900     		.ascii	"i\000"
 2012 038a 01       		.byte	0x1
 2013 038b 5A       		.byte	0x5a
 2014 038c 5B000000 		.4byte	0x5b
 2015 0390 BA040000 		.4byte	.LLST13
 2016 0394 17       		.uleb128 0x17
 2017 0395 43010000 		.4byte	.LASF31
 2018 0399 01       		.byte	0x1
 2019 039a 5A       		.byte	0x5a
 2020 039b 5B000000 		.4byte	0x5b
 2021 039f FB040000 		.4byte	.LLST14
 2022 03a3 17       		.uleb128 0x17
 2023 03a4 80000000 		.4byte	.LASF32
 2024 03a8 01       		.byte	0x1
 2025 03a9 5A       		.byte	0x5a
 2026 03aa 5B000000 		.4byte	0x5b
 2027 03ae 82050000 		.4byte	.LLST15
 2028 03b2 17       		.uleb128 0x17
 2029 03b3 1D000000 		.4byte	.LASF33
 2030 03b7 01       		.byte	0x1
 2031 03b8 5B       		.byte	0x5b
 2032 03b9 CD000000 		.4byte	0xcd
 2033 03bd 4C060000 		.4byte	.LLST16
 2034 03c1 17       		.uleb128 0x17
 2035 03c2 52010000 		.4byte	.LASF34
 2036 03c6 01       		.byte	0x1
 2037 03c7 5B       		.byte	0x5b
 2038 03c8 CD000000 		.4byte	0xcd
 2039 03cc C4060000 		.4byte	.LLST17
 2040 03d0 12       		.uleb128 0x12
 2041 03d1 6C00     		.ascii	"l\000"
 2042 03d3 01       		.byte	0x1
ARM GAS  C:\DOCUME~1\z_80\LOCALS~1\Temp\ccwDxm3M.s 			page 37


 2043 03d4 5C       		.byte	0x5c
 2044 03d5 A6000000 		.4byte	0xa6
 2045 03d9 1B070000 		.4byte	.LLST18
 2046 03dd 18       		.uleb128 0x18
 2047 03de 8B010000 		.4byte	.LASF41
 2048 03e2 01       		.byte	0x1
 2049 03e3 BD       		.byte	0xbd
 2050 03e4 CE020000 		.4byte	.L34
 2051 03e8 00       		.byte	0x0
 2052 03e9 08       		.uleb128 0x8
 2053 03ea 04       		.byte	0x4
 2054 03eb 8B020000 		.4byte	0x28b
 2055 03ef 19       		.uleb128 0x19
 2056 03f0 F9000000 		.4byte	0xf9
 2057 03f4 1A       		.uleb128 0x1a
 2058 03f5 6D000000 		.4byte	0x6d
 2059 03f9 0B       		.byte	0xb
 2060 03fa 00       		.byte	0x0
 2061 03fb 00       		.byte	0x0
 2062              		.section	.debug_abbrev
 2063 0000 01       		.uleb128 0x1
 2064 0001 11       		.uleb128 0x11
 2065 0002 01       		.byte	0x1
 2066 0003 25       		.uleb128 0x25
 2067 0004 0E       		.uleb128 0xe
 2068 0005 13       		.uleb128 0x13
 2069 0006 0B       		.uleb128 0xb
 2070 0007 03       		.uleb128 0x3
 2071 0008 0E       		.uleb128 0xe
 2072 0009 1B       		.uleb128 0x1b
 2073 000a 0E       		.uleb128 0xe
 2074 000b 11       		.uleb128 0x11
 2075 000c 01       		.uleb128 0x1
 2076 000d 52       		.uleb128 0x52
 2077 000e 01       		.uleb128 0x1
 2078 000f 55       		.uleb128 0x55
 2079 0010 06       		.uleb128 0x6
 2080 0011 10       		.uleb128 0x10
 2081 0012 06       		.uleb128 0x6
 2082 0013 00       		.byte	0x0
 2083 0014 00       		.byte	0x0
 2084 0015 02       		.uleb128 0x2
 2085 0016 16       		.uleb128 0x16
 2086 0017 00       		.byte	0x0
 2087 0018 03       		.uleb128 0x3
 2088 0019 0E       		.uleb128 0xe
 2089 001a 3A       		.uleb128 0x3a
 2090 001b 0B       		.uleb128 0xb
 2091 001c 3B       		.uleb128 0x3b
 2092 001d 0B       		.uleb128 0xb
 2093 001e 49       		.uleb128 0x49
 2094 001f 13       		.uleb128 0x13
 2095 0020 00       		.byte	0x0
 2096 0021 00       		.byte	0x0
 2097 0022 03       		.uleb128 0x3
 2098 0023 13       		.uleb128 0x13
 2099 0024 01       		.byte	0x1
ARM GAS  C:\DOCUME~1\z_80\LOCALS~1\Temp\ccwDxm3M.s 			page 38


 2100 0025 03       		.uleb128 0x3
 2101 0026 0E       		.uleb128 0xe
 2102 0027 0B       		.uleb128 0xb
 2103 0028 0B       		.uleb128 0xb
 2104 0029 3A       		.uleb128 0x3a
 2105 002a 0B       		.uleb128 0xb
 2106 002b 3B       		.uleb128 0x3b
 2107 002c 0B       		.uleb128 0xb
 2108 002d 01       		.uleb128 0x1
 2109 002e 13       		.uleb128 0x13
 2110 002f 00       		.byte	0x0
 2111 0030 00       		.byte	0x0
 2112 0031 04       		.uleb128 0x4
 2113 0032 0D       		.uleb128 0xd
 2114 0033 00       		.byte	0x0
 2115 0034 03       		.uleb128 0x3
 2116 0035 0E       		.uleb128 0xe
 2117 0036 49       		.uleb128 0x49
 2118 0037 13       		.uleb128 0x13
 2119 0038 38       		.uleb128 0x38
 2120 0039 0A       		.uleb128 0xa
 2121 003a 34       		.uleb128 0x34
 2122 003b 0C       		.uleb128 0xc
 2123 003c 00       		.byte	0x0
 2124 003d 00       		.byte	0x0
 2125 003e 05       		.uleb128 0x5
 2126 003f 0F       		.uleb128 0xf
 2127 0040 00       		.byte	0x0
 2128 0041 0B       		.uleb128 0xb
 2129 0042 0B       		.uleb128 0xb
 2130 0043 00       		.byte	0x0
 2131 0044 00       		.byte	0x0
 2132 0045 06       		.uleb128 0x6
 2133 0046 24       		.uleb128 0x24
 2134 0047 00       		.byte	0x0
 2135 0048 0B       		.uleb128 0xb
 2136 0049 0B       		.uleb128 0xb
 2137 004a 3E       		.uleb128 0x3e
 2138 004b 0B       		.uleb128 0xb
 2139 004c 03       		.uleb128 0x3
 2140 004d 08       		.uleb128 0x8
 2141 004e 00       		.byte	0x0
 2142 004f 00       		.byte	0x0
 2143 0050 07       		.uleb128 0x7
 2144 0051 24       		.uleb128 0x24
 2145 0052 00       		.byte	0x0
 2146 0053 0B       		.uleb128 0xb
 2147 0054 0B       		.uleb128 0xb
 2148 0055 3E       		.uleb128 0x3e
 2149 0056 0B       		.uleb128 0xb
 2150 0057 03       		.uleb128 0x3
 2151 0058 0E       		.uleb128 0xe
 2152 0059 00       		.byte	0x0
 2153 005a 00       		.byte	0x0
 2154 005b 08       		.uleb128 0x8
 2155 005c 0F       		.uleb128 0xf
 2156 005d 00       		.byte	0x0
ARM GAS  C:\DOCUME~1\z_80\LOCALS~1\Temp\ccwDxm3M.s 			page 39


 2157 005e 0B       		.uleb128 0xb
 2158 005f 0B       		.uleb128 0xb
 2159 0060 49       		.uleb128 0x49
 2160 0061 13       		.uleb128 0x13
 2161 0062 00       		.byte	0x0
 2162 0063 00       		.byte	0x0
 2163 0064 09       		.uleb128 0x9
 2164 0065 26       		.uleb128 0x26
 2165 0066 00       		.byte	0x0
 2166 0067 49       		.uleb128 0x49
 2167 0068 13       		.uleb128 0x13
 2168 0069 00       		.byte	0x0
 2169 006a 00       		.byte	0x0
 2170 006b 0A       		.uleb128 0xa
 2171 006c 15       		.uleb128 0x15
 2172 006d 01       		.byte	0x1
 2173 006e 27       		.uleb128 0x27
 2174 006f 0C       		.uleb128 0xc
 2175 0070 49       		.uleb128 0x49
 2176 0071 13       		.uleb128 0x13
 2177 0072 01       		.uleb128 0x1
 2178 0073 13       		.uleb128 0x13
 2179 0074 00       		.byte	0x0
 2180 0075 00       		.byte	0x0
 2181 0076 0B       		.uleb128 0xb
 2182 0077 05       		.uleb128 0x5
 2183 0078 00       		.byte	0x0
 2184 0079 49       		.uleb128 0x49
 2185 007a 13       		.uleb128 0x13
 2186 007b 00       		.byte	0x0
 2187 007c 00       		.byte	0x0
 2188 007d 0C       		.uleb128 0xc
 2189 007e 0D       		.uleb128 0xd
 2190 007f 00       		.byte	0x0
 2191 0080 03       		.uleb128 0x3
 2192 0081 0E       		.uleb128 0xe
 2193 0082 3A       		.uleb128 0x3a
 2194 0083 0B       		.uleb128 0xb
 2195 0084 3B       		.uleb128 0x3b
 2196 0085 0B       		.uleb128 0xb
 2197 0086 49       		.uleb128 0x49
 2198 0087 13       		.uleb128 0x13
 2199 0088 38       		.uleb128 0x38
 2200 0089 0A       		.uleb128 0xa
 2201 008a 00       		.byte	0x0
 2202 008b 00       		.byte	0x0
 2203 008c 0D       		.uleb128 0xd
 2204 008d 0D       		.uleb128 0xd
 2205 008e 00       		.byte	0x0
 2206 008f 03       		.uleb128 0x3
 2207 0090 08       		.uleb128 0x8
 2208 0091 3A       		.uleb128 0x3a
 2209 0092 0B       		.uleb128 0xb
 2210 0093 3B       		.uleb128 0x3b
 2211 0094 0B       		.uleb128 0xb
 2212 0095 49       		.uleb128 0x49
 2213 0096 13       		.uleb128 0x13
ARM GAS  C:\DOCUME~1\z_80\LOCALS~1\Temp\ccwDxm3M.s 			page 40


 2214 0097 38       		.uleb128 0x38
 2215 0098 0A       		.uleb128 0xa
 2216 0099 00       		.byte	0x0
 2217 009a 00       		.byte	0x0
 2218 009b 0E       		.uleb128 0xe
 2219 009c 13       		.uleb128 0x13
 2220 009d 01       		.byte	0x1
 2221 009e 0B       		.uleb128 0xb
 2222 009f 0B       		.uleb128 0xb
 2223 00a0 3A       		.uleb128 0x3a
 2224 00a1 0B       		.uleb128 0xb
 2225 00a2 3B       		.uleb128 0x3b
 2226 00a3 0B       		.uleb128 0xb
 2227 00a4 01       		.uleb128 0x1
 2228 00a5 13       		.uleb128 0x13
 2229 00a6 00       		.byte	0x0
 2230 00a7 00       		.byte	0x0
 2231 00a8 0F       		.uleb128 0xf
 2232 00a9 2E       		.uleb128 0x2e
 2233 00aa 01       		.byte	0x1
 2234 00ab 03       		.uleb128 0x3
 2235 00ac 0E       		.uleb128 0xe
 2236 00ad 3A       		.uleb128 0x3a
 2237 00ae 0B       		.uleb128 0xb
 2238 00af 3B       		.uleb128 0x3b
 2239 00b0 0B       		.uleb128 0xb
 2240 00b1 27       		.uleb128 0x27
 2241 00b2 0C       		.uleb128 0xc
 2242 00b3 49       		.uleb128 0x49
 2243 00b4 13       		.uleb128 0x13
 2244 00b5 11       		.uleb128 0x11
 2245 00b6 01       		.uleb128 0x1
 2246 00b7 12       		.uleb128 0x12
 2247 00b8 01       		.uleb128 0x1
 2248 00b9 40       		.uleb128 0x40
 2249 00ba 06       		.uleb128 0x6
 2250 00bb 01       		.uleb128 0x1
 2251 00bc 13       		.uleb128 0x13
 2252 00bd 00       		.byte	0x0
 2253 00be 00       		.byte	0x0
 2254 00bf 10       		.uleb128 0x10
 2255 00c0 05       		.uleb128 0x5
 2256 00c1 00       		.byte	0x0
 2257 00c2 03       		.uleb128 0x3
 2258 00c3 08       		.uleb128 0x8
 2259 00c4 3A       		.uleb128 0x3a
 2260 00c5 0B       		.uleb128 0xb
 2261 00c6 3B       		.uleb128 0x3b
 2262 00c7 0B       		.uleb128 0xb
 2263 00c8 49       		.uleb128 0x49
 2264 00c9 13       		.uleb128 0x13
 2265 00ca 02       		.uleb128 0x2
 2266 00cb 06       		.uleb128 0x6
 2267 00cc 00       		.byte	0x0
 2268 00cd 00       		.byte	0x0
 2269 00ce 11       		.uleb128 0x11
 2270 00cf 05       		.uleb128 0x5
ARM GAS  C:\DOCUME~1\z_80\LOCALS~1\Temp\ccwDxm3M.s 			page 41


 2271 00d0 00       		.byte	0x0
 2272 00d1 03       		.uleb128 0x3
 2273 00d2 0E       		.uleb128 0xe
 2274 00d3 3A       		.uleb128 0x3a
 2275 00d4 0B       		.uleb128 0xb
 2276 00d5 3B       		.uleb128 0x3b
 2277 00d6 0B       		.uleb128 0xb
 2278 00d7 49       		.uleb128 0x49
 2279 00d8 13       		.uleb128 0x13
 2280 00d9 02       		.uleb128 0x2
 2281 00da 06       		.uleb128 0x6
 2282 00db 00       		.byte	0x0
 2283 00dc 00       		.byte	0x0
 2284 00dd 12       		.uleb128 0x12
 2285 00de 34       		.uleb128 0x34
 2286 00df 00       		.byte	0x0
 2287 00e0 03       		.uleb128 0x3
 2288 00e1 08       		.uleb128 0x8
 2289 00e2 3A       		.uleb128 0x3a
 2290 00e3 0B       		.uleb128 0xb
 2291 00e4 3B       		.uleb128 0x3b
 2292 00e5 0B       		.uleb128 0xb
 2293 00e6 49       		.uleb128 0x49
 2294 00e7 13       		.uleb128 0x13
 2295 00e8 02       		.uleb128 0x2
 2296 00e9 06       		.uleb128 0x6
 2297 00ea 00       		.byte	0x0
 2298 00eb 00       		.byte	0x0
 2299 00ec 13       		.uleb128 0x13
 2300 00ed 2E       		.uleb128 0x2e
 2301 00ee 01       		.byte	0x1
 2302 00ef 3F       		.uleb128 0x3f
 2303 00f0 0C       		.uleb128 0xc
 2304 00f1 03       		.uleb128 0x3
 2305 00f2 0E       		.uleb128 0xe
 2306 00f3 3A       		.uleb128 0x3a
 2307 00f4 0B       		.uleb128 0xb
 2308 00f5 3B       		.uleb128 0x3b
 2309 00f6 0B       		.uleb128 0xb
 2310 00f7 27       		.uleb128 0x27
 2311 00f8 0C       		.uleb128 0xc
 2312 00f9 11       		.uleb128 0x11
 2313 00fa 01       		.uleb128 0x1
 2314 00fb 12       		.uleb128 0x12
 2315 00fc 01       		.uleb128 0x1
 2316 00fd 40       		.uleb128 0x40
 2317 00fe 06       		.uleb128 0x6
 2318 00ff 01       		.uleb128 0x1
 2319 0100 13       		.uleb128 0x13
 2320 0101 00       		.byte	0x0
 2321 0102 00       		.byte	0x0
 2322 0103 14       		.uleb128 0x14
 2323 0104 18       		.uleb128 0x18
 2324 0105 00       		.byte	0x0
 2325 0106 00       		.byte	0x0
 2326 0107 00       		.byte	0x0
 2327 0108 15       		.uleb128 0x15
ARM GAS  C:\DOCUME~1\z_80\LOCALS~1\Temp\ccwDxm3M.s 			page 42


 2328 0109 34       		.uleb128 0x34
 2329 010a 00       		.byte	0x0
 2330 010b 03       		.uleb128 0x3
 2331 010c 08       		.uleb128 0x8
 2332 010d 3A       		.uleb128 0x3a
 2333 010e 0B       		.uleb128 0xb
 2334 010f 3B       		.uleb128 0x3b
 2335 0110 0B       		.uleb128 0xb
 2336 0111 49       		.uleb128 0x49
 2337 0112 13       		.uleb128 0x13
 2338 0113 02       		.uleb128 0x2
 2339 0114 0A       		.uleb128 0xa
 2340 0115 00       		.byte	0x0
 2341 0116 00       		.byte	0x0
 2342 0117 16       		.uleb128 0x16
 2343 0118 34       		.uleb128 0x34
 2344 0119 00       		.byte	0x0
 2345 011a 03       		.uleb128 0x3
 2346 011b 0E       		.uleb128 0xe
 2347 011c 3A       		.uleb128 0x3a
 2348 011d 0B       		.uleb128 0xb
 2349 011e 3B       		.uleb128 0x3b
 2350 011f 0B       		.uleb128 0xb
 2351 0120 49       		.uleb128 0x49
 2352 0121 13       		.uleb128 0x13
 2353 0122 02       		.uleb128 0x2
 2354 0123 0A       		.uleb128 0xa
 2355 0124 00       		.byte	0x0
 2356 0125 00       		.byte	0x0
 2357 0126 17       		.uleb128 0x17
 2358 0127 34       		.uleb128 0x34
 2359 0128 00       		.byte	0x0
 2360 0129 03       		.uleb128 0x3
 2361 012a 0E       		.uleb128 0xe
 2362 012b 3A       		.uleb128 0x3a
 2363 012c 0B       		.uleb128 0xb
 2364 012d 3B       		.uleb128 0x3b
 2365 012e 0B       		.uleb128 0xb
 2366 012f 49       		.uleb128 0x49
 2367 0130 13       		.uleb128 0x13
 2368 0131 02       		.uleb128 0x2
 2369 0132 06       		.uleb128 0x6
 2370 0133 00       		.byte	0x0
 2371 0134 00       		.byte	0x0
 2372 0135 18       		.uleb128 0x18
 2373 0136 0A       		.uleb128 0xa
 2374 0137 00       		.byte	0x0
 2375 0138 03       		.uleb128 0x3
 2376 0139 0E       		.uleb128 0xe
 2377 013a 3A       		.uleb128 0x3a
 2378 013b 0B       		.uleb128 0xb
 2379 013c 3B       		.uleb128 0x3b
 2380 013d 0B       		.uleb128 0xb
 2381 013e 11       		.uleb128 0x11
 2382 013f 01       		.uleb128 0x1
 2383 0140 00       		.byte	0x0
 2384 0141 00       		.byte	0x0
ARM GAS  C:\DOCUME~1\z_80\LOCALS~1\Temp\ccwDxm3M.s 			page 43


 2385 0142 19       		.uleb128 0x19
 2386 0143 01       		.uleb128 0x1
 2387 0144 01       		.byte	0x1
 2388 0145 49       		.uleb128 0x49
 2389 0146 13       		.uleb128 0x13
 2390 0147 00       		.byte	0x0
 2391 0148 00       		.byte	0x0
 2392 0149 1A       		.uleb128 0x1a
 2393 014a 21       		.uleb128 0x21
 2394 014b 00       		.byte	0x0
 2395 014c 49       		.uleb128 0x49
 2396 014d 13       		.uleb128 0x13
 2397 014e 2F       		.uleb128 0x2f
 2398 014f 0B       		.uleb128 0xb
 2399 0150 00       		.byte	0x0
 2400 0151 00       		.byte	0x0
 2401 0152 00       		.byte	0x0
 2402              		.section	.debug_pubnames,"",%progbits
 2403 0000 1B000000 		.4byte	0x1b
 2404 0004 0200     		.2byte	0x2
 2405 0006 00000000 		.4byte	.Ldebug_info0
 2406 000a FC030000 		.4byte	0x3fc
 2407 000e FE020000 		.4byte	0x2fe
 2408 0012 63687072 		.ascii	"chprintf\000"
 2408      696E7466 
 2408      00
 2409 001b 00000000 		.4byte	0x0
 2410              		.section	.debug_pubtypes,"",%progbits
 2411 0000 B1000000 		.4byte	0xb1
 2412 0004 0200     		.2byte	0x2
 2413 0006 00000000 		.4byte	.Ldebug_info0
 2414 000a FC030000 		.4byte	0x3fc
 2415 000e 34000000 		.4byte	0x34
 2416 0012 5F5F7661 		.ascii	"__va_list\000"
 2416      5F6C6973 
 2416      7400
 2417 001c 29000000 		.4byte	0x29
 2418 0020 5F5F676E 		.ascii	"__gnuc_va_list\000"
 2418      75635F76 
 2418      615F6C69 
 2418      737400
 2419 002f 50000000 		.4byte	0x50
 2420 0033 76615F6C 		.ascii	"va_list\000"
 2420      69737400 
 2421 003b 62000000 		.4byte	0x62
 2422 003f 73697A65 		.ascii	"size_t\000"
 2422      5F7400
 2423 0046 7B000000 		.4byte	0x7b
 2424 004a 75696E74 		.ascii	"uint8_t\000"
 2424      385F7400 
 2425 0052 9B000000 		.4byte	0x9b
 2426 0056 696E7433 		.ascii	"int32_t\000"
 2426      325F7400 
 2427 005e AD000000 		.4byte	0xad
 2428 0062 75696E74 		.ascii	"uint32_t\000"
 2428      33325F74 
 2428      00
ARM GAS  C:\DOCUME~1\z_80\LOCALS~1\Temp\ccwDxm3M.s 			page 44


 2429 006b CD000000 		.4byte	0xcd
 2430 006f 626F6F6C 		.ascii	"bool_t\000"
 2430      5F7400
 2431 0076 D8000000 		.4byte	0xd8
 2432 007a 6D73675F 		.ascii	"msg_t\000"
 2432      7400
 2433 0080 E3000000 		.4byte	0xe3
 2434 0084 73797374 		.ascii	"systime_t\000"
 2434      696D655F 
 2434      7400
 2435 008e 51010000 		.4byte	0x151
 2436 0092 42617365 		.ascii	"BaseChannelVMT\000"
 2436      4368616E 
 2436      6E656C56 
 2436      4D5400
 2437 00a1 8B020000 		.4byte	0x28b
 2438 00a5 42617365 		.ascii	"BaseChannel\000"
 2438      4368616E 
 2438      6E656C00 
 2439 00b1 00000000 		.4byte	0x0
 2440              		.section	.debug_aranges,"",%progbits
 2441 0000 24000000 		.4byte	0x24
 2442 0004 0200     		.2byte	0x2
 2443 0006 00000000 		.4byte	.Ldebug_info0
 2444 000a 04       		.byte	0x4
 2445 000b 00       		.byte	0x0
 2446 000c 0000     		.2byte	0x0
 2447 000e 0000     		.2byte	0x0
 2448 0010 00000000 		.4byte	.LFB0
 2449 0014 62000000 		.4byte	.LFE0-.LFB0
 2450 0018 00000000 		.4byte	.LFB1
 2451 001c A4030000 		.4byte	.LFE1-.LFB1
 2452 0020 00000000 		.4byte	0x0
 2453 0024 00000000 		.4byte	0x0
 2454              		.section	.debug_ranges,"",%progbits
 2455              	.Ldebug_ranges0:
 2456 0000 00000000 		.4byte	.LFB0
 2457 0004 62000000 		.4byte	.LFE0
 2458 0008 00000000 		.4byte	.LFB1
 2459 000c A4030000 		.4byte	.LFE1
 2460 0010 00000000 		.4byte	0x0
 2461 0014 00000000 		.4byte	0x0
 2462              		.section	.debug_str,"MS",%progbits,1
 2463              	.LASF2:
 2464 0000 73697A65 		.ascii	"size_t\000"
 2464      5F7400
 2465              	.LASF35:
 2466 0007 474E5520 		.ascii	"GNU C 4.5.2\000"
 2466      4320342E 
 2466      352E3200 
 2467              	.LASF17:
 2468 0013 73797374 		.ascii	"systime_t\000"
 2468      696D655F 
 2468      7400
 2469              	.LASF33:
 2470 001d 69735F6C 		.ascii	"is_long\000"
 2470      6F6E6700 
ARM GAS  C:\DOCUME~1\z_80\LOCALS~1\Temp\ccwDxm3M.s 			page 45


 2471              	.LASF28:
 2472 0025 72616469 		.ascii	"radix\000"
 2472      7800
 2473              	.LASF15:
 2474 002b 626F6F6C 		.ascii	"bool_t\000"
 2474      5F7400
 2475              	.LASF25:
 2476 0032 77726974 		.ascii	"writet\000"
 2476      657400
 2477              	.LASF1:
 2478 0039 76615F6C 		.ascii	"va_list\000"
 2478      69737400 
 2479              	.LASF6:
 2480 0041 756E7369 		.ascii	"unsigned char\000"
 2480      676E6564 
 2480      20636861 
 2480      7200
 2481              	.LASF26:
 2482 004f 72656164 		.ascii	"readt\000"
 2482      7400
 2483              	.LASF12:
 2484 0055 6C6F6E67 		.ascii	"long unsigned int\000"
 2484      20756E73 
 2484      69676E65 
 2484      6420696E 
 2484      7400
 2485              	.LASF8:
 2486 0067 73686F72 		.ascii	"short unsigned int\000"
 2486      7420756E 
 2486      7369676E 
 2486      65642069 
 2486      6E7400
 2487              	.LASF21:
 2488 007a 77726974 		.ascii	"write\000"
 2488      6500
 2489              	.LASF32:
 2490 0080 77696474 		.ascii	"width\000"
 2490      6800
 2491              	.LASF40:
 2492 0086 63687072 		.ascii	"chprintf\000"
 2492      696E7466 
 2492      00
 2493              	.LASF23:
 2494 008f 70757477 		.ascii	"putwouldblock\000"
 2494      6F756C64 
 2494      626C6F63 
 2494      6B00
 2495              	.LASF0:
 2496 009d 5F5F676E 		.ascii	"__gnuc_va_list\000"
 2496      75635F76 
 2496      615F6C69 
 2496      737400
 2497              	.LASF22:
 2498 00ac 72656164 		.ascii	"read\000"
 2498      00
 2499              	.LASF30:
 2500 00b1 66696C6C 		.ascii	"filler\000"
ARM GAS  C:\DOCUME~1\z_80\LOCALS~1\Temp\ccwDxm3M.s 			page 46


 2500      657200
 2501              	.LASF3:
 2502 00b8 756E7369 		.ascii	"unsigned int\000"
 2502      676E6564 
 2502      20696E74 
 2502      00
 2503              	.LASF36:
 2504 00c5 2E2E2F63 		.ascii	"../chibios_2.4.x/os/various/chprintf.c\000"
 2504      68696269 
 2504      6F735F32 
 2504      2E342E78 
 2504      2F6F732F 
 2505              	.LASF5:
 2506 00ec 75696E74 		.ascii	"uint8_t\000"
 2506      385F7400 
 2507              	.LASF38:
 2508 00f4 5F5F6170 		.ascii	"__ap\000"
 2508      00
 2509              	.LASF24:
 2510 00f9 67657477 		.ascii	"getwouldblock\000"
 2510      6F756C64 
 2510      626C6F63 
 2510      6B00
 2511              	.LASF16:
 2512 0107 6D73675F 		.ascii	"msg_t\000"
 2512      7400
 2513              	.LASF20:
 2514 010d 42617365 		.ascii	"BaseChannelVMT\000"
 2514      4368616E 
 2514      6E656C56 
 2514      4D5400
 2515              	.LASF9:
 2516 011c 696E7433 		.ascii	"int32_t\000"
 2516      325F7400 
 2517              	.LASF29:
 2518 0124 746D7062 		.ascii	"tmpbuf\000"
 2518      756600
 2519              	.LASF19:
 2520 012b 5F5F7661 		.ascii	"__va_list\000"
 2520      5F6C6973 
 2520      7400
 2521              	.LASF13:
 2522 0135 6C6F6E67 		.ascii	"long long int\000"
 2522      206C6F6E 
 2522      6720696E 
 2522      7400
 2523              	.LASF31:
 2524 0143 70726563 		.ascii	"precision\000"
 2524      6973696F 
 2524      6E00
 2525              	.LASF18:
 2526 014d 63686172 		.ascii	"char\000"
 2526      00
 2527              	.LASF34:
 2528 0152 6C656674 		.ascii	"left_align\000"
 2528      5F616C69 
 2528      676E00
ARM GAS  C:\DOCUME~1\z_80\LOCALS~1\Temp\ccwDxm3M.s 			page 47


 2529              	.LASF37:
 2530 015d 433A5C70 		.ascii	"C:\\projects\\ipm\\soft\\firmware\\valve\000"
 2530      726F6A65 
 2530      6374735C 
 2530      69706D5C 
 2530      736F6674 
 2531              	.LASF7:
 2532 0181 73686F72 		.ascii	"short int\000"
 2532      7420696E 
 2532      7400
 2533              	.LASF41:
 2534 018b 756E7369 		.ascii	"unsigned_common\000"
 2534      676E6564 
 2534      5F636F6D 
 2534      6D6F6E00 
 2535              	.LASF11:
 2536 019b 75696E74 		.ascii	"uint32_t\000"
 2536      33325F74 
 2536      00
 2537              	.LASF10:
 2538 01a4 6C6F6E67 		.ascii	"long int\000"
 2538      20696E74 
 2538      00
 2539              	.LASF4:
 2540 01ad 7369676E 		.ascii	"signed char\000"
 2540      65642063 
 2540      68617200 
 2541              	.LASF39:
 2542 01b9 6C746F61 		.ascii	"ltoa\000"
 2542      00
 2543              	.LASF14:
 2544 01be 6C6F6E67 		.ascii	"long long unsigned int\000"
 2544      206C6F6E 
 2544      6720756E 
 2544      7369676E 
 2544      65642069 
 2545              	.LASF27:
 2546 01d5 42617365 		.ascii	"BaseChannel\000"
 2546      4368616E 
 2546      6E656C00 
 2547              		.ident	"GCC: (Sourcery G++ Lite 2011.03-42) 4.5.2"
ARM GAS  C:\DOCUME~1\z_80\LOCALS~1\Temp\ccwDxm3M.s 			page 48


DEFINED SYMBOLS
                            *ABS*:00000000 chprintf.c
C:\DOCUME~1\z_80\LOCALS~1\Temp\ccwDxm3M.s:24     .text.ltoa:00000000 $t
C:\DOCUME~1\z_80\LOCALS~1\Temp\ccwDxm3M.s:29     .text.ltoa:00000000 ltoa
C:\DOCUME~1\z_80\LOCALS~1\Temp\ccwDxm3M.s:123    .text.chprintf:00000000 $t
C:\DOCUME~1\z_80\LOCALS~1\Temp\ccwDxm3M.s:129    .text.chprintf:00000000 chprintf
C:\DOCUME~1\z_80\LOCALS~1\Temp\ccwDxm3M.s:290    .text.chprintf:000000b4 $d
C:\DOCUME~1\z_80\LOCALS~1\Temp\ccwDxm3M.s:346    .text.chprintf:0000011e $t
C:\DOCUME~1\z_80\LOCALS~1\Temp\ccwDxm3M.s:829    .text.chprintf:000003a0 $d
C:\DOCUME~1\z_80\LOCALS~1\Temp\ccwDxm3M.s:834    .rodata.str1.4:00000000 $d
                     .debug_frame:00000010 $d
C:\DOCUME~1\z_80\LOCALS~1\Temp\ccwDxm3M.s:833    .text.chprintf:000003a4 $t

NO UNDEFINED SYMBOLS
