ARM GAS  /tmp/ccOuEHGb.s 			page 1


   1              		.syntax unified
   2              		.cpu cortex-m3
   3              		.fpu softvfp
   4              		.eabi_attribute 20, 1
   5              		.eabi_attribute 21, 1
   6              		.eabi_attribute 23, 3
   7              		.eabi_attribute 24, 1
   8              		.eabi_attribute 25, 1
   9              		.eabi_attribute 26, 1
  10              		.eabi_attribute 30, 2
  11              		.eabi_attribute 18, 4
  12              		.thumb
  13              		.file	"chregistry.c"
  14              		.section	.debug_abbrev,"",%progbits
  15              	.Ldebug_abbrev0:
  16              		.section	.debug_info,"",%progbits
  17              	.Ldebug_info0:
  18              		.section	.debug_line,"",%progbits
  19              	.Ldebug_line0:
  20 0000 99010000 		.text
  20      02005701 
  20      00000201 
  20      FB0E0D00 
  20      01010101 
  21              	.Ltext0:
  22              		.cfi_sections	.debug_frame
  23              		.section	.text.chRegFirstThread,"ax",%progbits
  24              		.align	2
  25              		.p2align 4,,15
  26              		.global	chRegFirstThread
  27              		.thumb
  28              		.thumb_func
  29              		.type	chRegFirstThread, %function
  30              	chRegFirstThread:
  31              	.LFB0:
  32              		.file 1 "../chibios_2.4.x/os/kernel/src/chregistry.c"
  33              		.loc 1 72 0
  34              		.cfi_startproc
  35              		@ args = 0, pretend = 0, frame = 0
  36              		@ frame_needed = 0, uses_anonymous_args = 0
  37 0000 10B5     		push	{r4, lr}
  38              	.LCFI0:
  39              		.cfi_def_cfa_offset 8
  40              		.loc 1 75 0
  41              	@ 75 "../chibios_2.4.x/os/kernel/src/chregistry.c" 1
  42 0002 FFF7FEFF 		bl      _port_lock
  43              	@ 0 "" 2
  44              		.thumb
  45              		.cfi_offset 14, -4
  46              		.cfi_offset 4, -8
  47 0006 FFF7FEFF 		bl	dbg_check_lock
  48              		.loc 1 76 0
  49 000a 0649     		ldr	r1, .L2
  50 000c 0C69     		ldr	r4, [r1, #16]
  51              	.LVL0:
  52              		.loc 1 78 0
  53 000e 94F82200 		ldrb	r0, [r4, #34]	@ zero_extendqisi2
ARM GAS  /tmp/ccOuEHGb.s 			page 2


  54 0012 431C     		adds	r3, r0, #1
  55 0014 84F82230 		strb	r3, [r4, #34]
  56              		.loc 1 80 0
  57 0018 FFF7FEFF 		bl	dbg_check_unlock
  58              	.LVL1:
  59              	@ 80 "../chibios_2.4.x/os/kernel/src/chregistry.c" 1
  60 001c FFF7FEFF 		bl      _port_unlock
  61              	@ 0 "" 2
  62              		.loc 1 82 0
  63              		.thumb
  64 0020 2046     		mov	r0, r4
  65 0022 10BD     		pop	{r4, pc}
  66              	.L3:
  67              		.align	2
  68              	.L2:
  69 0024 00000000 		.word	rlist
  70              		.cfi_endproc
  71              	.LFE0:
  72              		.size	chRegFirstThread, .-chRegFirstThread
  73 0028 AFF30080 		.section	.text.chRegNextThread,"ax",%progbits
  73      AFF30080 
  74              		.align	2
  75              		.p2align 4,,15
  76              		.global	chRegNextThread
  77              		.thumb
  78              		.thumb_func
  79              		.type	chRegNextThread, %function
  80              	chRegNextThread:
  81              	.LFB1:
  82              		.loc 1 95 0
  83              		.cfi_startproc
  84              		@ args = 0, pretend = 0, frame = 0
  85              		@ frame_needed = 0, uses_anonymous_args = 0
  86              	.LVL2:
  87 0000 38B5     		push	{r3, r4, r5, lr}
  88              	.LCFI1:
  89              		.cfi_def_cfa_offset 16
  90              		.loc 1 95 0
  91 0002 0546     		mov	r5, r0
  92              		.cfi_offset 14, -4
  93              		.cfi_offset 5, -8
  94              		.cfi_offset 4, -12
  95              		.cfi_offset 3, -16
  96              		.loc 1 98 0
  97              	@ 98 "../chibios_2.4.x/os/kernel/src/chregistry.c" 1
  98 0004 FFF7FEFF 		bl      _port_lock
  99              	@ 0 "" 2
 100              		.thumb
 101 0008 FFF7FEFF 		bl	dbg_check_lock
 102              	.LVL3:
 103              		.loc 1 99 0
 104 000c 2C69     		ldr	r4, [r5, #16]
 105              	.LVL4:
 106              		.loc 1 100 0
 107 000e 114B     		ldr	r3, .L10
 108 0010 9C42     		cmp	r4, r3
 109 0012 15D0     		beq	.L7
ARM GAS  /tmp/ccOuEHGb.s 			page 3


 110              		.loc 1 104 0
 111 0014 94F82230 		ldrb	r3, [r4, #34]	@ zero_extendqisi2
 112 0018 FF2B     		cmp	r3, #255
 113 001a 0BD0     		beq	.L9
 114              	.LVL5:
 115              	.L6:
 116              		.loc 1 106 0
 117 001c 581C     		adds	r0, r3, #1
 118 001e 84F82200 		strb	r0, [r4, #34]
 119              		.loc 1 109 0
 120 0022 FFF7FEFF 		bl	dbg_check_unlock
 121              	@ 109 "../chibios_2.4.x/os/kernel/src/chregistry.c" 1
 122 0026 FFF7FEFF 		bl      _port_unlock
 123              	@ 0 "" 2
 124              		.loc 1 111 0
 125              		.thumb
 126 002a 2846     		mov	r0, r5
 127 002c FFF7FEFF 		bl	chThdRelease
 128              		.loc 1 114 0
 129 0030 2046     		mov	r0, r4
 130 0032 38BD     		pop	{r3, r4, r5, pc}
 131              	.L9:
 132              		.loc 1 104 0 discriminator 1
 133 0034 0848     		ldr	r0, .L10+4
 134 0036 FFF7FEFF 		bl	chDbgPanic
 135 003a 94F82230 		ldrb	r3, [r4, #34]	@ zero_extendqisi2
 136 003e EDE7     		b	.L6
 137              	.L7:
 138              		.loc 1 109 0
 139 0040 FFF7FEFF 		bl	dbg_check_unlock
 140              		.loc 1 101 0
 141 0044 0024     		movs	r4, #0
 142              	.LVL6:
 143              		.loc 1 109 0
 144              	@ 109 "../chibios_2.4.x/os/kernel/src/chregistry.c" 1
 145 0046 FFF7FEFF 		bl      _port_unlock
 146              	@ 0 "" 2
 147              		.loc 1 111 0
 148              		.thumb
 149 004a 2846     		mov	r0, r5
 150 004c FFF7FEFF 		bl	chThdRelease
 151              		.loc 1 114 0
 152 0050 2046     		mov	r0, r4
 153 0052 38BD     		pop	{r3, r4, r5, pc}
 154              	.L11:
 155              		.align	2
 156              	.L10:
 157 0054 00000000 		.word	rlist
 158 0058 00000000 		.word	.LC0
 159              		.cfi_endproc
 160              	.LFE1:
 161              		.size	chRegNextThread, .-chRegNextThread
 162 005c AFF30080 		.section	.rodata.str1.4,"aMS",%progbits,1
 163              		.align	2
 164              	.LC0:
 165 0000 63685265 		.ascii	"chRegNextThread(), #1\000"
 165      674E6578 
ARM GAS  /tmp/ccOuEHGb.s 			page 4


 165      74546872 
 165      65616428 
 165      292C2023 
 166 0016 0000     		.text
 167              	.Letext0:
 168              		.section	.debug_loc,"",%progbits
 169              	.Ldebug_loc0:
 170              	.LLST0:
 171 0000 00000000 		.4byte	.LFB0
 172 0004 02000000 		.4byte	.LCFI0
 173 0008 0200     		.2byte	0x2
 174 000a 7D       		.byte	0x7d
 175 000b 00       		.sleb128 0
 176 000c 02000000 		.4byte	.LCFI0
 177 0010 28000000 		.4byte	.LFE0
 178 0014 0200     		.2byte	0x2
 179 0016 7D       		.byte	0x7d
 180 0017 08       		.sleb128 8
 181 0018 00000000 		.4byte	0x0
 182 001c 00000000 		.4byte	0x0
 183              	.LLST1:
 184 0020 0E000000 		.4byte	.LVL0
 185 0024 1B000000 		.4byte	.LVL1-1
 186 0028 0200     		.2byte	0x2
 187 002a 71       		.byte	0x71
 188 002b 10       		.sleb128 16
 189 002c 1B000000 		.4byte	.LVL1-1
 190 0030 28000000 		.4byte	.LFE0
 191 0034 0100     		.2byte	0x1
 192 0036 54       		.byte	0x54
 193 0037 00000000 		.4byte	0x0
 194 003b 00000000 		.4byte	0x0
 195              	.LLST2:
 196 003f 00000000 		.4byte	.LFB1
 197 0043 02000000 		.4byte	.LCFI1
 198 0047 0200     		.2byte	0x2
 199 0049 7D       		.byte	0x7d
 200 004a 00       		.sleb128 0
 201 004b 02000000 		.4byte	.LCFI1
 202 004f 5C000000 		.4byte	.LFE1
 203 0053 0200     		.2byte	0x2
 204 0055 7D       		.byte	0x7d
 205 0056 10       		.sleb128 16
 206 0057 00000000 		.4byte	0x0
 207 005b 00000000 		.4byte	0x0
 208              	.LLST3:
 209 005f 00000000 		.4byte	.LVL2
 210 0063 0B000000 		.4byte	.LVL3-1
 211 0067 0100     		.2byte	0x1
 212 0069 50       		.byte	0x50
 213 006a 0B000000 		.4byte	.LVL3-1
 214 006e 5C000000 		.4byte	.LFE1
 215 0072 0100     		.2byte	0x1
 216 0074 55       		.byte	0x55
 217 0075 00000000 		.4byte	0x0
 218 0079 00000000 		.4byte	0x0
 219              	.LLST4:
ARM GAS  /tmp/ccOuEHGb.s 			page 5


 220 007d 0E000000 		.4byte	.LVL4
 221 0081 1C000000 		.4byte	.LVL5
 222 0085 0200     		.2byte	0x2
 223 0087 75       		.byte	0x75
 224 0088 10       		.sleb128 16
 225 0089 1C000000 		.4byte	.LVL5
 226 008d 46000000 		.4byte	.LVL6
 227 0091 0100     		.2byte	0x1
 228 0093 54       		.byte	0x54
 229 0094 46000000 		.4byte	.LVL6
 230 0098 5C000000 		.4byte	.LFE1
 231 009c 0100     		.2byte	0x1
 232 009e 54       		.byte	0x54
 233 009f 00000000 		.4byte	0x0
 234 00a3 00000000 		.4byte	0x0
 235              		.file 2 "/home/z80/programs/code-sourcery/2011.03-42/bin/../lib/gcc/arm-none-eabi/4.5.2/../../../.
 236              		.file 3 "../chibios_2.4.x/os/ports/GCC/ARMCMx/chtypes.h"
 237              		.file 4 "../chibios_2.4.x/os/kernel/include/chlists.h"
 238              		.file 5 "../chibios_2.4.x/os/kernel/include/chthreads.h"
 239              		.file 6 "../chibios_2.4.x/os/ports/GCC/ARMCMx/chcore_v7m.h"
 240              		.file 7 "../chibios_2.4.x/os/kernel/include/chschd.h"
 241              		.file 8 "../chibios_2.4.x/os/kernel/include/chmtx.h"
 242              		.section	.debug_info
 243 0000 D7040000 		.4byte	0x4d7
 244 0004 0200     		.2byte	0x2
 245 0006 00000000 		.4byte	.Ldebug_abbrev0
 246 000a 04       		.byte	0x4
 247 000b 01       		.uleb128 0x1
 248 000c A2020000 		.4byte	.LASF67
 249 0010 01       		.byte	0x1
 250 0011 7D010000 		.4byte	.LASF68
 251 0015 C1000000 		.4byte	.LASF69
 252 0019 00000000 		.4byte	0x0
 253 001d 00000000 		.4byte	0x0
 254 0021 00000000 		.4byte	.Ldebug_ranges0+0x0
 255 0025 00000000 		.4byte	.Ldebug_line0
 256 0029 02       		.uleb128 0x2
 257 002a 04       		.byte	0x4
 258 002b 05       		.byte	0x5
 259 002c 696E7400 		.ascii	"int\000"
 260 0030 03       		.uleb128 0x3
 261 0031 04       		.byte	0x4
 262 0032 07       		.byte	0x7
 263 0033 B4000000 		.4byte	.LASF0
 264 0037 03       		.uleb128 0x3
 265 0038 01       		.byte	0x1
 266 0039 06       		.byte	0x6
 267 003a 5C000000 		.4byte	.LASF1
 268 003e 04       		.uleb128 0x4
 269 003f 93020000 		.4byte	.LASF5
 270 0043 02       		.byte	0x2
 271 0044 2A       		.byte	0x2a
 272 0045 49000000 		.4byte	0x49
 273 0049 03       		.uleb128 0x3
 274 004a 01       		.byte	0x1
 275 004b 08       		.byte	0x8
 276 004c C0010000 		.4byte	.LASF2
ARM GAS  /tmp/ccOuEHGb.s 			page 6


 277 0050 03       		.uleb128 0x3
 278 0051 02       		.byte	0x2
 279 0052 05       		.byte	0x5
 280 0053 D8010000 		.4byte	.LASF3
 281 0057 03       		.uleb128 0x3
 282 0058 02       		.byte	0x2
 283 0059 07       		.byte	0x7
 284 005a 06010000 		.4byte	.LASF4
 285 005e 04       		.uleb128 0x4
 286 005f B8010000 		.4byte	.LASF6
 287 0063 02       		.byte	0x2
 288 0064 4F       		.byte	0x4f
 289 0065 69000000 		.4byte	0x69
 290 0069 03       		.uleb128 0x3
 291 006a 04       		.byte	0x4
 292 006b 05       		.byte	0x5
 293 006c 78000000 		.4byte	.LASF7
 294 0070 04       		.uleb128 0x4
 295 0071 19020000 		.4byte	.LASF8
 296 0075 02       		.byte	0x2
 297 0076 50       		.byte	0x50
 298 0077 7B000000 		.4byte	0x7b
 299 007b 03       		.uleb128 0x3
 300 007c 04       		.byte	0x4
 301 007d 07       		.byte	0x7
 302 007e EC000000 		.4byte	.LASF9
 303 0082 03       		.uleb128 0x3
 304 0083 08       		.byte	0x8
 305 0084 05       		.byte	0x5
 306 0085 4E000000 		.4byte	.LASF10
 307 0089 04       		.uleb128 0x4
 308 008a 0D000000 		.4byte	.LASF11
 309 008e 02       		.byte	0x2
 310 008f 78       		.byte	0x78
 311 0090 94000000 		.4byte	0x94
 312 0094 03       		.uleb128 0x3
 313 0095 08       		.byte	0x8
 314 0096 07       		.byte	0x7
 315 0097 16000000 		.4byte	.LASF12
 316 009b 04       		.uleb128 0x4
 317 009c 1F010000 		.4byte	.LASF13
 318 00a0 03       		.byte	0x3
 319 00a1 2F       		.byte	0x2f
 320 00a2 3E000000 		.4byte	0x3e
 321 00a6 04       		.uleb128 0x4
 322 00a7 81000000 		.4byte	.LASF14
 323 00ab 03       		.byte	0x3
 324 00ac 30       		.byte	0x30
 325 00ad 3E000000 		.4byte	0x3e
 326 00b1 04       		.uleb128 0x4
 327 00b2 2A020000 		.4byte	.LASF15
 328 00b6 03       		.byte	0x3
 329 00b7 31       		.byte	0x31
 330 00b8 3E000000 		.4byte	0x3e
 331 00bc 04       		.uleb128 0x4
 332 00bd B0010000 		.4byte	.LASF16
 333 00c1 03       		.byte	0x3
ARM GAS  /tmp/ccOuEHGb.s 			page 7


 334 00c2 32       		.byte	0x32
 335 00c3 70000000 		.4byte	0x70
 336 00c7 04       		.uleb128 0x4
 337 00c8 19010000 		.4byte	.LASF17
 338 00cc 03       		.byte	0x3
 339 00cd 33       		.byte	0x33
 340 00ce 5E000000 		.4byte	0x5e
 341 00d2 04       		.uleb128 0x4
 342 00d3 33010000 		.4byte	.LASF18
 343 00d7 03       		.byte	0x3
 344 00d8 35       		.byte	0x35
 345 00d9 70000000 		.4byte	0x70
 346 00dd 04       		.uleb128 0x4
 347 00de 4E020000 		.4byte	.LASF19
 348 00e2 03       		.byte	0x3
 349 00e3 36       		.byte	0x36
 350 00e4 70000000 		.4byte	0x70
 351 00e8 04       		.uleb128 0x4
 352 00e9 A3000000 		.4byte	.LASF20
 353 00ed 03       		.byte	0x3
 354 00ee 37       		.byte	0x37
 355 00ef 5E000000 		.4byte	0x5e
 356 00f3 04       		.uleb128 0x4
 357 00f4 07020000 		.4byte	.LASF21
 358 00f8 04       		.byte	0x4
 359 00f9 2A       		.byte	0x2a
 360 00fa FE000000 		.4byte	0xfe
 361 00fe 05       		.uleb128 0x5
 362 00ff 07020000 		.4byte	.LASF21
 363 0103 4C       		.byte	0x4c
 364 0104 05       		.byte	0x5
 365 0105 5E       		.byte	0x5e
 366 0106 23020000 		.4byte	0x223
 367 010a 06       		.uleb128 0x6
 368 010b F8010000 		.4byte	.LASF22
 369 010f 05       		.byte	0x5
 370 0110 5F       		.byte	0x5f
 371 0111 48020000 		.4byte	0x248
 372 0115 02       		.byte	0x2
 373 0116 23       		.byte	0x23
 374 0117 00       		.uleb128 0x0
 375 0118 06       		.uleb128 0x6
 376 0119 A9010000 		.4byte	.LASF23
 377 011d 05       		.byte	0x5
 378 011e 61       		.byte	0x61
 379 011f 48020000 		.4byte	0x248
 380 0123 02       		.byte	0x2
 381 0124 23       		.byte	0x23
 382 0125 04       		.uleb128 0x4
 383 0126 06       		.uleb128 0x6
 384 0127 47000000 		.4byte	.LASF24
 385 012b 05       		.byte	0x5
 386 012c 63       		.byte	0x63
 387 012d BC000000 		.4byte	0xbc
 388 0131 02       		.byte	0x2
 389 0132 23       		.byte	0x23
 390 0133 08       		.uleb128 0x8
ARM GAS  /tmp/ccOuEHGb.s 			page 8


 391 0134 06       		.uleb128 0x6
 392 0135 C7020000 		.4byte	.LASF25
 393 0139 05       		.byte	0x5
 394 013a 64       		.byte	0x64
 395 013b 20030000 		.4byte	0x320
 396 013f 02       		.byte	0x2
 397 0140 23       		.byte	0x23
 398 0141 0C       		.uleb128 0xc
 399 0142 06       		.uleb128 0x6
 400 0143 8A000000 		.4byte	.LASF26
 401 0147 05       		.byte	0x5
 402 0148 66       		.byte	0x66
 403 0149 48020000 		.4byte	0x248
 404 014d 02       		.byte	0x2
 405 014e 23       		.byte	0x23
 406 014f 10       		.uleb128 0x10
 407 0150 06       		.uleb128 0x6
 408 0151 50010000 		.4byte	.LASF27
 409 0155 05       		.byte	0x5
 410 0156 67       		.byte	0x67
 411 0157 48020000 		.4byte	0x248
 412 015b 02       		.byte	0x2
 413 015c 23       		.byte	0x23
 414 015d 14       		.uleb128 0x14
 415 015e 06       		.uleb128 0x6
 416 015f AE020000 		.4byte	.LASF28
 417 0163 05       		.byte	0x5
 418 0164 6E       		.byte	0x6e
 419 0165 3B040000 		.4byte	0x43b
 420 0169 02       		.byte	0x2
 421 016a 23       		.byte	0x23
 422 016b 18       		.uleb128 0x18
 423 016c 06       		.uleb128 0x6
 424 016d A9000000 		.4byte	.LASF29
 425 0171 05       		.byte	0x5
 426 0172 74       		.byte	0x74
 427 0173 4D040000 		.4byte	0x44d
 428 0177 02       		.byte	0x2
 429 0178 23       		.byte	0x23
 430 0179 1C       		.uleb128 0x1c
 431 017a 06       		.uleb128 0x6
 432 017b E2010000 		.4byte	.LASF30
 433 017f 05       		.byte	0x5
 434 0180 79       		.byte	0x79
 435 0181 A6000000 		.4byte	0xa6
 436 0185 02       		.byte	0x2
 437 0186 23       		.byte	0x23
 438 0187 20       		.uleb128 0x20
 439 0188 06       		.uleb128 0x6
 440 0189 FF010000 		.4byte	.LASF31
 441 018d 05       		.byte	0x5
 442 018e 7D       		.byte	0x7d
 443 018f 9B000000 		.4byte	0x9b
 444 0193 02       		.byte	0x2
 445 0194 23       		.byte	0x23
 446 0195 21       		.uleb128 0x21
 447 0196 06       		.uleb128 0x6
ARM GAS  /tmp/ccOuEHGb.s 			page 9


 448 0197 7C020000 		.4byte	.LASF32
 449 019b 05       		.byte	0x5
 450 019c 82       		.byte	0x82
 451 019d B1000000 		.4byte	0xb1
 452 01a1 02       		.byte	0x2
 453 01a2 23       		.byte	0x23
 454 01a3 22       		.uleb128 0x22
 455 01a4 06       		.uleb128 0x6
 456 01a5 63020000 		.4byte	.LASF33
 457 01a9 05       		.byte	0x5
 458 01aa 89       		.byte	0x89
 459 01ab 43030000 		.4byte	0x343
 460 01af 02       		.byte	0x2
 461 01b0 23       		.byte	0x23
 462 01b1 24       		.uleb128 0x24
 463 01b2 07       		.uleb128 0x7
 464 01b3 705F7500 		.ascii	"p_u\000"
 465 01b7 05       		.byte	0x5
 466 01b8 AE       		.byte	0xae
 467 01b9 06040000 		.4byte	0x406
 468 01bd 02       		.byte	0x2
 469 01be 23       		.byte	0x23
 470 01bf 28       		.uleb128 0x28
 471 01c0 06       		.uleb128 0x6
 472 01c1 CD020000 		.4byte	.LASF34
 473 01c5 05       		.byte	0x5
 474 01c6 B3       		.byte	0xb3
 475 01c7 70020000 		.4byte	0x270
 476 01cb 02       		.byte	0x2
 477 01cc 23       		.byte	0x23
 478 01cd 2C       		.uleb128 0x2c
 479 01ce 06       		.uleb128 0x6
 480 01cf 71020000 		.4byte	.LASF35
 481 01d3 05       		.byte	0x5
 482 01d4 B9       		.byte	0xb9
 483 01d5 4E020000 		.4byte	0x24e
 484 01d9 02       		.byte	0x2
 485 01da 23       		.byte	0x23
 486 01db 30       		.uleb128 0x30
 487 01dc 06       		.uleb128 0x6
 488 01dd 00000000 		.4byte	.LASF36
 489 01e1 05       		.byte	0x5
 490 01e2 BD       		.byte	0xbd
 491 01e3 C7000000 		.4byte	0xc7
 492 01e7 02       		.byte	0x2
 493 01e8 23       		.byte	0x23
 494 01e9 38       		.uleb128 0x38
 495 01ea 06       		.uleb128 0x6
 496 01eb 0E020000 		.4byte	.LASF37
 497 01ef 05       		.byte	0x5
 498 01f0 C3       		.byte	0xc3
 499 01f1 D2000000 		.4byte	0xd2
 500 01f5 02       		.byte	0x2
 501 01f6 23       		.byte	0x23
 502 01f7 3C       		.uleb128 0x3c
 503 01f8 06       		.uleb128 0x6
 504 01f9 CE010000 		.4byte	.LASF38
ARM GAS  /tmp/ccOuEHGb.s 			page 10


 505 01fd 05       		.byte	0x5
 506 01fe CA       		.byte	0xca
 507 01ff 53040000 		.4byte	0x453
 508 0203 02       		.byte	0x2
 509 0204 23       		.byte	0x23
 510 0205 40       		.uleb128 0x40
 511 0206 06       		.uleb128 0x6
 512 0207 58020000 		.4byte	.LASF39
 513 020b 05       		.byte	0x5
 514 020c CE       		.byte	0xce
 515 020d BC000000 		.4byte	0xbc
 516 0211 02       		.byte	0x2
 517 0212 23       		.byte	0x23
 518 0213 44       		.uleb128 0x44
 519 0214 06       		.uleb128 0x6
 520 0215 68000000 		.4byte	.LASF40
 521 0219 05       		.byte	0x5
 522 021a D4       		.byte	0xd4
 523 021b 86020000 		.4byte	0x286
 524 021f 02       		.byte	0x2
 525 0220 23       		.byte	0x23
 526 0221 48       		.uleb128 0x48
 527 0222 00       		.byte	0x0
 528 0223 08       		.uleb128 0x8
 529 0224 08       		.byte	0x8
 530 0225 04       		.byte	0x4
 531 0226 61       		.byte	0x61
 532 0227 48020000 		.4byte	0x248
 533 022b 06       		.uleb128 0x6
 534 022c F8010000 		.4byte	.LASF22
 535 0230 04       		.byte	0x4
 536 0231 62       		.byte	0x62
 537 0232 48020000 		.4byte	0x248
 538 0236 02       		.byte	0x2
 539 0237 23       		.byte	0x23
 540 0238 00       		.uleb128 0x0
 541 0239 06       		.uleb128 0x6
 542 023a A9010000 		.4byte	.LASF23
 543 023e 04       		.byte	0x4
 544 023f 64       		.byte	0x64
 545 0240 48020000 		.4byte	0x248
 546 0244 02       		.byte	0x2
 547 0245 23       		.byte	0x23
 548 0246 04       		.uleb128 0x4
 549 0247 00       		.byte	0x0
 550 0248 09       		.uleb128 0x9
 551 0249 04       		.byte	0x4
 552 024a F3000000 		.4byte	0xf3
 553 024e 04       		.uleb128 0x4
 554 024f 5E010000 		.4byte	.LASF41
 555 0253 04       		.byte	0x4
 556 0254 66       		.byte	0x66
 557 0255 23020000 		.4byte	0x223
 558 0259 08       		.uleb128 0x8
 559 025a 04       		.byte	0x4
 560 025b 04       		.byte	0x4
 561 025c 6B       		.byte	0x6b
ARM GAS  /tmp/ccOuEHGb.s 			page 11


 562 025d 70020000 		.4byte	0x270
 563 0261 06       		.uleb128 0x6
 564 0262 F8010000 		.4byte	.LASF22
 565 0266 04       		.byte	0x4
 566 0267 6D       		.byte	0x6d
 567 0268 48020000 		.4byte	0x248
 568 026c 02       		.byte	0x2
 569 026d 23       		.byte	0x23
 570 026e 00       		.uleb128 0x0
 571 026f 00       		.byte	0x0
 572 0270 04       		.uleb128 0x4
 573 0271 27010000 		.4byte	.LASF42
 574 0275 04       		.byte	0x4
 575 0276 70       		.byte	0x70
 576 0277 59020000 		.4byte	0x259
 577 027b 04       		.uleb128 0x4
 578 027c 9A000000 		.4byte	.LASF43
 579 0280 06       		.byte	0x6
 580 0281 D7       		.byte	0xd7
 581 0282 86020000 		.4byte	0x286
 582 0286 0A       		.uleb128 0xa
 583 0287 04       		.byte	0x4
 584 0288 04       		.uleb128 0x4
 585 0289 45010000 		.4byte	.LASF44
 586 028d 06       		.byte	0x6
 587 028e DD       		.byte	0xdd
 588 028f 89000000 		.4byte	0x89
 589 0293 05       		.uleb128 0x5
 590 0294 6A020000 		.4byte	.LASF45
 591 0298 24       		.byte	0x24
 592 0299 06       		.byte	0x6
 593 029a FE       		.byte	0xfe
 594 029b 20030000 		.4byte	0x320
 595 029f 0B       		.uleb128 0xb
 596 02a0 723400   		.ascii	"r4\000"
 597 02a3 06       		.byte	0x6
 598 02a4 1101     		.2byte	0x111
 599 02a6 7B020000 		.4byte	0x27b
 600 02aa 02       		.byte	0x2
 601 02ab 23       		.byte	0x23
 602 02ac 00       		.uleb128 0x0
 603 02ad 0B       		.uleb128 0xb
 604 02ae 723500   		.ascii	"r5\000"
 605 02b1 06       		.byte	0x6
 606 02b2 1201     		.2byte	0x112
 607 02b4 7B020000 		.4byte	0x27b
 608 02b8 02       		.byte	0x2
 609 02b9 23       		.byte	0x23
 610 02ba 04       		.uleb128 0x4
 611 02bb 0B       		.uleb128 0xb
 612 02bc 723600   		.ascii	"r6\000"
 613 02bf 06       		.byte	0x6
 614 02c0 1301     		.2byte	0x113
 615 02c2 7B020000 		.4byte	0x27b
 616 02c6 02       		.byte	0x2
 617 02c7 23       		.byte	0x23
 618 02c8 08       		.uleb128 0x8
ARM GAS  /tmp/ccOuEHGb.s 			page 12


 619 02c9 0B       		.uleb128 0xb
 620 02ca 723700   		.ascii	"r7\000"
 621 02cd 06       		.byte	0x6
 622 02ce 1401     		.2byte	0x114
 623 02d0 7B020000 		.4byte	0x27b
 624 02d4 02       		.byte	0x2
 625 02d5 23       		.byte	0x23
 626 02d6 0C       		.uleb128 0xc
 627 02d7 0B       		.uleb128 0xb
 628 02d8 723800   		.ascii	"r8\000"
 629 02db 06       		.byte	0x6
 630 02dc 1501     		.2byte	0x115
 631 02de 7B020000 		.4byte	0x27b
 632 02e2 02       		.byte	0x2
 633 02e3 23       		.byte	0x23
 634 02e4 10       		.uleb128 0x10
 635 02e5 0B       		.uleb128 0xb
 636 02e6 723900   		.ascii	"r9\000"
 637 02e9 06       		.byte	0x6
 638 02ea 1601     		.2byte	0x116
 639 02ec 7B020000 		.4byte	0x27b
 640 02f0 02       		.byte	0x2
 641 02f1 23       		.byte	0x23
 642 02f2 14       		.uleb128 0x14
 643 02f3 0B       		.uleb128 0xb
 644 02f4 72313000 		.ascii	"r10\000"
 645 02f8 06       		.byte	0x6
 646 02f9 1701     		.2byte	0x117
 647 02fb 7B020000 		.4byte	0x27b
 648 02ff 02       		.byte	0x2
 649 0300 23       		.byte	0x23
 650 0301 18       		.uleb128 0x18
 651 0302 0B       		.uleb128 0xb
 652 0303 72313100 		.ascii	"r11\000"
 653 0307 06       		.byte	0x6
 654 0308 1801     		.2byte	0x118
 655 030a 7B020000 		.4byte	0x27b
 656 030e 02       		.byte	0x2
 657 030f 23       		.byte	0x23
 658 0310 1C       		.uleb128 0x1c
 659 0311 0B       		.uleb128 0xb
 660 0312 6C7200   		.ascii	"lr\000"
 661 0315 06       		.byte	0x6
 662 0316 1901     		.2byte	0x119
 663 0318 7B020000 		.4byte	0x27b
 664 031c 02       		.byte	0x2
 665 031d 23       		.byte	0x23
 666 031e 20       		.uleb128 0x20
 667 031f 00       		.byte	0x0
 668 0320 0C       		.uleb128 0xc
 669 0321 FE000000 		.4byte	.LASF46
 670 0325 04       		.byte	0x4
 671 0326 06       		.byte	0x6
 672 0327 2301     		.2byte	0x123
 673 0329 3D030000 		.4byte	0x33d
 674 032d 0B       		.uleb128 0xb
 675 032e 72313300 		.ascii	"r13\000"
ARM GAS  /tmp/ccOuEHGb.s 			page 13


 676 0332 06       		.byte	0x6
 677 0333 2401     		.2byte	0x124
 678 0335 3D030000 		.4byte	0x33d
 679 0339 02       		.byte	0x2
 680 033a 23       		.byte	0x23
 681 033b 00       		.uleb128 0x0
 682 033c 00       		.byte	0x0
 683 033d 09       		.uleb128 0x9
 684 033e 04       		.byte	0x4
 685 033f 93020000 		.4byte	0x293
 686 0343 0D       		.uleb128 0xd
 687 0344 DD000000 		.4byte	0xdd
 688 0348 08       		.uleb128 0x8
 689 0349 20       		.byte	0x20
 690 034a 07       		.byte	0x7
 691 034b 5E       		.byte	0x5e
 692 034c B3030000 		.4byte	0x3b3
 693 0350 06       		.uleb128 0x6
 694 0351 22020000 		.4byte	.LASF47
 695 0355 07       		.byte	0x7
 696 0356 5F       		.byte	0x5f
 697 0357 4E020000 		.4byte	0x24e
 698 035b 02       		.byte	0x2
 699 035c 23       		.byte	0x23
 700 035d 00       		.uleb128 0x0
 701 035e 06       		.uleb128 0x6
 702 035f EA010000 		.4byte	.LASF48
 703 0363 07       		.byte	0x7
 704 0364 60       		.byte	0x60
 705 0365 BC000000 		.4byte	0xbc
 706 0369 02       		.byte	0x2
 707 036a 23       		.byte	0x23
 708 036b 08       		.uleb128 0x8
 709 036c 06       		.uleb128 0x6
 710 036d 58010000 		.4byte	.LASF49
 711 0371 07       		.byte	0x7
 712 0372 62       		.byte	0x62
 713 0373 20030000 		.4byte	0x320
 714 0377 02       		.byte	0x2
 715 0378 23       		.byte	0x23
 716 0379 0C       		.uleb128 0xc
 717 037a 06       		.uleb128 0x6
 718 037b 92000000 		.4byte	.LASF50
 719 037f 07       		.byte	0x7
 720 0380 65       		.byte	0x65
 721 0381 48020000 		.4byte	0x248
 722 0385 02       		.byte	0x2
 723 0386 23       		.byte	0x23
 724 0387 10       		.uleb128 0x10
 725 0388 06       		.uleb128 0x6
 726 0389 75010000 		.4byte	.LASF51
 727 038d 07       		.byte	0x7
 728 038e 66       		.byte	0x66
 729 038f 48020000 		.4byte	0x248
 730 0393 02       		.byte	0x2
 731 0394 23       		.byte	0x23
 732 0395 14       		.uleb128 0x14
ARM GAS  /tmp/ccOuEHGb.s 			page 14


 733 0396 06       		.uleb128 0x6
 734 0397 B5020000 		.4byte	.LASF52
 735 039b 07       		.byte	0x7
 736 039c 6A       		.byte	0x6a
 737 039d E8000000 		.4byte	0xe8
 738 03a1 02       		.byte	0x2
 739 03a2 23       		.byte	0x23
 740 03a3 18       		.uleb128 0x18
 741 03a4 06       		.uleb128 0x6
 742 03a5 6B010000 		.4byte	.LASF53
 743 03a9 07       		.byte	0x7
 744 03aa 6C       		.byte	0x6c
 745 03ab 48020000 		.4byte	0x248
 746 03af 02       		.byte	0x2
 747 03b0 23       		.byte	0x23
 748 03b1 1C       		.uleb128 0x1c
 749 03b2 00       		.byte	0x0
 750 03b3 04       		.uleb128 0x4
 751 03b4 83020000 		.4byte	.LASF54
 752 03b8 07       		.byte	0x7
 753 03b9 6E       		.byte	0x6e
 754 03ba 48030000 		.4byte	0x348
 755 03be 05       		.uleb128 0x5
 756 03bf 3F010000 		.4byte	.LASF55
 757 03c3 10       		.byte	0x10
 758 03c4 08       		.byte	0x8
 759 03c5 2C       		.byte	0x2c
 760 03c6 F5030000 		.4byte	0x3f5
 761 03ca 06       		.uleb128 0x6
 762 03cb 70000000 		.4byte	.LASF56
 763 03cf 08       		.byte	0x8
 764 03d0 2D       		.byte	0x2d
 765 03d1 4E020000 		.4byte	0x24e
 766 03d5 02       		.byte	0x2
 767 03d6 23       		.byte	0x23
 768 03d7 00       		.uleb128 0x0
 769 03d8 06       		.uleb128 0x6
 770 03d9 BF020000 		.4byte	.LASF57
 771 03dd 08       		.byte	0x8
 772 03de 2F       		.byte	0x2f
 773 03df 48020000 		.4byte	0x248
 774 03e3 02       		.byte	0x2
 775 03e4 23       		.byte	0x23
 776 03e5 08       		.uleb128 0x8
 777 03e6 06       		.uleb128 0x6
 778 03e7 47020000 		.4byte	.LASF58
 779 03eb 08       		.byte	0x8
 780 03ec 31       		.byte	0x31
 781 03ed F5030000 		.4byte	0x3f5
 782 03f1 02       		.byte	0x2
 783 03f2 23       		.byte	0x23
 784 03f3 0C       		.uleb128 0xc
 785 03f4 00       		.byte	0x0
 786 03f5 09       		.uleb128 0x9
 787 03f6 04       		.byte	0x4
 788 03f7 BE030000 		.4byte	0x3be
 789 03fb 04       		.uleb128 0x4
ARM GAS  /tmp/ccOuEHGb.s 			page 15


 790 03fc 3F010000 		.4byte	.LASF55
 791 0400 08       		.byte	0x8
 792 0401 33       		.byte	0x33
 793 0402 BE030000 		.4byte	0x3be
 794 0406 0E       		.uleb128 0xe
 795 0407 04       		.byte	0x4
 796 0408 05       		.byte	0x5
 797 0409 90       		.byte	0x90
 798 040a 3B040000 		.4byte	0x43b
 799 040e 0F       		.uleb128 0xf
 800 040f 06000000 		.4byte	.LASF59
 801 0413 05       		.byte	0x5
 802 0414 97       		.byte	0x97
 803 0415 C7000000 		.4byte	0xc7
 804 0419 0F       		.uleb128 0xf
 805 041a 2D000000 		.4byte	.LASF60
 806 041e 05       		.byte	0x5
 807 041f 9E       		.byte	0x9e
 808 0420 C7000000 		.4byte	0xc7
 809 0424 0F       		.uleb128 0xf
 810 0425 9B020000 		.4byte	.LASF61
 811 0429 05       		.byte	0x5
 812 042a A5       		.byte	0xa5
 813 042b 86020000 		.4byte	0x286
 814 042f 0F       		.uleb128 0xf
 815 0430 F1010000 		.4byte	.LASF62
 816 0434 05       		.byte	0x5
 817 0435 AC       		.byte	0xac
 818 0436 D2000000 		.4byte	0xd2
 819 043a 00       		.byte	0x0
 820 043b 09       		.uleb128 0x9
 821 043c 04       		.byte	0x4
 822 043d 41040000 		.4byte	0x441
 823 0441 10       		.uleb128 0x10
 824 0442 46040000 		.4byte	0x446
 825 0446 03       		.uleb128 0x3
 826 0447 01       		.byte	0x1
 827 0448 08       		.byte	0x8
 828 0449 32020000 		.4byte	.LASF63
 829 044d 09       		.uleb128 0x9
 830 044e 04       		.byte	0x4
 831 044f 88020000 		.4byte	0x288
 832 0453 09       		.uleb128 0x9
 833 0454 04       		.byte	0x4
 834 0455 FB030000 		.4byte	0x3fb
 835 0459 11       		.uleb128 0x11
 836 045a 01       		.byte	0x1
 837 045b 36000000 		.4byte	.LASF64
 838 045f 01       		.byte	0x1
 839 0460 48       		.byte	0x48
 840 0461 01       		.byte	0x1
 841 0462 48020000 		.4byte	0x248
 842 0466 00000000 		.4byte	.LFB0
 843 046a 28000000 		.4byte	.LFE0
 844 046e 00000000 		.4byte	.LLST0
 845 0472 85040000 		.4byte	0x485
 846 0476 12       		.uleb128 0x12
ARM GAS  /tmp/ccOuEHGb.s 			page 16


 847 0477 747000   		.ascii	"tp\000"
 848 047a 01       		.byte	0x1
 849 047b 49       		.byte	0x49
 850 047c 48020000 		.4byte	0x248
 851 0480 20000000 		.4byte	.LLST1
 852 0484 00       		.byte	0x0
 853 0485 11       		.uleb128 0x11
 854 0486 01       		.byte	0x1
 855 0487 37020000 		.4byte	.LASF65
 856 048b 01       		.byte	0x1
 857 048c 5F       		.byte	0x5f
 858 048d 01       		.byte	0x1
 859 048e 48020000 		.4byte	0x248
 860 0492 00000000 		.4byte	.LFB1
 861 0496 5C000000 		.4byte	.LFE1
 862 049a 3F000000 		.4byte	.LLST2
 863 049e C0040000 		.4byte	0x4c0
 864 04a2 13       		.uleb128 0x13
 865 04a3 747000   		.ascii	"tp\000"
 866 04a6 01       		.byte	0x1
 867 04a7 5F       		.byte	0x5f
 868 04a8 48020000 		.4byte	0x248
 869 04ac 5F000000 		.4byte	.LLST3
 870 04b0 12       		.uleb128 0x12
 871 04b1 6E747000 		.ascii	"ntp\000"
 872 04b5 01       		.byte	0x1
 873 04b6 60       		.byte	0x60
 874 04b7 48020000 		.4byte	0x248
 875 04bb 7D000000 		.4byte	.LLST4
 876 04bf 00       		.byte	0x0
 877 04c0 14       		.uleb128 0x14
 878 04c1 8D020000 		.4byte	.LASF66
 879 04c5 07       		.byte	0x7
 880 04c6 72       		.byte	0x72
 881 04c7 B3030000 		.4byte	0x3b3
 882 04cb 01       		.byte	0x1
 883 04cc 01       		.byte	0x1
 884 04cd 14       		.uleb128 0x14
 885 04ce 8D020000 		.4byte	.LASF66
 886 04d2 07       		.byte	0x7
 887 04d3 72       		.byte	0x72
 888 04d4 B3030000 		.4byte	0x3b3
 889 04d8 01       		.byte	0x1
 890 04d9 01       		.byte	0x1
 891 04da 00       		.byte	0x0
 892              		.section	.debug_abbrev
 893 0000 01       		.uleb128 0x1
 894 0001 11       		.uleb128 0x11
 895 0002 01       		.byte	0x1
 896 0003 25       		.uleb128 0x25
 897 0004 0E       		.uleb128 0xe
 898 0005 13       		.uleb128 0x13
 899 0006 0B       		.uleb128 0xb
 900 0007 03       		.uleb128 0x3
 901 0008 0E       		.uleb128 0xe
 902 0009 1B       		.uleb128 0x1b
 903 000a 0E       		.uleb128 0xe
ARM GAS  /tmp/ccOuEHGb.s 			page 17


 904 000b 11       		.uleb128 0x11
 905 000c 01       		.uleb128 0x1
 906 000d 52       		.uleb128 0x52
 907 000e 01       		.uleb128 0x1
 908 000f 55       		.uleb128 0x55
 909 0010 06       		.uleb128 0x6
 910 0011 10       		.uleb128 0x10
 911 0012 06       		.uleb128 0x6
 912 0013 00       		.byte	0x0
 913 0014 00       		.byte	0x0
 914 0015 02       		.uleb128 0x2
 915 0016 24       		.uleb128 0x24
 916 0017 00       		.byte	0x0
 917 0018 0B       		.uleb128 0xb
 918 0019 0B       		.uleb128 0xb
 919 001a 3E       		.uleb128 0x3e
 920 001b 0B       		.uleb128 0xb
 921 001c 03       		.uleb128 0x3
 922 001d 08       		.uleb128 0x8
 923 001e 00       		.byte	0x0
 924 001f 00       		.byte	0x0
 925 0020 03       		.uleb128 0x3
 926 0021 24       		.uleb128 0x24
 927 0022 00       		.byte	0x0
 928 0023 0B       		.uleb128 0xb
 929 0024 0B       		.uleb128 0xb
 930 0025 3E       		.uleb128 0x3e
 931 0026 0B       		.uleb128 0xb
 932 0027 03       		.uleb128 0x3
 933 0028 0E       		.uleb128 0xe
 934 0029 00       		.byte	0x0
 935 002a 00       		.byte	0x0
 936 002b 04       		.uleb128 0x4
 937 002c 16       		.uleb128 0x16
 938 002d 00       		.byte	0x0
 939 002e 03       		.uleb128 0x3
 940 002f 0E       		.uleb128 0xe
 941 0030 3A       		.uleb128 0x3a
 942 0031 0B       		.uleb128 0xb
 943 0032 3B       		.uleb128 0x3b
 944 0033 0B       		.uleb128 0xb
 945 0034 49       		.uleb128 0x49
 946 0035 13       		.uleb128 0x13
 947 0036 00       		.byte	0x0
 948 0037 00       		.byte	0x0
 949 0038 05       		.uleb128 0x5
 950 0039 13       		.uleb128 0x13
 951 003a 01       		.byte	0x1
 952 003b 03       		.uleb128 0x3
 953 003c 0E       		.uleb128 0xe
 954 003d 0B       		.uleb128 0xb
 955 003e 0B       		.uleb128 0xb
 956 003f 3A       		.uleb128 0x3a
 957 0040 0B       		.uleb128 0xb
 958 0041 3B       		.uleb128 0x3b
 959 0042 0B       		.uleb128 0xb
 960 0043 01       		.uleb128 0x1
ARM GAS  /tmp/ccOuEHGb.s 			page 18


 961 0044 13       		.uleb128 0x13
 962 0045 00       		.byte	0x0
 963 0046 00       		.byte	0x0
 964 0047 06       		.uleb128 0x6
 965 0048 0D       		.uleb128 0xd
 966 0049 00       		.byte	0x0
 967 004a 03       		.uleb128 0x3
 968 004b 0E       		.uleb128 0xe
 969 004c 3A       		.uleb128 0x3a
 970 004d 0B       		.uleb128 0xb
 971 004e 3B       		.uleb128 0x3b
 972 004f 0B       		.uleb128 0xb
 973 0050 49       		.uleb128 0x49
 974 0051 13       		.uleb128 0x13
 975 0052 38       		.uleb128 0x38
 976 0053 0A       		.uleb128 0xa
 977 0054 00       		.byte	0x0
 978 0055 00       		.byte	0x0
 979 0056 07       		.uleb128 0x7
 980 0057 0D       		.uleb128 0xd
 981 0058 00       		.byte	0x0
 982 0059 03       		.uleb128 0x3
 983 005a 08       		.uleb128 0x8
 984 005b 3A       		.uleb128 0x3a
 985 005c 0B       		.uleb128 0xb
 986 005d 3B       		.uleb128 0x3b
 987 005e 0B       		.uleb128 0xb
 988 005f 49       		.uleb128 0x49
 989 0060 13       		.uleb128 0x13
 990 0061 38       		.uleb128 0x38
 991 0062 0A       		.uleb128 0xa
 992 0063 00       		.byte	0x0
 993 0064 00       		.byte	0x0
 994 0065 08       		.uleb128 0x8
 995 0066 13       		.uleb128 0x13
 996 0067 01       		.byte	0x1
 997 0068 0B       		.uleb128 0xb
 998 0069 0B       		.uleb128 0xb
 999 006a 3A       		.uleb128 0x3a
 1000 006b 0B       		.uleb128 0xb
 1001 006c 3B       		.uleb128 0x3b
 1002 006d 0B       		.uleb128 0xb
 1003 006e 01       		.uleb128 0x1
 1004 006f 13       		.uleb128 0x13
 1005 0070 00       		.byte	0x0
 1006 0071 00       		.byte	0x0
 1007 0072 09       		.uleb128 0x9
 1008 0073 0F       		.uleb128 0xf
 1009 0074 00       		.byte	0x0
 1010 0075 0B       		.uleb128 0xb
 1011 0076 0B       		.uleb128 0xb
 1012 0077 49       		.uleb128 0x49
 1013 0078 13       		.uleb128 0x13
 1014 0079 00       		.byte	0x0
 1015 007a 00       		.byte	0x0
 1016 007b 0A       		.uleb128 0xa
 1017 007c 0F       		.uleb128 0xf
ARM GAS  /tmp/ccOuEHGb.s 			page 19


 1018 007d 00       		.byte	0x0
 1019 007e 0B       		.uleb128 0xb
 1020 007f 0B       		.uleb128 0xb
 1021 0080 00       		.byte	0x0
 1022 0081 00       		.byte	0x0
 1023 0082 0B       		.uleb128 0xb
 1024 0083 0D       		.uleb128 0xd
 1025 0084 00       		.byte	0x0
 1026 0085 03       		.uleb128 0x3
 1027 0086 08       		.uleb128 0x8
 1028 0087 3A       		.uleb128 0x3a
 1029 0088 0B       		.uleb128 0xb
 1030 0089 3B       		.uleb128 0x3b
 1031 008a 05       		.uleb128 0x5
 1032 008b 49       		.uleb128 0x49
 1033 008c 13       		.uleb128 0x13
 1034 008d 38       		.uleb128 0x38
 1035 008e 0A       		.uleb128 0xa
 1036 008f 00       		.byte	0x0
 1037 0090 00       		.byte	0x0
 1038 0091 0C       		.uleb128 0xc
 1039 0092 13       		.uleb128 0x13
 1040 0093 01       		.byte	0x1
 1041 0094 03       		.uleb128 0x3
 1042 0095 0E       		.uleb128 0xe
 1043 0096 0B       		.uleb128 0xb
 1044 0097 0B       		.uleb128 0xb
 1045 0098 3A       		.uleb128 0x3a
 1046 0099 0B       		.uleb128 0xb
 1047 009a 3B       		.uleb128 0x3b
 1048 009b 05       		.uleb128 0x5
 1049 009c 01       		.uleb128 0x1
 1050 009d 13       		.uleb128 0x13
 1051 009e 00       		.byte	0x0
 1052 009f 00       		.byte	0x0
 1053 00a0 0D       		.uleb128 0xd
 1054 00a1 35       		.uleb128 0x35
 1055 00a2 00       		.byte	0x0
 1056 00a3 49       		.uleb128 0x49
 1057 00a4 13       		.uleb128 0x13
 1058 00a5 00       		.byte	0x0
 1059 00a6 00       		.byte	0x0
 1060 00a7 0E       		.uleb128 0xe
 1061 00a8 17       		.uleb128 0x17
 1062 00a9 01       		.byte	0x1
 1063 00aa 0B       		.uleb128 0xb
 1064 00ab 0B       		.uleb128 0xb
 1065 00ac 3A       		.uleb128 0x3a
 1066 00ad 0B       		.uleb128 0xb
 1067 00ae 3B       		.uleb128 0x3b
 1068 00af 0B       		.uleb128 0xb
 1069 00b0 01       		.uleb128 0x1
 1070 00b1 13       		.uleb128 0x13
 1071 00b2 00       		.byte	0x0
 1072 00b3 00       		.byte	0x0
 1073 00b4 0F       		.uleb128 0xf
 1074 00b5 0D       		.uleb128 0xd
ARM GAS  /tmp/ccOuEHGb.s 			page 20


 1075 00b6 00       		.byte	0x0
 1076 00b7 03       		.uleb128 0x3
 1077 00b8 0E       		.uleb128 0xe
 1078 00b9 3A       		.uleb128 0x3a
 1079 00ba 0B       		.uleb128 0xb
 1080 00bb 3B       		.uleb128 0x3b
 1081 00bc 0B       		.uleb128 0xb
 1082 00bd 49       		.uleb128 0x49
 1083 00be 13       		.uleb128 0x13
 1084 00bf 00       		.byte	0x0
 1085 00c0 00       		.byte	0x0
 1086 00c1 10       		.uleb128 0x10
 1087 00c2 26       		.uleb128 0x26
 1088 00c3 00       		.byte	0x0
 1089 00c4 49       		.uleb128 0x49
 1090 00c5 13       		.uleb128 0x13
 1091 00c6 00       		.byte	0x0
 1092 00c7 00       		.byte	0x0
 1093 00c8 11       		.uleb128 0x11
 1094 00c9 2E       		.uleb128 0x2e
 1095 00ca 01       		.byte	0x1
 1096 00cb 3F       		.uleb128 0x3f
 1097 00cc 0C       		.uleb128 0xc
 1098 00cd 03       		.uleb128 0x3
 1099 00ce 0E       		.uleb128 0xe
 1100 00cf 3A       		.uleb128 0x3a
 1101 00d0 0B       		.uleb128 0xb
 1102 00d1 3B       		.uleb128 0x3b
 1103 00d2 0B       		.uleb128 0xb
 1104 00d3 27       		.uleb128 0x27
 1105 00d4 0C       		.uleb128 0xc
 1106 00d5 49       		.uleb128 0x49
 1107 00d6 13       		.uleb128 0x13
 1108 00d7 11       		.uleb128 0x11
 1109 00d8 01       		.uleb128 0x1
 1110 00d9 12       		.uleb128 0x12
 1111 00da 01       		.uleb128 0x1
 1112 00db 40       		.uleb128 0x40
 1113 00dc 06       		.uleb128 0x6
 1114 00dd 01       		.uleb128 0x1
 1115 00de 13       		.uleb128 0x13
 1116 00df 00       		.byte	0x0
 1117 00e0 00       		.byte	0x0
 1118 00e1 12       		.uleb128 0x12
 1119 00e2 34       		.uleb128 0x34
 1120 00e3 00       		.byte	0x0
 1121 00e4 03       		.uleb128 0x3
 1122 00e5 08       		.uleb128 0x8
 1123 00e6 3A       		.uleb128 0x3a
 1124 00e7 0B       		.uleb128 0xb
 1125 00e8 3B       		.uleb128 0x3b
 1126 00e9 0B       		.uleb128 0xb
 1127 00ea 49       		.uleb128 0x49
 1128 00eb 13       		.uleb128 0x13
 1129 00ec 02       		.uleb128 0x2
 1130 00ed 06       		.uleb128 0x6
 1131 00ee 00       		.byte	0x0
ARM GAS  /tmp/ccOuEHGb.s 			page 21


 1132 00ef 00       		.byte	0x0
 1133 00f0 13       		.uleb128 0x13
 1134 00f1 05       		.uleb128 0x5
 1135 00f2 00       		.byte	0x0
 1136 00f3 03       		.uleb128 0x3
 1137 00f4 08       		.uleb128 0x8
 1138 00f5 3A       		.uleb128 0x3a
 1139 00f6 0B       		.uleb128 0xb
 1140 00f7 3B       		.uleb128 0x3b
 1141 00f8 0B       		.uleb128 0xb
 1142 00f9 49       		.uleb128 0x49
 1143 00fa 13       		.uleb128 0x13
 1144 00fb 02       		.uleb128 0x2
 1145 00fc 06       		.uleb128 0x6
 1146 00fd 00       		.byte	0x0
 1147 00fe 00       		.byte	0x0
 1148 00ff 14       		.uleb128 0x14
 1149 0100 34       		.uleb128 0x34
 1150 0101 00       		.byte	0x0
 1151 0102 03       		.uleb128 0x3
 1152 0103 0E       		.uleb128 0xe
 1153 0104 3A       		.uleb128 0x3a
 1154 0105 0B       		.uleb128 0xb
 1155 0106 3B       		.uleb128 0x3b
 1156 0107 0B       		.uleb128 0xb
 1157 0108 49       		.uleb128 0x49
 1158 0109 13       		.uleb128 0x13
 1159 010a 3F       		.uleb128 0x3f
 1160 010b 0C       		.uleb128 0xc
 1161 010c 3C       		.uleb128 0x3c
 1162 010d 0C       		.uleb128 0xc
 1163 010e 00       		.byte	0x0
 1164 010f 00       		.byte	0x0
 1165 0110 00       		.byte	0x0
 1166              		.section	.debug_pubnames,"",%progbits
 1167 0000 37000000 		.4byte	0x37
 1168 0004 0200     		.2byte	0x2
 1169 0006 00000000 		.4byte	.Ldebug_info0
 1170 000a DB040000 		.4byte	0x4db
 1171 000e 59040000 		.4byte	0x459
 1172 0012 63685265 		.ascii	"chRegFirstThread\000"
 1172      67466972 
 1172      73745468 
 1172      72656164 
 1172      00
 1173 0023 85040000 		.4byte	0x485
 1174 0027 63685265 		.ascii	"chRegNextThread\000"
 1174      674E6578 
 1174      74546872 
 1174      65616400 
 1175 0037 00000000 		.4byte	0x0
 1176              		.section	.debug_pubtypes,"",%progbits
 1177 0000 2F010000 		.4byte	0x12f
 1178 0004 0200     		.2byte	0x2
 1179 0006 00000000 		.4byte	.Ldebug_info0
 1180 000a DB040000 		.4byte	0x4db
 1181 000e 3E000000 		.4byte	0x3e
ARM GAS  /tmp/ccOuEHGb.s 			page 22


 1182 0012 75696E74 		.ascii	"uint8_t\000"
 1182      385F7400 
 1183 001a 5E000000 		.4byte	0x5e
 1184 001e 696E7433 		.ascii	"int32_t\000"
 1184      325F7400 
 1185 0026 70000000 		.4byte	0x70
 1186 002a 75696E74 		.ascii	"uint32_t\000"
 1186      33325F74 
 1186      00
 1187 0033 89000000 		.4byte	0x89
 1188 0037 75696E74 		.ascii	"uint64_t\000"
 1188      36345F74 
 1188      00
 1189 0040 9B000000 		.4byte	0x9b
 1190 0044 746D6F64 		.ascii	"tmode_t\000"
 1190      655F7400 
 1191 004c A6000000 		.4byte	0xa6
 1192 0050 74737461 		.ascii	"tstate_t\000"
 1192      74655F74 
 1192      00
 1193 0059 B1000000 		.4byte	0xb1
 1194 005d 74726566 		.ascii	"trefs_t\000"
 1194      735F7400 
 1195 0065 BC000000 		.4byte	0xbc
 1196 0069 74707269 		.ascii	"tprio_t\000"
 1196      6F5F7400 
 1197 0071 C7000000 		.4byte	0xc7
 1198 0075 6D73675F 		.ascii	"msg_t\000"
 1198      7400
 1199 007b D2000000 		.4byte	0xd2
 1200 007f 6576656E 		.ascii	"eventmask_t\000"
 1200      746D6173 
 1200      6B5F7400 
 1201 008b DD000000 		.4byte	0xdd
 1202 008f 73797374 		.ascii	"systime_t\000"
 1202      696D655F 
 1202      7400
 1203 0099 E8000000 		.4byte	0xe8
 1204 009d 636E745F 		.ascii	"cnt_t\000"
 1204      7400
 1205 00a3 F3000000 		.4byte	0xf3
 1206 00a7 54687265 		.ascii	"Thread\000"
 1206      616400
 1207 00ae 4E020000 		.4byte	0x24e
 1208 00b2 54687265 		.ascii	"ThreadsQueue\000"
 1208      61647351 
 1208      75657565 
 1208      00
 1209 00bf 70020000 		.4byte	0x270
 1210 00c3 54687265 		.ascii	"ThreadsList\000"
 1210      6164734C 
 1210      69737400 
 1211 00cf 7B020000 		.4byte	0x27b
 1212 00d3 72656761 		.ascii	"regarm_t\000"
 1212      726D5F74 
 1212      00
 1213 00dc 88020000 		.4byte	0x288
ARM GAS  /tmp/ccOuEHGb.s 			page 23


 1214 00e0 73746B61 		.ascii	"stkalign_t\000"
 1214      6C69676E 
 1214      5F7400
 1215 00eb 93020000 		.4byte	0x293
 1216 00ef 696E7463 		.ascii	"intctx\000"
 1216      747800
 1217 00f6 20030000 		.4byte	0x320
 1218 00fa 636F6E74 		.ascii	"context\000"
 1218      65787400 
 1219 0102 B3030000 		.4byte	0x3b3
 1220 0106 52656164 		.ascii	"ReadyList\000"
 1220      794C6973 
 1220      7400
 1221 0110 BE030000 		.4byte	0x3be
 1222 0114 4D757465 		.ascii	"Mutex\000"
 1222      7800
 1223 011a FB030000 		.4byte	0x3fb
 1224 011e 4D757465 		.ascii	"Mutex\000"
 1224      7800
 1225 0124 FE000000 		.4byte	0xfe
 1226 0128 54687265 		.ascii	"Thread\000"
 1226      616400
 1227 012f 00000000 		.4byte	0x0
 1228              		.section	.debug_aranges,"",%progbits
 1229 0000 24000000 		.4byte	0x24
 1230 0004 0200     		.2byte	0x2
 1231 0006 00000000 		.4byte	.Ldebug_info0
 1232 000a 04       		.byte	0x4
 1233 000b 00       		.byte	0x0
 1234 000c 0000     		.2byte	0x0
 1235 000e 0000     		.2byte	0x0
 1236 0010 00000000 		.4byte	.LFB0
 1237 0014 28000000 		.4byte	.LFE0-.LFB0
 1238 0018 00000000 		.4byte	.LFB1
 1239 001c 5C000000 		.4byte	.LFE1-.LFB1
 1240 0020 00000000 		.4byte	0x0
 1241 0024 00000000 		.4byte	0x0
 1242              		.section	.debug_ranges,"",%progbits
 1243              	.Ldebug_ranges0:
 1244 0000 00000000 		.4byte	.LFB0
 1245 0004 28000000 		.4byte	.LFE0
 1246 0008 00000000 		.4byte	.LFB1
 1247 000c 5C000000 		.4byte	.LFE1
 1248 0010 00000000 		.4byte	0x0
 1249 0014 00000000 		.4byte	0x0
 1250              		.section	.debug_str,"MS",%progbits,1
 1251              	.LASF36:
 1252 0000 705F6D73 		.ascii	"p_msg\000"
 1252      6700
 1253              	.LASF59:
 1254 0006 7264796D 		.ascii	"rdymsg\000"
 1254      736700
 1255              	.LASF11:
 1256 000d 75696E74 		.ascii	"uint64_t\000"
 1256      36345F74 
 1256      00
 1257              	.LASF12:
ARM GAS  /tmp/ccOuEHGb.s 			page 24


 1258 0016 6C6F6E67 		.ascii	"long long unsigned int\000"
 1258      206C6F6E 
 1258      6720756E 
 1258      7369676E 
 1258      65642069 
 1259              	.LASF60:
 1260 002d 65786974 		.ascii	"exitcode\000"
 1260      636F6465 
 1260      00
 1261              	.LASF64:
 1262 0036 63685265 		.ascii	"chRegFirstThread\000"
 1262      67466972 
 1262      73745468 
 1262      72656164 
 1262      00
 1263              	.LASF24:
 1264 0047 705F7072 		.ascii	"p_prio\000"
 1264      696F00
 1265              	.LASF10:
 1266 004e 6C6F6E67 		.ascii	"long long int\000"
 1266      206C6F6E 
 1266      6720696E 
 1266      7400
 1267              	.LASF1:
 1268 005c 7369676E 		.ascii	"signed char\000"
 1268      65642063 
 1268      68617200 
 1269              	.LASF40:
 1270 0068 705F6D70 		.ascii	"p_mpool\000"
 1270      6F6F6C00 
 1271              	.LASF56:
 1272 0070 6D5F7175 		.ascii	"m_queue\000"
 1272      65756500 
 1273              	.LASF7:
 1274 0078 6C6F6E67 		.ascii	"long int\000"
 1274      20696E74 
 1274      00
 1275              	.LASF14:
 1276 0081 74737461 		.ascii	"tstate_t\000"
 1276      74655F74 
 1276      00
 1277              	.LASF26:
 1278 008a 705F6E65 		.ascii	"p_newer\000"
 1278      77657200 
 1279              	.LASF50:
 1280 0092 725F6E65 		.ascii	"r_newer\000"
 1280      77657200 
 1281              	.LASF43:
 1282 009a 72656761 		.ascii	"regarm_t\000"
 1282      726D5F74 
 1282      00
 1283              	.LASF20:
 1284 00a3 636E745F 		.ascii	"cnt_t\000"
 1284      7400
 1285              	.LASF29:
 1286 00a9 705F7374 		.ascii	"p_stklimit\000"
 1286      6B6C696D 
ARM GAS  /tmp/ccOuEHGb.s 			page 25


 1286      697400
 1287              	.LASF0:
 1288 00b4 756E7369 		.ascii	"unsigned int\000"
 1288      676E6564 
 1288      20696E74 
 1288      00
 1289              	.LASF69:
 1290 00c1 2F686F6D 		.ascii	"/home/z80/projects/ipm/soft/firmware/valve\000"
 1290      652F7A38 
 1290      302F7072 
 1290      6F6A6563 
 1290      74732F69 
 1291              	.LASF9:
 1292 00ec 6C6F6E67 		.ascii	"long unsigned int\000"
 1292      20756E73 
 1292      69676E65 
 1292      6420696E 
 1292      7400
 1293              	.LASF46:
 1294 00fe 636F6E74 		.ascii	"context\000"
 1294      65787400 
 1295              	.LASF4:
 1296 0106 73686F72 		.ascii	"short unsigned int\000"
 1296      7420756E 
 1296      7369676E 
 1296      65642069 
 1296      6E7400
 1297              	.LASF17:
 1298 0119 6D73675F 		.ascii	"msg_t\000"
 1298      7400
 1299              	.LASF13:
 1300 011f 746D6F64 		.ascii	"tmode_t\000"
 1300      655F7400 
 1301              	.LASF42:
 1302 0127 54687265 		.ascii	"ThreadsList\000"
 1302      6164734C 
 1302      69737400 
 1303              	.LASF18:
 1304 0133 6576656E 		.ascii	"eventmask_t\000"
 1304      746D6173 
 1304      6B5F7400 
 1305              	.LASF55:
 1306 013f 4D757465 		.ascii	"Mutex\000"
 1306      7800
 1307              	.LASF44:
 1308 0145 73746B61 		.ascii	"stkalign_t\000"
 1308      6C69676E 
 1308      5F7400
 1309              	.LASF27:
 1310 0150 705F6F6C 		.ascii	"p_older\000"
 1310      64657200 
 1311              	.LASF49:
 1312 0158 725F6374 		.ascii	"r_ctx\000"
 1312      7800
 1313              	.LASF41:
 1314 015e 54687265 		.ascii	"ThreadsQueue\000"
 1314      61647351 
ARM GAS  /tmp/ccOuEHGb.s 			page 26


 1314      75657565 
 1314      00
 1315              	.LASF53:
 1316 016b 725F6375 		.ascii	"r_current\000"
 1316      7272656E 
 1316      7400
 1317              	.LASF51:
 1318 0175 725F6F6C 		.ascii	"r_older\000"
 1318      64657200 
 1319              	.LASF68:
 1320 017d 2E2E2F63 		.ascii	"../chibios_2.4.x/os/kernel/src/chregistry.c\000"
 1320      68696269 
 1320      6F735F32 
 1320      2E342E78 
 1320      2F6F732F 
 1321              	.LASF23:
 1322 01a9 705F7072 		.ascii	"p_prev\000"
 1322      657600
 1323              	.LASF16:
 1324 01b0 74707269 		.ascii	"tprio_t\000"
 1324      6F5F7400 
 1325              	.LASF6:
 1326 01b8 696E7433 		.ascii	"int32_t\000"
 1326      325F7400 
 1327              	.LASF2:
 1328 01c0 756E7369 		.ascii	"unsigned char\000"
 1328      676E6564 
 1328      20636861 
 1328      7200
 1329              	.LASF38:
 1330 01ce 705F6D74 		.ascii	"p_mtxlist\000"
 1330      786C6973 
 1330      7400
 1331              	.LASF3:
 1332 01d8 73686F72 		.ascii	"short int\000"
 1332      7420696E 
 1332      7400
 1333              	.LASF30:
 1334 01e2 705F7374 		.ascii	"p_state\000"
 1334      61746500 
 1335              	.LASF48:
 1336 01ea 725F7072 		.ascii	"r_prio\000"
 1336      696F00
 1337              	.LASF62:
 1338 01f1 65776D61 		.ascii	"ewmask\000"
 1338      736B00
 1339              	.LASF22:
 1340 01f8 705F6E65 		.ascii	"p_next\000"
 1340      787400
 1341              	.LASF31:
 1342 01ff 705F666C 		.ascii	"p_flags\000"
 1342      61677300 
 1343              	.LASF21:
 1344 0207 54687265 		.ascii	"Thread\000"
 1344      616400
 1345              	.LASF37:
 1346 020e 705F6570 		.ascii	"p_epending\000"
ARM GAS  /tmp/ccOuEHGb.s 			page 27


 1346      656E6469 
 1346      6E6700
 1347              	.LASF8:
 1348 0219 75696E74 		.ascii	"uint32_t\000"
 1348      33325F74 
 1348      00
 1349              	.LASF47:
 1350 0222 725F7175 		.ascii	"r_queue\000"
 1350      65756500 
 1351              	.LASF15:
 1352 022a 74726566 		.ascii	"trefs_t\000"
 1352      735F7400 
 1353              	.LASF63:
 1354 0232 63686172 		.ascii	"char\000"
 1354      00
 1355              	.LASF65:
 1356 0237 63685265 		.ascii	"chRegNextThread\000"
 1356      674E6578 
 1356      74546872 
 1356      65616400 
 1357              	.LASF58:
 1358 0247 6D5F6E65 		.ascii	"m_next\000"
 1358      787400
 1359              	.LASF19:
 1360 024e 73797374 		.ascii	"systime_t\000"
 1360      696D655F 
 1360      7400
 1361              	.LASF39:
 1362 0258 705F7265 		.ascii	"p_realprio\000"
 1362      616C7072 
 1362      696F00
 1363              	.LASF33:
 1364 0263 705F7469 		.ascii	"p_time\000"
 1364      6D6500
 1365              	.LASF45:
 1366 026a 696E7463 		.ascii	"intctx\000"
 1366      747800
 1367              	.LASF35:
 1368 0271 705F6D73 		.ascii	"p_msgqueue\000"
 1368      67717565 
 1368      756500
 1369              	.LASF32:
 1370 027c 705F7265 		.ascii	"p_refs\000"
 1370      667300
 1371              	.LASF54:
 1372 0283 52656164 		.ascii	"ReadyList\000"
 1372      794C6973 
 1372      7400
 1373              	.LASF66:
 1374 028d 726C6973 		.ascii	"rlist\000"
 1374      7400
 1375              	.LASF5:
 1376 0293 75696E74 		.ascii	"uint8_t\000"
 1376      385F7400 
 1377              	.LASF61:
 1378 029b 77746F62 		.ascii	"wtobjp\000"
 1378      6A7000
ARM GAS  /tmp/ccOuEHGb.s 			page 28


 1379              	.LASF67:
 1380 02a2 474E5520 		.ascii	"GNU C 4.5.2\000"
 1380      4320342E 
 1380      352E3200 
 1381              	.LASF28:
 1382 02ae 705F6E61 		.ascii	"p_name\000"
 1382      6D6500
 1383              	.LASF52:
 1384 02b5 725F7072 		.ascii	"r_preempt\000"
 1384      65656D70 
 1384      7400
 1385              	.LASF57:
 1386 02bf 6D5F6F77 		.ascii	"m_owner\000"
 1386      6E657200 
 1387              	.LASF25:
 1388 02c7 705F6374 		.ascii	"p_ctx\000"
 1388      7800
 1389              	.LASF34:
 1390 02cd 705F7761 		.ascii	"p_waiting\000"
 1390      6974696E 
 1390      6700
 1391              		.ident	"GCC: (Sourcery G++ Lite 2011.03-42) 4.5.2"
ARM GAS  /tmp/ccOuEHGb.s 			page 29


DEFINED SYMBOLS
                            *ABS*:00000000 chregistry.c
     /tmp/ccOuEHGb.s:24     .text.chRegFirstThread:00000000 $t
     /tmp/ccOuEHGb.s:30     .text.chRegFirstThread:00000000 chRegFirstThread
     /tmp/ccOuEHGb.s:69     .text.chRegFirstThread:00000024 $d
     /tmp/ccOuEHGb.s:74     .text.chRegNextThread:00000000 $t
     /tmp/ccOuEHGb.s:80     .text.chRegNextThread:00000000 chRegNextThread
     /tmp/ccOuEHGb.s:157    .text.chRegNextThread:00000054 $d
     /tmp/ccOuEHGb.s:163    .rodata.str1.4:00000000 $d
                     .debug_frame:00000010 $d
     /tmp/ccOuEHGb.s:73     .text.chRegFirstThread:00000028 $t
     /tmp/ccOuEHGb.s:162    .text.chRegNextThread:0000005c $t

UNDEFINED SYMBOLS
_port_lock
dbg_check_lock
dbg_check_unlock
_port_unlock
rlist
chThdRelease
chDbgPanic
