ARM GAS  /tmp/cc9W0cqa.s 			page 1


   1              		.syntax unified
   2              		.cpu cortex-m3
   3              		.fpu softvfp
   4              		.eabi_attribute 20, 1
   5              		.eabi_attribute 21, 1
   6              		.eabi_attribute 23, 3
   7              		.eabi_attribute 24, 1
   8              		.eabi_attribute 25, 1
   9              		.eabi_attribute 26, 1
  10              		.eabi_attribute 30, 2
  11              		.eabi_attribute 18, 4
  12              		.thumb
  13              		.file	"crt0.c"
  14              		.section	.debug_abbrev,"",%progbits
  15              	.Ldebug_abbrev0:
  16              		.section	.debug_info,"",%progbits
  17              	.Ldebug_info0:
  18              		.section	.debug_line,"",%progbits
  19              	.Ldebug_line0:
  20 0000 6F010000 		.text
  20      0200BF00 
  20      00000201 
  20      FB0E0D00 
  20      01010101 
  21              	.Ltext0:
  22              		.cfi_sections	.debug_frame
  23              		.section	.text.__early_init,"ax",%progbits
  24              		.align	2
  25              		.p2align 4,,15
  26              		.weak	__early_init
  27              		.thumb
  28              		.thumb_func
  29              		.type	__early_init, %function
  30              	__early_init:
  31              	.LFB0:
  32              		.file 1 "../chibios_2.4.x/os/ports/GCC/ARMCMx/crt0.c"
  33              		.loc 1 220 0
  34              		.cfi_startproc
  35              		@ args = 0, pretend = 0, frame = 0
  36              		@ frame_needed = 0, uses_anonymous_args = 0
  37              		@ link register save eliminated.
  38              		.loc 1 220 0
  39 0000 7047     		bx	lr
  40              		.cfi_endproc
  41              	.LFE0:
  42              		.size	__early_init, .-__early_init
  43 0002 00BFAFF3 		.section	.text.__late_init,"ax",%progbits
  43      0080AFF3 
  43      0080AFF3 
  43      0080
  44              		.align	2
  45              		.p2align 4,,15
  46              		.weak	__late_init
  47              		.thumb
  48              		.thumb_func
  49              		.type	__late_init, %function
  50              	__late_init:
ARM GAS  /tmp/cc9W0cqa.s 			page 2


  51              	.LFB1:
  52              		.loc 1 232 0
  53              		.cfi_startproc
  54              		@ args = 0, pretend = 0, frame = 0
  55              		@ frame_needed = 0, uses_anonymous_args = 0
  56              		@ link register save eliminated.
  57              		.loc 1 232 0
  58 0000 7047     		bx	lr
  59              		.cfi_endproc
  60              	.LFE1:
  61              		.size	__late_init, .-__late_init
  62 0002 00BFAFF3 		.section	.text._default_exit,"ax",%progbits
  62      0080AFF3 
  62      0080AFF3 
  62      0080
  63              		.align	2
  64              		.p2align 4,,15
  65              		.weak	_default_exit
  66              		.thumb
  67              		.thumb_func
  68              		.type	_default_exit, %function
  69              	_default_exit:
  70              	.LFB2:
  71              		.loc 1 243 0
  72              		.cfi_startproc
  73              		@ Naked Function: prologue and epilogue provided by programmer.
  74              		@ args = 0, pretend = 0, frame = 0
  75              		@ frame_needed = 0, uses_anonymous_args = 0
  76              	.L4:
  77 0000 FEE7     		b	.L4
  78              		.cfi_endproc
  79              	.LFE2:
  80              		.size	_default_exit, .-_default_exit
  81 0002 00BFAFF3 		.section	.text.ResetHandler,"ax",%progbits
  81      0080AFF3 
  81      0080AFF3 
  81      0080
  82              		.align	2
  83              		.p2align 4,,15
  84              		.global	ResetHandler
  85              		.thumb
  86              		.thumb_func
  87              		.type	ResetHandler, %function
  88              	ResetHandler:
  89              	.LFB3:
  90              		.loc 1 254 0
  91              		.cfi_startproc
  92              		@ Naked Function: prologue and epilogue provided by programmer.
  93              		@ args = 0, pretend = 0, frame = 0
  94              		@ frame_needed = 0, uses_anonymous_args = 0
  95              		.loc 1 260 0
  96              	@ 260 "../chibios_2.4.x/os/ports/GCC/ARMCMx/crt0.c" 1
  97 0000 72B6     		cpsid   i
  98              	@ 0 "" 2
  99              	.LVL0:
 100              		.loc 1 262 0
 101              		.thumb
ARM GAS  /tmp/cc9W0cqa.s 			page 3


 102 0002 6348     		ldr	r0, .L55
 103              	@ 262 "../chibios_2.4.x/os/ports/GCC/ARMCMx/crt0.c" 1
 104 0004 80F30988 		msr     PSP, r0
 105              	@ 0 "" 2
 106              	.LVL1:
 107              		.loc 1 282 0
 108              		.thumb
 109 0008 0223     		movs	r3, #2
 110              	@ 282 "../chibios_2.4.x/os/ports/GCC/ARMCMx/crt0.c" 1
 111 000a 83F31488 		msr     CONTROL, r3
 112              	@ 0 "" 2
 113              		.loc 1 283 0
 114              	@ 283 "../chibios_2.4.x/os/ports/GCC/ARMCMx/crt0.c" 1
 115 000e BFF36F8F 		isb
 116              	@ 0 "" 2
 117              	.LVL2:
 118              		.thumb
 119              	.LBB2:
 120              		.loc 1 287 0
 121 0012 604A     		ldr	r2, .L55+4
 122 0014 604C     		ldr	r4, .L55+8
 123 0016 A242     		cmp	r2, r4
 124 0018 17D2     		bcs	.L6
 125              		.loc 1 287 0 is_stmt 0 discriminator 2
 126 001a 1346     		mov	r3, r2
 127 001c 4FF05531 		mov	r1, #1431655765
 128 0020 D643     		mvns	r6, r2
 129 0022 43F8041B 		str	r1, [r3], #4
 130              	.LVL3:
 131 0026 A519     		adds	r5, r4, r6
 132 0028 A342     		cmp	r3, r4
 133 002a C5F38005 		ubfx	r5, r5, #2, #1
 134 002e 0CD2     		bcs	.L6
 135 0030 25B1     		cbz	r5, .L7
 136              		.loc 1 287 0
 137 0032 1960     		str	r1, [r3, #0]
 138 0034 02F10803 		add	r3, r2, #8
 139              	.LVL4:
 140 0038 A342     		cmp	r3, r4
 141 003a 06D2     		bcs	.L6
 142              	.L7:
 143              		.loc 1 287 0 discriminator 2
 144 003c 1A46     		mov	r2, r3
 145 003e 42F8041B 		str	r1, [r2], #4
 146 0042 5960     		str	r1, [r3, #4]
 147 0044 131D     		adds	r3, r2, #4
 148 0046 A342     		cmp	r3, r4
 149 0048 F8D3     		bcc	.L7
 150              	.L6:
 151              	.LVL5:
 152              	.LBE2:
 153              	.LBB3:
 154              		.loc 1 290 0 is_stmt 1 discriminator 1
 155 004a 544A     		ldr	r2, .L55+12
 156 004c 8242     		cmp	r2, r0
 157 004e 17D2     		bcs	.L8
 158              		.loc 1 290 0 is_stmt 0 discriminator 2
ARM GAS  /tmp/cc9W0cqa.s 			page 4


 159 0050 1346     		mov	r3, r2
 160 0052 4FF05531 		mov	r1, #1431655765
 161 0056 D543     		mvns	r5, r2
 162 0058 43F8041B 		str	r1, [r3], #4
 163              	.LVL6:
 164 005c 4419     		adds	r4, r0, r5
 165 005e 8342     		cmp	r3, r0
 166 0060 C4F38004 		ubfx	r4, r4, #2, #1
 167 0064 0CD2     		bcs	.L8
 168 0066 24B1     		cbz	r4, .L9
 169              		.loc 1 290 0
 170 0068 1960     		str	r1, [r3, #0]
 171 006a 02F10803 		add	r3, r2, #8
 172              	.LVL7:
 173 006e 8342     		cmp	r3, r0
 174 0070 06D2     		bcs	.L8
 175              	.L9:
 176              		.loc 1 290 0 discriminator 2
 177 0072 1E46     		mov	r6, r3
 178 0074 46F8041B 		str	r1, [r6], #4
 179 0078 5960     		str	r1, [r3, #4]
 180 007a 331D     		adds	r3, r6, #4
 181 007c 8342     		cmp	r3, r0
 182 007e F8D3     		bcc	.L9
 183              	.L8:
 184              	.LBE3:
 185              		.loc 1 296 0 is_stmt 1
 186 0080 FFF7FEFF 		bl	__early_init
 187              	.LVL8:
 188              	.LBB4:
 189              		.loc 1 305 0
 190 0084 464C     		ldr	r4, .L55+16
 191 0086 4749     		ldr	r1, .L55+20
 192 0088 A142     		cmp	r1, r4
 193 008a 22D2     		bcs	.L10
 194 008c 4648     		ldr	r0, .L55+24
 195              		.loc 1 306 0
 196 008e 0B46     		mov	r3, r1
 197 0090 0246     		mov	r2, r0
 198 0092 52F8046B 		ldr	r6, [r2], #4
 199 0096 CD43     		mvns	r5, r1
 200 0098 43F8046B 		str	r6, [r3], #4
 201              	.LVL9:
 202 009c 04EB050C 		add	ip, r4, r5
 203              		.loc 1 305 0
 204 00a0 A342     		cmp	r3, r4
 205 00a2 CCF38005 		ubfx	r5, ip, #2, #1
 206 00a6 14D2     		bcs	.L10
 207 00a8 3DB1     		cbz	r5, .L11
 208              		.loc 1 306 0
 209 00aa 1668     		ldr	r6, [r2, #0]
 210 00ac 00F10802 		add	r2, r0, #8
 211 00b0 1E60     		str	r6, [r3, #0]
 212 00b2 01F10803 		add	r3, r1, #8
 213              	.LVL10:
 214              		.loc 1 305 0
 215 00b6 A342     		cmp	r3, r4
ARM GAS  /tmp/cc9W0cqa.s 			page 5


 216 00b8 0BD2     		bcs	.L10
 217              	.L11:
 218              		.loc 1 306 0
 219 00ba 1046     		mov	r0, r2
 220 00bc 50F8045B 		ldr	r5, [r0], #4
 221 00c0 1946     		mov	r1, r3
 222 00c2 41F8045B 		str	r5, [r1], #4
 223 00c6 5668     		ldr	r6, [r2, #4]
 224 00c8 021D     		adds	r2, r0, #4
 225 00ca 5E60     		str	r6, [r3, #4]
 226 00cc 0B1D     		adds	r3, r1, #4
 227              		.loc 1 305 0
 228 00ce A342     		cmp	r3, r4
 229 00d0 F3D3     		bcc	.L11
 230              	.L10:
 231              	.LVL11:
 232              	.LBE4:
 233              	.LBB5:
 234              		.loc 1 312 0 discriminator 1
 235 00d2 364A     		ldr	r2, .L55+28
 236 00d4 3648     		ldr	r0, .L55+32
 237 00d6 8242     		cmp	r2, r0
 238 00d8 17D2     		bcs	.L12
 239              		.loc 1 312 0 is_stmt 0 discriminator 2
 240 00da 0021     		movs	r1, #0
 241 00dc 1346     		mov	r3, r2
 242 00de D443     		mvns	r4, r2
 243 00e0 43F8041B 		str	r1, [r3], #4
 244              	.LVL12:
 245 00e4 00EB040E 		add	lr, r0, r4
 246 00e8 8342     		cmp	r3, r0
 247 00ea CEF38004 		ubfx	r4, lr, #2, #1
 248 00ee 0CD2     		bcs	.L12
 249 00f0 24B1     		cbz	r4, .L13
 250              		.loc 1 312 0
 251 00f2 1960     		str	r1, [r3, #0]
 252 00f4 02F10803 		add	r3, r2, #8
 253              	.LVL13:
 254 00f8 8342     		cmp	r3, r0
 255 00fa 06D2     		bcs	.L12
 256              	.L13:
 257              		.loc 1 312 0 discriminator 2
 258 00fc 1A46     		mov	r2, r3
 259 00fe 42F8041B 		str	r1, [r2], #4
 260 0102 5960     		str	r1, [r3, #4]
 261 0104 131D     		adds	r3, r2, #4
 262 0106 8342     		cmp	r3, r0
 263 0108 F8D3     		bcc	.L13
 264              	.L12:
 265              	.LBE5:
 266              	.LBB6:
 267              		.loc 1 322 0 is_stmt 1
 268 010a 2A4D     		ldr	r5, .L55+36
 269 010c 2A4E     		ldr	r6, .L55+40
 270              	.LBE6:
 271              		.loc 1 316 0
 272 010e FFF7FEFF 		bl	__late_init
ARM GAS  /tmp/cc9W0cqa.s 			page 6


 273              	.LVL14:
 274              	.LBB7:
 275              		.loc 1 322 0
 276 0112 B542     		cmp	r5, r6
 277 0114 19D2     		bcs	.L14
 278              		.loc 1 323 0
 279 0116 2C46     		mov	r4, r5
 280 0118 54F8043B 		ldr	r3, [r4], #4
 281 011c E943     		mvns	r1, r5
 282 011e 7718     		adds	r7, r6, r1
 283 0120 9847     		blx	r3
 284              	.LVL15:
 285              		.loc 1 322 0
 286 0122 B442     		cmp	r4, r6
 287 0124 C7F38007 		ubfx	r7, r7, #2, #1
 288 0128 0FD2     		bcs	.L14
 289 012a 2FB1     		cbz	r7, .L15
 290              		.loc 1 323 0
 291 012c 2368     		ldr	r3, [r4, #0]
 292              		.loc 1 324 0
 293 012e 05F10804 		add	r4, r5, #8
 294              		.loc 1 323 0
 295 0132 9847     		blx	r3
 296              	.LVL16:
 297              		.loc 1 322 0
 298 0134 B442     		cmp	r4, r6
 299 0136 08D2     		bcs	.L14
 300              	.L15:
 301              		.loc 1 323 0
 302 0138 2546     		mov	r5, r4
 303 013a 55F8042B 		ldr	r2, [r5], #4
 304 013e 9047     		blx	r2
 305 0140 6068     		ldr	r0, [r4, #4]
 306              		.loc 1 324 0
 307 0142 2C1D     		adds	r4, r5, #4
 308              		.loc 1 323 0
 309 0144 8047     		blx	r0
 310              		.loc 1 322 0
 311 0146 B442     		cmp	r4, r6
 312 0148 F6D3     		bcc	.L15
 313              	.L14:
 314              	.LBE7:
 315              	.LBB8:
 316              		.loc 1 336 0
 317 014a 1C4D     		ldr	r5, .L55+44
 318 014c 1C4E     		ldr	r6, .L55+48
 319              	.LBE8:
 320              		.loc 1 330 0
 321 014e FFF7FEFF 		bl	main
 322              	.LVL17:
 323              	.LBB9:
 324              		.loc 1 336 0
 325 0152 B542     		cmp	r5, r6
 326 0154 1AD2     		bcs	.L16
 327              		.loc 1 337 0
 328 0156 2C46     		mov	r4, r5
 329 0158 EF43     		mvns	r7, r5
ARM GAS  /tmp/cc9W0cqa.s 			page 7


 330 015a 54F8043B 		ldr	r3, [r4], #4
 331 015e 06EB070C 		add	ip, r6, r7
 332 0162 CCF38007 		ubfx	r7, ip, #2, #1
 333 0166 9847     		blx	r3
 334              	.LVL18:
 335              		.loc 1 336 0
 336 0168 B442     		cmp	r4, r6
 337 016a 0FD2     		bcs	.L16
 338 016c 2FB1     		cbz	r7, .L17
 339              		.loc 1 337 0
 340 016e 2268     		ldr	r2, [r4, #0]
 341              		.loc 1 338 0
 342 0170 05F10804 		add	r4, r5, #8
 343              		.loc 1 337 0
 344 0174 9047     		blx	r2
 345              	.LVL19:
 346              		.loc 1 336 0
 347 0176 B442     		cmp	r4, r6
 348 0178 08D2     		bcs	.L16
 349              	.L17:
 350              		.loc 1 337 0
 351 017a 2546     		mov	r5, r4
 352 017c 55F8040B 		ldr	r0, [r5], #4
 353 0180 8047     		blx	r0
 354 0182 6168     		ldr	r1, [r4, #4]
 355              		.loc 1 338 0
 356 0184 2C1D     		adds	r4, r5, #4
 357              		.loc 1 337 0
 358 0186 8847     		blx	r1
 359              		.loc 1 336 0
 360 0188 B442     		cmp	r4, r6
 361 018a F6D3     		bcc	.L17
 362              	.L16:
 363              	.LBE9:
 364              		.loc 1 345 0
 365              		.loc 1 344 0
 366 018c FFF7FEBF 		b	_default_exit
 367              	.L56:
 368              		.align	2
 369              	.L55:
 370 0190 00000000 		.word	__process_stack_end__
 371 0194 00000000 		.word	__main_stack_base__
 372 0198 00000000 		.word	__main_stack_end__
 373 019c 00000000 		.word	__process_stack_base__
 374 01a0 00000000 		.word	_edata
 375 01a4 00000000 		.word	_data
 376 01a8 00000000 		.word	_textdata
 377 01ac 00000000 		.word	_bss_start
 378 01b0 00000000 		.word	_bss_end
 379 01b4 00000000 		.word	__init_array_start
 380 01b8 00000000 		.word	__init_array_end
 381 01bc 00000000 		.word	__fini_array_start
 382 01c0 00000000 		.word	__fini_array_end
 383              		.cfi_endproc
 384              	.LFE3:
 385              		.size	ResetHandler, .-ResetHandler
 386 01c4 AFF30080 		.text
ARM GAS  /tmp/cc9W0cqa.s 			page 8


 386      AFF30080 
 386      AFF30080 
 387              	.Letext0:
 388              		.section	.debug_loc,"",%progbits
 389              	.Ldebug_loc0:
 390              	.LLST0:
 391 0000 26000000 		.4byte	.LVL3
 392 0004 38000000 		.4byte	.LVL4
 393 0008 0100     		.2byte	0x1
 394 000a 52       		.byte	0x52
 395 000b 00000000 		.4byte	0x0
 396 000f 00000000 		.4byte	0x0
 397              	.LLST1:
 398 0013 5C000000 		.4byte	.LVL6
 399 0017 6E000000 		.4byte	.LVL7
 400 001b 0100     		.2byte	0x1
 401 001d 52       		.byte	0x52
 402 001e 00000000 		.4byte	0x0
 403 0022 00000000 		.4byte	0x0
 404              	.LLST2:
 405 0026 9C000000 		.4byte	.LVL9
 406 002a B6000000 		.4byte	.LVL10
 407 002e 0100     		.2byte	0x1
 408 0030 51       		.byte	0x51
 409 0031 00000000 		.4byte	0x0
 410 0035 00000000 		.4byte	0x0
 411              	.LLST3:
 412 0039 E4000000 		.4byte	.LVL12
 413 003d F8000000 		.4byte	.LVL13
 414 0041 0100     		.2byte	0x1
 415 0043 52       		.byte	0x52
 416 0044 00000000 		.4byte	0x0
 417 0048 00000000 		.4byte	0x0
 418              	.LLST4:
 419 004c 22010000 		.4byte	.LVL15
 420 0050 34010000 		.4byte	.LVL16
 421 0054 0100     		.2byte	0x1
 422 0056 55       		.byte	0x55
 423 0057 00000000 		.4byte	0x0
 424 005b 00000000 		.4byte	0x0
 425              	.LLST5:
 426 005f 68010000 		.4byte	.LVL18
 427 0063 76010000 		.4byte	.LVL19
 428 0067 0100     		.2byte	0x1
 429 0069 55       		.byte	0x55
 430 006a 00000000 		.4byte	0x0
 431 006e 00000000 		.4byte	0x0
 432              		.file 2 "/home/z80/programs/code-sourcery/2011.03-42/bin/../lib/gcc/arm-none-eabi/4.5.2/../../../.
 433              		.section	.debug_info
 434 0000 41030000 		.4byte	0x341
 435 0004 0200     		.2byte	0x2
 436 0006 00000000 		.4byte	.Ldebug_abbrev0
 437 000a 04       		.byte	0x4
 438 000b 01       		.uleb128 0x1
 439 000c 23000000 		.4byte	.LASF30
 440 0010 01       		.byte	0x1
 441 0011 1B010000 		.4byte	.LASF31
ARM GAS  /tmp/cc9W0cqa.s 			page 9


 442 0015 76010000 		.4byte	.LASF32
 443 0019 00000000 		.4byte	0x0
 444 001d 00000000 		.4byte	0x0
 445 0021 30000000 		.4byte	.Ldebug_ranges0+0x30
 446 0025 00000000 		.4byte	.Ldebug_line0
 447 0029 02       		.uleb128 0x2
 448 002a 04       		.byte	0x4
 449 002b 05       		.byte	0x5
 450 002c 696E7400 		.ascii	"int\000"
 451 0030 03       		.uleb128 0x3
 452 0031 04       		.byte	0x4
 453 0032 07       		.byte	0x7
 454 0033 D7000000 		.4byte	.LASF0
 455 0037 03       		.uleb128 0x3
 456 0038 01       		.byte	0x1
 457 0039 06       		.byte	0x6
 458 003a C1010000 		.4byte	.LASF1
 459 003e 04       		.uleb128 0x4
 460 003f 47010000 		.4byte	.LASF6
 461 0043 02       		.byte	0x2
 462 0044 2A       		.byte	0x2a
 463 0045 49000000 		.4byte	0x49
 464 0049 03       		.uleb128 0x3
 465 004a 01       		.byte	0x1
 466 004b 08       		.byte	0x8
 467 004c 5D000000 		.4byte	.LASF2
 468 0050 03       		.uleb128 0x3
 469 0051 02       		.byte	0x2
 470 0052 05       		.byte	0x5
 471 0053 CD000000 		.4byte	.LASF3
 472 0057 03       		.uleb128 0x3
 473 0058 02       		.byte	0x2
 474 0059 07       		.byte	0x7
 475 005a 96000000 		.4byte	.LASF4
 476 005e 03       		.uleb128 0x3
 477 005f 04       		.byte	0x4
 478 0060 05       		.byte	0x5
 479 0061 B2010000 		.4byte	.LASF5
 480 0065 04       		.uleb128 0x4
 481 0066 A9010000 		.4byte	.LASF7
 482 006a 02       		.byte	0x2
 483 006b 50       		.byte	0x50
 484 006c 70000000 		.4byte	0x70
 485 0070 03       		.uleb128 0x3
 486 0071 04       		.byte	0x4
 487 0072 07       		.byte	0x7
 488 0073 77000000 		.4byte	.LASF8
 489 0077 03       		.uleb128 0x3
 490 0078 08       		.byte	0x8
 491 0079 05       		.byte	0x5
 492 007a 4F010000 		.4byte	.LASF9
 493 007e 03       		.uleb128 0x3
 494 007f 08       		.byte	0x8
 495 0080 07       		.byte	0x7
 496 0081 E4000000 		.4byte	.LASF10
 497 0085 03       		.uleb128 0x3
 498 0086 01       		.byte	0x1
ARM GAS  /tmp/cc9W0cqa.s 			page 10


 499 0087 08       		.byte	0x8
 500 0088 5D010000 		.4byte	.LASF11
 501 008c 04       		.uleb128 0x4
 502 008d A1010000 		.4byte	.LASF12
 503 0091 01       		.byte	0x1
 504 0092 26       		.byte	0x26
 505 0093 97000000 		.4byte	0x97
 506 0097 05       		.uleb128 0x5
 507 0098 04       		.byte	0x4
 508 0099 9D000000 		.4byte	0x9d
 509 009d 06       		.uleb128 0x6
 510 009e 01       		.byte	0x1
 511 009f 04       		.uleb128 0x4
 512 00a0 46000000 		.4byte	.LASF13
 513 00a4 01       		.byte	0x1
 514 00a5 27       		.byte	0x27
 515 00a6 AA000000 		.4byte	0xaa
 516 00aa 05       		.uleb128 0x5
 517 00ab 04       		.byte	0x4
 518 00ac 8C000000 		.4byte	0x8c
 519 00b0 07       		.uleb128 0x7
 520 00b1 01       		.byte	0x1
 521 00b2 0E010000 		.4byte	.LASF14
 522 00b6 01       		.byte	0x1
 523 00b7 DC       		.byte	0xdc
 524 00b8 01       		.byte	0x1
 525 00b9 00000000 		.4byte	.LFB0
 526 00bd 02000000 		.4byte	.LFE0
 527 00c1 02       		.byte	0x2
 528 00c2 7D       		.byte	0x7d
 529 00c3 00       		.sleb128 0
 530 00c4 07       		.uleb128 0x7
 531 00c5 01       		.byte	0x1
 532 00c6 6B000000 		.4byte	.LASF15
 533 00ca 01       		.byte	0x1
 534 00cb E8       		.byte	0xe8
 535 00cc 01       		.byte	0x1
 536 00cd 00000000 		.4byte	.LFB1
 537 00d1 02000000 		.4byte	.LFE1
 538 00d5 02       		.byte	0x2
 539 00d6 7D       		.byte	0x7d
 540 00d7 00       		.sleb128 0
 541 00d8 07       		.uleb128 0x7
 542 00d9 01       		.byte	0x1
 543 00da 4F000000 		.4byte	.LASF16
 544 00de 01       		.byte	0x1
 545 00df F3       		.byte	0xf3
 546 00e0 01       		.byte	0x1
 547 00e1 00000000 		.4byte	.LFB2
 548 00e5 02000000 		.4byte	.LFE2
 549 00e9 02       		.byte	0x2
 550 00ea 7D       		.byte	0x7d
 551 00eb 00       		.sleb128 0
 552 00ec 08       		.uleb128 0x8
 553 00ed 01       		.byte	0x1
 554 00ee 89000000 		.4byte	.LASF33
 555 00f2 01       		.byte	0x1
ARM GAS  /tmp/cc9W0cqa.s 			page 11


 556 00f3 FE       		.byte	0xfe
 557 00f4 01       		.byte	0x1
 558 00f5 00000000 		.4byte	.LFB3
 559 00f9 C4010000 		.4byte	.LFE3
 560 00fd 02       		.byte	0x2
 561 00fe 7D       		.byte	0x7d
 562 00ff 00       		.sleb128 0
 563 0100 EC010000 		.4byte	0x1ec
 564 0104 09       		.uleb128 0x9
 565 0105 70737000 		.ascii	"psp\000"
 566 0109 01       		.byte	0x1
 567 010a FF       		.byte	0xff
 568 010b 65000000 		.4byte	0x65
 569 010f 0A       		.uleb128 0xa
 570 0110 72656700 		.ascii	"reg\000"
 571 0114 01       		.byte	0x1
 572 0115 FF       		.byte	0xff
 573 0116 65000000 		.4byte	0x65
 574 011a 02       		.byte	0x2
 575 011b 0B       		.uleb128 0xb
 576 011c 12000000 		.4byte	.LBB2
 577 0120 4A000000 		.4byte	.LBE2
 578 0124 43010000 		.4byte	0x143
 579 0128 0C       		.uleb128 0xc
 580 0129 703100   		.ascii	"p1\000"
 581 012c 01       		.byte	0x1
 582 012d 1F01     		.2byte	0x11f
 583 012f EC010000 		.4byte	0x1ec
 584 0133 00000000 		.4byte	.LLST0
 585 0137 0D       		.uleb128 0xd
 586 0138 703200   		.ascii	"p2\000"
 587 013b 01       		.byte	0x1
 588 013c 1F01     		.2byte	0x11f
 589 013e EC010000 		.4byte	0x1ec
 590 0142 00       		.byte	0x0
 591 0143 0B       		.uleb128 0xb
 592 0144 4A000000 		.4byte	.LBB3
 593 0148 80000000 		.4byte	.LBE3
 594 014c 6B010000 		.4byte	0x16b
 595 0150 0C       		.uleb128 0xc
 596 0151 703100   		.ascii	"p1\000"
 597 0154 01       		.byte	0x1
 598 0155 2201     		.2byte	0x122
 599 0157 EC010000 		.4byte	0x1ec
 600 015b 13000000 		.4byte	.LLST1
 601 015f 0D       		.uleb128 0xd
 602 0160 703200   		.ascii	"p2\000"
 603 0163 01       		.byte	0x1
 604 0164 2201     		.2byte	0x122
 605 0166 EC010000 		.4byte	0x1ec
 606 016a 00       		.byte	0x0
 607 016b 0B       		.uleb128 0xb
 608 016c 84000000 		.4byte	.LBB4
 609 0170 D2000000 		.4byte	.LBE4
 610 0174 93010000 		.4byte	0x193
 611 0178 0D       		.uleb128 0xd
 612 0179 747000   		.ascii	"tp\000"
ARM GAS  /tmp/cc9W0cqa.s 			page 12


 613 017c 01       		.byte	0x1
 614 017d 2D01     		.2byte	0x12d
 615 017f EC010000 		.4byte	0x1ec
 616 0183 0C       		.uleb128 0xc
 617 0184 647000   		.ascii	"dp\000"
 618 0187 01       		.byte	0x1
 619 0188 2D01     		.2byte	0x12d
 620 018a EC010000 		.4byte	0x1ec
 621 018e 26000000 		.4byte	.LLST2
 622 0192 00       		.byte	0x0
 623 0193 0B       		.uleb128 0xb
 624 0194 D2000000 		.4byte	.LBB5
 625 0198 0A010000 		.4byte	.LBE5
 626 019c BB010000 		.4byte	0x1bb
 627 01a0 0C       		.uleb128 0xc
 628 01a1 703100   		.ascii	"p1\000"
 629 01a4 01       		.byte	0x1
 630 01a5 3801     		.2byte	0x138
 631 01a7 EC010000 		.4byte	0x1ec
 632 01ab 39000000 		.4byte	.LLST3
 633 01af 0D       		.uleb128 0xd
 634 01b0 703200   		.ascii	"p2\000"
 635 01b3 01       		.byte	0x1
 636 01b4 3801     		.2byte	0x138
 637 01b6 EC010000 		.4byte	0x1ec
 638 01ba 00       		.byte	0x0
 639 01bb 0E       		.uleb128 0xe
 640 01bc 00000000 		.4byte	.Ldebug_ranges0+0x0
 641 01c0 D5010000 		.4byte	0x1d5
 642 01c4 0C       		.uleb128 0xc
 643 01c5 66707000 		.ascii	"fpp\000"
 644 01c9 01       		.byte	0x1
 645 01ca 4101     		.2byte	0x141
 646 01cc 9F000000 		.4byte	0x9f
 647 01d0 4C000000 		.4byte	.LLST4
 648 01d4 00       		.byte	0x0
 649 01d5 0F       		.uleb128 0xf
 650 01d6 18000000 		.4byte	.Ldebug_ranges0+0x18
 651 01da 0C       		.uleb128 0xc
 652 01db 66707000 		.ascii	"fpp\000"
 653 01df 01       		.byte	0x1
 654 01e0 4F01     		.2byte	0x14f
 655 01e2 9F000000 		.4byte	0x9f
 656 01e6 5F000000 		.4byte	.LLST5
 657 01ea 00       		.byte	0x0
 658 01eb 00       		.byte	0x0
 659 01ec 05       		.uleb128 0x5
 660 01ed 04       		.byte	0x4
 661 01ee 65000000 		.4byte	0x65
 662 01f2 10       		.uleb128 0x10
 663 01f3 62010000 		.4byte	.LASF17
 664 01f7 01       		.byte	0x1
 665 01f8 7D       		.byte	0x7d
 666 01f9 65000000 		.4byte	0x65
 667 01fd 01       		.byte	0x1
 668 01fe 01       		.byte	0x1
 669 01ff 10       		.uleb128 0x10
ARM GAS  /tmp/cc9W0cqa.s 			page 13


 670 0200 F6010000 		.4byte	.LASF18
 671 0204 01       		.byte	0x1
 672 0205 85       		.byte	0x85
 673 0206 65000000 		.4byte	0x65
 674 020a 01       		.byte	0x1
 675 020b 01       		.byte	0x1
 676 020c 10       		.uleb128 0x10
 677 020d 2F000000 		.4byte	.LASF19
 678 0211 01       		.byte	0x1
 679 0212 8C       		.byte	0x8c
 680 0213 65000000 		.4byte	0x65
 681 0217 01       		.byte	0x1
 682 0218 01       		.byte	0x1
 683 0219 10       		.uleb128 0x10
 684 021a CD010000 		.4byte	.LASF20
 685 021e 01       		.byte	0x1
 686 021f 93       		.byte	0x93
 687 0220 65000000 		.4byte	0x65
 688 0224 01       		.byte	0x1
 689 0225 01       		.byte	0x1
 690 0226 10       		.uleb128 0x10
 691 0227 04010000 		.4byte	.LASF21
 692 022b 01       		.byte	0x1
 693 022c 99       		.byte	0x99
 694 022d 65000000 		.4byte	0x65
 695 0231 01       		.byte	0x1
 696 0232 01       		.byte	0x1
 697 0233 10       		.uleb128 0x10
 698 0234 BB010000 		.4byte	.LASF22
 699 0238 01       		.byte	0x1
 700 0239 9F       		.byte	0x9f
 701 023a 65000000 		.4byte	0x65
 702 023e 01       		.byte	0x1
 703 023f 01       		.byte	0x1
 704 0240 10       		.uleb128 0x10
 705 0241 0B000000 		.4byte	.LASF23
 706 0245 01       		.byte	0x1
 707 0246 A5       		.byte	0xa5
 708 0247 65000000 		.4byte	0x65
 709 024b 01       		.byte	0x1
 710 024c 01       		.byte	0x1
 711 024d 10       		.uleb128 0x10
 712 024e 00000000 		.4byte	.LASF24
 713 0252 01       		.byte	0x1
 714 0253 AB       		.byte	0xab
 715 0254 65000000 		.4byte	0x65
 716 0258 01       		.byte	0x1
 717 0259 01       		.byte	0x1
 718 025a 10       		.uleb128 0x10
 719 025b FB000000 		.4byte	.LASF25
 720 025f 01       		.byte	0x1
 721 0260 B1       		.byte	0xb1
 722 0261 65000000 		.4byte	0x65
 723 0265 01       		.byte	0x1
 724 0266 01       		.byte	0x1
 725 0267 10       		.uleb128 0x10
 726 0268 E3010000 		.4byte	.LASF26
ARM GAS  /tmp/cc9W0cqa.s 			page 14


 727 026c 01       		.byte	0x1
 728 026d B7       		.byte	0xb7
 729 026e 8C000000 		.4byte	0x8c
 730 0272 01       		.byte	0x1
 731 0273 01       		.byte	0x1
 732 0274 10       		.uleb128 0x10
 733 0275 BC000000 		.4byte	.LASF27
 734 0279 01       		.byte	0x1
 735 027a BD       		.byte	0xbd
 736 027b 8C000000 		.4byte	0x8c
 737 027f 01       		.byte	0x1
 738 0280 01       		.byte	0x1
 739 0281 10       		.uleb128 0x10
 740 0282 A9000000 		.4byte	.LASF28
 741 0286 01       		.byte	0x1
 742 0287 C3       		.byte	0xc3
 743 0288 8C000000 		.4byte	0x8c
 744 028c 01       		.byte	0x1
 745 028d 01       		.byte	0x1
 746 028e 10       		.uleb128 0x10
 747 028f 12000000 		.4byte	.LASF29
 748 0293 01       		.byte	0x1
 749 0294 C9       		.byte	0xc9
 750 0295 8C000000 		.4byte	0x8c
 751 0299 01       		.byte	0x1
 752 029a 01       		.byte	0x1
 753 029b 10       		.uleb128 0x10
 754 029c 62010000 		.4byte	.LASF17
 755 02a0 01       		.byte	0x1
 756 02a1 7D       		.byte	0x7d
 757 02a2 65000000 		.4byte	0x65
 758 02a6 01       		.byte	0x1
 759 02a7 01       		.byte	0x1
 760 02a8 10       		.uleb128 0x10
 761 02a9 F6010000 		.4byte	.LASF18
 762 02ad 01       		.byte	0x1
 763 02ae 85       		.byte	0x85
 764 02af 65000000 		.4byte	0x65
 765 02b3 01       		.byte	0x1
 766 02b4 01       		.byte	0x1
 767 02b5 10       		.uleb128 0x10
 768 02b6 2F000000 		.4byte	.LASF19
 769 02ba 01       		.byte	0x1
 770 02bb 8C       		.byte	0x8c
 771 02bc 65000000 		.4byte	0x65
 772 02c0 01       		.byte	0x1
 773 02c1 01       		.byte	0x1
 774 02c2 10       		.uleb128 0x10
 775 02c3 CD010000 		.4byte	.LASF20
 776 02c7 01       		.byte	0x1
 777 02c8 93       		.byte	0x93
 778 02c9 65000000 		.4byte	0x65
 779 02cd 01       		.byte	0x1
 780 02ce 01       		.byte	0x1
 781 02cf 10       		.uleb128 0x10
 782 02d0 04010000 		.4byte	.LASF21
 783 02d4 01       		.byte	0x1
ARM GAS  /tmp/cc9W0cqa.s 			page 15


 784 02d5 99       		.byte	0x99
 785 02d6 65000000 		.4byte	0x65
 786 02da 01       		.byte	0x1
 787 02db 01       		.byte	0x1
 788 02dc 10       		.uleb128 0x10
 789 02dd BB010000 		.4byte	.LASF22
 790 02e1 01       		.byte	0x1
 791 02e2 9F       		.byte	0x9f
 792 02e3 65000000 		.4byte	0x65
 793 02e7 01       		.byte	0x1
 794 02e8 01       		.byte	0x1
 795 02e9 10       		.uleb128 0x10
 796 02ea 0B000000 		.4byte	.LASF23
 797 02ee 01       		.byte	0x1
 798 02ef A5       		.byte	0xa5
 799 02f0 65000000 		.4byte	0x65
 800 02f4 01       		.byte	0x1
 801 02f5 01       		.byte	0x1
 802 02f6 10       		.uleb128 0x10
 803 02f7 00000000 		.4byte	.LASF24
 804 02fb 01       		.byte	0x1
 805 02fc AB       		.byte	0xab
 806 02fd 65000000 		.4byte	0x65
 807 0301 01       		.byte	0x1
 808 0302 01       		.byte	0x1
 809 0303 10       		.uleb128 0x10
 810 0304 FB000000 		.4byte	.LASF25
 811 0308 01       		.byte	0x1
 812 0309 B1       		.byte	0xb1
 813 030a 65000000 		.4byte	0x65
 814 030e 01       		.byte	0x1
 815 030f 01       		.byte	0x1
 816 0310 10       		.uleb128 0x10
 817 0311 E3010000 		.4byte	.LASF26
 818 0315 01       		.byte	0x1
 819 0316 B7       		.byte	0xb7
 820 0317 8C000000 		.4byte	0x8c
 821 031b 01       		.byte	0x1
 822 031c 01       		.byte	0x1
 823 031d 10       		.uleb128 0x10
 824 031e BC000000 		.4byte	.LASF27
 825 0322 01       		.byte	0x1
 826 0323 BD       		.byte	0xbd
 827 0324 8C000000 		.4byte	0x8c
 828 0328 01       		.byte	0x1
 829 0329 01       		.byte	0x1
 830 032a 10       		.uleb128 0x10
 831 032b A9000000 		.4byte	.LASF28
 832 032f 01       		.byte	0x1
 833 0330 C3       		.byte	0xc3
 834 0331 8C000000 		.4byte	0x8c
 835 0335 01       		.byte	0x1
 836 0336 01       		.byte	0x1
 837 0337 10       		.uleb128 0x10
 838 0338 12000000 		.4byte	.LASF29
 839 033c 01       		.byte	0x1
 840 033d C9       		.byte	0xc9
ARM GAS  /tmp/cc9W0cqa.s 			page 16


 841 033e 8C000000 		.4byte	0x8c
 842 0342 01       		.byte	0x1
 843 0343 01       		.byte	0x1
 844 0344 00       		.byte	0x0
 845              		.section	.debug_abbrev
 846 0000 01       		.uleb128 0x1
 847 0001 11       		.uleb128 0x11
 848 0002 01       		.byte	0x1
 849 0003 25       		.uleb128 0x25
 850 0004 0E       		.uleb128 0xe
 851 0005 13       		.uleb128 0x13
 852 0006 0B       		.uleb128 0xb
 853 0007 03       		.uleb128 0x3
 854 0008 0E       		.uleb128 0xe
 855 0009 1B       		.uleb128 0x1b
 856 000a 0E       		.uleb128 0xe
 857 000b 11       		.uleb128 0x11
 858 000c 01       		.uleb128 0x1
 859 000d 52       		.uleb128 0x52
 860 000e 01       		.uleb128 0x1
 861 000f 55       		.uleb128 0x55
 862 0010 06       		.uleb128 0x6
 863 0011 10       		.uleb128 0x10
 864 0012 06       		.uleb128 0x6
 865 0013 00       		.byte	0x0
 866 0014 00       		.byte	0x0
 867 0015 02       		.uleb128 0x2
 868 0016 24       		.uleb128 0x24
 869 0017 00       		.byte	0x0
 870 0018 0B       		.uleb128 0xb
 871 0019 0B       		.uleb128 0xb
 872 001a 3E       		.uleb128 0x3e
 873 001b 0B       		.uleb128 0xb
 874 001c 03       		.uleb128 0x3
 875 001d 08       		.uleb128 0x8
 876 001e 00       		.byte	0x0
 877 001f 00       		.byte	0x0
 878 0020 03       		.uleb128 0x3
 879 0021 24       		.uleb128 0x24
 880 0022 00       		.byte	0x0
 881 0023 0B       		.uleb128 0xb
 882 0024 0B       		.uleb128 0xb
 883 0025 3E       		.uleb128 0x3e
 884 0026 0B       		.uleb128 0xb
 885 0027 03       		.uleb128 0x3
 886 0028 0E       		.uleb128 0xe
 887 0029 00       		.byte	0x0
 888 002a 00       		.byte	0x0
 889 002b 04       		.uleb128 0x4
 890 002c 16       		.uleb128 0x16
 891 002d 00       		.byte	0x0
 892 002e 03       		.uleb128 0x3
 893 002f 0E       		.uleb128 0xe
 894 0030 3A       		.uleb128 0x3a
 895 0031 0B       		.uleb128 0xb
 896 0032 3B       		.uleb128 0x3b
 897 0033 0B       		.uleb128 0xb
ARM GAS  /tmp/cc9W0cqa.s 			page 17


 898 0034 49       		.uleb128 0x49
 899 0035 13       		.uleb128 0x13
 900 0036 00       		.byte	0x0
 901 0037 00       		.byte	0x0
 902 0038 05       		.uleb128 0x5
 903 0039 0F       		.uleb128 0xf
 904 003a 00       		.byte	0x0
 905 003b 0B       		.uleb128 0xb
 906 003c 0B       		.uleb128 0xb
 907 003d 49       		.uleb128 0x49
 908 003e 13       		.uleb128 0x13
 909 003f 00       		.byte	0x0
 910 0040 00       		.byte	0x0
 911 0041 06       		.uleb128 0x6
 912 0042 15       		.uleb128 0x15
 913 0043 00       		.byte	0x0
 914 0044 27       		.uleb128 0x27
 915 0045 0C       		.uleb128 0xc
 916 0046 00       		.byte	0x0
 917 0047 00       		.byte	0x0
 918 0048 07       		.uleb128 0x7
 919 0049 2E       		.uleb128 0x2e
 920 004a 00       		.byte	0x0
 921 004b 3F       		.uleb128 0x3f
 922 004c 0C       		.uleb128 0xc
 923 004d 03       		.uleb128 0x3
 924 004e 0E       		.uleb128 0xe
 925 004f 3A       		.uleb128 0x3a
 926 0050 0B       		.uleb128 0xb
 927 0051 3B       		.uleb128 0x3b
 928 0052 0B       		.uleb128 0xb
 929 0053 27       		.uleb128 0x27
 930 0054 0C       		.uleb128 0xc
 931 0055 11       		.uleb128 0x11
 932 0056 01       		.uleb128 0x1
 933 0057 12       		.uleb128 0x12
 934 0058 01       		.uleb128 0x1
 935 0059 40       		.uleb128 0x40
 936 005a 0A       		.uleb128 0xa
 937 005b 00       		.byte	0x0
 938 005c 00       		.byte	0x0
 939 005d 08       		.uleb128 0x8
 940 005e 2E       		.uleb128 0x2e
 941 005f 01       		.byte	0x1
 942 0060 3F       		.uleb128 0x3f
 943 0061 0C       		.uleb128 0xc
 944 0062 03       		.uleb128 0x3
 945 0063 0E       		.uleb128 0xe
 946 0064 3A       		.uleb128 0x3a
 947 0065 0B       		.uleb128 0xb
 948 0066 3B       		.uleb128 0x3b
 949 0067 0B       		.uleb128 0xb
 950 0068 27       		.uleb128 0x27
 951 0069 0C       		.uleb128 0xc
 952 006a 11       		.uleb128 0x11
 953 006b 01       		.uleb128 0x1
 954 006c 12       		.uleb128 0x12
ARM GAS  /tmp/cc9W0cqa.s 			page 18


 955 006d 01       		.uleb128 0x1
 956 006e 40       		.uleb128 0x40
 957 006f 0A       		.uleb128 0xa
 958 0070 01       		.uleb128 0x1
 959 0071 13       		.uleb128 0x13
 960 0072 00       		.byte	0x0
 961 0073 00       		.byte	0x0
 962 0074 09       		.uleb128 0x9
 963 0075 34       		.uleb128 0x34
 964 0076 00       		.byte	0x0
 965 0077 03       		.uleb128 0x3
 966 0078 08       		.uleb128 0x8
 967 0079 3A       		.uleb128 0x3a
 968 007a 0B       		.uleb128 0xb
 969 007b 3B       		.uleb128 0x3b
 970 007c 0B       		.uleb128 0xb
 971 007d 49       		.uleb128 0x49
 972 007e 13       		.uleb128 0x13
 973 007f 00       		.byte	0x0
 974 0080 00       		.byte	0x0
 975 0081 0A       		.uleb128 0xa
 976 0082 34       		.uleb128 0x34
 977 0083 00       		.byte	0x0
 978 0084 03       		.uleb128 0x3
 979 0085 08       		.uleb128 0x8
 980 0086 3A       		.uleb128 0x3a
 981 0087 0B       		.uleb128 0xb
 982 0088 3B       		.uleb128 0x3b
 983 0089 0B       		.uleb128 0xb
 984 008a 49       		.uleb128 0x49
 985 008b 13       		.uleb128 0x13
 986 008c 1C       		.uleb128 0x1c
 987 008d 0B       		.uleb128 0xb
 988 008e 00       		.byte	0x0
 989 008f 00       		.byte	0x0
 990 0090 0B       		.uleb128 0xb
 991 0091 0B       		.uleb128 0xb
 992 0092 01       		.byte	0x1
 993 0093 11       		.uleb128 0x11
 994 0094 01       		.uleb128 0x1
 995 0095 12       		.uleb128 0x12
 996 0096 01       		.uleb128 0x1
 997 0097 01       		.uleb128 0x1
 998 0098 13       		.uleb128 0x13
 999 0099 00       		.byte	0x0
 1000 009a 00       		.byte	0x0
 1001 009b 0C       		.uleb128 0xc
 1002 009c 34       		.uleb128 0x34
 1003 009d 00       		.byte	0x0
 1004 009e 03       		.uleb128 0x3
 1005 009f 08       		.uleb128 0x8
 1006 00a0 3A       		.uleb128 0x3a
 1007 00a1 0B       		.uleb128 0xb
 1008 00a2 3B       		.uleb128 0x3b
 1009 00a3 05       		.uleb128 0x5
 1010 00a4 49       		.uleb128 0x49
 1011 00a5 13       		.uleb128 0x13
ARM GAS  /tmp/cc9W0cqa.s 			page 19


 1012 00a6 02       		.uleb128 0x2
 1013 00a7 06       		.uleb128 0x6
 1014 00a8 00       		.byte	0x0
 1015 00a9 00       		.byte	0x0
 1016 00aa 0D       		.uleb128 0xd
 1017 00ab 34       		.uleb128 0x34
 1018 00ac 00       		.byte	0x0
 1019 00ad 03       		.uleb128 0x3
 1020 00ae 08       		.uleb128 0x8
 1021 00af 3A       		.uleb128 0x3a
 1022 00b0 0B       		.uleb128 0xb
 1023 00b1 3B       		.uleb128 0x3b
 1024 00b2 05       		.uleb128 0x5
 1025 00b3 49       		.uleb128 0x49
 1026 00b4 13       		.uleb128 0x13
 1027 00b5 00       		.byte	0x0
 1028 00b6 00       		.byte	0x0
 1029 00b7 0E       		.uleb128 0xe
 1030 00b8 0B       		.uleb128 0xb
 1031 00b9 01       		.byte	0x1
 1032 00ba 55       		.uleb128 0x55
 1033 00bb 06       		.uleb128 0x6
 1034 00bc 01       		.uleb128 0x1
 1035 00bd 13       		.uleb128 0x13
 1036 00be 00       		.byte	0x0
 1037 00bf 00       		.byte	0x0
 1038 00c0 0F       		.uleb128 0xf
 1039 00c1 0B       		.uleb128 0xb
 1040 00c2 01       		.byte	0x1
 1041 00c3 55       		.uleb128 0x55
 1042 00c4 06       		.uleb128 0x6
 1043 00c5 00       		.byte	0x0
 1044 00c6 00       		.byte	0x0
 1045 00c7 10       		.uleb128 0x10
 1046 00c8 34       		.uleb128 0x34
 1047 00c9 00       		.byte	0x0
 1048 00ca 03       		.uleb128 0x3
 1049 00cb 0E       		.uleb128 0xe
 1050 00cc 3A       		.uleb128 0x3a
 1051 00cd 0B       		.uleb128 0xb
 1052 00ce 3B       		.uleb128 0x3b
 1053 00cf 0B       		.uleb128 0xb
 1054 00d0 49       		.uleb128 0x49
 1055 00d1 13       		.uleb128 0x13
 1056 00d2 3F       		.uleb128 0x3f
 1057 00d3 0C       		.uleb128 0xc
 1058 00d4 3C       		.uleb128 0x3c
 1059 00d5 0C       		.uleb128 0xc
 1060 00d6 00       		.byte	0x0
 1061 00d7 00       		.byte	0x0
 1062 00d8 00       		.byte	0x0
 1063              		.section	.debug_pubnames,"",%progbits
 1064 0000 52000000 		.4byte	0x52
 1065 0004 0200     		.2byte	0x2
 1066 0006 00000000 		.4byte	.Ldebug_info0
 1067 000a 45030000 		.4byte	0x345
 1068 000e B0000000 		.4byte	0xb0
ARM GAS  /tmp/cc9W0cqa.s 			page 20


 1069 0012 5F5F6561 		.ascii	"__early_init\000"
 1069      726C795F 
 1069      696E6974 
 1069      00
 1070 001f C4000000 		.4byte	0xc4
 1071 0023 5F5F6C61 		.ascii	"__late_init\000"
 1071      74655F69 
 1071      6E697400 
 1072 002f D8000000 		.4byte	0xd8
 1073 0033 5F646566 		.ascii	"_default_exit\000"
 1073      61756C74 
 1073      5F657869 
 1073      7400
 1074 0041 EC000000 		.4byte	0xec
 1075 0045 52657365 		.ascii	"ResetHandler\000"
 1075      7448616E 
 1075      646C6572 
 1075      00
 1076 0052 00000000 		.4byte	0x0
 1077              		.section	.debug_pubtypes,"",%progbits
 1078 0000 40000000 		.4byte	0x40
 1079 0004 0200     		.2byte	0x2
 1080 0006 00000000 		.4byte	.Ldebug_info0
 1081 000a 45030000 		.4byte	0x345
 1082 000e 3E000000 		.4byte	0x3e
 1083 0012 75696E74 		.ascii	"uint8_t\000"
 1083      385F7400 
 1084 001a 65000000 		.4byte	0x65
 1085 001e 75696E74 		.ascii	"uint32_t\000"
 1085      33325F74 
 1085      00
 1086 0027 8C000000 		.4byte	0x8c
 1087 002b 66756E63 		.ascii	"funcp_t\000"
 1087      705F7400 
 1088 0033 9F000000 		.4byte	0x9f
 1089 0037 66756E63 		.ascii	"funcpp_t\000"
 1089      70705F74 
 1089      00
 1090 0040 00000000 		.4byte	0x0
 1091              		.section	.debug_aranges,"",%progbits
 1092 0000 34000000 		.4byte	0x34
 1093 0004 0200     		.2byte	0x2
 1094 0006 00000000 		.4byte	.Ldebug_info0
 1095 000a 04       		.byte	0x4
 1096 000b 00       		.byte	0x0
 1097 000c 0000     		.2byte	0x0
 1098 000e 0000     		.2byte	0x0
 1099 0010 00000000 		.4byte	.LFB0
 1100 0014 02000000 		.4byte	.LFE0-.LFB0
 1101 0018 00000000 		.4byte	.LFB1
 1102 001c 02000000 		.4byte	.LFE1-.LFB1
 1103 0020 00000000 		.4byte	.LFB2
 1104 0024 02000000 		.4byte	.LFE2-.LFB2
 1105 0028 00000000 		.4byte	.LFB3
 1106 002c C4010000 		.4byte	.LFE3-.LFB3
 1107 0030 00000000 		.4byte	0x0
 1108 0034 00000000 		.4byte	0x0
ARM GAS  /tmp/cc9W0cqa.s 			page 21


 1109              		.section	.debug_ranges,"",%progbits
 1110              	.Ldebug_ranges0:
 1111 0000 0A010000 		.4byte	.LBB6
 1112 0004 0E010000 		.4byte	.LBE6
 1113 0008 12010000 		.4byte	.LBB7
 1114 000c 4A010000 		.4byte	.LBE7
 1115 0010 00000000 		.4byte	0x0
 1116 0014 00000000 		.4byte	0x0
 1117 0018 4A010000 		.4byte	.LBB8
 1118 001c 4E010000 		.4byte	.LBE8
 1119 0020 52010000 		.4byte	.LBB9
 1120 0024 8C010000 		.4byte	.LBE9
 1121 0028 00000000 		.4byte	0x0
 1122 002c 00000000 		.4byte	0x0
 1123 0030 00000000 		.4byte	.LFB0
 1124 0034 02000000 		.4byte	.LFE0
 1125 0038 00000000 		.4byte	.LFB1
 1126 003c 02000000 		.4byte	.LFE1
 1127 0040 00000000 		.4byte	.LFB2
 1128 0044 02000000 		.4byte	.LFE2
 1129 0048 00000000 		.4byte	.LFB3
 1130 004c C4010000 		.4byte	.LFE3
 1131 0050 00000000 		.4byte	0x0
 1132 0054 00000000 		.4byte	0x0
 1133              		.section	.debug_str,"MS",%progbits,1
 1134              	.LASF24:
 1135 0000 5F627373 		.ascii	"_bss_start\000"
 1135      5F737461 
 1135      727400
 1136              	.LASF23:
 1137 000b 5F656461 		.ascii	"_edata\000"
 1137      746100
 1138              	.LASF29:
 1139 0012 5F5F6669 		.ascii	"__fini_array_end\000"
 1139      6E695F61 
 1139      72726179 
 1139      5F656E64 
 1139      00
 1140              	.LASF30:
 1141 0023 474E5520 		.ascii	"GNU C 4.5.2\000"
 1141      4320342E 
 1141      352E3200 
 1142              	.LASF19:
 1143 002f 5F5F7072 		.ascii	"__process_stack_base__\000"
 1143      6F636573 
 1143      735F7374 
 1143      61636B5F 
 1143      62617365 
 1144              	.LASF13:
 1145 0046 66756E63 		.ascii	"funcpp_t\000"
 1145      70705F74 
 1145      00
 1146              	.LASF16:
 1147 004f 5F646566 		.ascii	"_default_exit\000"
 1147      61756C74 
 1147      5F657869 
 1147      7400
ARM GAS  /tmp/cc9W0cqa.s 			page 22


 1148              	.LASF2:
 1149 005d 756E7369 		.ascii	"unsigned char\000"
 1149      676E6564 
 1149      20636861 
 1149      7200
 1150              	.LASF15:
 1151 006b 5F5F6C61 		.ascii	"__late_init\000"
 1151      74655F69 
 1151      6E697400 
 1152              	.LASF8:
 1153 0077 6C6F6E67 		.ascii	"long unsigned int\000"
 1153      20756E73 
 1153      69676E65 
 1153      6420696E 
 1153      7400
 1154              	.LASF33:
 1155 0089 52657365 		.ascii	"ResetHandler\000"
 1155      7448616E 
 1155      646C6572 
 1155      00
 1156              	.LASF4:
 1157 0096 73686F72 		.ascii	"short unsigned int\000"
 1157      7420756E 
 1157      7369676E 
 1157      65642069 
 1157      6E7400
 1158              	.LASF28:
 1159 00a9 5F5F6669 		.ascii	"__fini_array_start\000"
 1159      6E695F61 
 1159      72726179 
 1159      5F737461 
 1159      727400
 1160              	.LASF27:
 1161 00bc 5F5F696E 		.ascii	"__init_array_end\000"
 1161      69745F61 
 1161      72726179 
 1161      5F656E64 
 1161      00
 1162              	.LASF3:
 1163 00cd 73686F72 		.ascii	"short int\000"
 1163      7420696E 
 1163      7400
 1164              	.LASF0:
 1165 00d7 756E7369 		.ascii	"unsigned int\000"
 1165      676E6564 
 1165      20696E74 
 1165      00
 1166              	.LASF10:
 1167 00e4 6C6F6E67 		.ascii	"long long unsigned int\000"
 1167      206C6F6E 
 1167      6720756E 
 1167      7369676E 
 1167      65642069 
 1168              	.LASF25:
 1169 00fb 5F627373 		.ascii	"_bss_end\000"
 1169      5F656E64 
 1169      00
ARM GAS  /tmp/cc9W0cqa.s 			page 23


 1170              	.LASF21:
 1171 0104 5F746578 		.ascii	"_textdata\000"
 1171      74646174 
 1171      6100
 1172              	.LASF14:
 1173 010e 5F5F6561 		.ascii	"__early_init\000"
 1173      726C795F 
 1173      696E6974 
 1173      00
 1174              	.LASF31:
 1175 011b 2E2E2F63 		.ascii	"../chibios_2.4.x/os/ports/GCC/ARMCMx/crt0.c\000"
 1175      68696269 
 1175      6F735F32 
 1175      2E342E78 
 1175      2F6F732F 
 1176              	.LASF6:
 1177 0147 75696E74 		.ascii	"uint8_t\000"
 1177      385F7400 
 1178              	.LASF9:
 1179 014f 6C6F6E67 		.ascii	"long long int\000"
 1179      206C6F6E 
 1179      6720696E 
 1179      7400
 1180              	.LASF11:
 1181 015d 63686172 		.ascii	"char\000"
 1181      00
 1182              	.LASF17:
 1183 0162 5F5F6D61 		.ascii	"__main_stack_base__\000"
 1183      696E5F73 
 1183      7461636B 
 1183      5F626173 
 1183      655F5F00 
 1184              	.LASF32:
 1185 0176 2F686F6D 		.ascii	"/home/z80/projects/ipm/soft/firmware/valve\000"
 1185      652F7A38 
 1185      302F7072 
 1185      6F6A6563 
 1185      74732F69 
 1186              	.LASF12:
 1187 01a1 66756E63 		.ascii	"funcp_t\000"
 1187      705F7400 
 1188              	.LASF7:
 1189 01a9 75696E74 		.ascii	"uint32_t\000"
 1189      33325F74 
 1189      00
 1190              	.LASF5:
 1191 01b2 6C6F6E67 		.ascii	"long int\000"
 1191      20696E74 
 1191      00
 1192              	.LASF22:
 1193 01bb 5F646174 		.ascii	"_data\000"
 1193      6100
 1194              	.LASF1:
 1195 01c1 7369676E 		.ascii	"signed char\000"
 1195      65642063 
 1195      68617200 
 1196              	.LASF20:
ARM GAS  /tmp/cc9W0cqa.s 			page 24


 1197 01cd 5F5F7072 		.ascii	"__process_stack_end__\000"
 1197      6F636573 
 1197      735F7374 
 1197      61636B5F 
 1197      656E645F 
 1198              	.LASF26:
 1199 01e3 5F5F696E 		.ascii	"__init_array_start\000"
 1199      69745F61 
 1199      72726179 
 1199      5F737461 
 1199      727400
 1200              	.LASF18:
 1201 01f6 5F5F6D61 		.ascii	"__main_stack_end__\000"
 1201      696E5F73 
 1201      7461636B 
 1201      5F656E64 
 1201      5F5F00
 1202              		.ident	"GCC: (Sourcery G++ Lite 2011.03-42) 4.5.2"
ARM GAS  /tmp/cc9W0cqa.s 			page 25


DEFINED SYMBOLS
                            *ABS*:00000000 crt0.c
     /tmp/cc9W0cqa.s:24     .text.__early_init:00000000 $t
     /tmp/cc9W0cqa.s:30     .text.__early_init:00000000 __early_init
     /tmp/cc9W0cqa.s:44     .text.__late_init:00000000 $t
     /tmp/cc9W0cqa.s:50     .text.__late_init:00000000 __late_init
     /tmp/cc9W0cqa.s:63     .text._default_exit:00000000 $t
     /tmp/cc9W0cqa.s:69     .text._default_exit:00000000 _default_exit
     /tmp/cc9W0cqa.s:82     .text.ResetHandler:00000000 $t
     /tmp/cc9W0cqa.s:88     .text.ResetHandler:00000000 ResetHandler
     /tmp/cc9W0cqa.s:370    .text.ResetHandler:00000190 $d
                     .debug_frame:00000010 $d
     /tmp/cc9W0cqa.s:386    .text.ResetHandler:000001c4 $t

UNDEFINED SYMBOLS
main
__process_stack_end__
__main_stack_base__
__main_stack_end__
__process_stack_base__
_edata
_data
_textdata
_bss_start
_bss_end
__init_array_start
__init_array_end
__fini_array_start
__fini_array_end
