ARM GAS  C:\DOCUME~1\z_80\LOCALS~1\Temp\cc2ZWkDA.s 			page 1


   1              		.syntax unified
   2              		.cpu cortex-m3
   3              		.fpu softvfp
   4              		.eabi_attribute 20, 1
   5              		.eabi_attribute 21, 1
   6              		.eabi_attribute 23, 3
   7              		.eabi_attribute 24, 1
   8              		.eabi_attribute 25, 1
   9              		.eabi_attribute 26, 1
  10              		.eabi_attribute 30, 2
  11              		.eabi_attribute 18, 4
  12              		.thumb
  13              		.file	"evtimer.c"
  14              		.section	.debug_abbrev,"",%progbits
  15              	.Ldebug_abbrev0:
  16              		.section	.debug_info,"",%progbits
  17              	.Ldebug_info0:
  18              		.section	.debug_line,"",%progbits
  19              	.Ldebug_line0:
  20 0000 AE010000 		.text
  20      02006601 
  20      00000201 
  20      FB0E0D00 
  20      01010101 
  21              	.Ltext0:
  22              		.cfi_sections	.debug_frame
  23              		.section	.text.tmrcb,"ax",%progbits
  24              		.align	2
  25              		.p2align 4,,15
  26              		.thumb
  27              		.thumb_func
  28              		.type	tmrcb, %function
  29              	tmrcb:
  30              	.LFB0:
  31              		.file 1 "../chibios_2.4.x/os/various/evtimer.c"
  32              		.loc 1 39 0
  33              		.cfi_startproc
  34              		@ args = 0, pretend = 0, frame = 0
  35              		@ frame_needed = 0, uses_anonymous_args = 0
  36              	.LVL0:
  37 0000 10B5     		push	{r4, lr}
  38              	.LCFI0:
  39              		.cfi_def_cfa_offset 8
  40              		.loc 1 42 0
  41 0002 0021     		movs	r1, #0
  42              		.loc 1 39 0
  43 0004 0446     		mov	r4, r0
  44              		.cfi_offset 14, -4
  45              		.cfi_offset 4, -8
  46              	.LVL1:
  47              		.loc 1 42 0
  48 0006 1430     		adds	r0, r0, #20
  49              	.LVL2:
  50 0008 FFF7FEFF 		bl	chEvtBroadcastFlagsI
  51              		.loc 1 43 0
  52 000c A169     		ldr	r1, [r4, #24]
  53 000e 034A     		ldr	r2, .L2
ARM GAS  C:\DOCUME~1\z_80\LOCALS~1\Temp\cc2ZWkDA.s 			page 2


  54 0010 2046     		mov	r0, r4
  55 0012 2346     		mov	r3, r4
  56              		.loc 1 44 0
  57 0014 BDE81040 		pop	{r4, lr}
  58              		.loc 1 43 0
  59 0018 FFF7FEBF 		b	chVTSetI
  60              	.L3:
  61              		.align	2
  62              	.L2:
  63 001c 00000000 		.word	tmrcb
  64              		.cfi_endproc
  65              	.LFE0:
  66              		.size	tmrcb, .-tmrcb
  67              		.section	.text.evtStart,"ax",%progbits
  68              		.align	2
  69              		.p2align 4,,15
  70              		.global	evtStart
  71              		.thumb
  72              		.thumb_func
  73              		.type	evtStart, %function
  74              	evtStart:
  75              	.LFB1:
  76              		.loc 1 52 0
  77              		.cfi_startproc
  78              		@ args = 0, pretend = 0, frame = 0
  79              		@ frame_needed = 0, uses_anonymous_args = 0
  80              	.LVL3:
  81 0000 10B5     		push	{r4, lr}
  82              	.LCFI1:
  83              		.cfi_def_cfa_offset 8
  84              		.loc 1 52 0
  85 0002 0446     		mov	r4, r0
  86              		.cfi_offset 14, -4
  87              		.cfi_offset 4, -8
  88              		.loc 1 54 0
  89              	@ 54 "../chibios_2.4.x/os/various/evtimer.c" 1
  90 0004 FFF7FEFF 		bl      _port_lock
  91              	@ 0 "" 2
  92              		.thumb
  93 0008 FFF7FEFF 		bl	dbg_check_lock
  94              	.LVL4:
  95              		.loc 1 56 0
  96 000c E368     		ldr	r3, [r4, #12]
  97 000e 23B1     		cbz	r3, .L7
  98              		.loc 1 59 0
  99 0010 FFF7FEFF 		bl	dbg_check_unlock
 100              	@ 59 "../chibios_2.4.x/os/various/evtimer.c" 1
 101 0014 FFF7FEFF 		bl      _port_unlock
 102              	@ 0 "" 2
 103              		.loc 1 60 0
 104              		.thumb
 105 0018 10BD     		pop	{r4, pc}
 106              	.L7:
 107              		.loc 1 57 0
 108 001a 2046     		mov	r0, r4
 109 001c A169     		ldr	r1, [r4, #24]
 110 001e 044A     		ldr	r2, .L8
ARM GAS  C:\DOCUME~1\z_80\LOCALS~1\Temp\cc2ZWkDA.s 			page 3


 111 0020 2346     		mov	r3, r4
 112 0022 FFF7FEFF 		bl	chVTSetI
 113              		.loc 1 59 0
 114 0026 FFF7FEFF 		bl	dbg_check_unlock
 115              	@ 59 "../chibios_2.4.x/os/various/evtimer.c" 1
 116 002a FFF7FEFF 		bl      _port_unlock
 117              	@ 0 "" 2
 118              		.loc 1 60 0
 119              		.thumb
 120 002e 10BD     		pop	{r4, pc}
 121              	.L9:
 122              		.align	2
 123              	.L8:
 124 0030 00000000 		.word	tmrcb
 125              		.cfi_endproc
 126              	.LFE1:
 127              		.size	evtStart, .-evtStart
 128 0034 AFF30080 		.section	.text.evtStop,"ax",%progbits
 128      AFF30080 
 128      AFF30080 
 129              		.align	2
 130              		.p2align 4,,15
 131              		.global	evtStop
 132              		.thumb
 133              		.thumb_func
 134              		.type	evtStop, %function
 135              	evtStop:
 136              	.LFB2:
 137              		.loc 1 68 0
 138              		.cfi_startproc
 139              		@ args = 0, pretend = 0, frame = 0
 140              		@ frame_needed = 0, uses_anonymous_args = 0
 141              	.LVL5:
 142 0000 10B5     		push	{r4, lr}
 143              	.LCFI2:
 144              		.cfi_def_cfa_offset 8
 145              		.loc 1 68 0
 146 0002 0446     		mov	r4, r0
 147              		.cfi_offset 14, -4
 148              		.cfi_offset 4, -8
 149              		.loc 1 70 0
 150              	@ 70 "../chibios_2.4.x/os/various/evtimer.c" 1
 151 0004 FFF7FEFF 		bl      _port_lock
 152              	@ 0 "" 2
 153              		.thumb
 154 0008 FFF7FEFF 		bl	dbg_check_lock
 155              	.LVL6:
 156              		.loc 1 72 0
 157 000c E368     		ldr	r3, [r4, #12]
 158 000e 13B1     		cbz	r3, .L11
 159              		.loc 1 73 0
 160 0010 2046     		mov	r0, r4
 161 0012 FFF7FEFF 		bl	chVTResetI
 162              	.L11:
 163              		.loc 1 75 0
 164 0016 FFF7FEFF 		bl	dbg_check_unlock
 165              	@ 75 "../chibios_2.4.x/os/various/evtimer.c" 1
ARM GAS  C:\DOCUME~1\z_80\LOCALS~1\Temp\cc2ZWkDA.s 			page 4


 166 001a FFF7FEFF 		bl      _port_unlock
 167              	@ 0 "" 2
 168              		.loc 1 76 0
 169              		.thumb
 170 001e 10BD     		pop	{r4, pc}
 171              		.cfi_endproc
 172              	.LFE2:
 173              		.size	evtStop, .-evtStop
 174              		.text
 175              	.Letext0:
 176              		.section	.debug_loc,"",%progbits
 177              	.Ldebug_loc0:
 178              	.LLST0:
 179 0000 00000000 		.4byte	.LFB0
 180 0004 02000000 		.4byte	.LCFI0
 181 0008 0200     		.2byte	0x2
 182 000a 7D       		.byte	0x7d
 183 000b 00       		.sleb128 0
 184 000c 02000000 		.4byte	.LCFI0
 185 0010 20000000 		.4byte	.LFE0
 186 0014 0200     		.2byte	0x2
 187 0016 7D       		.byte	0x7d
 188 0017 08       		.sleb128 8
 189 0018 00000000 		.4byte	0x0
 190 001c 00000000 		.4byte	0x0
 191              	.LLST1:
 192 0020 00000000 		.4byte	.LVL0
 193 0024 08000000 		.4byte	.LVL2
 194 0028 0100     		.2byte	0x1
 195 002a 50       		.byte	0x50
 196 002b 08000000 		.4byte	.LVL2
 197 002f 20000000 		.4byte	.LFE0
 198 0033 0100     		.2byte	0x1
 199 0035 54       		.byte	0x54
 200 0036 00000000 		.4byte	0x0
 201 003a 00000000 		.4byte	0x0
 202              	.LLST2:
 203 003e 06000000 		.4byte	.LVL1
 204 0042 08000000 		.4byte	.LVL2
 205 0046 0100     		.2byte	0x1
 206 0048 50       		.byte	0x50
 207 0049 08000000 		.4byte	.LVL2
 208 004d 20000000 		.4byte	.LFE0
 209 0051 0100     		.2byte	0x1
 210 0053 54       		.byte	0x54
 211 0054 00000000 		.4byte	0x0
 212 0058 00000000 		.4byte	0x0
 213              	.LLST3:
 214 005c 00000000 		.4byte	.LFB1
 215 0060 02000000 		.4byte	.LCFI1
 216 0064 0200     		.2byte	0x2
 217 0066 7D       		.byte	0x7d
 218 0067 00       		.sleb128 0
 219 0068 02000000 		.4byte	.LCFI1
 220 006c 34000000 		.4byte	.LFE1
 221 0070 0200     		.2byte	0x2
 222 0072 7D       		.byte	0x7d
ARM GAS  C:\DOCUME~1\z_80\LOCALS~1\Temp\cc2ZWkDA.s 			page 5


 223 0073 08       		.sleb128 8
 224 0074 00000000 		.4byte	0x0
 225 0078 00000000 		.4byte	0x0
 226              	.LLST4:
 227 007c 00000000 		.4byte	.LVL3
 228 0080 0B000000 		.4byte	.LVL4-1
 229 0084 0100     		.2byte	0x1
 230 0086 50       		.byte	0x50
 231 0087 0B000000 		.4byte	.LVL4-1
 232 008b 34000000 		.4byte	.LFE1
 233 008f 0100     		.2byte	0x1
 234 0091 54       		.byte	0x54
 235 0092 00000000 		.4byte	0x0
 236 0096 00000000 		.4byte	0x0
 237              	.LLST5:
 238 009a 00000000 		.4byte	.LFB2
 239 009e 02000000 		.4byte	.LCFI2
 240 00a2 0200     		.2byte	0x2
 241 00a4 7D       		.byte	0x7d
 242 00a5 00       		.sleb128 0
 243 00a6 02000000 		.4byte	.LCFI2
 244 00aa 20000000 		.4byte	.LFE2
 245 00ae 0200     		.2byte	0x2
 246 00b0 7D       		.byte	0x7d
 247 00b1 08       		.sleb128 8
 248 00b2 00000000 		.4byte	0x0
 249 00b6 00000000 		.4byte	0x0
 250              	.LLST6:
 251 00ba 00000000 		.4byte	.LVL5
 252 00be 0B000000 		.4byte	.LVL6-1
 253 00c2 0100     		.2byte	0x1
 254 00c4 50       		.byte	0x50
 255 00c5 0B000000 		.4byte	.LVL6-1
 256 00c9 20000000 		.4byte	.LFE2
 257 00cd 0100     		.2byte	0x1
 258 00cf 54       		.byte	0x54
 259 00d0 00000000 		.4byte	0x0
 260 00d4 00000000 		.4byte	0x0
 261              		.file 2 "c:\\programs\\codesourcery\\arm-2012.03-56\\bin\\../lib/gcc/arm-none-eabi/4.5.2/../../../
 262              		.file 3 "../chibios_2.4.x/os/ports/GCC/ARMCMx/chtypes.h"
 263              		.file 4 "../chibios_2.4.x/os/kernel/include/chlists.h"
 264              		.file 5 "../chibios_2.4.x/os/kernel/include/chthreads.h"
 265              		.file 6 "../chibios_2.4.x/os/ports/GCC/ARMCMx/chcore_v7m.h"
 266              		.file 7 "../chibios_2.4.x/os/kernel/include/chvt.h"
 267              		.file 8 "../chibios_2.4.x/os/kernel/include/chmtx.h"
 268              		.file 9 "../chibios_2.4.x/os/kernel/include/chevents.h"
 269              		.file 10 "../chibios_2.4.x/os/various/evtimer.h"
 270              		.section	.debug_info
 271 0000 8B050000 		.4byte	0x58b
 272 0004 0200     		.2byte	0x2
 273 0006 00000000 		.4byte	.Ldebug_abbrev0
 274 000a 04       		.byte	0x4
 275 000b 01       		.uleb128 0x1
 276 000c D3020000 		.4byte	.LASF72
 277 0010 01       		.byte	0x1
 278 0011 9E010000 		.4byte	.LASF73
 279 0015 22000000 		.4byte	.LASF74
ARM GAS  C:\DOCUME~1\z_80\LOCALS~1\Temp\cc2ZWkDA.s 			page 6


 280 0019 00000000 		.4byte	0x0
 281 001d 00000000 		.4byte	0x0
 282 0021 00000000 		.4byte	.Ldebug_ranges0+0x0
 283 0025 00000000 		.4byte	.Ldebug_line0
 284 0029 02       		.uleb128 0x2
 285 002a 04       		.byte	0x4
 286 002b 05       		.byte	0x5
 287 002c 696E7400 		.ascii	"int\000"
 288 0030 03       		.uleb128 0x3
 289 0031 04       		.byte	0x4
 290 0032 07       		.byte	0x7
 291 0033 EA000000 		.4byte	.LASF0
 292 0037 03       		.uleb128 0x3
 293 0038 01       		.byte	0x1
 294 0039 06       		.byte	0x6
 295 003a 6D000000 		.4byte	.LASF1
 296 003e 04       		.uleb128 0x4
 297 003f B6020000 		.4byte	.LASF5
 298 0043 02       		.byte	0x2
 299 0044 2A       		.byte	0x2a
 300 0045 49000000 		.4byte	0x49
 301 0049 03       		.uleb128 0x3
 302 004a 01       		.byte	0x1
 303 004b 08       		.byte	0x8
 304 004c E3010000 		.4byte	.LASF2
 305 0050 03       		.uleb128 0x3
 306 0051 02       		.byte	0x2
 307 0052 05       		.byte	0x5
 308 0053 07020000 		.4byte	.LASF3
 309 0057 03       		.uleb128 0x3
 310 0058 02       		.byte	0x2
 311 0059 07       		.byte	0x7
 312 005a 19010000 		.4byte	.LASF4
 313 005e 04       		.uleb128 0x4
 314 005f DB010000 		.4byte	.LASF6
 315 0063 02       		.byte	0x2
 316 0064 4F       		.byte	0x4f
 317 0065 69000000 		.4byte	0x69
 318 0069 03       		.uleb128 0x3
 319 006a 04       		.byte	0x4
 320 006b 05       		.byte	0x5
 321 006c A8000000 		.4byte	.LASF7
 322 0070 04       		.uleb128 0x4
 323 0071 41020000 		.4byte	.LASF8
 324 0075 02       		.byte	0x2
 325 0076 50       		.byte	0x50
 326 0077 7B000000 		.4byte	0x7b
 327 007b 03       		.uleb128 0x3
 328 007c 04       		.byte	0x4
 329 007d 07       		.byte	0x7
 330 007e FF000000 		.4byte	.LASF9
 331 0082 03       		.uleb128 0x3
 332 0083 08       		.byte	0x8
 333 0084 05       		.byte	0x5
 334 0085 5F000000 		.4byte	.LASF10
 335 0089 04       		.uleb128 0x4
 336 008a 19000000 		.4byte	.LASF11
ARM GAS  C:\DOCUME~1\z_80\LOCALS~1\Temp\cc2ZWkDA.s 			page 7


 337 008e 02       		.byte	0x2
 338 008f 78       		.byte	0x78
 339 0090 94000000 		.4byte	0x94
 340 0094 03       		.uleb128 0x3
 341 0095 08       		.byte	0x8
 342 0096 07       		.byte	0x7
 343 0097 89000000 		.4byte	.LASF12
 344 009b 04       		.uleb128 0x4
 345 009c 3A010000 		.4byte	.LASF13
 346 00a0 03       		.byte	0x3
 347 00a1 2F       		.byte	0x2f
 348 00a2 3E000000 		.4byte	0x3e
 349 00a6 04       		.uleb128 0x4
 350 00a7 B1000000 		.4byte	.LASF14
 351 00ab 03       		.byte	0x3
 352 00ac 30       		.byte	0x30
 353 00ad 3E000000 		.4byte	0x3e
 354 00b1 04       		.uleb128 0x4
 355 00b2 C4010000 		.4byte	.LASF15
 356 00b6 03       		.byte	0x3
 357 00b7 31       		.byte	0x31
 358 00b8 3E000000 		.4byte	0x3e
 359 00bc 04       		.uleb128 0x4
 360 00bd D3010000 		.4byte	.LASF16
 361 00c1 03       		.byte	0x3
 362 00c2 32       		.byte	0x32
 363 00c3 70000000 		.4byte	0x70
 364 00c7 04       		.uleb128 0x4
 365 00c8 2C010000 		.4byte	.LASF17
 366 00cc 03       		.byte	0x3
 367 00cd 33       		.byte	0x33
 368 00ce 5E000000 		.4byte	0x5e
 369 00d2 04       		.uleb128 0x4
 370 00d3 4E010000 		.4byte	.LASF18
 371 00d7 03       		.byte	0x3
 372 00d8 35       		.byte	0x35
 373 00d9 70000000 		.4byte	0x70
 374 00dd 04       		.uleb128 0x4
 375 00de 69020000 		.4byte	.LASF19
 376 00e2 03       		.byte	0x3
 377 00e3 36       		.byte	0x36
 378 00e4 70000000 		.4byte	0x70
 379 00e8 04       		.uleb128 0x4
 380 00e9 2F020000 		.4byte	.LASF20
 381 00ed 04       		.byte	0x4
 382 00ee 2A       		.byte	0x2a
 383 00ef F3000000 		.4byte	0xf3
 384 00f3 05       		.uleb128 0x5
 385 00f4 2F020000 		.4byte	.LASF20
 386 00f8 4C       		.byte	0x4c
 387 00f9 05       		.byte	0x5
 388 00fa 5E       		.byte	0x5e
 389 00fb 18020000 		.4byte	0x218
 390 00ff 06       		.uleb128 0x6
 391 0100 20020000 		.4byte	.LASF21
 392 0104 05       		.byte	0x5
 393 0105 5F       		.byte	0x5f
ARM GAS  C:\DOCUME~1\z_80\LOCALS~1\Temp\cc2ZWkDA.s 			page 8


 394 0106 3D020000 		.4byte	0x23d
 395 010a 02       		.byte	0x2
 396 010b 23       		.byte	0x23
 397 010c 00       		.uleb128 0x0
 398 010d 06       		.uleb128 0x6
 399 010e CC010000 		.4byte	.LASF22
 400 0112 05       		.byte	0x5
 401 0113 61       		.byte	0x61
 402 0114 3D020000 		.4byte	0x23d
 403 0118 02       		.byte	0x2
 404 0119 23       		.byte	0x23
 405 011a 04       		.uleb128 0x4
 406 011b 06       		.uleb128 0x6
 407 011c 58000000 		.4byte	.LASF23
 408 0120 05       		.byte	0x5
 409 0121 63       		.byte	0x63
 410 0122 BC000000 		.4byte	0xbc
 411 0126 02       		.byte	0x2
 412 0127 23       		.byte	0x23
 413 0128 08       		.uleb128 0x8
 414 0129 06       		.uleb128 0x6
 415 012a FC020000 		.4byte	.LASF24
 416 012e 05       		.byte	0x5
 417 012f 64       		.byte	0x64
 418 0130 15030000 		.4byte	0x315
 419 0134 02       		.byte	0x2
 420 0135 23       		.byte	0x23
 421 0136 0C       		.uleb128 0xc
 422 0137 06       		.uleb128 0x6
 423 0138 BA000000 		.4byte	.LASF25
 424 013c 05       		.byte	0x5
 425 013d 66       		.byte	0x66
 426 013e 3D020000 		.4byte	0x23d
 427 0142 02       		.byte	0x2
 428 0143 23       		.byte	0x23
 429 0144 10       		.uleb128 0x10
 430 0145 06       		.uleb128 0x6
 431 0146 89010000 		.4byte	.LASF26
 432 014a 05       		.byte	0x5
 433 014b 67       		.byte	0x67
 434 014c 3D020000 		.4byte	0x23d
 435 0150 02       		.byte	0x2
 436 0151 23       		.byte	0x23
 437 0152 14       		.uleb128 0x14
 438 0153 06       		.uleb128 0x6
 439 0154 DF020000 		.4byte	.LASF27
 440 0158 05       		.byte	0x5
 441 0159 6E       		.byte	0x6e
 442 015a A9040000 		.4byte	0x4a9
 443 015e 02       		.byte	0x2
 444 015f 23       		.byte	0x23
 445 0160 18       		.uleb128 0x18
 446 0161 06       		.uleb128 0x6
 447 0162 DF000000 		.4byte	.LASF28
 448 0166 05       		.byte	0x5
 449 0167 74       		.byte	0x74
 450 0168 BB040000 		.4byte	0x4bb
ARM GAS  C:\DOCUME~1\z_80\LOCALS~1\Temp\cc2ZWkDA.s 			page 9


 451 016c 02       		.byte	0x2
 452 016d 23       		.byte	0x23
 453 016e 1C       		.uleb128 0x1c
 454 016f 06       		.uleb128 0x6
 455 0170 11020000 		.4byte	.LASF29
 456 0174 05       		.byte	0x5
 457 0175 79       		.byte	0x79
 458 0176 A6000000 		.4byte	0xa6
 459 017a 02       		.byte	0x2
 460 017b 23       		.byte	0x23
 461 017c 20       		.uleb128 0x20
 462 017d 06       		.uleb128 0x6
 463 017e 27020000 		.4byte	.LASF30
 464 0182 05       		.byte	0x5
 465 0183 7D       		.byte	0x7d
 466 0184 9B000000 		.4byte	0x9b
 467 0188 02       		.byte	0x2
 468 0189 23       		.byte	0x23
 469 018a 21       		.uleb128 0x21
 470 018b 06       		.uleb128 0x6
 471 018c AF020000 		.4byte	.LASF31
 472 0190 05       		.byte	0x5
 473 0191 82       		.byte	0x82
 474 0192 B1000000 		.4byte	0xb1
 475 0196 02       		.byte	0x2
 476 0197 23       		.byte	0x23
 477 0198 22       		.uleb128 0x22
 478 0199 06       		.uleb128 0x6
 479 019a 8F020000 		.4byte	.LASF32
 480 019e 05       		.byte	0x5
 481 019f 89       		.byte	0x89
 482 01a0 B9030000 		.4byte	0x3b9
 483 01a4 02       		.byte	0x2
 484 01a5 23       		.byte	0x23
 485 01a6 24       		.uleb128 0x24
 486 01a7 07       		.uleb128 0x7
 487 01a8 705F7500 		.ascii	"p_u\000"
 488 01ac 05       		.byte	0x5
 489 01ad AE       		.byte	0xae
 490 01ae 74040000 		.4byte	0x474
 491 01b2 02       		.byte	0x2
 492 01b3 23       		.byte	0x23
 493 01b4 28       		.uleb128 0x28
 494 01b5 06       		.uleb128 0x6
 495 01b6 02030000 		.4byte	.LASF33
 496 01ba 05       		.byte	0x5
 497 01bb B3       		.byte	0xb3
 498 01bc 65020000 		.4byte	0x265
 499 01c0 02       		.byte	0x2
 500 01c1 23       		.byte	0x23
 501 01c2 2C       		.uleb128 0x2c
 502 01c3 06       		.uleb128 0x6
 503 01c4 9D020000 		.4byte	.LASF34
 504 01c8 05       		.byte	0x5
 505 01c9 B9       		.byte	0xb9
 506 01ca 43020000 		.4byte	0x243
 507 01ce 02       		.byte	0x2
ARM GAS  C:\DOCUME~1\z_80\LOCALS~1\Temp\cc2ZWkDA.s 			page 10


 508 01cf 23       		.byte	0x23
 509 01d0 30       		.uleb128 0x30
 510 01d1 06       		.uleb128 0x6
 511 01d2 0C000000 		.4byte	.LASF35
 512 01d6 05       		.byte	0x5
 513 01d7 BD       		.byte	0xbd
 514 01d8 C7000000 		.4byte	0xc7
 515 01dc 02       		.byte	0x2
 516 01dd 23       		.byte	0x23
 517 01de 38       		.uleb128 0x38
 518 01df 06       		.uleb128 0x6
 519 01e0 36020000 		.4byte	.LASF36
 520 01e4 05       		.byte	0x5
 521 01e5 C3       		.byte	0xc3
 522 01e6 D2000000 		.4byte	0xd2
 523 01ea 02       		.byte	0x2
 524 01eb 23       		.byte	0x23
 525 01ec 3C       		.uleb128 0x3c
 526 01ed 06       		.uleb128 0x6
 527 01ee FD010000 		.4byte	.LASF37
 528 01f2 05       		.byte	0x5
 529 01f3 CA       		.byte	0xca
 530 01f4 C1040000 		.4byte	0x4c1
 531 01f8 02       		.byte	0x2
 532 01f9 23       		.byte	0x23
 533 01fa 40       		.uleb128 0x40
 534 01fb 06       		.uleb128 0x6
 535 01fc 73020000 		.4byte	.LASF38
 536 0200 05       		.byte	0x5
 537 0201 CE       		.byte	0xce
 538 0202 BC000000 		.4byte	0xbc
 539 0206 02       		.byte	0x2
 540 0207 23       		.byte	0x23
 541 0208 44       		.uleb128 0x44
 542 0209 06       		.uleb128 0x6
 543 020a 81000000 		.4byte	.LASF39
 544 020e 05       		.byte	0x5
 545 020f D4       		.byte	0xd4
 546 0210 7B020000 		.4byte	0x27b
 547 0214 02       		.byte	0x2
 548 0215 23       		.byte	0x23
 549 0216 48       		.uleb128 0x48
 550 0217 00       		.byte	0x0
 551 0218 08       		.uleb128 0x8
 552 0219 08       		.byte	0x8
 553 021a 04       		.byte	0x4
 554 021b 61       		.byte	0x61
 555 021c 3D020000 		.4byte	0x23d
 556 0220 06       		.uleb128 0x6
 557 0221 20020000 		.4byte	.LASF21
 558 0225 04       		.byte	0x4
 559 0226 62       		.byte	0x62
 560 0227 3D020000 		.4byte	0x23d
 561 022b 02       		.byte	0x2
 562 022c 23       		.byte	0x23
 563 022d 00       		.uleb128 0x0
 564 022e 06       		.uleb128 0x6
ARM GAS  C:\DOCUME~1\z_80\LOCALS~1\Temp\cc2ZWkDA.s 			page 11


 565 022f CC010000 		.4byte	.LASF22
 566 0233 04       		.byte	0x4
 567 0234 64       		.byte	0x64
 568 0235 3D020000 		.4byte	0x23d
 569 0239 02       		.byte	0x2
 570 023a 23       		.byte	0x23
 571 023b 04       		.uleb128 0x4
 572 023c 00       		.byte	0x0
 573 023d 09       		.uleb128 0x9
 574 023e 04       		.byte	0x4
 575 023f E8000000 		.4byte	0xe8
 576 0243 04       		.uleb128 0x4
 577 0244 91010000 		.4byte	.LASF40
 578 0248 04       		.byte	0x4
 579 0249 66       		.byte	0x66
 580 024a 18020000 		.4byte	0x218
 581 024e 08       		.uleb128 0x8
 582 024f 04       		.byte	0x4
 583 0250 04       		.byte	0x4
 584 0251 6B       		.byte	0x6b
 585 0252 65020000 		.4byte	0x265
 586 0256 06       		.uleb128 0x6
 587 0257 20020000 		.4byte	.LASF21
 588 025b 04       		.byte	0x4
 589 025c 6D       		.byte	0x6d
 590 025d 3D020000 		.4byte	0x23d
 591 0261 02       		.byte	0x2
 592 0262 23       		.byte	0x23
 593 0263 00       		.uleb128 0x0
 594 0264 00       		.byte	0x0
 595 0265 04       		.uleb128 0x4
 596 0266 42010000 		.4byte	.LASF41
 597 026a 04       		.byte	0x4
 598 026b 70       		.byte	0x70
 599 026c 4E020000 		.4byte	0x24e
 600 0270 04       		.uleb128 0x4
 601 0271 C2000000 		.4byte	.LASF42
 602 0275 06       		.byte	0x6
 603 0276 D7       		.byte	0xd7
 604 0277 7B020000 		.4byte	0x27b
 605 027b 0A       		.uleb128 0xa
 606 027c 04       		.byte	0x4
 607 027d 04       		.uleb128 0x4
 608 027e 60010000 		.4byte	.LASF43
 609 0282 06       		.byte	0x6
 610 0283 DD       		.byte	0xdd
 611 0284 89000000 		.4byte	0x89
 612 0288 05       		.uleb128 0x5
 613 0289 96020000 		.4byte	.LASF44
 614 028d 24       		.byte	0x24
 615 028e 06       		.byte	0x6
 616 028f FE       		.byte	0xfe
 617 0290 15030000 		.4byte	0x315
 618 0294 0B       		.uleb128 0xb
 619 0295 723400   		.ascii	"r4\000"
 620 0298 06       		.byte	0x6
 621 0299 1101     		.2byte	0x111
ARM GAS  C:\DOCUME~1\z_80\LOCALS~1\Temp\cc2ZWkDA.s 			page 12


 622 029b 70020000 		.4byte	0x270
 623 029f 02       		.byte	0x2
 624 02a0 23       		.byte	0x23
 625 02a1 00       		.uleb128 0x0
 626 02a2 0B       		.uleb128 0xb
 627 02a3 723500   		.ascii	"r5\000"
 628 02a6 06       		.byte	0x6
 629 02a7 1201     		.2byte	0x112
 630 02a9 70020000 		.4byte	0x270
 631 02ad 02       		.byte	0x2
 632 02ae 23       		.byte	0x23
 633 02af 04       		.uleb128 0x4
 634 02b0 0B       		.uleb128 0xb
 635 02b1 723600   		.ascii	"r6\000"
 636 02b4 06       		.byte	0x6
 637 02b5 1301     		.2byte	0x113
 638 02b7 70020000 		.4byte	0x270
 639 02bb 02       		.byte	0x2
 640 02bc 23       		.byte	0x23
 641 02bd 08       		.uleb128 0x8
 642 02be 0B       		.uleb128 0xb
 643 02bf 723700   		.ascii	"r7\000"
 644 02c2 06       		.byte	0x6
 645 02c3 1401     		.2byte	0x114
 646 02c5 70020000 		.4byte	0x270
 647 02c9 02       		.byte	0x2
 648 02ca 23       		.byte	0x23
 649 02cb 0C       		.uleb128 0xc
 650 02cc 0B       		.uleb128 0xb
 651 02cd 723800   		.ascii	"r8\000"
 652 02d0 06       		.byte	0x6
 653 02d1 1501     		.2byte	0x115
 654 02d3 70020000 		.4byte	0x270
 655 02d7 02       		.byte	0x2
 656 02d8 23       		.byte	0x23
 657 02d9 10       		.uleb128 0x10
 658 02da 0B       		.uleb128 0xb
 659 02db 723900   		.ascii	"r9\000"
 660 02de 06       		.byte	0x6
 661 02df 1601     		.2byte	0x116
 662 02e1 70020000 		.4byte	0x270
 663 02e5 02       		.byte	0x2
 664 02e6 23       		.byte	0x23
 665 02e7 14       		.uleb128 0x14
 666 02e8 0B       		.uleb128 0xb
 667 02e9 72313000 		.ascii	"r10\000"
 668 02ed 06       		.byte	0x6
 669 02ee 1701     		.2byte	0x117
 670 02f0 70020000 		.4byte	0x270
 671 02f4 02       		.byte	0x2
 672 02f5 23       		.byte	0x23
 673 02f6 18       		.uleb128 0x18
 674 02f7 0B       		.uleb128 0xb
 675 02f8 72313100 		.ascii	"r11\000"
 676 02fc 06       		.byte	0x6
 677 02fd 1801     		.2byte	0x118
 678 02ff 70020000 		.4byte	0x270
ARM GAS  C:\DOCUME~1\z_80\LOCALS~1\Temp\cc2ZWkDA.s 			page 13


 679 0303 02       		.byte	0x2
 680 0304 23       		.byte	0x23
 681 0305 1C       		.uleb128 0x1c
 682 0306 0B       		.uleb128 0xb
 683 0307 6C7200   		.ascii	"lr\000"
 684 030a 06       		.byte	0x6
 685 030b 1901     		.2byte	0x119
 686 030d 70020000 		.4byte	0x270
 687 0311 02       		.byte	0x2
 688 0312 23       		.byte	0x23
 689 0313 20       		.uleb128 0x20
 690 0314 00       		.byte	0x0
 691 0315 0C       		.uleb128 0xc
 692 0316 11010000 		.4byte	.LASF45
 693 031a 04       		.byte	0x4
 694 031b 06       		.byte	0x6
 695 031c 2301     		.2byte	0x123
 696 031e 32030000 		.4byte	0x332
 697 0322 0B       		.uleb128 0xb
 698 0323 72313300 		.ascii	"r13\000"
 699 0327 06       		.byte	0x6
 700 0328 2401     		.2byte	0x124
 701 032a 32030000 		.4byte	0x332
 702 032e 02       		.byte	0x2
 703 032f 23       		.byte	0x23
 704 0330 00       		.uleb128 0x0
 705 0331 00       		.byte	0x0
 706 0332 09       		.uleb128 0x9
 707 0333 04       		.byte	0x4
 708 0334 88020000 		.4byte	0x288
 709 0338 04       		.uleb128 0x4
 710 0339 7E020000 		.4byte	.LASF46
 711 033d 07       		.byte	0x7
 712 033e 53       		.byte	0x53
 713 033f 43030000 		.4byte	0x343
 714 0343 09       		.uleb128 0x9
 715 0344 04       		.byte	0x4
 716 0345 49030000 		.4byte	0x349
 717 0349 0D       		.uleb128 0xd
 718 034a 01       		.byte	0x1
 719 034b 55030000 		.4byte	0x355
 720 034f 0E       		.uleb128 0xe
 721 0350 7B020000 		.4byte	0x27b
 722 0354 00       		.byte	0x0
 723 0355 04       		.uleb128 0x4
 724 0356 4A020000 		.4byte	.LASF47
 725 035a 07       		.byte	0x7
 726 035b 58       		.byte	0x58
 727 035c 60030000 		.4byte	0x360
 728 0360 05       		.uleb128 0x5
 729 0361 4A020000 		.4byte	.LASF47
 730 0365 14       		.byte	0x14
 731 0366 07       		.byte	0x7
 732 0367 5F       		.byte	0x5f
 733 0368 B3030000 		.4byte	0x3b3
 734 036c 06       		.uleb128 0x6
 735 036d F7000000 		.4byte	.LASF48
ARM GAS  C:\DOCUME~1\z_80\LOCALS~1\Temp\cc2ZWkDA.s 			page 14


 736 0371 07       		.byte	0x7
 737 0372 60       		.byte	0x60
 738 0373 B3030000 		.4byte	0x3b3
 739 0377 02       		.byte	0x2
 740 0378 23       		.byte	0x23
 741 0379 00       		.uleb128 0x0
 742 037a 06       		.uleb128 0x6
 743 037b CB000000 		.4byte	.LASF49
 744 037f 07       		.byte	0x7
 745 0380 62       		.byte	0x62
 746 0381 B3030000 		.4byte	0x3b3
 747 0385 02       		.byte	0x2
 748 0386 23       		.byte	0x23
 749 0387 04       		.uleb128 0x4
 750 0388 06       		.uleb128 0x6
 751 0389 6B010000 		.4byte	.LASF50
 752 038d 07       		.byte	0x7
 753 038e 64       		.byte	0x64
 754 038f DD000000 		.4byte	0xdd
 755 0393 02       		.byte	0x2
 756 0394 23       		.byte	0x23
 757 0395 08       		.uleb128 0x8
 758 0396 06       		.uleb128 0x6
 759 0397 79010000 		.4byte	.LASF51
 760 039b 07       		.byte	0x7
 761 039c 65       		.byte	0x65
 762 039d 38030000 		.4byte	0x338
 763 03a1 02       		.byte	0x2
 764 03a2 23       		.byte	0x23
 765 03a3 0C       		.uleb128 0xc
 766 03a4 06       		.uleb128 0x6
 767 03a5 A8020000 		.4byte	.LASF52
 768 03a9 07       		.byte	0x7
 769 03aa 67       		.byte	0x67
 770 03ab 7B020000 		.4byte	0x27b
 771 03af 02       		.byte	0x2
 772 03b0 23       		.byte	0x23
 773 03b1 10       		.uleb128 0x10
 774 03b2 00       		.byte	0x0
 775 03b3 09       		.uleb128 0x9
 776 03b4 04       		.byte	0x4
 777 03b5 55030000 		.4byte	0x355
 778 03b9 0F       		.uleb128 0xf
 779 03ba DD000000 		.4byte	0xdd
 780 03be 05       		.uleb128 0x5
 781 03bf 5A010000 		.4byte	.LASF53
 782 03c3 10       		.byte	0x10
 783 03c4 08       		.byte	0x8
 784 03c5 2C       		.byte	0x2c
 785 03c6 F5030000 		.4byte	0x3f5
 786 03ca 06       		.uleb128 0x6
 787 03cb A0000000 		.4byte	.LASF54
 788 03cf 08       		.byte	0x8
 789 03d0 2D       		.byte	0x2d
 790 03d1 43020000 		.4byte	0x243
 791 03d5 02       		.byte	0x2
 792 03d6 23       		.byte	0x23
ARM GAS  C:\DOCUME~1\z_80\LOCALS~1\Temp\cc2ZWkDA.s 			page 15


 793 03d7 00       		.uleb128 0x0
 794 03d8 06       		.uleb128 0x6
 795 03d9 F4020000 		.4byte	.LASF55
 796 03dd 08       		.byte	0x8
 797 03de 2F       		.byte	0x2f
 798 03df 3D020000 		.4byte	0x23d
 799 03e3 02       		.byte	0x2
 800 03e4 23       		.byte	0x23
 801 03e5 08       		.uleb128 0x8
 802 03e6 06       		.uleb128 0x6
 803 03e7 62020000 		.4byte	.LASF56
 804 03eb 08       		.byte	0x8
 805 03ec 31       		.byte	0x31
 806 03ed F5030000 		.4byte	0x3f5
 807 03f1 02       		.byte	0x2
 808 03f2 23       		.byte	0x23
 809 03f3 0C       		.uleb128 0xc
 810 03f4 00       		.byte	0x0
 811 03f5 09       		.uleb128 0x9
 812 03f6 04       		.byte	0x4
 813 03f7 BE030000 		.4byte	0x3be
 814 03fb 04       		.uleb128 0x4
 815 03fc 5A010000 		.4byte	.LASF53
 816 0400 08       		.byte	0x8
 817 0401 33       		.byte	0x33
 818 0402 BE030000 		.4byte	0x3be
 819 0406 04       		.uleb128 0x4
 820 0407 BE020000 		.4byte	.LASF57
 821 040b 09       		.byte	0x9
 822 040c 29       		.byte	0x29
 823 040d 11040000 		.4byte	0x411
 824 0411 05       		.uleb128 0x5
 825 0412 BE020000 		.4byte	.LASF57
 826 0416 0C       		.byte	0xc
 827 0417 09       		.byte	0x9
 828 0418 2E       		.byte	0x2e
 829 0419 48040000 		.4byte	0x448
 830 041d 06       		.uleb128 0x6
 831 041e 32010000 		.4byte	.LASF58
 832 0422 09       		.byte	0x9
 833 0423 2F       		.byte	0x2f
 834 0424 48040000 		.4byte	0x448
 835 0428 02       		.byte	0x2
 836 0429 23       		.byte	0x23
 837 042a 00       		.uleb128 0x0
 838 042b 06       		.uleb128 0x6
 839 042c F1010000 		.4byte	.LASF59
 840 0430 09       		.byte	0x9
 841 0431 32       		.byte	0x32
 842 0432 3D020000 		.4byte	0x23d
 843 0436 02       		.byte	0x2
 844 0437 23       		.byte	0x23
 845 0438 04       		.uleb128 0x4
 846 0439 06       		.uleb128 0x6
 847 043a 81010000 		.4byte	.LASF60
 848 043e 09       		.byte	0x9
 849 043f 34       		.byte	0x34
ARM GAS  C:\DOCUME~1\z_80\LOCALS~1\Temp\cc2ZWkDA.s 			page 16


 850 0440 D2000000 		.4byte	0xd2
 851 0444 02       		.byte	0x2
 852 0445 23       		.byte	0x23
 853 0446 08       		.uleb128 0x8
 854 0447 00       		.byte	0x0
 855 0448 09       		.uleb128 0x9
 856 0449 04       		.byte	0x4
 857 044a 06040000 		.4byte	0x406
 858 044e 05       		.uleb128 0x5
 859 044f D3000000 		.4byte	.LASF61
 860 0453 04       		.byte	0x4
 861 0454 09       		.byte	0x9
 862 0455 3C       		.byte	0x3c
 863 0456 69040000 		.4byte	0x469
 864 045a 06       		.uleb128 0x6
 865 045b E6020000 		.4byte	.LASF62
 866 045f 09       		.byte	0x9
 867 0460 3D       		.byte	0x3d
 868 0461 48040000 		.4byte	0x448
 869 0465 02       		.byte	0x2
 870 0466 23       		.byte	0x23
 871 0467 00       		.uleb128 0x0
 872 0468 00       		.byte	0x0
 873 0469 04       		.uleb128 0x4
 874 046a D3000000 		.4byte	.LASF61
 875 046e 09       		.byte	0x9
 876 046f 40       		.byte	0x40
 877 0470 4E040000 		.4byte	0x44e
 878 0474 10       		.uleb128 0x10
 879 0475 04       		.byte	0x4
 880 0476 05       		.byte	0x5
 881 0477 90       		.byte	0x90
 882 0478 A9040000 		.4byte	0x4a9
 883 047c 11       		.uleb128 0x11
 884 047d 12000000 		.4byte	.LASF63
 885 0481 05       		.byte	0x5
 886 0482 97       		.byte	0x97
 887 0483 C7000000 		.4byte	0xc7
 888 0487 11       		.uleb128 0x11
 889 0488 46000000 		.4byte	.LASF64
 890 048c 05       		.byte	0x5
 891 048d 9E       		.byte	0x9e
 892 048e C7000000 		.4byte	0xc7
 893 0492 11       		.uleb128 0x11
 894 0493 CC020000 		.4byte	.LASF65
 895 0497 05       		.byte	0x5
 896 0498 A5       		.byte	0xa5
 897 0499 7B020000 		.4byte	0x27b
 898 049d 11       		.uleb128 0x11
 899 049e 19020000 		.4byte	.LASF66
 900 04a2 05       		.byte	0x5
 901 04a3 AC       		.byte	0xac
 902 04a4 D2000000 		.4byte	0xd2
 903 04a8 00       		.byte	0x0
 904 04a9 09       		.uleb128 0x9
 905 04aa 04       		.byte	0x4
 906 04ab AF040000 		.4byte	0x4af
ARM GAS  C:\DOCUME~1\z_80\LOCALS~1\Temp\cc2ZWkDA.s 			page 17


 907 04af 12       		.uleb128 0x12
 908 04b0 B4040000 		.4byte	0x4b4
 909 04b4 03       		.uleb128 0x3
 910 04b5 01       		.byte	0x1
 911 04b6 08       		.byte	0x8
 912 04b7 57020000 		.4byte	.LASF67
 913 04bb 09       		.uleb128 0x9
 914 04bc 04       		.byte	0x4
 915 04bd 7D020000 		.4byte	0x27d
 916 04c1 09       		.uleb128 0x9
 917 04c2 04       		.byte	0x4
 918 04c3 FB030000 		.4byte	0x3fb
 919 04c7 08       		.uleb128 0x8
 920 04c8 1C       		.byte	0x1c
 921 04c9 0A       		.byte	0xa
 922 04ca 2A       		.byte	0x2a
 923 04cb FA040000 		.4byte	0x4fa
 924 04cf 06       		.uleb128 0x6
 925 04d0 EE020000 		.4byte	.LASF68
 926 04d4 0A       		.byte	0xa
 927 04d5 2B       		.byte	0x2b
 928 04d6 55030000 		.4byte	0x355
 929 04da 02       		.byte	0x2
 930 04db 23       		.byte	0x23
 931 04dc 00       		.uleb128 0x0
 932 04dd 06       		.uleb128 0x6
 933 04de 73010000 		.4byte	.LASF69
 934 04e2 0A       		.byte	0xa
 935 04e3 2C       		.byte	0x2c
 936 04e4 69040000 		.4byte	0x469
 937 04e8 02       		.byte	0x2
 938 04e9 23       		.byte	0x23
 939 04ea 14       		.uleb128 0x14
 940 04eb 06       		.uleb128 0x6
 941 04ec 00000000 		.4byte	.LASF70
 942 04f0 0A       		.byte	0xa
 943 04f1 2D       		.byte	0x2d
 944 04f2 DD000000 		.4byte	0xdd
 945 04f6 02       		.byte	0x2
 946 04f7 23       		.byte	0x23
 947 04f8 18       		.uleb128 0x18
 948 04f9 00       		.byte	0x0
 949 04fa 04       		.uleb128 0x4
 950 04fb 79000000 		.4byte	.LASF71
 951 04ff 0A       		.byte	0xa
 952 0500 2E       		.byte	0x2e
 953 0501 C7040000 		.4byte	0x4c7
 954 0505 13       		.uleb128 0x13
 955 0506 5C020000 		.4byte	.LASF75
 956 050a 01       		.byte	0x1
 957 050b 27       		.byte	0x27
 958 050c 01       		.byte	0x1
 959 050d 00000000 		.4byte	.LFB0
 960 0511 20000000 		.4byte	.LFE0
 961 0515 00000000 		.4byte	.LLST0
 962 0519 3A050000 		.4byte	0x53a
 963 051d 14       		.uleb128 0x14
ARM GAS  C:\DOCUME~1\z_80\LOCALS~1\Temp\cc2ZWkDA.s 			page 18


 964 051e 7000     		.ascii	"p\000"
 965 0520 01       		.byte	0x1
 966 0521 27       		.byte	0x27
 967 0522 7B020000 		.4byte	0x27b
 968 0526 20000000 		.4byte	.LLST1
 969 052a 15       		.uleb128 0x15
 970 052b 65747000 		.ascii	"etp\000"
 971 052f 01       		.byte	0x1
 972 0530 28       		.byte	0x28
 973 0531 3A050000 		.4byte	0x53a
 974 0535 3E000000 		.4byte	.LLST2
 975 0539 00       		.byte	0x0
 976 053a 09       		.uleb128 0x9
 977 053b 04       		.byte	0x4
 978 053c FA040000 		.4byte	0x4fa
 979 0540 16       		.uleb128 0x16
 980 0541 01       		.byte	0x1
 981 0542 4F000000 		.4byte	.LASF76
 982 0546 01       		.byte	0x1
 983 0547 34       		.byte	0x34
 984 0548 01       		.byte	0x1
 985 0549 00000000 		.4byte	.LFB1
 986 054d 34000000 		.4byte	.LFE1
 987 0551 5C000000 		.4byte	.LLST3
 988 0555 69050000 		.4byte	0x569
 989 0559 14       		.uleb128 0x14
 990 055a 65747000 		.ascii	"etp\000"
 991 055e 01       		.byte	0x1
 992 055f 34       		.byte	0x34
 993 0560 3A050000 		.4byte	0x53a
 994 0564 7C000000 		.4byte	.LLST4
 995 0568 00       		.byte	0x0
 996 0569 17       		.uleb128 0x17
 997 056a 01       		.byte	0x1
 998 056b 87020000 		.4byte	.LASF77
 999 056f 01       		.byte	0x1
 1000 0570 44       		.byte	0x44
 1001 0571 01       		.byte	0x1
 1002 0572 00000000 		.4byte	.LFB2
 1003 0576 20000000 		.4byte	.LFE2
 1004 057a 9A000000 		.4byte	.LLST5
 1005 057e 14       		.uleb128 0x14
 1006 057f 65747000 		.ascii	"etp\000"
 1007 0583 01       		.byte	0x1
 1008 0584 44       		.byte	0x44
 1009 0585 3A050000 		.4byte	0x53a
 1010 0589 BA000000 		.4byte	.LLST6
 1011 058d 00       		.byte	0x0
 1012 058e 00       		.byte	0x0
 1013              		.section	.debug_abbrev
 1014 0000 01       		.uleb128 0x1
 1015 0001 11       		.uleb128 0x11
 1016 0002 01       		.byte	0x1
 1017 0003 25       		.uleb128 0x25
 1018 0004 0E       		.uleb128 0xe
 1019 0005 13       		.uleb128 0x13
 1020 0006 0B       		.uleb128 0xb
ARM GAS  C:\DOCUME~1\z_80\LOCALS~1\Temp\cc2ZWkDA.s 			page 19


 1021 0007 03       		.uleb128 0x3
 1022 0008 0E       		.uleb128 0xe
 1023 0009 1B       		.uleb128 0x1b
 1024 000a 0E       		.uleb128 0xe
 1025 000b 11       		.uleb128 0x11
 1026 000c 01       		.uleb128 0x1
 1027 000d 52       		.uleb128 0x52
 1028 000e 01       		.uleb128 0x1
 1029 000f 55       		.uleb128 0x55
 1030 0010 06       		.uleb128 0x6
 1031 0011 10       		.uleb128 0x10
 1032 0012 06       		.uleb128 0x6
 1033 0013 00       		.byte	0x0
 1034 0014 00       		.byte	0x0
 1035 0015 02       		.uleb128 0x2
 1036 0016 24       		.uleb128 0x24
 1037 0017 00       		.byte	0x0
 1038 0018 0B       		.uleb128 0xb
 1039 0019 0B       		.uleb128 0xb
 1040 001a 3E       		.uleb128 0x3e
 1041 001b 0B       		.uleb128 0xb
 1042 001c 03       		.uleb128 0x3
 1043 001d 08       		.uleb128 0x8
 1044 001e 00       		.byte	0x0
 1045 001f 00       		.byte	0x0
 1046 0020 03       		.uleb128 0x3
 1047 0021 24       		.uleb128 0x24
 1048 0022 00       		.byte	0x0
 1049 0023 0B       		.uleb128 0xb
 1050 0024 0B       		.uleb128 0xb
 1051 0025 3E       		.uleb128 0x3e
 1052 0026 0B       		.uleb128 0xb
 1053 0027 03       		.uleb128 0x3
 1054 0028 0E       		.uleb128 0xe
 1055 0029 00       		.byte	0x0
 1056 002a 00       		.byte	0x0
 1057 002b 04       		.uleb128 0x4
 1058 002c 16       		.uleb128 0x16
 1059 002d 00       		.byte	0x0
 1060 002e 03       		.uleb128 0x3
 1061 002f 0E       		.uleb128 0xe
 1062 0030 3A       		.uleb128 0x3a
 1063 0031 0B       		.uleb128 0xb
 1064 0032 3B       		.uleb128 0x3b
 1065 0033 0B       		.uleb128 0xb
 1066 0034 49       		.uleb128 0x49
 1067 0035 13       		.uleb128 0x13
 1068 0036 00       		.byte	0x0
 1069 0037 00       		.byte	0x0
 1070 0038 05       		.uleb128 0x5
 1071 0039 13       		.uleb128 0x13
 1072 003a 01       		.byte	0x1
 1073 003b 03       		.uleb128 0x3
 1074 003c 0E       		.uleb128 0xe
 1075 003d 0B       		.uleb128 0xb
 1076 003e 0B       		.uleb128 0xb
 1077 003f 3A       		.uleb128 0x3a
ARM GAS  C:\DOCUME~1\z_80\LOCALS~1\Temp\cc2ZWkDA.s 			page 20


 1078 0040 0B       		.uleb128 0xb
 1079 0041 3B       		.uleb128 0x3b
 1080 0042 0B       		.uleb128 0xb
 1081 0043 01       		.uleb128 0x1
 1082 0044 13       		.uleb128 0x13
 1083 0045 00       		.byte	0x0
 1084 0046 00       		.byte	0x0
 1085 0047 06       		.uleb128 0x6
 1086 0048 0D       		.uleb128 0xd
 1087 0049 00       		.byte	0x0
 1088 004a 03       		.uleb128 0x3
 1089 004b 0E       		.uleb128 0xe
 1090 004c 3A       		.uleb128 0x3a
 1091 004d 0B       		.uleb128 0xb
 1092 004e 3B       		.uleb128 0x3b
 1093 004f 0B       		.uleb128 0xb
 1094 0050 49       		.uleb128 0x49
 1095 0051 13       		.uleb128 0x13
 1096 0052 38       		.uleb128 0x38
 1097 0053 0A       		.uleb128 0xa
 1098 0054 00       		.byte	0x0
 1099 0055 00       		.byte	0x0
 1100 0056 07       		.uleb128 0x7
 1101 0057 0D       		.uleb128 0xd
 1102 0058 00       		.byte	0x0
 1103 0059 03       		.uleb128 0x3
 1104 005a 08       		.uleb128 0x8
 1105 005b 3A       		.uleb128 0x3a
 1106 005c 0B       		.uleb128 0xb
 1107 005d 3B       		.uleb128 0x3b
 1108 005e 0B       		.uleb128 0xb
 1109 005f 49       		.uleb128 0x49
 1110 0060 13       		.uleb128 0x13
 1111 0061 38       		.uleb128 0x38
 1112 0062 0A       		.uleb128 0xa
 1113 0063 00       		.byte	0x0
 1114 0064 00       		.byte	0x0
 1115 0065 08       		.uleb128 0x8
 1116 0066 13       		.uleb128 0x13
 1117 0067 01       		.byte	0x1
 1118 0068 0B       		.uleb128 0xb
 1119 0069 0B       		.uleb128 0xb
 1120 006a 3A       		.uleb128 0x3a
 1121 006b 0B       		.uleb128 0xb
 1122 006c 3B       		.uleb128 0x3b
 1123 006d 0B       		.uleb128 0xb
 1124 006e 01       		.uleb128 0x1
 1125 006f 13       		.uleb128 0x13
 1126 0070 00       		.byte	0x0
 1127 0071 00       		.byte	0x0
 1128 0072 09       		.uleb128 0x9
 1129 0073 0F       		.uleb128 0xf
 1130 0074 00       		.byte	0x0
 1131 0075 0B       		.uleb128 0xb
 1132 0076 0B       		.uleb128 0xb
 1133 0077 49       		.uleb128 0x49
 1134 0078 13       		.uleb128 0x13
ARM GAS  C:\DOCUME~1\z_80\LOCALS~1\Temp\cc2ZWkDA.s 			page 21


 1135 0079 00       		.byte	0x0
 1136 007a 00       		.byte	0x0
 1137 007b 0A       		.uleb128 0xa
 1138 007c 0F       		.uleb128 0xf
 1139 007d 00       		.byte	0x0
 1140 007e 0B       		.uleb128 0xb
 1141 007f 0B       		.uleb128 0xb
 1142 0080 00       		.byte	0x0
 1143 0081 00       		.byte	0x0
 1144 0082 0B       		.uleb128 0xb
 1145 0083 0D       		.uleb128 0xd
 1146 0084 00       		.byte	0x0
 1147 0085 03       		.uleb128 0x3
 1148 0086 08       		.uleb128 0x8
 1149 0087 3A       		.uleb128 0x3a
 1150 0088 0B       		.uleb128 0xb
 1151 0089 3B       		.uleb128 0x3b
 1152 008a 05       		.uleb128 0x5
 1153 008b 49       		.uleb128 0x49
 1154 008c 13       		.uleb128 0x13
 1155 008d 38       		.uleb128 0x38
 1156 008e 0A       		.uleb128 0xa
 1157 008f 00       		.byte	0x0
 1158 0090 00       		.byte	0x0
 1159 0091 0C       		.uleb128 0xc
 1160 0092 13       		.uleb128 0x13
 1161 0093 01       		.byte	0x1
 1162 0094 03       		.uleb128 0x3
 1163 0095 0E       		.uleb128 0xe
 1164 0096 0B       		.uleb128 0xb
 1165 0097 0B       		.uleb128 0xb
 1166 0098 3A       		.uleb128 0x3a
 1167 0099 0B       		.uleb128 0xb
 1168 009a 3B       		.uleb128 0x3b
 1169 009b 05       		.uleb128 0x5
 1170 009c 01       		.uleb128 0x1
 1171 009d 13       		.uleb128 0x13
 1172 009e 00       		.byte	0x0
 1173 009f 00       		.byte	0x0
 1174 00a0 0D       		.uleb128 0xd
 1175 00a1 15       		.uleb128 0x15
 1176 00a2 01       		.byte	0x1
 1177 00a3 27       		.uleb128 0x27
 1178 00a4 0C       		.uleb128 0xc
 1179 00a5 01       		.uleb128 0x1
 1180 00a6 13       		.uleb128 0x13
 1181 00a7 00       		.byte	0x0
 1182 00a8 00       		.byte	0x0
 1183 00a9 0E       		.uleb128 0xe
 1184 00aa 05       		.uleb128 0x5
 1185 00ab 00       		.byte	0x0
 1186 00ac 49       		.uleb128 0x49
 1187 00ad 13       		.uleb128 0x13
 1188 00ae 00       		.byte	0x0
 1189 00af 00       		.byte	0x0
 1190 00b0 0F       		.uleb128 0xf
 1191 00b1 35       		.uleb128 0x35
ARM GAS  C:\DOCUME~1\z_80\LOCALS~1\Temp\cc2ZWkDA.s 			page 22


 1192 00b2 00       		.byte	0x0
 1193 00b3 49       		.uleb128 0x49
 1194 00b4 13       		.uleb128 0x13
 1195 00b5 00       		.byte	0x0
 1196 00b6 00       		.byte	0x0
 1197 00b7 10       		.uleb128 0x10
 1198 00b8 17       		.uleb128 0x17
 1199 00b9 01       		.byte	0x1
 1200 00ba 0B       		.uleb128 0xb
 1201 00bb 0B       		.uleb128 0xb
 1202 00bc 3A       		.uleb128 0x3a
 1203 00bd 0B       		.uleb128 0xb
 1204 00be 3B       		.uleb128 0x3b
 1205 00bf 0B       		.uleb128 0xb
 1206 00c0 01       		.uleb128 0x1
 1207 00c1 13       		.uleb128 0x13
 1208 00c2 00       		.byte	0x0
 1209 00c3 00       		.byte	0x0
 1210 00c4 11       		.uleb128 0x11
 1211 00c5 0D       		.uleb128 0xd
 1212 00c6 00       		.byte	0x0
 1213 00c7 03       		.uleb128 0x3
 1214 00c8 0E       		.uleb128 0xe
 1215 00c9 3A       		.uleb128 0x3a
 1216 00ca 0B       		.uleb128 0xb
 1217 00cb 3B       		.uleb128 0x3b
 1218 00cc 0B       		.uleb128 0xb
 1219 00cd 49       		.uleb128 0x49
 1220 00ce 13       		.uleb128 0x13
 1221 00cf 00       		.byte	0x0
 1222 00d0 00       		.byte	0x0
 1223 00d1 12       		.uleb128 0x12
 1224 00d2 26       		.uleb128 0x26
 1225 00d3 00       		.byte	0x0
 1226 00d4 49       		.uleb128 0x49
 1227 00d5 13       		.uleb128 0x13
 1228 00d6 00       		.byte	0x0
 1229 00d7 00       		.byte	0x0
 1230 00d8 13       		.uleb128 0x13
 1231 00d9 2E       		.uleb128 0x2e
 1232 00da 01       		.byte	0x1
 1233 00db 03       		.uleb128 0x3
 1234 00dc 0E       		.uleb128 0xe
 1235 00dd 3A       		.uleb128 0x3a
 1236 00de 0B       		.uleb128 0xb
 1237 00df 3B       		.uleb128 0x3b
 1238 00e0 0B       		.uleb128 0xb
 1239 00e1 27       		.uleb128 0x27
 1240 00e2 0C       		.uleb128 0xc
 1241 00e3 11       		.uleb128 0x11
 1242 00e4 01       		.uleb128 0x1
 1243 00e5 12       		.uleb128 0x12
 1244 00e6 01       		.uleb128 0x1
 1245 00e7 40       		.uleb128 0x40
 1246 00e8 06       		.uleb128 0x6
 1247 00e9 01       		.uleb128 0x1
 1248 00ea 13       		.uleb128 0x13
ARM GAS  C:\DOCUME~1\z_80\LOCALS~1\Temp\cc2ZWkDA.s 			page 23


 1249 00eb 00       		.byte	0x0
 1250 00ec 00       		.byte	0x0
 1251 00ed 14       		.uleb128 0x14
 1252 00ee 05       		.uleb128 0x5
 1253 00ef 00       		.byte	0x0
 1254 00f0 03       		.uleb128 0x3
 1255 00f1 08       		.uleb128 0x8
 1256 00f2 3A       		.uleb128 0x3a
 1257 00f3 0B       		.uleb128 0xb
 1258 00f4 3B       		.uleb128 0x3b
 1259 00f5 0B       		.uleb128 0xb
 1260 00f6 49       		.uleb128 0x49
 1261 00f7 13       		.uleb128 0x13
 1262 00f8 02       		.uleb128 0x2
 1263 00f9 06       		.uleb128 0x6
 1264 00fa 00       		.byte	0x0
 1265 00fb 00       		.byte	0x0
 1266 00fc 15       		.uleb128 0x15
 1267 00fd 34       		.uleb128 0x34
 1268 00fe 00       		.byte	0x0
 1269 00ff 03       		.uleb128 0x3
 1270 0100 08       		.uleb128 0x8
 1271 0101 3A       		.uleb128 0x3a
 1272 0102 0B       		.uleb128 0xb
 1273 0103 3B       		.uleb128 0x3b
 1274 0104 0B       		.uleb128 0xb
 1275 0105 49       		.uleb128 0x49
 1276 0106 13       		.uleb128 0x13
 1277 0107 02       		.uleb128 0x2
 1278 0108 06       		.uleb128 0x6
 1279 0109 00       		.byte	0x0
 1280 010a 00       		.byte	0x0
 1281 010b 16       		.uleb128 0x16
 1282 010c 2E       		.uleb128 0x2e
 1283 010d 01       		.byte	0x1
 1284 010e 3F       		.uleb128 0x3f
 1285 010f 0C       		.uleb128 0xc
 1286 0110 03       		.uleb128 0x3
 1287 0111 0E       		.uleb128 0xe
 1288 0112 3A       		.uleb128 0x3a
 1289 0113 0B       		.uleb128 0xb
 1290 0114 3B       		.uleb128 0x3b
 1291 0115 0B       		.uleb128 0xb
 1292 0116 27       		.uleb128 0x27
 1293 0117 0C       		.uleb128 0xc
 1294 0118 11       		.uleb128 0x11
 1295 0119 01       		.uleb128 0x1
 1296 011a 12       		.uleb128 0x12
 1297 011b 01       		.uleb128 0x1
 1298 011c 40       		.uleb128 0x40
 1299 011d 06       		.uleb128 0x6
 1300 011e 01       		.uleb128 0x1
 1301 011f 13       		.uleb128 0x13
 1302 0120 00       		.byte	0x0
 1303 0121 00       		.byte	0x0
 1304 0122 17       		.uleb128 0x17
 1305 0123 2E       		.uleb128 0x2e
ARM GAS  C:\DOCUME~1\z_80\LOCALS~1\Temp\cc2ZWkDA.s 			page 24


 1306 0124 01       		.byte	0x1
 1307 0125 3F       		.uleb128 0x3f
 1308 0126 0C       		.uleb128 0xc
 1309 0127 03       		.uleb128 0x3
 1310 0128 0E       		.uleb128 0xe
 1311 0129 3A       		.uleb128 0x3a
 1312 012a 0B       		.uleb128 0xb
 1313 012b 3B       		.uleb128 0x3b
 1314 012c 0B       		.uleb128 0xb
 1315 012d 27       		.uleb128 0x27
 1316 012e 0C       		.uleb128 0xc
 1317 012f 11       		.uleb128 0x11
 1318 0130 01       		.uleb128 0x1
 1319 0131 12       		.uleb128 0x12
 1320 0132 01       		.uleb128 0x1
 1321 0133 40       		.uleb128 0x40
 1322 0134 06       		.uleb128 0x6
 1323 0135 00       		.byte	0x0
 1324 0136 00       		.byte	0x0
 1325 0137 00       		.byte	0x0
 1326              		.section	.debug_pubnames,"",%progbits
 1327 0000 27000000 		.4byte	0x27
 1328 0004 0200     		.2byte	0x2
 1329 0006 00000000 		.4byte	.Ldebug_info0
 1330 000a 8F050000 		.4byte	0x58f
 1331 000e 40050000 		.4byte	0x540
 1332 0012 65767453 		.ascii	"evtStart\000"
 1332      74617274 
 1332      00
 1333 001b 69050000 		.4byte	0x569
 1334 001f 65767453 		.ascii	"evtStop\000"
 1334      746F7000 
 1335 0027 00000000 		.4byte	0x0
 1336              		.section	.debug_pubtypes,"",%progbits
 1337 0000 96010000 		.4byte	0x196
 1338 0004 0200     		.2byte	0x2
 1339 0006 00000000 		.4byte	.Ldebug_info0
 1340 000a 8F050000 		.4byte	0x58f
 1341 000e 3E000000 		.4byte	0x3e
 1342 0012 75696E74 		.ascii	"uint8_t\000"
 1342      385F7400 
 1343 001a 5E000000 		.4byte	0x5e
 1344 001e 696E7433 		.ascii	"int32_t\000"
 1344      325F7400 
 1345 0026 70000000 		.4byte	0x70
 1346 002a 75696E74 		.ascii	"uint32_t\000"
 1346      33325F74 
 1346      00
 1347 0033 89000000 		.4byte	0x89
 1348 0037 75696E74 		.ascii	"uint64_t\000"
 1348      36345F74 
 1348      00
 1349 0040 9B000000 		.4byte	0x9b
 1350 0044 746D6F64 		.ascii	"tmode_t\000"
 1350      655F7400 
 1351 004c A6000000 		.4byte	0xa6
 1352 0050 74737461 		.ascii	"tstate_t\000"
ARM GAS  C:\DOCUME~1\z_80\LOCALS~1\Temp\cc2ZWkDA.s 			page 25


 1352      74655F74 
 1352      00
 1353 0059 B1000000 		.4byte	0xb1
 1354 005d 74726566 		.ascii	"trefs_t\000"
 1354      735F7400 
 1355 0065 BC000000 		.4byte	0xbc
 1356 0069 74707269 		.ascii	"tprio_t\000"
 1356      6F5F7400 
 1357 0071 C7000000 		.4byte	0xc7
 1358 0075 6D73675F 		.ascii	"msg_t\000"
 1358      7400
 1359 007b D2000000 		.4byte	0xd2
 1360 007f 6576656E 		.ascii	"eventmask_t\000"
 1360      746D6173 
 1360      6B5F7400 
 1361 008b DD000000 		.4byte	0xdd
 1362 008f 73797374 		.ascii	"systime_t\000"
 1362      696D655F 
 1362      7400
 1363 0099 E8000000 		.4byte	0xe8
 1364 009d 54687265 		.ascii	"Thread\000"
 1364      616400
 1365 00a4 43020000 		.4byte	0x243
 1366 00a8 54687265 		.ascii	"ThreadsQueue\000"
 1366      61647351 
 1366      75657565 
 1366      00
 1367 00b5 65020000 		.4byte	0x265
 1368 00b9 54687265 		.ascii	"ThreadsList\000"
 1368      6164734C 
 1368      69737400 
 1369 00c5 70020000 		.4byte	0x270
 1370 00c9 72656761 		.ascii	"regarm_t\000"
 1370      726D5F74 
 1370      00
 1371 00d2 7D020000 		.4byte	0x27d
 1372 00d6 73746B61 		.ascii	"stkalign_t\000"
 1372      6C69676E 
 1372      5F7400
 1373 00e1 88020000 		.4byte	0x288
 1374 00e5 696E7463 		.ascii	"intctx\000"
 1374      747800
 1375 00ec 15030000 		.4byte	0x315
 1376 00f0 636F6E74 		.ascii	"context\000"
 1376      65787400 
 1377 00f8 38030000 		.4byte	0x338
 1378 00fc 76746675 		.ascii	"vtfunc_t\000"
 1378      6E635F74 
 1378      00
 1379 0105 55030000 		.4byte	0x355
 1380 0109 56697274 		.ascii	"VirtualTimer\000"
 1380      75616C54 
 1380      696D6572 
 1380      00
 1381 0116 60030000 		.4byte	0x360
 1382 011a 56697274 		.ascii	"VirtualTimer\000"
 1382      75616C54 
ARM GAS  C:\DOCUME~1\z_80\LOCALS~1\Temp\cc2ZWkDA.s 			page 26


 1382      696D6572 
 1382      00
 1383 0127 BE030000 		.4byte	0x3be
 1384 012b 4D757465 		.ascii	"Mutex\000"
 1384      7800
 1385 0131 FB030000 		.4byte	0x3fb
 1386 0135 4D757465 		.ascii	"Mutex\000"
 1386      7800
 1387 013b 06040000 		.4byte	0x406
 1388 013f 4576656E 		.ascii	"EventListener\000"
 1388      744C6973 
 1388      74656E65 
 1388      7200
 1389 014d 11040000 		.4byte	0x411
 1390 0151 4576656E 		.ascii	"EventListener\000"
 1390      744C6973 
 1390      74656E65 
 1390      7200
 1391 015f 4E040000 		.4byte	0x44e
 1392 0163 4576656E 		.ascii	"EventSource\000"
 1392      74536F75 
 1392      72636500 
 1393 016f 69040000 		.4byte	0x469
 1394 0173 4576656E 		.ascii	"EventSource\000"
 1394      74536F75 
 1394      72636500 
 1395 017f F3000000 		.4byte	0xf3
 1396 0183 54687265 		.ascii	"Thread\000"
 1396      616400
 1397 018a FA040000 		.4byte	0x4fa
 1398 018e 45765469 		.ascii	"EvTimer\000"
 1398      6D657200 
 1399 0196 00000000 		.4byte	0x0
 1400              		.section	.debug_aranges,"",%progbits
 1401 0000 2C000000 		.4byte	0x2c
 1402 0004 0200     		.2byte	0x2
 1403 0006 00000000 		.4byte	.Ldebug_info0
 1404 000a 04       		.byte	0x4
 1405 000b 00       		.byte	0x0
 1406 000c 0000     		.2byte	0x0
 1407 000e 0000     		.2byte	0x0
 1408 0010 00000000 		.4byte	.LFB0
 1409 0014 20000000 		.4byte	.LFE0-.LFB0
 1410 0018 00000000 		.4byte	.LFB1
 1411 001c 34000000 		.4byte	.LFE1-.LFB1
 1412 0020 00000000 		.4byte	.LFB2
 1413 0024 20000000 		.4byte	.LFE2-.LFB2
 1414 0028 00000000 		.4byte	0x0
 1415 002c 00000000 		.4byte	0x0
 1416              		.section	.debug_ranges,"",%progbits
 1417              	.Ldebug_ranges0:
 1418 0000 00000000 		.4byte	.LFB0
 1419 0004 20000000 		.4byte	.LFE0
 1420 0008 00000000 		.4byte	.LFB1
 1421 000c 34000000 		.4byte	.LFE1
 1422 0010 00000000 		.4byte	.LFB2
 1423 0014 20000000 		.4byte	.LFE2
ARM GAS  C:\DOCUME~1\z_80\LOCALS~1\Temp\cc2ZWkDA.s 			page 27


 1424 0018 00000000 		.4byte	0x0
 1425 001c 00000000 		.4byte	0x0
 1426              		.section	.debug_str,"MS",%progbits,1
 1427              	.LASF70:
 1428 0000 65745F69 		.ascii	"et_interval\000"
 1428      6E746572 
 1428      76616C00 
 1429              	.LASF35:
 1430 000c 705F6D73 		.ascii	"p_msg\000"
 1430      6700
 1431              	.LASF63:
 1432 0012 7264796D 		.ascii	"rdymsg\000"
 1432      736700
 1433              	.LASF11:
 1434 0019 75696E74 		.ascii	"uint64_t\000"
 1434      36345F74 
 1434      00
 1435              	.LASF74:
 1436 0022 433A5C70 		.ascii	"C:\\projects\\ipm\\soft\\firmware\\valve\000"
 1436      726F6A65 
 1436      6374735C 
 1436      69706D5C 
 1436      736F6674 
 1437              	.LASF64:
 1438 0046 65786974 		.ascii	"exitcode\000"
 1438      636F6465 
 1438      00
 1439              	.LASF76:
 1440 004f 65767453 		.ascii	"evtStart\000"
 1440      74617274 
 1440      00
 1441              	.LASF23:
 1442 0058 705F7072 		.ascii	"p_prio\000"
 1442      696F00
 1443              	.LASF10:
 1444 005f 6C6F6E67 		.ascii	"long long int\000"
 1444      206C6F6E 
 1444      6720696E 
 1444      7400
 1445              	.LASF1:
 1446 006d 7369676E 		.ascii	"signed char\000"
 1446      65642063 
 1446      68617200 
 1447              	.LASF71:
 1448 0079 45765469 		.ascii	"EvTimer\000"
 1448      6D657200 
 1449              	.LASF39:
 1450 0081 705F6D70 		.ascii	"p_mpool\000"
 1450      6F6F6C00 
 1451              	.LASF12:
 1452 0089 6C6F6E67 		.ascii	"long long unsigned int\000"
 1452      206C6F6E 
 1452      6720756E 
 1452      7369676E 
 1452      65642069 
 1453              	.LASF54:
 1454 00a0 6D5F7175 		.ascii	"m_queue\000"
ARM GAS  C:\DOCUME~1\z_80\LOCALS~1\Temp\cc2ZWkDA.s 			page 28


 1454      65756500 
 1455              	.LASF7:
 1456 00a8 6C6F6E67 		.ascii	"long int\000"
 1456      20696E74 
 1456      00
 1457              	.LASF14:
 1458 00b1 74737461 		.ascii	"tstate_t\000"
 1458      74655F74 
 1458      00
 1459              	.LASF25:
 1460 00ba 705F6E65 		.ascii	"p_newer\000"
 1460      77657200 
 1461              	.LASF42:
 1462 00c2 72656761 		.ascii	"regarm_t\000"
 1462      726D5F74 
 1462      00
 1463              	.LASF49:
 1464 00cb 76745F70 		.ascii	"vt_prev\000"
 1464      72657600 
 1465              	.LASF61:
 1466 00d3 4576656E 		.ascii	"EventSource\000"
 1466      74536F75 
 1466      72636500 
 1467              	.LASF28:
 1468 00df 705F7374 		.ascii	"p_stklimit\000"
 1468      6B6C696D 
 1468      697400
 1469              	.LASF0:
 1470 00ea 756E7369 		.ascii	"unsigned int\000"
 1470      676E6564 
 1470      20696E74 
 1470      00
 1471              	.LASF48:
 1472 00f7 76745F6E 		.ascii	"vt_next\000"
 1472      65787400 
 1473              	.LASF9:
 1474 00ff 6C6F6E67 		.ascii	"long unsigned int\000"
 1474      20756E73 
 1474      69676E65 
 1474      6420696E 
 1474      7400
 1475              	.LASF45:
 1476 0111 636F6E74 		.ascii	"context\000"
 1476      65787400 
 1477              	.LASF4:
 1478 0119 73686F72 		.ascii	"short unsigned int\000"
 1478      7420756E 
 1478      7369676E 
 1478      65642069 
 1478      6E7400
 1479              	.LASF17:
 1480 012c 6D73675F 		.ascii	"msg_t\000"
 1480      7400
 1481              	.LASF58:
 1482 0132 656C5F6E 		.ascii	"el_next\000"
 1482      65787400 
 1483              	.LASF13:
ARM GAS  C:\DOCUME~1\z_80\LOCALS~1\Temp\cc2ZWkDA.s 			page 29


 1484 013a 746D6F64 		.ascii	"tmode_t\000"
 1484      655F7400 
 1485              	.LASF41:
 1486 0142 54687265 		.ascii	"ThreadsList\000"
 1486      6164734C 
 1486      69737400 
 1487              	.LASF18:
 1488 014e 6576656E 		.ascii	"eventmask_t\000"
 1488      746D6173 
 1488      6B5F7400 
 1489              	.LASF53:
 1490 015a 4D757465 		.ascii	"Mutex\000"
 1490      7800
 1491              	.LASF43:
 1492 0160 73746B61 		.ascii	"stkalign_t\000"
 1492      6C69676E 
 1492      5F7400
 1493              	.LASF50:
 1494 016b 76745F74 		.ascii	"vt_time\000"
 1494      696D6500 
 1495              	.LASF69:
 1496 0173 65745F65 		.ascii	"et_es\000"
 1496      7300
 1497              	.LASF51:
 1498 0179 76745F66 		.ascii	"vt_func\000"
 1498      756E6300 
 1499              	.LASF60:
 1500 0181 656C5F6D 		.ascii	"el_mask\000"
 1500      61736B00 
 1501              	.LASF26:
 1502 0189 705F6F6C 		.ascii	"p_older\000"
 1502      64657200 
 1503              	.LASF40:
 1504 0191 54687265 		.ascii	"ThreadsQueue\000"
 1504      61647351 
 1504      75657565 
 1504      00
 1505              	.LASF73:
 1506 019e 2E2E2F63 		.ascii	"../chibios_2.4.x/os/various/evtimer.c\000"
 1506      68696269 
 1506      6F735F32 
 1506      2E342E78 
 1506      2F6F732F 
 1507              	.LASF15:
 1508 01c4 74726566 		.ascii	"trefs_t\000"
 1508      735F7400 
 1509              	.LASF22:
 1510 01cc 705F7072 		.ascii	"p_prev\000"
 1510      657600
 1511              	.LASF16:
 1512 01d3 74707269 		.ascii	"tprio_t\000"
 1512      6F5F7400 
 1513              	.LASF6:
 1514 01db 696E7433 		.ascii	"int32_t\000"
 1514      325F7400 
 1515              	.LASF2:
 1516 01e3 756E7369 		.ascii	"unsigned char\000"
ARM GAS  C:\DOCUME~1\z_80\LOCALS~1\Temp\cc2ZWkDA.s 			page 30


 1516      676E6564 
 1516      20636861 
 1516      7200
 1517              	.LASF59:
 1518 01f1 656C5F6C 		.ascii	"el_listener\000"
 1518      69737465 
 1518      6E657200 
 1519              	.LASF37:
 1520 01fd 705F6D74 		.ascii	"p_mtxlist\000"
 1520      786C6973 
 1520      7400
 1521              	.LASF3:
 1522 0207 73686F72 		.ascii	"short int\000"
 1522      7420696E 
 1522      7400
 1523              	.LASF29:
 1524 0211 705F7374 		.ascii	"p_state\000"
 1524      61746500 
 1525              	.LASF66:
 1526 0219 65776D61 		.ascii	"ewmask\000"
 1526      736B00
 1527              	.LASF21:
 1528 0220 705F6E65 		.ascii	"p_next\000"
 1528      787400
 1529              	.LASF30:
 1530 0227 705F666C 		.ascii	"p_flags\000"
 1530      61677300 
 1531              	.LASF20:
 1532 022f 54687265 		.ascii	"Thread\000"
 1532      616400
 1533              	.LASF36:
 1534 0236 705F6570 		.ascii	"p_epending\000"
 1534      656E6469 
 1534      6E6700
 1535              	.LASF8:
 1536 0241 75696E74 		.ascii	"uint32_t\000"
 1536      33325F74 
 1536      00
 1537              	.LASF47:
 1538 024a 56697274 		.ascii	"VirtualTimer\000"
 1538      75616C54 
 1538      696D6572 
 1538      00
 1539              	.LASF67:
 1540 0257 63686172 		.ascii	"char\000"
 1540      00
 1541              	.LASF75:
 1542 025c 746D7263 		.ascii	"tmrcb\000"
 1542      6200
 1543              	.LASF56:
 1544 0262 6D5F6E65 		.ascii	"m_next\000"
 1544      787400
 1545              	.LASF19:
 1546 0269 73797374 		.ascii	"systime_t\000"
 1546      696D655F 
 1546      7400
 1547              	.LASF38:
ARM GAS  C:\DOCUME~1\z_80\LOCALS~1\Temp\cc2ZWkDA.s 			page 31


 1548 0273 705F7265 		.ascii	"p_realprio\000"
 1548      616C7072 
 1548      696F00
 1549              	.LASF46:
 1550 027e 76746675 		.ascii	"vtfunc_t\000"
 1550      6E635F74 
 1550      00
 1551              	.LASF77:
 1552 0287 65767453 		.ascii	"evtStop\000"
 1552      746F7000 
 1553              	.LASF32:
 1554 028f 705F7469 		.ascii	"p_time\000"
 1554      6D6500
 1555              	.LASF44:
 1556 0296 696E7463 		.ascii	"intctx\000"
 1556      747800
 1557              	.LASF34:
 1558 029d 705F6D73 		.ascii	"p_msgqueue\000"
 1558      67717565 
 1558      756500
 1559              	.LASF52:
 1560 02a8 76745F70 		.ascii	"vt_par\000"
 1560      617200
 1561              	.LASF31:
 1562 02af 705F7265 		.ascii	"p_refs\000"
 1562      667300
 1563              	.LASF5:
 1564 02b6 75696E74 		.ascii	"uint8_t\000"
 1564      385F7400 
 1565              	.LASF57:
 1566 02be 4576656E 		.ascii	"EventListener\000"
 1566      744C6973 
 1566      74656E65 
 1566      7200
 1567              	.LASF65:
 1568 02cc 77746F62 		.ascii	"wtobjp\000"
 1568      6A7000
 1569              	.LASF72:
 1570 02d3 474E5520 		.ascii	"GNU C 4.5.2\000"
 1570      4320342E 
 1570      352E3200 
 1571              	.LASF27:
 1572 02df 705F6E61 		.ascii	"p_name\000"
 1572      6D6500
 1573              	.LASF62:
 1574 02e6 65735F6E 		.ascii	"es_next\000"
 1574      65787400 
 1575              	.LASF68:
 1576 02ee 65745F76 		.ascii	"et_vt\000"
 1576      7400
 1577              	.LASF55:
 1578 02f4 6D5F6F77 		.ascii	"m_owner\000"
 1578      6E657200 
 1579              	.LASF24:
 1580 02fc 705F6374 		.ascii	"p_ctx\000"
 1580      7800
 1581              	.LASF33:
ARM GAS  C:\DOCUME~1\z_80\LOCALS~1\Temp\cc2ZWkDA.s 			page 32


 1582 0302 705F7761 		.ascii	"p_waiting\000"
 1582      6974696E 
 1582      6700
 1583              		.ident	"GCC: (Sourcery G++ Lite 2011.03-42) 4.5.2"
ARM GAS  C:\DOCUME~1\z_80\LOCALS~1\Temp\cc2ZWkDA.s 			page 33


DEFINED SYMBOLS
                            *ABS*:00000000 evtimer.c
C:\DOCUME~1\z_80\LOCALS~1\Temp\cc2ZWkDA.s:24     .text.tmrcb:00000000 $t
C:\DOCUME~1\z_80\LOCALS~1\Temp\cc2ZWkDA.s:29     .text.tmrcb:00000000 tmrcb
C:\DOCUME~1\z_80\LOCALS~1\Temp\cc2ZWkDA.s:63     .text.tmrcb:0000001c $d
C:\DOCUME~1\z_80\LOCALS~1\Temp\cc2ZWkDA.s:68     .text.evtStart:00000000 $t
C:\DOCUME~1\z_80\LOCALS~1\Temp\cc2ZWkDA.s:74     .text.evtStart:00000000 evtStart
C:\DOCUME~1\z_80\LOCALS~1\Temp\cc2ZWkDA.s:124    .text.evtStart:00000030 $d
C:\DOCUME~1\z_80\LOCALS~1\Temp\cc2ZWkDA.s:129    .text.evtStop:00000000 $t
C:\DOCUME~1\z_80\LOCALS~1\Temp\cc2ZWkDA.s:135    .text.evtStop:00000000 evtStop
                     .debug_frame:00000010 $d
C:\DOCUME~1\z_80\LOCALS~1\Temp\cc2ZWkDA.s:128    .text.evtStart:00000034 $t

UNDEFINED SYMBOLS
chEvtBroadcastFlagsI
chVTSetI
_port_lock
dbg_check_lock
dbg_check_unlock
_port_unlock
chVTResetI
