ARM GAS  C:\DOCUME~1\z_80\LOCALS~1\Temp\ccdZIJoy.s 			page 1


   1              		.syntax unified
   2              		.cpu cortex-m3
   3              		.fpu softvfp
   4              		.eabi_attribute 20, 1
   5              		.eabi_attribute 21, 1
   6              		.eabi_attribute 23, 3
   7              		.eabi_attribute 24, 1
   8              		.eabi_attribute 25, 1
   9              		.eabi_attribute 26, 1
  10              		.eabi_attribute 30, 2
  11              		.eabi_attribute 18, 4
  12              		.thumb
  13              		.file	"hal.c"
  14              		.section	.debug_abbrev,"",%progbits
  15              	.Ldebug_abbrev0:
  16              		.section	.debug_info,"",%progbits
  17              	.Ldebug_info0:
  18              		.section	.debug_line,"",%progbits
  19              	.Ldebug_line0:
  20 0000 3D020000 		.text
  20      0200CE01 
  20      00000201 
  20      FB0E0D00 
  20      01010101 
  21              	.Ltext0:
  22              		.cfi_sections	.debug_frame
  23              		.section	.text.halInit,"ax",%progbits
  24              		.align	2
  25              		.p2align 4,,15
  26              		.global	halInit
  27              		.thumb
  28              		.thumb_func
  29              		.type	halInit, %function
  30              	halInit:
  31              	.LFB55:
  32              		.file 1 "../chibios_2.4.x/os/hal/src/hal.c"
  33              		.loc 1 68 0
  34              		.cfi_startproc
  35              		@ args = 0, pretend = 0, frame = 0
  36              		@ frame_needed = 0, uses_anonymous_args = 0
  37 0000 10B5     		push	{r4, lr}
  38              	.LCFI0:
  39              		.cfi_def_cfa_offset 8
  40              		.loc 1 70 0
  41              		.cfi_offset 14, -4
  42              		.cfi_offset 4, -8
  43 0002 FFF7FEFF 		bl	hal_lld_init
  44              		.loc 1 73 0
  45 0006 FFF7FEFF 		bl	tmInit
  46              		.loc 1 76 0
  47 000a 0748     		ldr	r0, .L2
  48 000c FFF7FEFF 		bl	_pal_lld_init
  49              		.loc 1 79 0
  50 0010 FFF7FEFF 		bl	adcInit
  51              		.loc 1 100 0
  52 0014 FFF7FEFF 		bl	pwmInit
  53              		.loc 1 115 0
ARM GAS  C:\DOCUME~1\z_80\LOCALS~1\Temp\ccdZIJoy.s 			page 2


  54 0018 FFF7FEFF 		bl	usbInit
  55              		.loc 1 121 0
  56 001c FFF7FEFF 		bl	sduInit
  57              		.loc 1 128 0
  58 0020 BDE81040 		pop	{r4, lr}
  59              		.loc 1 127 0
  60 0024 FFF7FEBF 		b	boardInit
  61              	.L3:
  62              		.align	2
  63              	.L2:
  64 0028 00000000 		.word	pal_default_config
  65              		.cfi_endproc
  66              	.LFE55:
  67              		.size	halInit, .-halInit
  68 002c AFF30080 		.section	.text.halIsCounterWithin,"ax",%progbits
  69              		.align	2
  70              		.p2align 4,,15
  71              		.global	halIsCounterWithin
  72              		.thumb
  73              		.thumb_func
  74              		.type	halIsCounterWithin, %function
  75              	halIsCounterWithin:
  76              	.LFB56:
  77              		.loc 1 174 0
  78              		.cfi_startproc
  79              		@ args = 0, pretend = 0, frame = 0
  80              		@ frame_needed = 0, uses_anonymous_args = 0
  81              		@ link register save eliminated.
  82              	.LVL0:
  83              		.loc 1 175 0
  84 0000 084B     		ldr	r3, .L11
  85              		.loc 1 177 0
  86 0002 8142     		cmp	r1, r0
  87              		.loc 1 175 0
  88 0004 5B68     		ldr	r3, [r3, #4]
  89              	.LVL1:
  90              		.loc 1 177 0
  91 0006 06D9     		bls	.L5
  92              		.loc 1 177 0 is_stmt 0 discriminator 1
  93 0008 8342     		cmp	r3, r0
  94 000a 08D3     		bcc	.L7
  95              	.L9:
  96              		.loc 1 177 0
  97 000c 8B42     		cmp	r3, r1
  98 000e 2CBF     		ite	cs
  99 0010 0020     		movcs	r0, #0
 100              	.LVL2:
 101 0012 0120     		movcc	r0, #1
 102 0014 7047     		bx	lr
 103              	.LVL3:
 104              	.L5:
 105              		.loc 1 177 0 discriminator 2
 106 0016 8342     		cmp	r3, r0
 107 0018 F8D3     		bcc	.L9
 108              		.loc 1 177 0
 109 001a 0120     		movs	r0, #1
 110              	.LVL4:
ARM GAS  C:\DOCUME~1\z_80\LOCALS~1\Temp\ccdZIJoy.s 			page 3


 111              		.loc 1 179 0 is_stmt 1
 112 001c 7047     		bx	lr
 113              	.LVL5:
 114              	.L7:
 115              		.loc 1 177 0
 116 001e 0020     		movs	r0, #0
 117              	.LVL6:
 118 0020 7047     		bx	lr
 119              	.L12:
 120 0022 00BF     		.align	2
 121              	.L11:
 122 0024 001000E0 		.word	-536866816
 123              		.cfi_endproc
 124              	.LFE56:
 125              		.size	halIsCounterWithin, .-halIsCounterWithin
 126 0028 AFF30080 		.section	.text.halPolledDelay,"ax",%progbits
 126      AFF30080 
 127              		.align	2
 128              		.p2align 4,,15
 129              		.global	halPolledDelay
 130              		.thumb
 131              		.thumb_func
 132              		.type	halPolledDelay, %function
 133              	halPolledDelay:
 134              	.LFB57:
 135              		.loc 1 193 0
 136              		.cfi_startproc
 137              		@ args = 0, pretend = 0, frame = 0
 138              		@ frame_needed = 0, uses_anonymous_args = 0
 139              		@ link register save eliminated.
 140              	.LVL7:
 141              		.loc 1 194 0
 142 0000 084A     		ldr	r2, .L21
 143 0002 5368     		ldr	r3, [r2, #4]
 144              	.LVL8:
 145              		.loc 1 195 0
 146 0004 C018     		adds	r0, r0, r3
 147              	.LVL9:
 148              	.L19:
 149              	.LBB4:
 150              	.LBB5:
 151              		.loc 1 177 0 discriminator 1
 152 0006 8342     		cmp	r3, r0
 153              		.loc 1 175 0 discriminator 1
 154 0008 5168     		ldr	r1, [r2, #4]
 155              	.LVL10:
 156              		.loc 1 177 0 discriminator 1
 157 000a 02D2     		bcs	.L14
 158              		.loc 1 177 0 is_stmt 0
 159 000c 8B42     		cmp	r3, r1
 160 000e 05D9     		bls	.L20
 161 0010 7047     		bx	lr
 162              	.L14:
 163 0012 8B42     		cmp	r3, r1
 164 0014 F7D9     		bls	.L19
 165              		.loc 1 178 0 is_stmt 1
 166 0016 8842     		cmp	r0, r1
ARM GAS  C:\DOCUME~1\z_80\LOCALS~1\Temp\ccdZIJoy.s 			page 4


 167 0018 F5D8     		bhi	.L19
 168 001a 7047     		bx	lr
 169              	.L20:
 170              		.loc 1 177 0
 171 001c 8842     		cmp	r0, r1
 172 001e F2D8     		bhi	.L19
 173 0020 7047     		bx	lr
 174              	.L22:
 175 0022 00BF     		.align	2
 176              	.L21:
 177 0024 001000E0 		.word	-536866816
 178              	.LBE5:
 179              	.LBE4:
 180              		.cfi_endproc
 181              	.LFE57:
 182              		.size	halPolledDelay, .-halPolledDelay
 183 0028 AFF30080 		.text
 183      AFF30080 
 184              	.Letext0:
 185              		.section	.debug_loc,"",%progbits
 186              	.Ldebug_loc0:
 187              	.LLST0:
 188 0000 00000000 		.4byte	.LFB55
 189 0004 02000000 		.4byte	.LCFI0
 190 0008 0200     		.2byte	0x2
 191 000a 7D       		.byte	0x7d
 192 000b 00       		.sleb128 0
 193 000c 02000000 		.4byte	.LCFI0
 194 0010 2C000000 		.4byte	.LFE55
 195 0014 0200     		.2byte	0x2
 196 0016 7D       		.byte	0x7d
 197 0017 08       		.sleb128 8
 198 0018 00000000 		.4byte	0x0
 199 001c 00000000 		.4byte	0x0
 200              	.LLST1:
 201 0020 00000000 		.4byte	.LVL0
 202 0024 12000000 		.4byte	.LVL2
 203 0028 0100     		.2byte	0x1
 204 002a 50       		.byte	0x50
 205 002b 16000000 		.4byte	.LVL3
 206 002f 1C000000 		.4byte	.LVL4
 207 0033 0100     		.2byte	0x1
 208 0035 50       		.byte	0x50
 209 0036 1E000000 		.4byte	.LVL5
 210 003a 20000000 		.4byte	.LVL6
 211 003e 0100     		.2byte	0x1
 212 0040 50       		.byte	0x50
 213 0041 00000000 		.4byte	0x0
 214 0045 00000000 		.4byte	0x0
 215              	.LLST2:
 216 0049 00000000 		.4byte	.LVL7
 217 004d 06000000 		.4byte	.LVL9
 218 0051 0100     		.2byte	0x1
 219 0053 50       		.byte	0x50
 220 0054 00000000 		.4byte	0x0
 221 0058 00000000 		.4byte	0x0
 222              		.file 2 "c:\\programs\\codesourcery\\arm-2012.03-56\\bin\\../lib/gcc/arm-none-eabi/4.5.2/../../../
ARM GAS  C:\DOCUME~1\z_80\LOCALS~1\Temp\ccdZIJoy.s 			page 5


 223              		.file 3 "../chibios_2.4.x/os/ports/GCC/ARMCMx/chtypes.h"
 224              		.file 4 "../chibios_2.4.x/os/ports/common/ARMCMx/nvic.h"
 225              		.file 5 "../chibios_2.4.x/os/hal/platforms/STM32F1xx/hal_lld.h"
 226              		.file 6 "../chibios_2.4.x/os/hal/platforms/STM32/GPIOv1/pal_lld.h"
 227              		.file 7 "../chibios_2.4.x/os/ports/common/ARMCMx/CMSIS/include/core_cm3.h"
 228              		.section	.debug_info
 229 0000 F2020000 		.4byte	0x2f2
 230 0004 0200     		.2byte	0x2
 231 0006 00000000 		.4byte	.Ldebug_abbrev0
 232 000a 04       		.byte	0x4
 233 000b 01       		.uleb128 0x1
 234 000c 0D000000 		.4byte	.LASF34
 235 0010 01       		.byte	0x1
 236 0011 3F000000 		.4byte	.LASF35
 237 0015 5A010000 		.4byte	.LASF36
 238 0019 00000000 		.4byte	0x0
 239 001d 00000000 		.4byte	0x0
 240 0021 00000000 		.4byte	.Ldebug_ranges0+0x0
 241 0025 00000000 		.4byte	.Ldebug_line0
 242 0029 02       		.uleb128 0x2
 243 002a 04       		.byte	0x4
 244 002b 05       		.byte	0x5
 245 002c 696E7400 		.ascii	"int\000"
 246 0030 03       		.uleb128 0x3
 247 0031 04       		.byte	0x4
 248 0032 07       		.byte	0x7
 249 0033 24000000 		.4byte	.LASF0
 250 0037 03       		.uleb128 0x3
 251 0038 01       		.byte	0x1
 252 0039 06       		.byte	0x6
 253 003a B8010000 		.4byte	.LASF1
 254 003e 03       		.uleb128 0x3
 255 003f 01       		.byte	0x1
 256 0040 08       		.byte	0x8
 257 0041 79000000 		.4byte	.LASF2
 258 0045 03       		.uleb128 0x3
 259 0046 02       		.byte	0x2
 260 0047 05       		.byte	0x5
 261 0048 8D010000 		.4byte	.LASF3
 262 004c 03       		.uleb128 0x3
 263 004d 02       		.byte	0x2
 264 004e 07       		.byte	0x7
 265 004f B3000000 		.4byte	.LASF4
 266 0053 04       		.uleb128 0x4
 267 0054 3C010000 		.4byte	.LASF6
 268 0058 02       		.byte	0x2
 269 0059 4F       		.byte	0x4f
 270 005a 5E000000 		.4byte	0x5e
 271 005e 03       		.uleb128 0x3
 272 005f 04       		.byte	0x4
 273 0060 05       		.byte	0x5
 274 0061 AF010000 		.4byte	.LASF5
 275 0065 04       		.uleb128 0x4
 276 0066 A6010000 		.4byte	.LASF7
 277 006a 02       		.byte	0x2
 278 006b 50       		.byte	0x50
 279 006c 70000000 		.4byte	0x70
ARM GAS  C:\DOCUME~1\z_80\LOCALS~1\Temp\ccdZIJoy.s 			page 6


 280 0070 03       		.uleb128 0x3
 281 0071 04       		.byte	0x4
 282 0072 07       		.byte	0x7
 283 0073 A1000000 		.4byte	.LASF8
 284 0077 03       		.uleb128 0x3
 285 0078 08       		.byte	0x8
 286 0079 05       		.byte	0x5
 287 007a 44010000 		.4byte	.LASF9
 288 007e 03       		.uleb128 0x3
 289 007f 08       		.byte	0x8
 290 0080 07       		.byte	0x7
 291 0081 C4010000 		.4byte	.LASF10
 292 0085 04       		.uleb128 0x4
 293 0086 31000000 		.4byte	.LASF11
 294 008a 03       		.byte	0x3
 295 008b 2E       		.byte	0x2e
 296 008c 53000000 		.4byte	0x53
 297 0090 05       		.uleb128 0x5
 298 0091 70000000 		.4byte	0x70
 299 0095 06       		.uleb128 0x6
 300 0096 20       		.byte	0x20
 301 0097 04       		.byte	0x4
 302 0098 0601     		.2byte	0x106
 303 009a 17010000 		.4byte	0x117
 304 009e 07       		.uleb128 0x7
 305 009f 24010000 		.4byte	.LASF12
 306 00a3 04       		.byte	0x4
 307 00a4 0701     		.2byte	0x107
 308 00a6 90000000 		.4byte	0x90
 309 00aa 02       		.byte	0x2
 310 00ab 23       		.byte	0x23
 311 00ac 00       		.uleb128 0x0
 312 00ad 07       		.uleb128 0x7
 313 00ae 06010000 		.4byte	.LASF13
 314 00b2 04       		.byte	0x4
 315 00b3 0801     		.2byte	0x108
 316 00b5 90000000 		.4byte	0x90
 317 00b9 02       		.byte	0x2
 318 00ba 23       		.byte	0x23
 319 00bb 04       		.uleb128 0x4
 320 00bc 07       		.uleb128 0x7
 321 00bd C6000000 		.4byte	.LASF14
 322 00c1 04       		.byte	0x4
 323 00c2 0901     		.2byte	0x109
 324 00c4 90000000 		.4byte	0x90
 325 00c8 02       		.byte	0x2
 326 00c9 23       		.byte	0x23
 327 00ca 08       		.uleb128 0x8
 328 00cb 07       		.uleb128 0x7
 329 00cc 38000000 		.4byte	.LASF15
 330 00d0 04       		.byte	0x4
 331 00d1 0A01     		.2byte	0x10a
 332 00d3 90000000 		.4byte	0x90
 333 00d7 02       		.byte	0x2
 334 00d8 23       		.byte	0x23
 335 00d9 0C       		.uleb128 0xc
 336 00da 07       		.uleb128 0x7
ARM GAS  C:\DOCUME~1\z_80\LOCALS~1\Temp\ccdZIJoy.s 			page 7


 337 00db 61000000 		.4byte	.LASF16
 338 00df 04       		.byte	0x4
 339 00e0 0B01     		.2byte	0x10b
 340 00e2 90000000 		.4byte	0x90
 341 00e6 02       		.byte	0x2
 342 00e7 23       		.byte	0x23
 343 00e8 10       		.uleb128 0x10
 344 00e9 07       		.uleb128 0x7
 345 00ea FF000000 		.4byte	.LASF17
 346 00ee 04       		.byte	0x4
 347 00ef 0C01     		.2byte	0x10c
 348 00f1 90000000 		.4byte	0x90
 349 00f5 02       		.byte	0x2
 350 00f6 23       		.byte	0x23
 351 00f7 14       		.uleb128 0x14
 352 00f8 07       		.uleb128 0x7
 353 00f9 DA000000 		.4byte	.LASF18
 354 00fd 04       		.byte	0x4
 355 00fe 0D01     		.2byte	0x10d
 356 0100 90000000 		.4byte	0x90
 357 0104 02       		.byte	0x2
 358 0105 23       		.byte	0x23
 359 0106 18       		.uleb128 0x18
 360 0107 07       		.uleb128 0x7
 361 0108 19000000 		.4byte	.LASF19
 362 010c 04       		.byte	0x4
 363 010d 0E01     		.2byte	0x10e
 364 010f 90000000 		.4byte	0x90
 365 0113 02       		.byte	0x2
 366 0114 23       		.byte	0x23
 367 0115 1C       		.uleb128 0x1c
 368 0116 00       		.byte	0x0
 369 0117 08       		.uleb128 0x8
 370 0118 9E010000 		.4byte	.LASF20
 371 011c 04       		.byte	0x4
 372 011d 0F01     		.2byte	0x10f
 373 011f 95000000 		.4byte	0x95
 374 0123 03       		.uleb128 0x3
 375 0124 01       		.byte	0x1
 376 0125 08       		.byte	0x8
 377 0126 1F010000 		.4byte	.LASF21
 378 012a 05       		.uleb128 0x5
 379 012b 53000000 		.4byte	0x53
 380 012f 04       		.uleb128 0x4
 381 0130 14010000 		.4byte	.LASF22
 382 0134 05       		.byte	0x5
 383 0135 D8       		.byte	0xd8
 384 0136 65000000 		.4byte	0x65
 385 013a 09       		.uleb128 0x9
 386 013b 0C       		.byte	0xc
 387 013c 06       		.byte	0x6
 388 013d 43       		.byte	0x43
 389 013e 6D010000 		.4byte	0x16d
 390 0142 0A       		.uleb128 0xa
 391 0143 6F647200 		.ascii	"odr\000"
 392 0147 06       		.byte	0x6
 393 0148 45       		.byte	0x45
ARM GAS  C:\DOCUME~1\z_80\LOCALS~1\Temp\ccdZIJoy.s 			page 8


 394 0149 65000000 		.4byte	0x65
 395 014d 02       		.byte	0x2
 396 014e 23       		.byte	0x23
 397 014f 00       		.uleb128 0x0
 398 0150 0A       		.uleb128 0xa
 399 0151 63726C00 		.ascii	"crl\000"
 400 0155 06       		.byte	0x6
 401 0156 47       		.byte	0x47
 402 0157 65000000 		.4byte	0x65
 403 015b 02       		.byte	0x2
 404 015c 23       		.byte	0x23
 405 015d 04       		.uleb128 0x4
 406 015e 0A       		.uleb128 0xa
 407 015f 63726800 		.ascii	"crh\000"
 408 0163 06       		.byte	0x6
 409 0164 49       		.byte	0x49
 410 0165 65000000 		.4byte	0x65
 411 0169 02       		.byte	0x2
 412 016a 23       		.byte	0x23
 413 016b 08       		.uleb128 0x8
 414 016c 00       		.byte	0x0
 415 016d 04       		.uleb128 0x4
 416 016e 87000000 		.4byte	.LASF23
 417 0172 06       		.byte	0x6
 418 0173 4A       		.byte	0x4a
 419 0174 3A010000 		.4byte	0x13a
 420 0178 09       		.uleb128 0x9
 421 0179 3C       		.byte	0x3c
 422 017a 06       		.byte	0x6
 423 017b 53       		.byte	0x53
 424 017c C7010000 		.4byte	0x1c7
 425 0180 0B       		.uleb128 0xb
 426 0181 9A000000 		.4byte	.LASF24
 427 0185 06       		.byte	0x6
 428 0186 55       		.byte	0x55
 429 0187 6D010000 		.4byte	0x16d
 430 018b 02       		.byte	0x2
 431 018c 23       		.byte	0x23
 432 018d 00       		.uleb128 0x0
 433 018e 0B       		.uleb128 0xb
 434 018f 0D010000 		.4byte	.LASF25
 435 0193 06       		.byte	0x6
 436 0194 57       		.byte	0x57
 437 0195 6D010000 		.4byte	0x16d
 438 0199 02       		.byte	0x2
 439 019a 23       		.byte	0x23
 440 019b 0C       		.uleb128 0xc
 441 019c 0B       		.uleb128 0xb
 442 019d 97010000 		.4byte	.LASF26
 443 01a1 06       		.byte	0x6
 444 01a2 59       		.byte	0x59
 445 01a3 6D010000 		.4byte	0x16d
 446 01a7 02       		.byte	0x2
 447 01a8 23       		.byte	0x23
 448 01a9 18       		.uleb128 0x18
 449 01aa 0B       		.uleb128 0xb
 450 01ab 06000000 		.4byte	.LASF27
ARM GAS  C:\DOCUME~1\z_80\LOCALS~1\Temp\ccdZIJoy.s 			page 9


 451 01af 06       		.byte	0x6
 452 01b0 5B       		.byte	0x5b
 453 01b1 6D010000 		.4byte	0x16d
 454 01b5 02       		.byte	0x2
 455 01b6 23       		.byte	0x23
 456 01b7 24       		.uleb128 0x24
 457 01b8 0B       		.uleb128 0xb
 458 01b9 72000000 		.4byte	.LASF28
 459 01bd 06       		.byte	0x6
 460 01be 5E       		.byte	0x5e
 461 01bf 6D010000 		.4byte	0x16d
 462 01c3 02       		.byte	0x2
 463 01c4 23       		.byte	0x23
 464 01c5 30       		.uleb128 0x30
 465 01c6 00       		.byte	0x0
 466 01c7 04       		.uleb128 0x4
 467 01c8 E2000000 		.4byte	.LASF29
 468 01cc 06       		.byte	0x6
 469 01cd 68       		.byte	0x68
 470 01ce 78010000 		.4byte	0x178
 471 01d2 0C       		.uleb128 0xc
 472 01d3 01       		.byte	0x1
 473 01d4 29010000 		.4byte	.LASF37
 474 01d8 01       		.byte	0x1
 475 01d9 AE       		.byte	0xae
 476 01da 01       		.byte	0x1
 477 01db 85000000 		.4byte	0x85
 478 01df 01       		.byte	0x1
 479 01e0 06020000 		.4byte	0x206
 480 01e4 0D       		.uleb128 0xd
 481 01e5 1E000000 		.4byte	.LASF30
 482 01e9 01       		.byte	0x1
 483 01ea AE       		.byte	0xae
 484 01eb 2F010000 		.4byte	0x12f
 485 01ef 0E       		.uleb128 0xe
 486 01f0 656E6400 		.ascii	"end\000"
 487 01f4 01       		.byte	0x1
 488 01f5 AE       		.byte	0xae
 489 01f6 2F010000 		.4byte	0x12f
 490 01fa 0F       		.uleb128 0xf
 491 01fb 6E6F7700 		.ascii	"now\000"
 492 01ff 01       		.byte	0x1
 493 0200 AF       		.byte	0xaf
 494 0201 2F010000 		.4byte	0x12f
 495 0205 00       		.byte	0x0
 496 0206 10       		.uleb128 0x10
 497 0207 01       		.byte	0x1
 498 0208 6A000000 		.4byte	.LASF38
 499 020c 01       		.byte	0x1
 500 020d 44       		.byte	0x44
 501 020e 01       		.byte	0x1
 502 020f 00000000 		.4byte	.LFB55
 503 0213 2C000000 		.4byte	.LFE55
 504 0217 00000000 		.4byte	.LLST0
 505 021b 11       		.uleb128 0x11
 506 021c D2010000 		.4byte	0x1d2
 507 0220 00000000 		.4byte	.LFB56
ARM GAS  C:\DOCUME~1\z_80\LOCALS~1\Temp\ccdZIJoy.s 			page 10


 508 0224 28000000 		.4byte	.LFE56
 509 0228 02       		.byte	0x2
 510 0229 7D       		.byte	0x7d
 511 022a 00       		.sleb128 0
 512 022b 47020000 		.4byte	0x247
 513 022f 12       		.uleb128 0x12
 514 0230 E4010000 		.4byte	0x1e4
 515 0234 20000000 		.4byte	.LLST1
 516 0238 13       		.uleb128 0x13
 517 0239 EF010000 		.4byte	0x1ef
 518 023d 01       		.byte	0x1
 519 023e 51       		.byte	0x51
 520 023f 14       		.uleb128 0x14
 521 0240 FA010000 		.4byte	0x1fa
 522 0244 01       		.byte	0x1
 523 0245 53       		.byte	0x53
 524 0246 00       		.byte	0x0
 525 0247 15       		.uleb128 0x15
 526 0248 01       		.byte	0x1
 527 0249 7E010000 		.4byte	.LASF39
 528 024d 01       		.byte	0x1
 529 024e C1       		.byte	0xc1
 530 024f 01       		.byte	0x1
 531 0250 00000000 		.4byte	.LFB57
 532 0254 28000000 		.4byte	.LFE57
 533 0258 02       		.byte	0x2
 534 0259 7D       		.byte	0x7d
 535 025a 00       		.sleb128 0
 536 025b B8020000 		.4byte	0x2b8
 537 025f 16       		.uleb128 0x16
 538 0260 00000000 		.4byte	.LASF40
 539 0264 01       		.byte	0x1
 540 0265 C1       		.byte	0xc1
 541 0266 2F010000 		.4byte	0x12f
 542 026a 49000000 		.4byte	.LLST2
 543 026e 17       		.uleb128 0x17
 544 026f 1E000000 		.4byte	.LASF30
 545 0273 01       		.byte	0x1
 546 0274 C2       		.byte	0xc2
 547 0275 2F010000 		.4byte	0x12f
 548 0279 01       		.byte	0x1
 549 027a 53       		.byte	0x53
 550 027b 17       		.uleb128 0x17
 551 027c 52010000 		.4byte	.LASF31
 552 0280 01       		.byte	0x1
 553 0281 C3       		.byte	0xc3
 554 0282 2F010000 		.4byte	0x12f
 555 0286 01       		.byte	0x1
 556 0287 50       		.byte	0x50
 557 0288 18       		.uleb128 0x18
 558 0289 D2010000 		.4byte	0x1d2
 559 028d 06000000 		.4byte	.LBB4
 560 0291 28000000 		.4byte	.LBE4
 561 0295 01       		.byte	0x1
 562 0296 C4       		.byte	0xc4
 563 0297 13       		.uleb128 0x13
 564 0298 EF010000 		.4byte	0x1ef
ARM GAS  C:\DOCUME~1\z_80\LOCALS~1\Temp\ccdZIJoy.s 			page 11


 565 029c 01       		.byte	0x1
 566 029d 50       		.byte	0x50
 567 029e 13       		.uleb128 0x13
 568 029f E4010000 		.4byte	0x1e4
 569 02a3 01       		.byte	0x1
 570 02a4 53       		.byte	0x53
 571 02a5 19       		.uleb128 0x19
 572 02a6 06000000 		.4byte	.LBB5
 573 02aa 28000000 		.4byte	.LBE5
 574 02ae 14       		.uleb128 0x14
 575 02af FA010000 		.4byte	0x1fa
 576 02b3 01       		.byte	0x1
 577 02b4 51       		.byte	0x51
 578 02b5 00       		.byte	0x0
 579 02b6 00       		.byte	0x0
 580 02b7 00       		.byte	0x0
 581 02b8 1A       		.uleb128 0x1a
 582 02b9 CD000000 		.4byte	.LASF32
 583 02bd 07       		.byte	0x7
 584 02be 9404     		.2byte	0x494
 585 02c0 2A010000 		.4byte	0x12a
 586 02c4 01       		.byte	0x1
 587 02c5 01       		.byte	0x1
 588 02c6 1A       		.uleb128 0x1a
 589 02c7 EC000000 		.4byte	.LASF33
 590 02cb 06       		.byte	0x6
 591 02cc 4801     		.2byte	0x148
 592 02ce D4020000 		.4byte	0x2d4
 593 02d2 01       		.byte	0x1
 594 02d3 01       		.byte	0x1
 595 02d4 1B       		.uleb128 0x1b
 596 02d5 C7010000 		.4byte	0x1c7
 597 02d9 1A       		.uleb128 0x1a
 598 02da CD000000 		.4byte	.LASF32
 599 02de 07       		.byte	0x7
 600 02df 9404     		.2byte	0x494
 601 02e1 2A010000 		.4byte	0x12a
 602 02e5 01       		.byte	0x1
 603 02e6 01       		.byte	0x1
 604 02e7 1A       		.uleb128 0x1a
 605 02e8 EC000000 		.4byte	.LASF33
 606 02ec 06       		.byte	0x6
 607 02ed 4801     		.2byte	0x148
 608 02ef D4020000 		.4byte	0x2d4
 609 02f3 01       		.byte	0x1
 610 02f4 01       		.byte	0x1
 611 02f5 00       		.byte	0x0
 612              		.section	.debug_abbrev
 613 0000 01       		.uleb128 0x1
 614 0001 11       		.uleb128 0x11
 615 0002 01       		.byte	0x1
 616 0003 25       		.uleb128 0x25
 617 0004 0E       		.uleb128 0xe
 618 0005 13       		.uleb128 0x13
 619 0006 0B       		.uleb128 0xb
 620 0007 03       		.uleb128 0x3
 621 0008 0E       		.uleb128 0xe
ARM GAS  C:\DOCUME~1\z_80\LOCALS~1\Temp\ccdZIJoy.s 			page 12


 622 0009 1B       		.uleb128 0x1b
 623 000a 0E       		.uleb128 0xe
 624 000b 11       		.uleb128 0x11
 625 000c 01       		.uleb128 0x1
 626 000d 52       		.uleb128 0x52
 627 000e 01       		.uleb128 0x1
 628 000f 55       		.uleb128 0x55
 629 0010 06       		.uleb128 0x6
 630 0011 10       		.uleb128 0x10
 631 0012 06       		.uleb128 0x6
 632 0013 00       		.byte	0x0
 633 0014 00       		.byte	0x0
 634 0015 02       		.uleb128 0x2
 635 0016 24       		.uleb128 0x24
 636 0017 00       		.byte	0x0
 637 0018 0B       		.uleb128 0xb
 638 0019 0B       		.uleb128 0xb
 639 001a 3E       		.uleb128 0x3e
 640 001b 0B       		.uleb128 0xb
 641 001c 03       		.uleb128 0x3
 642 001d 08       		.uleb128 0x8
 643 001e 00       		.byte	0x0
 644 001f 00       		.byte	0x0
 645 0020 03       		.uleb128 0x3
 646 0021 24       		.uleb128 0x24
 647 0022 00       		.byte	0x0
 648 0023 0B       		.uleb128 0xb
 649 0024 0B       		.uleb128 0xb
 650 0025 3E       		.uleb128 0x3e
 651 0026 0B       		.uleb128 0xb
 652 0027 03       		.uleb128 0x3
 653 0028 0E       		.uleb128 0xe
 654 0029 00       		.byte	0x0
 655 002a 00       		.byte	0x0
 656 002b 04       		.uleb128 0x4
 657 002c 16       		.uleb128 0x16
 658 002d 00       		.byte	0x0
 659 002e 03       		.uleb128 0x3
 660 002f 0E       		.uleb128 0xe
 661 0030 3A       		.uleb128 0x3a
 662 0031 0B       		.uleb128 0xb
 663 0032 3B       		.uleb128 0x3b
 664 0033 0B       		.uleb128 0xb
 665 0034 49       		.uleb128 0x49
 666 0035 13       		.uleb128 0x13
 667 0036 00       		.byte	0x0
 668 0037 00       		.byte	0x0
 669 0038 05       		.uleb128 0x5
 670 0039 35       		.uleb128 0x35
 671 003a 00       		.byte	0x0
 672 003b 49       		.uleb128 0x49
 673 003c 13       		.uleb128 0x13
 674 003d 00       		.byte	0x0
 675 003e 00       		.byte	0x0
 676 003f 06       		.uleb128 0x6
 677 0040 13       		.uleb128 0x13
 678 0041 01       		.byte	0x1
ARM GAS  C:\DOCUME~1\z_80\LOCALS~1\Temp\ccdZIJoy.s 			page 13


 679 0042 0B       		.uleb128 0xb
 680 0043 0B       		.uleb128 0xb
 681 0044 3A       		.uleb128 0x3a
 682 0045 0B       		.uleb128 0xb
 683 0046 3B       		.uleb128 0x3b
 684 0047 05       		.uleb128 0x5
 685 0048 01       		.uleb128 0x1
 686 0049 13       		.uleb128 0x13
 687 004a 00       		.byte	0x0
 688 004b 00       		.byte	0x0
 689 004c 07       		.uleb128 0x7
 690 004d 0D       		.uleb128 0xd
 691 004e 00       		.byte	0x0
 692 004f 03       		.uleb128 0x3
 693 0050 0E       		.uleb128 0xe
 694 0051 3A       		.uleb128 0x3a
 695 0052 0B       		.uleb128 0xb
 696 0053 3B       		.uleb128 0x3b
 697 0054 05       		.uleb128 0x5
 698 0055 49       		.uleb128 0x49
 699 0056 13       		.uleb128 0x13
 700 0057 38       		.uleb128 0x38
 701 0058 0A       		.uleb128 0xa
 702 0059 00       		.byte	0x0
 703 005a 00       		.byte	0x0
 704 005b 08       		.uleb128 0x8
 705 005c 16       		.uleb128 0x16
 706 005d 00       		.byte	0x0
 707 005e 03       		.uleb128 0x3
 708 005f 0E       		.uleb128 0xe
 709 0060 3A       		.uleb128 0x3a
 710 0061 0B       		.uleb128 0xb
 711 0062 3B       		.uleb128 0x3b
 712 0063 05       		.uleb128 0x5
 713 0064 49       		.uleb128 0x49
 714 0065 13       		.uleb128 0x13
 715 0066 00       		.byte	0x0
 716 0067 00       		.byte	0x0
 717 0068 09       		.uleb128 0x9
 718 0069 13       		.uleb128 0x13
 719 006a 01       		.byte	0x1
 720 006b 0B       		.uleb128 0xb
 721 006c 0B       		.uleb128 0xb
 722 006d 3A       		.uleb128 0x3a
 723 006e 0B       		.uleb128 0xb
 724 006f 3B       		.uleb128 0x3b
 725 0070 0B       		.uleb128 0xb
 726 0071 01       		.uleb128 0x1
 727 0072 13       		.uleb128 0x13
 728 0073 00       		.byte	0x0
 729 0074 00       		.byte	0x0
 730 0075 0A       		.uleb128 0xa
 731 0076 0D       		.uleb128 0xd
 732 0077 00       		.byte	0x0
 733 0078 03       		.uleb128 0x3
 734 0079 08       		.uleb128 0x8
 735 007a 3A       		.uleb128 0x3a
ARM GAS  C:\DOCUME~1\z_80\LOCALS~1\Temp\ccdZIJoy.s 			page 14


 736 007b 0B       		.uleb128 0xb
 737 007c 3B       		.uleb128 0x3b
 738 007d 0B       		.uleb128 0xb
 739 007e 49       		.uleb128 0x49
 740 007f 13       		.uleb128 0x13
 741 0080 38       		.uleb128 0x38
 742 0081 0A       		.uleb128 0xa
 743 0082 00       		.byte	0x0
 744 0083 00       		.byte	0x0
 745 0084 0B       		.uleb128 0xb
 746 0085 0D       		.uleb128 0xd
 747 0086 00       		.byte	0x0
 748 0087 03       		.uleb128 0x3
 749 0088 0E       		.uleb128 0xe
 750 0089 3A       		.uleb128 0x3a
 751 008a 0B       		.uleb128 0xb
 752 008b 3B       		.uleb128 0x3b
 753 008c 0B       		.uleb128 0xb
 754 008d 49       		.uleb128 0x49
 755 008e 13       		.uleb128 0x13
 756 008f 38       		.uleb128 0x38
 757 0090 0A       		.uleb128 0xa
 758 0091 00       		.byte	0x0
 759 0092 00       		.byte	0x0
 760 0093 0C       		.uleb128 0xc
 761 0094 2E       		.uleb128 0x2e
 762 0095 01       		.byte	0x1
 763 0096 3F       		.uleb128 0x3f
 764 0097 0C       		.uleb128 0xc
 765 0098 03       		.uleb128 0x3
 766 0099 0E       		.uleb128 0xe
 767 009a 3A       		.uleb128 0x3a
 768 009b 0B       		.uleb128 0xb
 769 009c 3B       		.uleb128 0x3b
 770 009d 0B       		.uleb128 0xb
 771 009e 27       		.uleb128 0x27
 772 009f 0C       		.uleb128 0xc
 773 00a0 49       		.uleb128 0x49
 774 00a1 13       		.uleb128 0x13
 775 00a2 20       		.uleb128 0x20
 776 00a3 0B       		.uleb128 0xb
 777 00a4 01       		.uleb128 0x1
 778 00a5 13       		.uleb128 0x13
 779 00a6 00       		.byte	0x0
 780 00a7 00       		.byte	0x0
 781 00a8 0D       		.uleb128 0xd
 782 00a9 05       		.uleb128 0x5
 783 00aa 00       		.byte	0x0
 784 00ab 03       		.uleb128 0x3
 785 00ac 0E       		.uleb128 0xe
 786 00ad 3A       		.uleb128 0x3a
 787 00ae 0B       		.uleb128 0xb
 788 00af 3B       		.uleb128 0x3b
 789 00b0 0B       		.uleb128 0xb
 790 00b1 49       		.uleb128 0x49
 791 00b2 13       		.uleb128 0x13
 792 00b3 00       		.byte	0x0
ARM GAS  C:\DOCUME~1\z_80\LOCALS~1\Temp\ccdZIJoy.s 			page 15


 793 00b4 00       		.byte	0x0
 794 00b5 0E       		.uleb128 0xe
 795 00b6 05       		.uleb128 0x5
 796 00b7 00       		.byte	0x0
 797 00b8 03       		.uleb128 0x3
 798 00b9 08       		.uleb128 0x8
 799 00ba 3A       		.uleb128 0x3a
 800 00bb 0B       		.uleb128 0xb
 801 00bc 3B       		.uleb128 0x3b
 802 00bd 0B       		.uleb128 0xb
 803 00be 49       		.uleb128 0x49
 804 00bf 13       		.uleb128 0x13
 805 00c0 00       		.byte	0x0
 806 00c1 00       		.byte	0x0
 807 00c2 0F       		.uleb128 0xf
 808 00c3 34       		.uleb128 0x34
 809 00c4 00       		.byte	0x0
 810 00c5 03       		.uleb128 0x3
 811 00c6 08       		.uleb128 0x8
 812 00c7 3A       		.uleb128 0x3a
 813 00c8 0B       		.uleb128 0xb
 814 00c9 3B       		.uleb128 0x3b
 815 00ca 0B       		.uleb128 0xb
 816 00cb 49       		.uleb128 0x49
 817 00cc 13       		.uleb128 0x13
 818 00cd 00       		.byte	0x0
 819 00ce 00       		.byte	0x0
 820 00cf 10       		.uleb128 0x10
 821 00d0 2E       		.uleb128 0x2e
 822 00d1 00       		.byte	0x0
 823 00d2 3F       		.uleb128 0x3f
 824 00d3 0C       		.uleb128 0xc
 825 00d4 03       		.uleb128 0x3
 826 00d5 0E       		.uleb128 0xe
 827 00d6 3A       		.uleb128 0x3a
 828 00d7 0B       		.uleb128 0xb
 829 00d8 3B       		.uleb128 0x3b
 830 00d9 0B       		.uleb128 0xb
 831 00da 27       		.uleb128 0x27
 832 00db 0C       		.uleb128 0xc
 833 00dc 11       		.uleb128 0x11
 834 00dd 01       		.uleb128 0x1
 835 00de 12       		.uleb128 0x12
 836 00df 01       		.uleb128 0x1
 837 00e0 40       		.uleb128 0x40
 838 00e1 06       		.uleb128 0x6
 839 00e2 00       		.byte	0x0
 840 00e3 00       		.byte	0x0
 841 00e4 11       		.uleb128 0x11
 842 00e5 2E       		.uleb128 0x2e
 843 00e6 01       		.byte	0x1
 844 00e7 31       		.uleb128 0x31
 845 00e8 13       		.uleb128 0x13
 846 00e9 11       		.uleb128 0x11
 847 00ea 01       		.uleb128 0x1
 848 00eb 12       		.uleb128 0x12
 849 00ec 01       		.uleb128 0x1
ARM GAS  C:\DOCUME~1\z_80\LOCALS~1\Temp\ccdZIJoy.s 			page 16


 850 00ed 40       		.uleb128 0x40
 851 00ee 0A       		.uleb128 0xa
 852 00ef 01       		.uleb128 0x1
 853 00f0 13       		.uleb128 0x13
 854 00f1 00       		.byte	0x0
 855 00f2 00       		.byte	0x0
 856 00f3 12       		.uleb128 0x12
 857 00f4 05       		.uleb128 0x5
 858 00f5 00       		.byte	0x0
 859 00f6 31       		.uleb128 0x31
 860 00f7 13       		.uleb128 0x13
 861 00f8 02       		.uleb128 0x2
 862 00f9 06       		.uleb128 0x6
 863 00fa 00       		.byte	0x0
 864 00fb 00       		.byte	0x0
 865 00fc 13       		.uleb128 0x13
 866 00fd 05       		.uleb128 0x5
 867 00fe 00       		.byte	0x0
 868 00ff 31       		.uleb128 0x31
 869 0100 13       		.uleb128 0x13
 870 0101 02       		.uleb128 0x2
 871 0102 0A       		.uleb128 0xa
 872 0103 00       		.byte	0x0
 873 0104 00       		.byte	0x0
 874 0105 14       		.uleb128 0x14
 875 0106 34       		.uleb128 0x34
 876 0107 00       		.byte	0x0
 877 0108 31       		.uleb128 0x31
 878 0109 13       		.uleb128 0x13
 879 010a 02       		.uleb128 0x2
 880 010b 0A       		.uleb128 0xa
 881 010c 00       		.byte	0x0
 882 010d 00       		.byte	0x0
 883 010e 15       		.uleb128 0x15
 884 010f 2E       		.uleb128 0x2e
 885 0110 01       		.byte	0x1
 886 0111 3F       		.uleb128 0x3f
 887 0112 0C       		.uleb128 0xc
 888 0113 03       		.uleb128 0x3
 889 0114 0E       		.uleb128 0xe
 890 0115 3A       		.uleb128 0x3a
 891 0116 0B       		.uleb128 0xb
 892 0117 3B       		.uleb128 0x3b
 893 0118 0B       		.uleb128 0xb
 894 0119 27       		.uleb128 0x27
 895 011a 0C       		.uleb128 0xc
 896 011b 11       		.uleb128 0x11
 897 011c 01       		.uleb128 0x1
 898 011d 12       		.uleb128 0x12
 899 011e 01       		.uleb128 0x1
 900 011f 40       		.uleb128 0x40
 901 0120 0A       		.uleb128 0xa
 902 0121 01       		.uleb128 0x1
 903 0122 13       		.uleb128 0x13
 904 0123 00       		.byte	0x0
 905 0124 00       		.byte	0x0
 906 0125 16       		.uleb128 0x16
ARM GAS  C:\DOCUME~1\z_80\LOCALS~1\Temp\ccdZIJoy.s 			page 17


 907 0126 05       		.uleb128 0x5
 908 0127 00       		.byte	0x0
 909 0128 03       		.uleb128 0x3
 910 0129 0E       		.uleb128 0xe
 911 012a 3A       		.uleb128 0x3a
 912 012b 0B       		.uleb128 0xb
 913 012c 3B       		.uleb128 0x3b
 914 012d 0B       		.uleb128 0xb
 915 012e 49       		.uleb128 0x49
 916 012f 13       		.uleb128 0x13
 917 0130 02       		.uleb128 0x2
 918 0131 06       		.uleb128 0x6
 919 0132 00       		.byte	0x0
 920 0133 00       		.byte	0x0
 921 0134 17       		.uleb128 0x17
 922 0135 34       		.uleb128 0x34
 923 0136 00       		.byte	0x0
 924 0137 03       		.uleb128 0x3
 925 0138 0E       		.uleb128 0xe
 926 0139 3A       		.uleb128 0x3a
 927 013a 0B       		.uleb128 0xb
 928 013b 3B       		.uleb128 0x3b
 929 013c 0B       		.uleb128 0xb
 930 013d 49       		.uleb128 0x49
 931 013e 13       		.uleb128 0x13
 932 013f 02       		.uleb128 0x2
 933 0140 0A       		.uleb128 0xa
 934 0141 00       		.byte	0x0
 935 0142 00       		.byte	0x0
 936 0143 18       		.uleb128 0x18
 937 0144 1D       		.uleb128 0x1d
 938 0145 01       		.byte	0x1
 939 0146 31       		.uleb128 0x31
 940 0147 13       		.uleb128 0x13
 941 0148 11       		.uleb128 0x11
 942 0149 01       		.uleb128 0x1
 943 014a 12       		.uleb128 0x12
 944 014b 01       		.uleb128 0x1
 945 014c 58       		.uleb128 0x58
 946 014d 0B       		.uleb128 0xb
 947 014e 59       		.uleb128 0x59
 948 014f 0B       		.uleb128 0xb
 949 0150 00       		.byte	0x0
 950 0151 00       		.byte	0x0
 951 0152 19       		.uleb128 0x19
 952 0153 0B       		.uleb128 0xb
 953 0154 01       		.byte	0x1
 954 0155 11       		.uleb128 0x11
 955 0156 01       		.uleb128 0x1
 956 0157 12       		.uleb128 0x12
 957 0158 01       		.uleb128 0x1
 958 0159 00       		.byte	0x0
 959 015a 00       		.byte	0x0
 960 015b 1A       		.uleb128 0x1a
 961 015c 34       		.uleb128 0x34
 962 015d 00       		.byte	0x0
 963 015e 03       		.uleb128 0x3
ARM GAS  C:\DOCUME~1\z_80\LOCALS~1\Temp\ccdZIJoy.s 			page 18


 964 015f 0E       		.uleb128 0xe
 965 0160 3A       		.uleb128 0x3a
 966 0161 0B       		.uleb128 0xb
 967 0162 3B       		.uleb128 0x3b
 968 0163 05       		.uleb128 0x5
 969 0164 49       		.uleb128 0x49
 970 0165 13       		.uleb128 0x13
 971 0166 3F       		.uleb128 0x3f
 972 0167 0C       		.uleb128 0xc
 973 0168 3C       		.uleb128 0x3c
 974 0169 0C       		.uleb128 0xc
 975 016a 00       		.byte	0x0
 976 016b 00       		.byte	0x0
 977 016c 1B       		.uleb128 0x1b
 978 016d 26       		.uleb128 0x26
 979 016e 00       		.byte	0x0
 980 016f 49       		.uleb128 0x49
 981 0170 13       		.uleb128 0x13
 982 0171 00       		.byte	0x0
 983 0172 00       		.byte	0x0
 984 0173 00       		.byte	0x0
 985              		.section	.debug_pubnames,"",%progbits
 986 0000 44000000 		.4byte	0x44
 987 0004 0200     		.2byte	0x2
 988 0006 00000000 		.4byte	.Ldebug_info0
 989 000a F6020000 		.4byte	0x2f6
 990 000e 06020000 		.4byte	0x206
 991 0012 68616C49 		.ascii	"halInit\000"
 991      6E697400 
 992 001a 1B020000 		.4byte	0x21b
 993 001e 68616C49 		.ascii	"halIsCounterWithin\000"
 993      73436F75 
 993      6E746572 
 993      57697468 
 993      696E00
 994 0031 47020000 		.4byte	0x247
 995 0035 68616C50 		.ascii	"halPolledDelay\000"
 995      6F6C6C65 
 995      6444656C 
 995      617900
 996 0044 00000000 		.4byte	0x0
 997              		.section	.debug_pubtypes,"",%progbits
 998 0000 72000000 		.4byte	0x72
 999 0004 0200     		.2byte	0x2
 1000 0006 00000000 		.4byte	.Ldebug_info0
 1001 000a F6020000 		.4byte	0x2f6
 1002 000e 53000000 		.4byte	0x53
 1003 0012 696E7433 		.ascii	"int32_t\000"
 1003      325F7400 
 1004 001a 65000000 		.4byte	0x65
 1005 001e 75696E74 		.ascii	"uint32_t\000"
 1005      33325F74 
 1005      00
 1006 0027 85000000 		.4byte	0x85
 1007 002b 626F6F6C 		.ascii	"bool_t\000"
 1007      5F7400
 1008 0032 17010000 		.4byte	0x117
ARM GAS  C:\DOCUME~1\z_80\LOCALS~1\Temp\ccdZIJoy.s 			page 19


 1009 0036 434D785F 		.ascii	"CMx_DWT\000"
 1009      44575400 
 1010 003e 2F010000 		.4byte	0x12f
 1011 0042 68616C72 		.ascii	"halrtcnt_t\000"
 1011      74636E74 
 1011      5F7400
 1012 004d 6D010000 		.4byte	0x16d
 1013 0051 73746D33 		.ascii	"stm32_gpio_setup_t\000"
 1013      325F6770 
 1013      696F5F73 
 1013      65747570 
 1013      5F7400
 1014 0064 C7010000 		.4byte	0x1c7
 1015 0068 50414C43 		.ascii	"PALConfig\000"
 1015      6F6E6669 
 1015      6700
 1016 0072 00000000 		.4byte	0x0
 1017              		.section	.debug_aranges,"",%progbits
 1018 0000 2C000000 		.4byte	0x2c
 1019 0004 0200     		.2byte	0x2
 1020 0006 00000000 		.4byte	.Ldebug_info0
 1021 000a 04       		.byte	0x4
 1022 000b 00       		.byte	0x0
 1023 000c 0000     		.2byte	0x0
 1024 000e 0000     		.2byte	0x0
 1025 0010 00000000 		.4byte	.LFB55
 1026 0014 2C000000 		.4byte	.LFE55-.LFB55
 1027 0018 00000000 		.4byte	.LFB56
 1028 001c 28000000 		.4byte	.LFE56-.LFB56
 1029 0020 00000000 		.4byte	.LFB57
 1030 0024 28000000 		.4byte	.LFE57-.LFB57
 1031 0028 00000000 		.4byte	0x0
 1032 002c 00000000 		.4byte	0x0
 1033              		.section	.debug_ranges,"",%progbits
 1034              	.Ldebug_ranges0:
 1035 0000 00000000 		.4byte	.LFB55
 1036 0004 2C000000 		.4byte	.LFE55
 1037 0008 00000000 		.4byte	.LFB56
 1038 000c 28000000 		.4byte	.LFE56
 1039 0010 00000000 		.4byte	.LFB57
 1040 0014 28000000 		.4byte	.LFE57
 1041 0018 00000000 		.4byte	0x0
 1042 001c 00000000 		.4byte	0x0
 1043              		.section	.debug_str,"MS",%progbits,1
 1044              	.LASF40:
 1045 0000 7469636B 		.ascii	"ticks\000"
 1045      7300
 1046              	.LASF27:
 1047 0006 50444461 		.ascii	"PDData\000"
 1047      746100
 1048              	.LASF34:
 1049 000d 474E5520 		.ascii	"GNU C 4.5.2\000"
 1049      4320342E 
 1049      352E3200 
 1050              	.LASF19:
 1051 0019 50435352 		.ascii	"PCSR\000"
 1051      00
ARM GAS  C:\DOCUME~1\z_80\LOCALS~1\Temp\ccdZIJoy.s 			page 20


 1052              	.LASF30:
 1053 001e 73746172 		.ascii	"start\000"
 1053      7400
 1054              	.LASF0:
 1055 0024 756E7369 		.ascii	"unsigned int\000"
 1055      676E6564 
 1055      20696E74 
 1055      00
 1056              	.LASF11:
 1057 0031 626F6F6C 		.ascii	"bool_t\000"
 1057      5F7400
 1058              	.LASF15:
 1059 0038 45584343 		.ascii	"EXCCNT\000"
 1059      4E5400
 1060              	.LASF35:
 1061 003f 2E2E2F63 		.ascii	"../chibios_2.4.x/os/hal/src/hal.c\000"
 1061      68696269 
 1061      6F735F32 
 1061      2E342E78 
 1061      2F6F732F 
 1062              	.LASF16:
 1063 0061 534C4545 		.ascii	"SLEEPCNT\000"
 1063      50434E54 
 1063      00
 1064              	.LASF38:
 1065 006a 68616C49 		.ascii	"halInit\000"
 1065      6E697400 
 1066              	.LASF28:
 1067 0072 50454461 		.ascii	"PEData\000"
 1067      746100
 1068              	.LASF2:
 1069 0079 756E7369 		.ascii	"unsigned char\000"
 1069      676E6564 
 1069      20636861 
 1069      7200
 1070              	.LASF23:
 1071 0087 73746D33 		.ascii	"stm32_gpio_setup_t\000"
 1071      325F6770 
 1071      696F5F73 
 1071      65747570 
 1071      5F7400
 1072              	.LASF24:
 1073 009a 50414461 		.ascii	"PAData\000"
 1073      746100
 1074              	.LASF8:
 1075 00a1 6C6F6E67 		.ascii	"long unsigned int\000"
 1075      20756E73 
 1075      69676E65 
 1075      6420696E 
 1075      7400
 1076              	.LASF4:
 1077 00b3 73686F72 		.ascii	"short unsigned int\000"
 1077      7420756E 
 1077      7369676E 
 1077      65642069 
 1077      6E7400
 1078              	.LASF14:
ARM GAS  C:\DOCUME~1\z_80\LOCALS~1\Temp\ccdZIJoy.s 			page 21


 1079 00c6 43504943 		.ascii	"CPICNT\000"
 1079      4E5400
 1080              	.LASF32:
 1081 00cd 49544D5F 		.ascii	"ITM_RxBuffer\000"
 1081      52784275 
 1081      66666572 
 1081      00
 1082              	.LASF18:
 1083 00da 464F4C44 		.ascii	"FOLDCNT\000"
 1083      434E5400 
 1084              	.LASF29:
 1085 00e2 50414C43 		.ascii	"PALConfig\000"
 1085      6F6E6669 
 1085      6700
 1086              	.LASF33:
 1087 00ec 70616C5F 		.ascii	"pal_default_config\000"
 1087      64656661 
 1087      756C745F 
 1087      636F6E66 
 1087      696700
 1088              	.LASF17:
 1089 00ff 4C535543 		.ascii	"LSUCNT\000"
 1089      4E5400
 1090              	.LASF13:
 1091 0106 43594343 		.ascii	"CYCCNT\000"
 1091      4E5400
 1092              	.LASF25:
 1093 010d 50424461 		.ascii	"PBData\000"
 1093      746100
 1094              	.LASF22:
 1095 0114 68616C72 		.ascii	"halrtcnt_t\000"
 1095      74636E74 
 1095      5F7400
 1096              	.LASF21:
 1097 011f 63686172 		.ascii	"char\000"
 1097      00
 1098              	.LASF12:
 1099 0124 4354524C 		.ascii	"CTRL\000"
 1099      00
 1100              	.LASF37:
 1101 0129 68616C49 		.ascii	"halIsCounterWithin\000"
 1101      73436F75 
 1101      6E746572 
 1101      57697468 
 1101      696E00
 1102              	.LASF6:
 1103 013c 696E7433 		.ascii	"int32_t\000"
 1103      325F7400 
 1104              	.LASF9:
 1105 0144 6C6F6E67 		.ascii	"long long int\000"
 1105      206C6F6E 
 1105      6720696E 
 1105      7400
 1106              	.LASF31:
 1107 0152 74696D65 		.ascii	"timeout\000"
 1107      6F757400 
 1108              	.LASF36:
ARM GAS  C:\DOCUME~1\z_80\LOCALS~1\Temp\ccdZIJoy.s 			page 22


 1109 015a 433A5C70 		.ascii	"C:\\projects\\ipm\\soft\\firmware\\valve\000"
 1109      726F6A65 
 1109      6374735C 
 1109      69706D5C 
 1109      736F6674 
 1110              	.LASF39:
 1111 017e 68616C50 		.ascii	"halPolledDelay\000"
 1111      6F6C6C65 
 1111      6444656C 
 1111      617900
 1112              	.LASF3:
 1113 018d 73686F72 		.ascii	"short int\000"
 1113      7420696E 
 1113      7400
 1114              	.LASF26:
 1115 0197 50434461 		.ascii	"PCData\000"
 1115      746100
 1116              	.LASF20:
 1117 019e 434D785F 		.ascii	"CMx_DWT\000"
 1117      44575400 
 1118              	.LASF7:
 1119 01a6 75696E74 		.ascii	"uint32_t\000"
 1119      33325F74 
 1119      00
 1120              	.LASF5:
 1121 01af 6C6F6E67 		.ascii	"long int\000"
 1121      20696E74 
 1121      00
 1122              	.LASF1:
 1123 01b8 7369676E 		.ascii	"signed char\000"
 1123      65642063 
 1123      68617200 
 1124              	.LASF10:
 1125 01c4 6C6F6E67 		.ascii	"long long unsigned int\000"
 1125      206C6F6E 
 1125      6720756E 
 1125      7369676E 
 1125      65642069 
 1126              		.ident	"GCC: (Sourcery G++ Lite 2011.03-42) 4.5.2"
ARM GAS  C:\DOCUME~1\z_80\LOCALS~1\Temp\ccdZIJoy.s 			page 23


DEFINED SYMBOLS
                            *ABS*:00000000 hal.c
C:\DOCUME~1\z_80\LOCALS~1\Temp\ccdZIJoy.s:24     .text.halInit:00000000 $t
C:\DOCUME~1\z_80\LOCALS~1\Temp\ccdZIJoy.s:30     .text.halInit:00000000 halInit
C:\DOCUME~1\z_80\LOCALS~1\Temp\ccdZIJoy.s:64     .text.halInit:00000028 $d
C:\DOCUME~1\z_80\LOCALS~1\Temp\ccdZIJoy.s:69     .text.halIsCounterWithin:00000000 $t
C:\DOCUME~1\z_80\LOCALS~1\Temp\ccdZIJoy.s:75     .text.halIsCounterWithin:00000000 halIsCounterWithin
C:\DOCUME~1\z_80\LOCALS~1\Temp\ccdZIJoy.s:122    .text.halIsCounterWithin:00000024 $d
C:\DOCUME~1\z_80\LOCALS~1\Temp\ccdZIJoy.s:127    .text.halPolledDelay:00000000 $t
C:\DOCUME~1\z_80\LOCALS~1\Temp\ccdZIJoy.s:133    .text.halPolledDelay:00000000 halPolledDelay
C:\DOCUME~1\z_80\LOCALS~1\Temp\ccdZIJoy.s:177    .text.halPolledDelay:00000024 $d
                     .debug_frame:00000010 $d
C:\DOCUME~1\z_80\LOCALS~1\Temp\ccdZIJoy.s:68     .text.halInit:0000002c $t
C:\DOCUME~1\z_80\LOCALS~1\Temp\ccdZIJoy.s:126    .text.halIsCounterWithin:00000028 $t
C:\DOCUME~1\z_80\LOCALS~1\Temp\ccdZIJoy.s:183    .text.halPolledDelay:00000028 $t

UNDEFINED SYMBOLS
hal_lld_init
tmInit
_pal_lld_init
adcInit
pwmInit
usbInit
sduInit
boardInit
pal_default_config
