ARM GAS  C:\DOCUME~1\z_80\LOCALS~1\Temp\ccw79TAg.s 			page 1


   1              		.syntax unified
   2              		.cpu cortex-m3
   3              		.fpu softvfp
   4              		.eabi_attribute 20, 1
   5              		.eabi_attribute 21, 1
   6              		.eabi_attribute 23, 3
   7              		.eabi_attribute 24, 1
   8              		.eabi_attribute 25, 1
   9              		.eabi_attribute 26, 1
  10              		.eabi_attribute 30, 2
  11              		.eabi_attribute 18, 4
  12              		.thumb
  13              		.file	"hal_lld.c"
  14              		.section	.debug_abbrev,"",%progbits
  15              	.Ldebug_abbrev0:
  16              		.section	.debug_info,"",%progbits
  17              	.Ldebug_info0:
  18              		.section	.debug_line,"",%progbits
  19              	.Ldebug_line0:
  20 0000 D5010000 		.text
  20      02004A01 
  20      00000201 
  20      FB0E0D00 
  20      01010101 
  21              	.Ltext0:
  22              		.cfi_sections	.debug_frame
  23              		.section	.text.hal_lld_init,"ax",%progbits
  24              		.align	2
  25              		.p2align 4,,15
  26              		.global	hal_lld_init
  27              		.thumb
  28              		.thumb_func
  29              		.type	hal_lld_init, %function
  30              	hal_lld_init:
  31              	.LFB56:
  32              		.file 1 "../chibios_2.4.x/os/hal/platforms/STM32F1xx/hal_lld.c"
  33              		.loc 1 101 0
  34              		.cfi_startproc
  35              		@ args = 0, pretend = 0, frame = 0
  36              		@ frame_needed = 0, uses_anonymous_args = 0
  37              		@ link register save eliminated.
  38              		.loc 1 104 0
  39 0000 214B     		ldr	r3, .L5
  40 0002 0022     		movs	r2, #0
  41 0004 4FF0FF30 		mov	r0, #-1
  42              		.loc 1 101 0
  43 0008 30B4     		push	{r4, r5}
  44              	.LCFI0:
  45              		.cfi_def_cfa_offset 8
  46              		.loc 1 108 0
  47 000a 2049     		ldr	r1, .L5+4
  48              		.loc 1 104 0
  49 000c 1C69     		ldr	r4, [r3, #16]
  50              		.cfi_offset 5, -4
  51              		.cfi_offset 4, -8
  52 000e 1861     		str	r0, [r3, #16]
  53 0010 1A61     		str	r2, [r3, #16]
ARM GAS  C:\DOCUME~1\z_80\LOCALS~1\Temp\ccw79TAg.s 			page 2


  54              		.loc 1 105 0
  55 0012 DD68     		ldr	r5, [r3, #12]
  56 0014 D860     		str	r0, [r3, #12]
  57              		.loc 1 108 0
  58 0016 4BF67F30 		movw	r0, #47999
  59              		.loc 1 105 0
  60 001a DA60     		str	r2, [r3, #12]
  61              		.loc 1 115 0
  62 001c 1C4C     		ldr	r4, .L5+8
  63              		.loc 1 108 0
  64 001e 4860     		str	r0, [r1, #4]
  65              		.loc 1 110 0
  66 0020 0720     		movs	r0, #7
  67              		.loc 1 109 0
  68 0022 8A60     		str	r2, [r1, #8]
  69              		.loc 1 110 0
  70 0024 0860     		str	r0, [r1, #0]
  71              		.loc 1 115 0
  72 0026 E168     		ldr	r1, [r4, #12]
  73              		.loc 1 116 0
  74 0028 1A48     		ldr	r0, .L5+12
  75              		.loc 1 115 0
  76 002a 41F08071 		orr	r1, r1, #16777216
  77 002e E160     		str	r1, [r4, #12]
  78              		.loc 1 116 0
  79 0030 0468     		ldr	r4, [r0, #0]
  80              	.LBB4:
  81              	.LBB5:
  82              		.loc 1 59 0
  83 0032 1949     		ldr	r1, .L5+16
  84              	.LBE5:
  85              	.LBE4:
  86              		.loc 1 116 0
  87 0034 44F00104 		orr	r4, r4, #1
  88 0038 0460     		str	r4, [r0, #0]
  89              		.loc 1 119 0
  90 003a D869     		ldr	r0, [r3, #28]
  91 003c 40F08050 		orr	r0, r0, #268435456
  92 0040 D861     		str	r0, [r3, #28]
  93              		.loc 1 120 0
  94 0042 D869     		ldr	r0, [r3, #28]
  95 0044 40F00060 		orr	r0, r0, #134217728
  96 0048 D861     		str	r0, [r3, #28]
  97              	.LBB7:
  98              	.LBB6:
  99              		.loc 1 59 0
 100 004a 0868     		ldr	r0, [r1, #0]
 101 004c 40F48070 		orr	r0, r0, #256
 102 0050 0860     		str	r0, [r1, #0]
 103              		.loc 1 62 0
 104 0052 186A     		ldr	r0, [r3, #32]
 105 0054 00F44071 		and	r1, r0, #768
 106 0058 B1F5407F 		cmp	r1, #768
 107 005c 03D0     		beq	.L2
 108              		.loc 1 64 0
 109 005e 4FF48031 		mov	r1, #65536
 110 0062 1962     		str	r1, [r3, #32]
ARM GAS  C:\DOCUME~1\z_80\LOCALS~1\Temp\ccw79TAg.s 			page 3


 111              		.loc 1 65 0
 112 0064 1A62     		str	r2, [r3, #32]
 113              	.L2:
 114              		.loc 1 78 0
 115 0066 084B     		ldr	r3, .L5
 116 0068 1A6A     		ldr	r2, [r3, #32]
 117 006a 12F4004F 		tst	r2, #32768
 118 006e 07D1     		bne	.L3
 119              		.loc 1 80 0
 120 0070 186A     		ldr	r0, [r3, #32]
 121 0072 40F44072 		orr	r2, r0, #768
 122 0076 1A62     		str	r2, [r3, #32]
 123              		.loc 1 83 0
 124 0078 196A     		ldr	r1, [r3, #32]
 125 007a 41F40040 		orr	r0, r1, #32768
 126 007e 1862     		str	r0, [r3, #32]
 127              	.L3:
 128              	.LBE6:
 129              	.LBE7:
 130              		.loc 1 133 0
 131 0080 30BC     		pop	{r4, r5}
 132              		.loc 1 126 0
 133 0082 FFF7FEBF 		b	dmaInit
 134              	.L6:
 135 0086 00BF     		.align	2
 136              	.L5:
 137 0088 00100240 		.word	1073876992
 138 008c 10E000E0 		.word	-536813552
 139 0090 F0ED00E0 		.word	-536810000
 140 0094 001000E0 		.word	-536866816
 141 0098 00700040 		.word	1073770496
 142              		.cfi_endproc
 143              	.LFE56:
 144              		.size	hal_lld_init, .-hal_lld_init
 145 009c AFF30080 		.section	.text.stm32_clock_init,"ax",%progbits
 146              		.align	2
 147              		.p2align 4,,15
 148              		.global	stm32_clock_init
 149              		.thumb
 150              		.thumb_func
 151              		.type	stm32_clock_init, %function
 152              	stm32_clock_init:
 153              	.LFB57:
 154              		.loc 1 149 0
 155              		.cfi_startproc
 156              		@ args = 0, pretend = 0, frame = 0
 157              		@ frame_needed = 0, uses_anonymous_args = 0
 158              		@ link register save eliminated.
 159              		.loc 1 154 0
 160 0000 1F4B     		ldr	r3, .L18
 161 0002 1868     		ldr	r0, [r3, #0]
 162              		.loc 1 155 0
 163 0004 1946     		mov	r1, r3
 164              		.loc 1 154 0
 165 0006 40F00102 		orr	r2, r0, #1
 166 000a 1A60     		str	r2, [r3, #0]
 167              	.L8:
ARM GAS  C:\DOCUME~1\z_80\LOCALS~1\Temp\ccw79TAg.s 			page 4


 168              		.loc 1 155 0 discriminator 1
 169 000c 0B68     		ldr	r3, [r1, #0]
 170 000e 1C4A     		ldr	r2, .L18
 171 0010 13F0020F 		tst	r3, #2
 172 0014 FAD0     		beq	.L8
 173              		.loc 1 157 0
 174 0016 1368     		ldr	r3, [r2, #0]
 175              		.loc 1 158 0
 176 0018 0020     		movs	r0, #0
 177              		.loc 1 157 0
 178 001a 03F0F901 		and	r1, r3, #249
 179 001e 1160     		str	r1, [r2, #0]
 180              		.loc 1 159 0
 181 0020 1146     		mov	r1, r2
 182              		.loc 1 158 0
 183 0022 5060     		str	r0, [r2, #4]
 184              	.L9:
 185              		.loc 1 159 0 discriminator 1
 186 0024 4868     		ldr	r0, [r1, #4]
 187 0026 164A     		ldr	r2, .L18
 188 0028 10F00C0F 		tst	r0, #12
 189 002c FAD1     		bne	.L9
 190              		.loc 1 164 0
 191 002e 1068     		ldr	r0, [r2, #0]
 192              		.loc 1 165 0
 193 0030 1146     		mov	r1, r2
 194              		.loc 1 164 0
 195 0032 40F48033 		orr	r3, r0, #65536
 196 0036 1360     		str	r3, [r2, #0]
 197              	.L10:
 198              		.loc 1 165 0 discriminator 1
 199 0038 0B68     		ldr	r3, [r1, #0]
 200 003a 114A     		ldr	r2, .L18
 201 003c 13F4003F 		tst	r3, #131072
 202 0040 FAD0     		beq	.L10
 203              		.loc 1 178 0
 204 0042 5368     		ldr	r3, [r2, #4]
 205              		.loc 1 180 0
 206 0044 1146     		mov	r1, r2
 207              		.loc 1 178 0
 208 0046 43F48810 		orr	r0, r3, #1114112
 209 004a 5060     		str	r0, [r2, #4]
 210              		.loc 1 179 0
 211 004c 1368     		ldr	r3, [r2, #0]
 212 004e 43F08070 		orr	r0, r3, #16777216
 213 0052 1060     		str	r0, [r2, #0]
 214              	.L11:
 215              		.loc 1 180 0 discriminator 1
 216 0054 0868     		ldr	r0, [r1, #0]
 217 0056 0A4A     		ldr	r2, .L18
 218 0058 10F0007F 		tst	r0, #33554432
 219 005c FAD0     		beq	.L11
 220              		.loc 1 186 0
 221 005e 0948     		ldr	r0, .L18+4
 222              		.loc 1 196 0
 223 0060 094B     		ldr	r3, .L18+8
 224 0062 1121     		movs	r1, #17
ARM GAS  C:\DOCUME~1\z_80\LOCALS~1\Temp\ccw79TAg.s 			page 5


 225              		.loc 1 186 0
 226 0064 5060     		str	r0, [r2, #4]
 227              		.loc 1 196 0
 228 0066 1960     		str	r1, [r3, #0]
 229              		.loc 1 201 0
 230 0068 5068     		ldr	r0, [r2, #4]
 231              		.loc 1 202 0
 232 006a 1146     		mov	r1, r2
 233              		.loc 1 201 0
 234 006c 40F00203 		orr	r3, r0, #2
 235 0070 5360     		str	r3, [r2, #4]
 236              	.L12:
 237              		.loc 1 202 0 discriminator 1
 238 0072 4A68     		ldr	r2, [r1, #4]
 239 0074 02F00C0C 		and	ip, r2, #12
 240 0078 BCF1080F 		cmp	ip, #8
 241 007c F9D1     		bne	.L12
 242              		.loc 1 206 0
 243 007e 7047     		bx	lr
 244              	.L19:
 245              		.align	2
 246              	.L18:
 247 0080 00100240 		.word	1073876992
 248 0084 00645100 		.word	5334016
 249 0088 00200240 		.word	1073881088
 250              		.cfi_endproc
 251              	.LFE57:
 252              		.size	stm32_clock_init, .-stm32_clock_init
 253 008c AFF30080 		.text
 254              	.Letext0:
 255              		.section	.debug_loc,"",%progbits
 256              	.Ldebug_loc0:
 257              	.LLST0:
 258 0000 00000000 		.4byte	.LFB56
 259 0004 0A000000 		.4byte	.LCFI0
 260 0008 0200     		.2byte	0x2
 261 000a 7D       		.byte	0x7d
 262 000b 00       		.sleb128 0
 263 000c 0A000000 		.4byte	.LCFI0
 264 0010 9C000000 		.4byte	.LFE56
 265 0014 0200     		.2byte	0x2
 266 0016 7D       		.byte	0x7d
 267 0017 08       		.sleb128 8
 268 0018 00000000 		.4byte	0x0
 269 001c 00000000 		.4byte	0x0
 270              		.file 2 "c:\\programs\\codesourcery\\arm-2012.03-56\\bin\\../lib/gcc/arm-none-eabi/4.5.2/../../../
 271              		.file 3 "../chibios_2.4.x/os/ports/common/ARMCMx/nvic.h"
 272              		.file 4 "../chibios_2.4.x/os/ports/common/ARMCMx/CMSIS/include/core_cm3.h"
 273              		.file 5 "../chibios_2.4.x/os/hal/platforms/STM32F1xx/stm32f10x.h"
 274              		.section	.debug_info
 275 0000 AE030000 		.4byte	0x3ae
 276 0004 0200     		.2byte	0x2
 277 0006 00000000 		.4byte	.Ldebug_abbrev0
 278 000a 04       		.byte	0x4
 279 000b 01       		.uleb128 0x1
 280 000c 18000000 		.4byte	.LASF45
 281 0010 01       		.byte	0x1
ARM GAS  C:\DOCUME~1\z_80\LOCALS~1\Temp\ccw79TAg.s 			page 6


 282 0011 3F000000 		.4byte	.LASF46
 283 0015 BB010000 		.4byte	.LASF47
 284 0019 00000000 		.4byte	0x0
 285 001d 00000000 		.4byte	0x0
 286 0021 18000000 		.4byte	.Ldebug_ranges0+0x18
 287 0025 00000000 		.4byte	.Ldebug_line0
 288 0029 02       		.uleb128 0x2
 289 002a 04       		.byte	0x4
 290 002b 05       		.byte	0x5
 291 002c 696E7400 		.ascii	"int\000"
 292 0030 03       		.uleb128 0x3
 293 0031 04       		.byte	0x4
 294 0032 07       		.byte	0x7
 295 0033 6C010000 		.4byte	.LASF0
 296 0037 03       		.uleb128 0x3
 297 0038 01       		.byte	0x1
 298 0039 06       		.byte	0x6
 299 003a 2E020000 		.4byte	.LASF1
 300 003e 03       		.uleb128 0x3
 301 003f 01       		.byte	0x1
 302 0040 08       		.byte	0x8
 303 0041 B8000000 		.4byte	.LASF2
 304 0045 03       		.uleb128 0x3
 305 0046 02       		.byte	0x2
 306 0047 05       		.byte	0x5
 307 0048 44010000 		.4byte	.LASF3
 308 004c 04       		.uleb128 0x4
 309 004d 02020000 		.4byte	.LASF5
 310 0051 02       		.byte	0x2
 311 0052 36       		.byte	0x36
 312 0053 57000000 		.4byte	0x57
 313 0057 03       		.uleb128 0x3
 314 0058 02       		.byte	0x2
 315 0059 07       		.byte	0x7
 316 005a DF000000 		.4byte	.LASF4
 317 005e 04       		.uleb128 0x4
 318 005f 9D010000 		.4byte	.LASF6
 319 0063 02       		.byte	0x2
 320 0064 4F       		.byte	0x4f
 321 0065 69000000 		.4byte	0x69
 322 0069 03       		.uleb128 0x3
 323 006a 04       		.byte	0x4
 324 006b 05       		.byte	0x5
 325 006c 20020000 		.4byte	.LASF7
 326 0070 04       		.uleb128 0x4
 327 0071 17020000 		.4byte	.LASF8
 328 0075 02       		.byte	0x2
 329 0076 50       		.byte	0x50
 330 0077 7B000000 		.4byte	0x7b
 331 007b 03       		.uleb128 0x3
 332 007c 04       		.byte	0x4
 333 007d 07       		.byte	0x7
 334 007e CD000000 		.4byte	.LASF9
 335 0082 03       		.uleb128 0x3
 336 0083 08       		.byte	0x8
 337 0084 05       		.byte	0x5
 338 0085 00000000 		.4byte	.LASF10
ARM GAS  C:\DOCUME~1\z_80\LOCALS~1\Temp\ccw79TAg.s 			page 7


 339 0089 03       		.uleb128 0x3
 340 008a 08       		.byte	0x8
 341 008b 07       		.byte	0x7
 342 008c 92000000 		.4byte	.LASF11
 343 0090 05       		.uleb128 0x5
 344 0091 70000000 		.4byte	0x70
 345 0095 05       		.uleb128 0x5
 346 0096 7B000000 		.4byte	0x7b
 347 009a 06       		.uleb128 0x6
 348 009b 10       		.byte	0x10
 349 009c 03       		.byte	0x3
 350 009d F1       		.byte	0xf1
 351 009e DB000000 		.4byte	0xdb
 352 00a2 07       		.uleb128 0x7
 353 00a3 21010000 		.4byte	.LASF12
 354 00a7 03       		.byte	0x3
 355 00a8 F2       		.byte	0xf2
 356 00a9 95000000 		.4byte	0x95
 357 00ad 02       		.byte	0x2
 358 00ae 23       		.byte	0x23
 359 00af 00       		.uleb128 0x0
 360 00b0 07       		.uleb128 0x7
 361 00b1 66010000 		.4byte	.LASF13
 362 00b5 03       		.byte	0x3
 363 00b6 F3       		.byte	0xf3
 364 00b7 95000000 		.4byte	0x95
 365 00bb 02       		.byte	0x2
 366 00bc 23       		.byte	0x23
 367 00bd 04       		.uleb128 0x4
 368 00be 07       		.uleb128 0x7
 369 00bf 8B010000 		.4byte	.LASF14
 370 00c3 03       		.byte	0x3
 371 00c4 F4       		.byte	0xf4
 372 00c5 95000000 		.4byte	0x95
 373 00c9 02       		.byte	0x2
 374 00ca 23       		.byte	0x23
 375 00cb 08       		.uleb128 0x8
 376 00cc 07       		.uleb128 0x7
 377 00cd B2000000 		.4byte	.LASF15
 378 00d1 03       		.byte	0x3
 379 00d2 F5       		.byte	0xf5
 380 00d3 95000000 		.4byte	0x95
 381 00d7 02       		.byte	0x2
 382 00d8 23       		.byte	0x23
 383 00d9 0C       		.uleb128 0xc
 384 00da 00       		.byte	0x0
 385 00db 04       		.uleb128 0x4
 386 00dc B3010000 		.4byte	.LASF16
 387 00e0 03       		.byte	0x3
 388 00e1 F6       		.byte	0xf6
 389 00e2 9A000000 		.4byte	0x9a
 390 00e6 08       		.uleb128 0x8
 391 00e7 20       		.byte	0x20
 392 00e8 03       		.byte	0x3
 393 00e9 0601     		.2byte	0x106
 394 00eb 68010000 		.4byte	0x168
 395 00ef 09       		.uleb128 0x9
ARM GAS  C:\DOCUME~1\z_80\LOCALS~1\Temp\ccw79TAg.s 			page 8


 396 00f0 91010000 		.4byte	.LASF17
 397 00f4 03       		.byte	0x3
 398 00f5 0701     		.2byte	0x107
 399 00f7 95000000 		.4byte	0x95
 400 00fb 02       		.byte	0x2
 401 00fc 23       		.byte	0x23
 402 00fd 00       		.uleb128 0x0
 403 00fe 09       		.uleb128 0x9
 404 00ff C6000000 		.4byte	.LASF18
 405 0103 03       		.byte	0x3
 406 0104 0801     		.2byte	0x108
 407 0106 95000000 		.4byte	0x95
 408 010a 02       		.byte	0x2
 409 010b 23       		.byte	0x23
 410 010c 04       		.uleb128 0x4
 411 010d 09       		.uleb128 0x9
 412 010e 0D010000 		.4byte	.LASF19
 413 0112 03       		.byte	0x3
 414 0113 0901     		.2byte	0x109
 415 0115 95000000 		.4byte	0x95
 416 0119 02       		.byte	0x2
 417 011a 23       		.byte	0x23
 418 011b 08       		.uleb128 0x8
 419 011c 09       		.uleb128 0x9
 420 011d 96010000 		.4byte	.LASF20
 421 0121 03       		.byte	0x3
 422 0122 0A01     		.2byte	0x10a
 423 0124 95000000 		.4byte	0x95
 424 0128 02       		.byte	0x2
 425 0129 23       		.byte	0x23
 426 012a 0C       		.uleb128 0xc
 427 012b 09       		.uleb128 0x9
 428 012c 89000000 		.4byte	.LASF21
 429 0130 03       		.byte	0x3
 430 0131 0B01     		.2byte	0x10b
 431 0133 95000000 		.4byte	0x95
 432 0137 02       		.byte	0x2
 433 0138 23       		.byte	0x23
 434 0139 10       		.uleb128 0x10
 435 013a 09       		.uleb128 0x9
 436 013b 4E010000 		.4byte	.LASF22
 437 013f 03       		.byte	0x3
 438 0140 0C01     		.2byte	0x10c
 439 0142 95000000 		.4byte	0x95
 440 0146 02       		.byte	0x2
 441 0147 23       		.byte	0x23
 442 0148 14       		.uleb128 0x14
 443 0149 09       		.uleb128 0x9
 444 014a 7C000000 		.4byte	.LASF23
 445 014e 03       		.byte	0x3
 446 014f 0D01     		.2byte	0x10d
 447 0151 95000000 		.4byte	0x95
 448 0155 02       		.byte	0x2
 449 0156 23       		.byte	0x23
 450 0157 18       		.uleb128 0x18
 451 0158 09       		.uleb128 0x9
 452 0159 24000000 		.4byte	.LASF24
ARM GAS  C:\DOCUME~1\z_80\LOCALS~1\Temp\ccw79TAg.s 			page 9


 453 015d 03       		.byte	0x3
 454 015e 0E01     		.2byte	0x10e
 455 0160 95000000 		.4byte	0x95
 456 0164 02       		.byte	0x2
 457 0165 23       		.byte	0x23
 458 0166 1C       		.uleb128 0x1c
 459 0167 00       		.byte	0x0
 460 0168 0A       		.uleb128 0xa
 461 0169 37000000 		.4byte	.LASF25
 462 016d 03       		.byte	0x3
 463 016e 0F01     		.2byte	0x10f
 464 0170 E6000000 		.4byte	0xe6
 465 0174 03       		.uleb128 0x3
 466 0175 01       		.byte	0x1
 467 0176 08       		.byte	0x8
 468 0177 79010000 		.4byte	.LASF26
 469 017b 0B       		.uleb128 0xb
 470 017c 90000000 		.4byte	0x90
 471 0180 08       		.uleb128 0x8
 472 0181 10       		.byte	0x10
 473 0182 04       		.byte	0x4
 474 0183 3802     		.2byte	0x238
 475 0185 C6010000 		.4byte	0x1c6
 476 0189 09       		.uleb128 0x9
 477 018a 91010000 		.4byte	.LASF17
 478 018e 04       		.byte	0x4
 479 018f 3A02     		.2byte	0x23a
 480 0191 90000000 		.4byte	0x90
 481 0195 02       		.byte	0x2
 482 0196 23       		.byte	0x23
 483 0197 00       		.uleb128 0x0
 484 0198 09       		.uleb128 0x9
 485 0199 EC010000 		.4byte	.LASF27
 486 019d 04       		.byte	0x4
 487 019e 3B02     		.2byte	0x23b
 488 01a0 90000000 		.4byte	0x90
 489 01a4 02       		.byte	0x2
 490 01a5 23       		.byte	0x23
 491 01a6 04       		.uleb128 0x4
 492 01a7 0C       		.uleb128 0xc
 493 01a8 56414C00 		.ascii	"VAL\000"
 494 01ac 04       		.byte	0x4
 495 01ad 3C02     		.2byte	0x23c
 496 01af 90000000 		.4byte	0x90
 497 01b3 02       		.byte	0x2
 498 01b4 23       		.byte	0x23
 499 01b5 08       		.uleb128 0x8
 500 01b6 09       		.uleb128 0x9
 501 01b7 A5010000 		.4byte	.LASF28
 502 01bb 04       		.byte	0x4
 503 01bc 3D02     		.2byte	0x23d
 504 01be 7B010000 		.4byte	0x17b
 505 01c2 02       		.byte	0x2
 506 01c3 23       		.byte	0x23
 507 01c4 0C       		.uleb128 0xc
 508 01c5 00       		.byte	0x0
 509 01c6 0A       		.uleb128 0xa
ARM GAS  C:\DOCUME~1\z_80\LOCALS~1\Temp\ccw79TAg.s 			page 10


 510 01c7 7E010000 		.4byte	.LASF29
 511 01cb 04       		.byte	0x4
 512 01cc 3E02     		.2byte	0x23e
 513 01ce 80010000 		.4byte	0x180
 514 01d2 05       		.uleb128 0x5
 515 01d3 5E000000 		.4byte	0x5e
 516 01d7 08       		.uleb128 0x8
 517 01d8 24       		.byte	0x24
 518 01d9 05       		.byte	0x5
 519 01da 9403     		.2byte	0x394
 520 01dc 65020000 		.4byte	0x265
 521 01e0 0C       		.uleb128 0xc
 522 01e1 41435200 		.ascii	"ACR\000"
 523 01e5 05       		.byte	0x5
 524 01e6 9603     		.2byte	0x396
 525 01e8 90000000 		.4byte	0x90
 526 01ec 02       		.byte	0x2
 527 01ed 23       		.byte	0x23
 528 01ee 00       		.uleb128 0x0
 529 01ef 09       		.uleb128 0x9
 530 01f0 29020000 		.4byte	.LASF30
 531 01f4 05       		.byte	0x5
 532 01f5 9703     		.2byte	0x397
 533 01f7 90000000 		.4byte	0x90
 534 01fb 02       		.byte	0x2
 535 01fc 23       		.byte	0x23
 536 01fd 04       		.uleb128 0x4
 537 01fe 09       		.uleb128 0x9
 538 01ff 27010000 		.4byte	.LASF31
 539 0203 05       		.byte	0x5
 540 0204 9803     		.2byte	0x398
 541 0206 90000000 		.4byte	0x90
 542 020a 02       		.byte	0x2
 543 020b 23       		.byte	0x23
 544 020c 08       		.uleb128 0x8
 545 020d 0C       		.uleb128 0xc
 546 020e 535200   		.ascii	"SR\000"
 547 0211 05       		.byte	0x5
 548 0212 9903     		.2byte	0x399
 549 0214 90000000 		.4byte	0x90
 550 0218 02       		.byte	0x2
 551 0219 23       		.byte	0x23
 552 021a 0C       		.uleb128 0xc
 553 021b 0C       		.uleb128 0xc
 554 021c 435200   		.ascii	"CR\000"
 555 021f 05       		.byte	0x5
 556 0220 9A03     		.2byte	0x39a
 557 0222 90000000 		.4byte	0x90
 558 0226 02       		.byte	0x2
 559 0227 23       		.byte	0x23
 560 0228 10       		.uleb128 0x10
 561 0229 0C       		.uleb128 0xc
 562 022a 415200   		.ascii	"AR\000"
 563 022d 05       		.byte	0x5
 564 022e 9B03     		.2byte	0x39b
 565 0230 90000000 		.4byte	0x90
 566 0234 02       		.byte	0x2
ARM GAS  C:\DOCUME~1\z_80\LOCALS~1\Temp\ccw79TAg.s 			page 11


 567 0235 23       		.byte	0x23
 568 0236 14       		.uleb128 0x14
 569 0237 09       		.uleb128 0x9
 570 0238 3B010000 		.4byte	.LASF32
 571 023c 05       		.byte	0x5
 572 023d 9C03     		.2byte	0x39c
 573 023f 90000000 		.4byte	0x90
 574 0243 02       		.byte	0x2
 575 0244 23       		.byte	0x23
 576 0245 18       		.uleb128 0x18
 577 0246 0C       		.uleb128 0xc
 578 0247 4F425200 		.ascii	"OBR\000"
 579 024b 05       		.byte	0x5
 580 024c 9D03     		.2byte	0x39d
 581 024e 90000000 		.4byte	0x90
 582 0252 02       		.byte	0x2
 583 0253 23       		.byte	0x23
 584 0254 1C       		.uleb128 0x1c
 585 0255 09       		.uleb128 0x9
 586 0256 84000000 		.4byte	.LASF33
 587 025a 05       		.byte	0x5
 588 025b 9E03     		.2byte	0x39e
 589 025d 90000000 		.4byte	0x90
 590 0261 02       		.byte	0x2
 591 0262 23       		.byte	0x23
 592 0263 20       		.uleb128 0x20
 593 0264 00       		.byte	0x0
 594 0265 0A       		.uleb128 0xa
 595 0266 29000000 		.4byte	.LASF34
 596 026a 05       		.byte	0x5
 597 026b A703     		.2byte	0x3a7
 598 026d D7010000 		.4byte	0x1d7
 599 0271 08       		.uleb128 0x8
 600 0272 08       		.byte	0x8
 601 0273 05       		.byte	0x5
 602 0274 3904     		.2byte	0x439
 603 0276 98020000 		.4byte	0x298
 604 027a 0C       		.uleb128 0xc
 605 027b 435200   		.ascii	"CR\000"
 606 027e 05       		.byte	0x5
 607 027f 3B04     		.2byte	0x43b
 608 0281 90000000 		.4byte	0x90
 609 0285 02       		.byte	0x2
 610 0286 23       		.byte	0x23
 611 0287 00       		.uleb128 0x0
 612 0288 0C       		.uleb128 0xc
 613 0289 43535200 		.ascii	"CSR\000"
 614 028d 05       		.byte	0x5
 615 028e 3C04     		.2byte	0x43c
 616 0290 90000000 		.4byte	0x90
 617 0294 02       		.byte	0x2
 618 0295 23       		.byte	0x23
 619 0296 04       		.uleb128 0x4
 620 0297 00       		.byte	0x0
 621 0298 0A       		.uleb128 0xa
 622 0299 2F010000 		.4byte	.LASF35
 623 029d 05       		.byte	0x5
ARM GAS  C:\DOCUME~1\z_80\LOCALS~1\Temp\ccw79TAg.s 			page 12


 624 029e 3D04     		.2byte	0x43d
 625 02a0 71020000 		.4byte	0x271
 626 02a4 08       		.uleb128 0x8
 627 02a5 28       		.byte	0x28
 628 02a6 05       		.byte	0x5
 629 02a7 4304     		.2byte	0x443
 630 02a9 43030000 		.4byte	0x343
 631 02ad 0C       		.uleb128 0xc
 632 02ae 435200   		.ascii	"CR\000"
 633 02b1 05       		.byte	0x5
 634 02b2 4504     		.2byte	0x445
 635 02b4 90000000 		.4byte	0x90
 636 02b8 02       		.byte	0x2
 637 02b9 23       		.byte	0x23
 638 02ba 00       		.uleb128 0x0
 639 02bb 09       		.uleb128 0x9
 640 02bc 13000000 		.4byte	.LASF36
 641 02c0 05       		.byte	0x5
 642 02c1 4604     		.2byte	0x446
 643 02c3 90000000 		.4byte	0x90
 644 02c7 02       		.byte	0x2
 645 02c8 23       		.byte	0x23
 646 02c9 04       		.uleb128 0x4
 647 02ca 0C       		.uleb128 0xc
 648 02cb 43495200 		.ascii	"CIR\000"
 649 02cf 05       		.byte	0x5
 650 02d0 4704     		.2byte	0x447
 651 02d2 90000000 		.4byte	0x90
 652 02d6 02       		.byte	0x2
 653 02d7 23       		.byte	0x23
 654 02d8 08       		.uleb128 0x8
 655 02d9 09       		.uleb128 0x9
 656 02da 5D010000 		.4byte	.LASF37
 657 02de 05       		.byte	0x5
 658 02df 4804     		.2byte	0x448
 659 02e1 90000000 		.4byte	0x90
 660 02e5 02       		.byte	0x2
 661 02e6 23       		.byte	0x23
 662 02e7 0C       		.uleb128 0xc
 663 02e8 09       		.uleb128 0x9
 664 02e9 A9000000 		.4byte	.LASF38
 665 02ed 05       		.byte	0x5
 666 02ee 4904     		.2byte	0x449
 667 02f0 90000000 		.4byte	0x90
 668 02f4 02       		.byte	0x2
 669 02f5 23       		.byte	0x23
 670 02f6 10       		.uleb128 0x10
 671 02f7 09       		.uleb128 0x9
 672 02f8 75000000 		.4byte	.LASF39
 673 02fc 05       		.byte	0x5
 674 02fd 4A04     		.2byte	0x44a
 675 02ff 90000000 		.4byte	0x90
 676 0303 02       		.byte	0x2
 677 0304 23       		.byte	0x23
 678 0305 14       		.uleb128 0x14
 679 0306 09       		.uleb128 0x9
 680 0307 AB010000 		.4byte	.LASF40
ARM GAS  C:\DOCUME~1\z_80\LOCALS~1\Temp\ccw79TAg.s 			page 13


 681 030b 05       		.byte	0x5
 682 030c 4B04     		.2byte	0x44b
 683 030e 90000000 		.4byte	0x90
 684 0312 02       		.byte	0x2
 685 0313 23       		.byte	0x23
 686 0314 18       		.uleb128 0x18
 687 0315 09       		.uleb128 0x9
 688 0316 55010000 		.4byte	.LASF41
 689 031a 05       		.byte	0x5
 690 031b 4C04     		.2byte	0x44c
 691 031d 90000000 		.4byte	0x90
 692 0321 02       		.byte	0x2
 693 0322 23       		.byte	0x23
 694 0323 1C       		.uleb128 0x1c
 695 0324 09       		.uleb128 0x9
 696 0325 0E000000 		.4byte	.LASF42
 697 0329 05       		.byte	0x5
 698 032a 4D04     		.2byte	0x44d
 699 032c 90000000 		.4byte	0x90
 700 0330 02       		.byte	0x2
 701 0331 23       		.byte	0x23
 702 0332 20       		.uleb128 0x20
 703 0333 0C       		.uleb128 0xc
 704 0334 43535200 		.ascii	"CSR\000"
 705 0338 05       		.byte	0x5
 706 0339 4E04     		.2byte	0x44e
 707 033b 90000000 		.4byte	0x90
 708 033f 02       		.byte	0x2
 709 0340 23       		.byte	0x23
 710 0341 24       		.uleb128 0x24
 711 0342 00       		.byte	0x0
 712 0343 0A       		.uleb128 0xa
 713 0344 0B020000 		.4byte	.LASF43
 714 0348 05       		.byte	0x5
 715 0349 5904     		.2byte	0x459
 716 034b A4020000 		.4byte	0x2a4
 717 034f 0D       		.uleb128 0xd
 718 0350 F2000000 		.4byte	.LASF48
 719 0354 01       		.byte	0x1
 720 0355 38       		.byte	0x38
 721 0356 01       		.byte	0x1
 722 0357 01       		.byte	0x1
 723 0358 0E       		.uleb128 0xe
 724 0359 01       		.byte	0x1
 725 035a DF010000 		.4byte	.LASF49
 726 035e 01       		.byte	0x1
 727 035f 65       		.byte	0x65
 728 0360 01       		.byte	0x1
 729 0361 00000000 		.4byte	.LFB56
 730 0365 9C000000 		.4byte	.LFE56
 731 0369 00000000 		.4byte	.LLST0
 732 036d 81030000 		.4byte	0x381
 733 0371 0F       		.uleb128 0xf
 734 0372 4F030000 		.4byte	0x34f
 735 0376 32000000 		.4byte	.LBB4
 736 037a 00000000 		.4byte	.Ldebug_ranges0+0x0
 737 037e 01       		.byte	0x1
ARM GAS  C:\DOCUME~1\z_80\LOCALS~1\Temp\ccw79TAg.s 			page 14


 738 037f 7B       		.byte	0x7b
 739 0380 00       		.byte	0x0
 740 0381 10       		.uleb128 0x10
 741 0382 01       		.byte	0x1
 742 0383 F1010000 		.4byte	.LASF50
 743 0387 01       		.byte	0x1
 744 0388 95       		.byte	0x95
 745 0389 01       		.byte	0x1
 746 038a 00000000 		.4byte	.LFB57
 747 038e 8C000000 		.4byte	.LFE57
 748 0392 02       		.byte	0x2
 749 0393 7D       		.byte	0x7d
 750 0394 00       		.sleb128 0
 751 0395 11       		.uleb128 0x11
 752 0396 14010000 		.4byte	.LASF44
 753 039a 04       		.byte	0x4
 754 039b 9404     		.2byte	0x494
 755 039d D2010000 		.4byte	0x1d2
 756 03a1 01       		.byte	0x1
 757 03a2 01       		.byte	0x1
 758 03a3 11       		.uleb128 0x11
 759 03a4 14010000 		.4byte	.LASF44
 760 03a8 04       		.byte	0x4
 761 03a9 9404     		.2byte	0x494
 762 03ab D2010000 		.4byte	0x1d2
 763 03af 01       		.byte	0x1
 764 03b0 01       		.byte	0x1
 765 03b1 00       		.byte	0x0
 766              		.section	.debug_abbrev
 767 0000 01       		.uleb128 0x1
 768 0001 11       		.uleb128 0x11
 769 0002 01       		.byte	0x1
 770 0003 25       		.uleb128 0x25
 771 0004 0E       		.uleb128 0xe
 772 0005 13       		.uleb128 0x13
 773 0006 0B       		.uleb128 0xb
 774 0007 03       		.uleb128 0x3
 775 0008 0E       		.uleb128 0xe
 776 0009 1B       		.uleb128 0x1b
 777 000a 0E       		.uleb128 0xe
 778 000b 11       		.uleb128 0x11
 779 000c 01       		.uleb128 0x1
 780 000d 52       		.uleb128 0x52
 781 000e 01       		.uleb128 0x1
 782 000f 55       		.uleb128 0x55
 783 0010 06       		.uleb128 0x6
 784 0011 10       		.uleb128 0x10
 785 0012 06       		.uleb128 0x6
 786 0013 00       		.byte	0x0
 787 0014 00       		.byte	0x0
 788 0015 02       		.uleb128 0x2
 789 0016 24       		.uleb128 0x24
 790 0017 00       		.byte	0x0
 791 0018 0B       		.uleb128 0xb
 792 0019 0B       		.uleb128 0xb
 793 001a 3E       		.uleb128 0x3e
 794 001b 0B       		.uleb128 0xb
ARM GAS  C:\DOCUME~1\z_80\LOCALS~1\Temp\ccw79TAg.s 			page 15


 795 001c 03       		.uleb128 0x3
 796 001d 08       		.uleb128 0x8
 797 001e 00       		.byte	0x0
 798 001f 00       		.byte	0x0
 799 0020 03       		.uleb128 0x3
 800 0021 24       		.uleb128 0x24
 801 0022 00       		.byte	0x0
 802 0023 0B       		.uleb128 0xb
 803 0024 0B       		.uleb128 0xb
 804 0025 3E       		.uleb128 0x3e
 805 0026 0B       		.uleb128 0xb
 806 0027 03       		.uleb128 0x3
 807 0028 0E       		.uleb128 0xe
 808 0029 00       		.byte	0x0
 809 002a 00       		.byte	0x0
 810 002b 04       		.uleb128 0x4
 811 002c 16       		.uleb128 0x16
 812 002d 00       		.byte	0x0
 813 002e 03       		.uleb128 0x3
 814 002f 0E       		.uleb128 0xe
 815 0030 3A       		.uleb128 0x3a
 816 0031 0B       		.uleb128 0xb
 817 0032 3B       		.uleb128 0x3b
 818 0033 0B       		.uleb128 0xb
 819 0034 49       		.uleb128 0x49
 820 0035 13       		.uleb128 0x13
 821 0036 00       		.byte	0x0
 822 0037 00       		.byte	0x0
 823 0038 05       		.uleb128 0x5
 824 0039 35       		.uleb128 0x35
 825 003a 00       		.byte	0x0
 826 003b 49       		.uleb128 0x49
 827 003c 13       		.uleb128 0x13
 828 003d 00       		.byte	0x0
 829 003e 00       		.byte	0x0
 830 003f 06       		.uleb128 0x6
 831 0040 13       		.uleb128 0x13
 832 0041 01       		.byte	0x1
 833 0042 0B       		.uleb128 0xb
 834 0043 0B       		.uleb128 0xb
 835 0044 3A       		.uleb128 0x3a
 836 0045 0B       		.uleb128 0xb
 837 0046 3B       		.uleb128 0x3b
 838 0047 0B       		.uleb128 0xb
 839 0048 01       		.uleb128 0x1
 840 0049 13       		.uleb128 0x13
 841 004a 00       		.byte	0x0
 842 004b 00       		.byte	0x0
 843 004c 07       		.uleb128 0x7
 844 004d 0D       		.uleb128 0xd
 845 004e 00       		.byte	0x0
 846 004f 03       		.uleb128 0x3
 847 0050 0E       		.uleb128 0xe
 848 0051 3A       		.uleb128 0x3a
 849 0052 0B       		.uleb128 0xb
 850 0053 3B       		.uleb128 0x3b
 851 0054 0B       		.uleb128 0xb
ARM GAS  C:\DOCUME~1\z_80\LOCALS~1\Temp\ccw79TAg.s 			page 16


 852 0055 49       		.uleb128 0x49
 853 0056 13       		.uleb128 0x13
 854 0057 38       		.uleb128 0x38
 855 0058 0A       		.uleb128 0xa
 856 0059 00       		.byte	0x0
 857 005a 00       		.byte	0x0
 858 005b 08       		.uleb128 0x8
 859 005c 13       		.uleb128 0x13
 860 005d 01       		.byte	0x1
 861 005e 0B       		.uleb128 0xb
 862 005f 0B       		.uleb128 0xb
 863 0060 3A       		.uleb128 0x3a
 864 0061 0B       		.uleb128 0xb
 865 0062 3B       		.uleb128 0x3b
 866 0063 05       		.uleb128 0x5
 867 0064 01       		.uleb128 0x1
 868 0065 13       		.uleb128 0x13
 869 0066 00       		.byte	0x0
 870 0067 00       		.byte	0x0
 871 0068 09       		.uleb128 0x9
 872 0069 0D       		.uleb128 0xd
 873 006a 00       		.byte	0x0
 874 006b 03       		.uleb128 0x3
 875 006c 0E       		.uleb128 0xe
 876 006d 3A       		.uleb128 0x3a
 877 006e 0B       		.uleb128 0xb
 878 006f 3B       		.uleb128 0x3b
 879 0070 05       		.uleb128 0x5
 880 0071 49       		.uleb128 0x49
 881 0072 13       		.uleb128 0x13
 882 0073 38       		.uleb128 0x38
 883 0074 0A       		.uleb128 0xa
 884 0075 00       		.byte	0x0
 885 0076 00       		.byte	0x0
 886 0077 0A       		.uleb128 0xa
 887 0078 16       		.uleb128 0x16
 888 0079 00       		.byte	0x0
 889 007a 03       		.uleb128 0x3
 890 007b 0E       		.uleb128 0xe
 891 007c 3A       		.uleb128 0x3a
 892 007d 0B       		.uleb128 0xb
 893 007e 3B       		.uleb128 0x3b
 894 007f 05       		.uleb128 0x5
 895 0080 49       		.uleb128 0x49
 896 0081 13       		.uleb128 0x13
 897 0082 00       		.byte	0x0
 898 0083 00       		.byte	0x0
 899 0084 0B       		.uleb128 0xb
 900 0085 26       		.uleb128 0x26
 901 0086 00       		.byte	0x0
 902 0087 49       		.uleb128 0x49
 903 0088 13       		.uleb128 0x13
 904 0089 00       		.byte	0x0
 905 008a 00       		.byte	0x0
 906 008b 0C       		.uleb128 0xc
 907 008c 0D       		.uleb128 0xd
 908 008d 00       		.byte	0x0
ARM GAS  C:\DOCUME~1\z_80\LOCALS~1\Temp\ccw79TAg.s 			page 17


 909 008e 03       		.uleb128 0x3
 910 008f 08       		.uleb128 0x8
 911 0090 3A       		.uleb128 0x3a
 912 0091 0B       		.uleb128 0xb
 913 0092 3B       		.uleb128 0x3b
 914 0093 05       		.uleb128 0x5
 915 0094 49       		.uleb128 0x49
 916 0095 13       		.uleb128 0x13
 917 0096 38       		.uleb128 0x38
 918 0097 0A       		.uleb128 0xa
 919 0098 00       		.byte	0x0
 920 0099 00       		.byte	0x0
 921 009a 0D       		.uleb128 0xd
 922 009b 2E       		.uleb128 0x2e
 923 009c 00       		.byte	0x0
 924 009d 03       		.uleb128 0x3
 925 009e 0E       		.uleb128 0xe
 926 009f 3A       		.uleb128 0x3a
 927 00a0 0B       		.uleb128 0xb
 928 00a1 3B       		.uleb128 0x3b
 929 00a2 0B       		.uleb128 0xb
 930 00a3 27       		.uleb128 0x27
 931 00a4 0C       		.uleb128 0xc
 932 00a5 20       		.uleb128 0x20
 933 00a6 0B       		.uleb128 0xb
 934 00a7 00       		.byte	0x0
 935 00a8 00       		.byte	0x0
 936 00a9 0E       		.uleb128 0xe
 937 00aa 2E       		.uleb128 0x2e
 938 00ab 01       		.byte	0x1
 939 00ac 3F       		.uleb128 0x3f
 940 00ad 0C       		.uleb128 0xc
 941 00ae 03       		.uleb128 0x3
 942 00af 0E       		.uleb128 0xe
 943 00b0 3A       		.uleb128 0x3a
 944 00b1 0B       		.uleb128 0xb
 945 00b2 3B       		.uleb128 0x3b
 946 00b3 0B       		.uleb128 0xb
 947 00b4 27       		.uleb128 0x27
 948 00b5 0C       		.uleb128 0xc
 949 00b6 11       		.uleb128 0x11
 950 00b7 01       		.uleb128 0x1
 951 00b8 12       		.uleb128 0x12
 952 00b9 01       		.uleb128 0x1
 953 00ba 40       		.uleb128 0x40
 954 00bb 06       		.uleb128 0x6
 955 00bc 01       		.uleb128 0x1
 956 00bd 13       		.uleb128 0x13
 957 00be 00       		.byte	0x0
 958 00bf 00       		.byte	0x0
 959 00c0 0F       		.uleb128 0xf
 960 00c1 1D       		.uleb128 0x1d
 961 00c2 00       		.byte	0x0
 962 00c3 31       		.uleb128 0x31
 963 00c4 13       		.uleb128 0x13
 964 00c5 52       		.uleb128 0x52
 965 00c6 01       		.uleb128 0x1
ARM GAS  C:\DOCUME~1\z_80\LOCALS~1\Temp\ccw79TAg.s 			page 18


 966 00c7 55       		.uleb128 0x55
 967 00c8 06       		.uleb128 0x6
 968 00c9 58       		.uleb128 0x58
 969 00ca 0B       		.uleb128 0xb
 970 00cb 59       		.uleb128 0x59
 971 00cc 0B       		.uleb128 0xb
 972 00cd 00       		.byte	0x0
 973 00ce 00       		.byte	0x0
 974 00cf 10       		.uleb128 0x10
 975 00d0 2E       		.uleb128 0x2e
 976 00d1 00       		.byte	0x0
 977 00d2 3F       		.uleb128 0x3f
 978 00d3 0C       		.uleb128 0xc
 979 00d4 03       		.uleb128 0x3
 980 00d5 0E       		.uleb128 0xe
 981 00d6 3A       		.uleb128 0x3a
 982 00d7 0B       		.uleb128 0xb
 983 00d8 3B       		.uleb128 0x3b
 984 00d9 0B       		.uleb128 0xb
 985 00da 27       		.uleb128 0x27
 986 00db 0C       		.uleb128 0xc
 987 00dc 11       		.uleb128 0x11
 988 00dd 01       		.uleb128 0x1
 989 00de 12       		.uleb128 0x12
 990 00df 01       		.uleb128 0x1
 991 00e0 40       		.uleb128 0x40
 992 00e1 0A       		.uleb128 0xa
 993 00e2 00       		.byte	0x0
 994 00e3 00       		.byte	0x0
 995 00e4 11       		.uleb128 0x11
 996 00e5 34       		.uleb128 0x34
 997 00e6 00       		.byte	0x0
 998 00e7 03       		.uleb128 0x3
 999 00e8 0E       		.uleb128 0xe
 1000 00e9 3A       		.uleb128 0x3a
 1001 00ea 0B       		.uleb128 0xb
 1002 00eb 3B       		.uleb128 0x3b
 1003 00ec 05       		.uleb128 0x5
 1004 00ed 49       		.uleb128 0x49
 1005 00ee 13       		.uleb128 0x13
 1006 00ef 3F       		.uleb128 0x3f
 1007 00f0 0C       		.uleb128 0xc
 1008 00f1 3C       		.uleb128 0x3c
 1009 00f2 0C       		.uleb128 0xc
 1010 00f3 00       		.byte	0x0
 1011 00f4 00       		.byte	0x0
 1012 00f5 00       		.byte	0x0
 1013              		.section	.debug_pubnames,"",%progbits
 1014 0000 34000000 		.4byte	0x34
 1015 0004 0200     		.2byte	0x2
 1016 0006 00000000 		.4byte	.Ldebug_info0
 1017 000a B2030000 		.4byte	0x3b2
 1018 000e 58030000 		.4byte	0x358
 1019 0012 68616C5F 		.ascii	"hal_lld_init\000"
 1019      6C6C645F 
 1019      696E6974 
 1019      00
ARM GAS  C:\DOCUME~1\z_80\LOCALS~1\Temp\ccw79TAg.s 			page 19


 1020 001f 81030000 		.4byte	0x381
 1021 0023 73746D33 		.ascii	"stm32_clock_init\000"
 1021      325F636C 
 1021      6F636B5F 
 1021      696E6974 
 1021      00
 1022 0034 00000000 		.4byte	0x0
 1023              		.section	.debug_pubtypes,"",%progbits
 1024 0000 8F000000 		.4byte	0x8f
 1025 0004 0200     		.2byte	0x2
 1026 0006 00000000 		.4byte	.Ldebug_info0
 1027 000a B2030000 		.4byte	0x3b2
 1028 000e 4C000000 		.4byte	0x4c
 1029 0012 75696E74 		.ascii	"uint16_t\000"
 1029      31365F74 
 1029      00
 1030 001b 5E000000 		.4byte	0x5e
 1031 001f 696E7433 		.ascii	"int32_t\000"
 1031      325F7400 
 1032 0027 70000000 		.4byte	0x70
 1033 002b 75696E74 		.ascii	"uint32_t\000"
 1033      33325F74 
 1033      00
 1034 0034 DB000000 		.4byte	0xdb
 1035 0038 434D785F 		.ascii	"CMx_SCS\000"
 1035      53435300 
 1036 0040 68010000 		.4byte	0x168
 1037 0044 434D785F 		.ascii	"CMx_DWT\000"
 1037      44575400 
 1038 004c C6010000 		.4byte	0x1c6
 1039 0050 53797354 		.ascii	"SysTick_Type\000"
 1039      69636B5F 
 1039      54797065 
 1039      00
 1040 005d 65020000 		.4byte	0x265
 1041 0061 464C4153 		.ascii	"FLASH_TypeDef\000"
 1041      485F5479 
 1041      70654465 
 1041      6600
 1042 006f 98020000 		.4byte	0x298
 1043 0073 5057525F 		.ascii	"PWR_TypeDef\000"
 1043      54797065 
 1043      44656600 
 1044 007f 43030000 		.4byte	0x343
 1045 0083 5243435F 		.ascii	"RCC_TypeDef\000"
 1045      54797065 
 1045      44656600 
 1046 008f 00000000 		.4byte	0x0
 1047              		.section	.debug_aranges,"",%progbits
 1048 0000 24000000 		.4byte	0x24
 1049 0004 0200     		.2byte	0x2
 1050 0006 00000000 		.4byte	.Ldebug_info0
 1051 000a 04       		.byte	0x4
 1052 000b 00       		.byte	0x0
 1053 000c 0000     		.2byte	0x0
 1054 000e 0000     		.2byte	0x0
 1055 0010 00000000 		.4byte	.LFB56
ARM GAS  C:\DOCUME~1\z_80\LOCALS~1\Temp\ccw79TAg.s 			page 20


 1056 0014 9C000000 		.4byte	.LFE56-.LFB56
 1057 0018 00000000 		.4byte	.LFB57
 1058 001c 8C000000 		.4byte	.LFE57-.LFB57
 1059 0020 00000000 		.4byte	0x0
 1060 0024 00000000 		.4byte	0x0
 1061              		.section	.debug_ranges,"",%progbits
 1062              	.Ldebug_ranges0:
 1063 0000 32000000 		.4byte	.LBB4
 1064 0004 34000000 		.4byte	.LBE4
 1065 0008 4A000000 		.4byte	.LBB7
 1066 000c 80000000 		.4byte	.LBE7
 1067 0010 00000000 		.4byte	0x0
 1068 0014 00000000 		.4byte	0x0
 1069 0018 00000000 		.4byte	.LFB56
 1070 001c 9C000000 		.4byte	.LFE56
 1071 0020 00000000 		.4byte	.LFB57
 1072 0024 8C000000 		.4byte	.LFE57
 1073 0028 00000000 		.4byte	0x0
 1074 002c 00000000 		.4byte	0x0
 1075              		.section	.debug_str,"MS",%progbits,1
 1076              	.LASF10:
 1077 0000 6C6F6E67 		.ascii	"long long int\000"
 1077      206C6F6E 
 1077      6720696E 
 1077      7400
 1078              	.LASF42:
 1079 000e 42444352 		.ascii	"BDCR\000"
 1079      00
 1080              	.LASF36:
 1081 0013 43464752 		.ascii	"CFGR\000"
 1081      00
 1082              	.LASF45:
 1083 0018 474E5520 		.ascii	"GNU C 4.5.2\000"
 1083      4320342E 
 1083      352E3200 
 1084              	.LASF24:
 1085 0024 50435352 		.ascii	"PCSR\000"
 1085      00
 1086              	.LASF34:
 1087 0029 464C4153 		.ascii	"FLASH_TypeDef\000"
 1087      485F5479 
 1087      70654465 
 1087      6600
 1088              	.LASF25:
 1089 0037 434D785F 		.ascii	"CMx_DWT\000"
 1089      44575400 
 1090              	.LASF46:
 1091 003f 2E2E2F63 		.ascii	"../chibios_2.4.x/os/hal/platforms/STM32F1xx/hal_lld"
 1091      68696269 
 1091      6F735F32 
 1091      2E342E78 
 1091      2F6F732F 
 1092 0072 2E6300   		.ascii	".c\000"
 1093              	.LASF39:
 1094 0075 41484245 		.ascii	"AHBENR\000"
 1094      4E5200
 1095              	.LASF23:
ARM GAS  C:\DOCUME~1\z_80\LOCALS~1\Temp\ccw79TAg.s 			page 21


 1096 007c 464F4C44 		.ascii	"FOLDCNT\000"
 1096      434E5400 
 1097              	.LASF33:
 1098 0084 57525052 		.ascii	"WRPR\000"
 1098      00
 1099              	.LASF21:
 1100 0089 534C4545 		.ascii	"SLEEPCNT\000"
 1100      50434E54 
 1100      00
 1101              	.LASF11:
 1102 0092 6C6F6E67 		.ascii	"long long unsigned int\000"
 1102      206C6F6E 
 1102      6720756E 
 1102      7369676E 
 1102      65642069 
 1103              	.LASF38:
 1104 00a9 41504231 		.ascii	"APB1RSTR\000"
 1104      52535452 
 1104      00
 1105              	.LASF15:
 1106 00b2 44454D43 		.ascii	"DEMCR\000"
 1106      5200
 1107              	.LASF2:
 1108 00b8 756E7369 		.ascii	"unsigned char\000"
 1108      676E6564 
 1108      20636861 
 1108      7200
 1109              	.LASF18:
 1110 00c6 43594343 		.ascii	"CYCCNT\000"
 1110      4E5400
 1111              	.LASF9:
 1112 00cd 6C6F6E67 		.ascii	"long unsigned int\000"
 1112      20756E73 
 1112      69676E65 
 1112      6420696E 
 1112      7400
 1113              	.LASF4:
 1114 00df 73686F72 		.ascii	"short unsigned int\000"
 1114      7420756E 
 1114      7369676E 
 1114      65642069 
 1114      6E7400
 1115              	.LASF48:
 1116 00f2 68616C5F 		.ascii	"hal_lld_backup_domain_init\000"
 1116      6C6C645F 
 1116      6261636B 
 1116      75705F64 
 1116      6F6D6169 
 1117              	.LASF19:
 1118 010d 43504943 		.ascii	"CPICNT\000"
 1118      4E5400
 1119              	.LASF44:
 1120 0114 49544D5F 		.ascii	"ITM_RxBuffer\000"
 1120      52784275 
 1120      66666572 
 1120      00
 1121              	.LASF12:
ARM GAS  C:\DOCUME~1\z_80\LOCALS~1\Temp\ccw79TAg.s 			page 22


 1122 0121 44484353 		.ascii	"DHCSR\000"
 1122      5200
 1123              	.LASF31:
 1124 0127 4F50544B 		.ascii	"OPTKEYR\000"
 1124      45595200 
 1125              	.LASF35:
 1126 012f 5057525F 		.ascii	"PWR_TypeDef\000"
 1126      54797065 
 1126      44656600 
 1127              	.LASF32:
 1128 013b 52455345 		.ascii	"RESERVED\000"
 1128      52564544 
 1128      00
 1129              	.LASF3:
 1130 0144 73686F72 		.ascii	"short int\000"
 1130      7420696E 
 1130      7400
 1131              	.LASF22:
 1132 014e 4C535543 		.ascii	"LSUCNT\000"
 1132      4E5400
 1133              	.LASF41:
 1134 0155 41504231 		.ascii	"APB1ENR\000"
 1134      454E5200 
 1135              	.LASF37:
 1136 015d 41504232 		.ascii	"APB2RSTR\000"
 1136      52535452 
 1136      00
 1137              	.LASF13:
 1138 0166 44435253 		.ascii	"DCRSR\000"
 1138      5200
 1139              	.LASF0:
 1140 016c 756E7369 		.ascii	"unsigned int\000"
 1140      676E6564 
 1140      20696E74 
 1140      00
 1141              	.LASF26:
 1142 0179 63686172 		.ascii	"char\000"
 1142      00
 1143              	.LASF29:
 1144 017e 53797354 		.ascii	"SysTick_Type\000"
 1144      69636B5F 
 1144      54797065 
 1144      00
 1145              	.LASF14:
 1146 018b 44435244 		.ascii	"DCRDR\000"
 1146      5200
 1147              	.LASF17:
 1148 0191 4354524C 		.ascii	"CTRL\000"
 1148      00
 1149              	.LASF20:
 1150 0196 45584343 		.ascii	"EXCCNT\000"
 1150      4E5400
 1151              	.LASF6:
 1152 019d 696E7433 		.ascii	"int32_t\000"
 1152      325F7400 
 1153              	.LASF28:
 1154 01a5 43414C49 		.ascii	"CALIB\000"
ARM GAS  C:\DOCUME~1\z_80\LOCALS~1\Temp\ccw79TAg.s 			page 23


 1154      4200
 1155              	.LASF40:
 1156 01ab 41504232 		.ascii	"APB2ENR\000"
 1156      454E5200 
 1157              	.LASF16:
 1158 01b3 434D785F 		.ascii	"CMx_SCS\000"
 1158      53435300 
 1159              	.LASF47:
 1160 01bb 433A5C70 		.ascii	"C:\\projects\\ipm\\soft\\firmware\\valve\000"
 1160      726F6A65 
 1160      6374735C 
 1160      69706D5C 
 1160      736F6674 
 1161              	.LASF49:
 1162 01df 68616C5F 		.ascii	"hal_lld_init\000"
 1162      6C6C645F 
 1162      696E6974 
 1162      00
 1163              	.LASF27:
 1164 01ec 4C4F4144 		.ascii	"LOAD\000"
 1164      00
 1165              	.LASF50:
 1166 01f1 73746D33 		.ascii	"stm32_clock_init\000"
 1166      325F636C 
 1166      6F636B5F 
 1166      696E6974 
 1166      00
 1167              	.LASF5:
 1168 0202 75696E74 		.ascii	"uint16_t\000"
 1168      31365F74 
 1168      00
 1169              	.LASF43:
 1170 020b 5243435F 		.ascii	"RCC_TypeDef\000"
 1170      54797065 
 1170      44656600 
 1171              	.LASF8:
 1172 0217 75696E74 		.ascii	"uint32_t\000"
 1172      33325F74 
 1172      00
 1173              	.LASF7:
 1174 0220 6C6F6E67 		.ascii	"long int\000"
 1174      20696E74 
 1174      00
 1175              	.LASF30:
 1176 0229 4B455952 		.ascii	"KEYR\000"
 1176      00
 1177              	.LASF1:
 1178 022e 7369676E 		.ascii	"signed char\000"
 1178      65642063 
 1178      68617200 
 1179              		.ident	"GCC: (Sourcery G++ Lite 2011.03-42) 4.5.2"
ARM GAS  C:\DOCUME~1\z_80\LOCALS~1\Temp\ccw79TAg.s 			page 24


DEFINED SYMBOLS
                            *ABS*:00000000 hal_lld.c
C:\DOCUME~1\z_80\LOCALS~1\Temp\ccw79TAg.s:24     .text.hal_lld_init:00000000 $t
C:\DOCUME~1\z_80\LOCALS~1\Temp\ccw79TAg.s:30     .text.hal_lld_init:00000000 hal_lld_init
C:\DOCUME~1\z_80\LOCALS~1\Temp\ccw79TAg.s:137    .text.hal_lld_init:00000088 $d
C:\DOCUME~1\z_80\LOCALS~1\Temp\ccw79TAg.s:146    .text.stm32_clock_init:00000000 $t
C:\DOCUME~1\z_80\LOCALS~1\Temp\ccw79TAg.s:152    .text.stm32_clock_init:00000000 stm32_clock_init
C:\DOCUME~1\z_80\LOCALS~1\Temp\ccw79TAg.s:247    .text.stm32_clock_init:00000080 $d
                     .debug_frame:00000010 $d
C:\DOCUME~1\z_80\LOCALS~1\Temp\ccw79TAg.s:145    .text.hal_lld_init:0000009c $t
C:\DOCUME~1\z_80\LOCALS~1\Temp\ccw79TAg.s:253    .text.stm32_clock_init:0000008c $t

UNDEFINED SYMBOLS
dmaInit
