ARM GAS  /tmp/ccAkQz9V.s 			page 1


   1              		.syntax unified
   2              		.cpu cortex-m3
   3              		.fpu softvfp
   4              		.eabi_attribute 20, 1
   5              		.eabi_attribute 21, 1
   6              		.eabi_attribute 23, 3
   7              		.eabi_attribute 24, 1
   8              		.eabi_attribute 25, 1
   9              		.eabi_attribute 26, 1
  10              		.eabi_attribute 30, 2
  11              		.eabi_attribute 18, 4
  12              		.thumb
  13              		.file	"main.c"
  14              		.section	.debug_abbrev,"",%progbits
  15              	.Ldebug_abbrev0:
  16              		.section	.debug_info,"",%progbits
  17              	.Ldebug_info0:
  18              		.section	.debug_line,"",%progbits
  19              	.Ldebug_line0:
  20 0000 56010000 		.text
  20      02001601 
  20      00000201 
  20      FB0E0D00 
  20      01010101 
  21              	.Ltext0:
  22              		.cfi_sections	.debug_frame
  23              		.section	.text.main,"ax",%progbits
  24              		.align	2
  25              		.p2align 4,,15
  26              		.global	main
  27              		.thumb
  28              		.thumb_func
  29              		.type	main, %function
  30              	main:
  31              	.LFB55:
  32              		.file 1 "./src/main.c"
  33              		.loc 1 10 0
  34              		.cfi_startproc
  35              		@ args = 0, pretend = 0, frame = 0
  36              		@ frame_needed = 0, uses_anonymous_args = 0
  37 0000 08B5     		push	{r3, lr}
  38              	.LCFI0:
  39              		.cfi_def_cfa_offset 8
  40              		.loc 1 12 0
  41              		.cfi_offset 14, -4
  42              		.cfi_offset 3, -8
  43 0002 FFF7FEFF 		bl	halInit
  44              		.loc 1 13 0
  45 0006 FFF7FEFF 		bl	chSysInit
  46              		.loc 1 15 0
  47 000a FFF7FEFF 		bl	initLed
  48              	.L2:
  49              		.loc 1 20 0 discriminator 1
  50 000e 0120     		movs	r0, #1
  51 0010 FFF7FEFF 		bl	setLeds
  52              		.loc 1 21 0 discriminator 1
  53 0014 4FF4FA60 		mov	r0, #2000
ARM GAS  /tmp/ccAkQz9V.s 			page 2


  54 0018 FFF7FEFF 		bl	chThdSleep
  55              		.loc 1 22 0 discriminator 1
  56 001c 0220     		movs	r0, #2
  57 001e FFF7FEFF 		bl	setLeds
  58              		.loc 1 23 0 discriminator 1
  59 0022 4FF47A70 		mov	r0, #1000
  60 0026 FFF7FEFF 		bl	chThdSleep
  61              		.loc 1 24 0 discriminator 1
  62 002a 0420     		movs	r0, #4
  63 002c FFF7FEFF 		bl	setLeds
  64              		.loc 1 25 0 discriminator 1
  65 0030 4FF4FA60 		mov	r0, #2000
  66 0034 FFF7FEFF 		bl	chThdSleep
  67              		.loc 1 26 0 discriminator 1
  68 0038 0220     		movs	r0, #2
  69 003a FFF7FEFF 		bl	setLeds
  70              		.loc 1 27 0 discriminator 1
  71 003e 4FF47A70 		mov	r0, #1000
  72 0042 FFF7FEFF 		bl	chThdSleep
  73 0046 E2E7     		b	.L2
  74              		.cfi_endproc
  75              	.LFE55:
  76              		.size	main, .-main
  77 0048 AFF30080 		.text
  77      AFF30080 
  78              	.Letext0:
  79              		.section	.debug_loc,"",%progbits
  80              	.Ldebug_loc0:
  81              	.LLST0:
  82 0000 00000000 		.4byte	.LFB55
  83 0004 02000000 		.4byte	.LCFI0
  84 0008 0200     		.2byte	0x2
  85 000a 7D       		.byte	0x7d
  86 000b 00       		.sleb128 0
  87 000c 02000000 		.4byte	.LCFI0
  88 0010 48000000 		.4byte	.LFE55
  89 0014 0200     		.2byte	0x2
  90 0016 7D       		.byte	0x7d
  91 0017 08       		.sleb128 8
  92 0018 00000000 		.4byte	0x0
  93 001c 00000000 		.4byte	0x0
  94              		.file 2 "/home/z80/programs/code-sourcery/2011.03-42/bin/../lib/gcc/arm-none-eabi/4.5.2/../../../.
  95              		.file 3 "../chibios_2.4.x/os/ports/GCC/ARMCMx/chtypes.h"
  96              		.file 4 "../chibios_2.4.x/os/ports/common/ARMCMx/CMSIS/include/core_cm3.h"
  97              		.section	.debug_info
  98 0000 CE000000 		.4byte	0xce
  99 0004 0200     		.2byte	0x2
 100 0006 00000000 		.4byte	.Ldebug_abbrev0
 101 000a 04       		.byte	0x4
 102 000b 01       		.uleb128 0x1
 103 000c 21000000 		.4byte	.LASF14
 104 0010 01       		.byte	0x1
 105 0011 8E000000 		.4byte	.LASF15
 106 0015 63000000 		.4byte	.LASF16
 107 0019 00000000 		.4byte	0x0
 108 001d 00000000 		.4byte	0x0
 109 0021 00000000 		.4byte	.Ldebug_ranges0+0x0
ARM GAS  /tmp/ccAkQz9V.s 			page 3


 110 0025 00000000 		.4byte	.Ldebug_line0
 111 0029 02       		.uleb128 0x2
 112 002a 04       		.byte	0x4
 113 002b 05       		.byte	0x5
 114 002c 696E7400 		.ascii	"int\000"
 115 0030 03       		.uleb128 0x3
 116 0031 04       		.byte	0x4
 117 0032 07       		.byte	0x7
 118 0033 2D000000 		.4byte	.LASF0
 119 0037 03       		.uleb128 0x3
 120 0038 01       		.byte	0x1
 121 0039 06       		.byte	0x6
 122 003a CD000000 		.4byte	.LASF1
 123 003e 03       		.uleb128 0x3
 124 003f 01       		.byte	0x1
 125 0040 08       		.byte	0x8
 126 0041 9B000000 		.4byte	.LASF2
 127 0045 03       		.uleb128 0x3
 128 0046 02       		.byte	0x2
 129 0047 05       		.byte	0x5
 130 0048 E3000000 		.4byte	.LASF3
 131 004c 03       		.uleb128 0x3
 132 004d 02       		.byte	0x2
 133 004e 07       		.byte	0x7
 134 004f 0E000000 		.4byte	.LASF4
 135 0053 04       		.uleb128 0x4
 136 0054 ED000000 		.4byte	.LASF6
 137 0058 02       		.byte	0x2
 138 0059 4F       		.byte	0x4f
 139 005a 5E000000 		.4byte	0x5e
 140 005e 03       		.uleb128 0x3
 141 005f 04       		.byte	0x4
 142 0060 05       		.byte	0x5
 143 0061 B7000000 		.4byte	.LASF5
 144 0065 04       		.uleb128 0x4
 145 0066 AE000000 		.4byte	.LASF7
 146 006a 02       		.byte	0x2
 147 006b 50       		.byte	0x50
 148 006c 70000000 		.4byte	0x70
 149 0070 03       		.uleb128 0x3
 150 0071 04       		.byte	0x4
 151 0072 07       		.byte	0x7
 152 0073 3A000000 		.4byte	.LASF8
 153 0077 03       		.uleb128 0x3
 154 0078 08       		.byte	0x8
 155 0079 05       		.byte	0x5
 156 007a 00000000 		.4byte	.LASF9
 157 007e 03       		.uleb128 0x3
 158 007f 08       		.byte	0x8
 159 0080 07       		.byte	0x7
 160 0081 4C000000 		.4byte	.LASF10
 161 0085 04       		.uleb128 0x4
 162 0086 D9000000 		.4byte	.LASF11
 163 008a 03       		.byte	0x3
 164 008b 36       		.byte	0x36
 165 008c 65000000 		.4byte	0x65
 166 0090 03       		.uleb128 0x3
ARM GAS  /tmp/ccAkQz9V.s 			page 4


 167 0091 01       		.byte	0x1
 168 0092 08       		.byte	0x8
 169 0093 F5000000 		.4byte	.LASF12
 170 0097 05       		.uleb128 0x5
 171 0098 53000000 		.4byte	0x53
 172 009c 06       		.uleb128 0x6
 173 009d 01       		.byte	0x1
 174 009e A9000000 		.4byte	.LASF17
 175 00a2 01       		.byte	0x1
 176 00a3 09       		.byte	0x9
 177 00a4 01       		.byte	0x1
 178 00a5 29000000 		.4byte	0x29
 179 00a9 00000000 		.4byte	.LFB55
 180 00ad 48000000 		.4byte	.LFE55
 181 00b1 00000000 		.4byte	.LLST0
 182 00b5 07       		.uleb128 0x7
 183 00b6 C0000000 		.4byte	.LASF13
 184 00ba 04       		.byte	0x4
 185 00bb 9404     		.2byte	0x494
 186 00bd 97000000 		.4byte	0x97
 187 00c1 01       		.byte	0x1
 188 00c2 01       		.byte	0x1
 189 00c3 07       		.uleb128 0x7
 190 00c4 C0000000 		.4byte	.LASF13
 191 00c8 04       		.byte	0x4
 192 00c9 9404     		.2byte	0x494
 193 00cb 97000000 		.4byte	0x97
 194 00cf 01       		.byte	0x1
 195 00d0 01       		.byte	0x1
 196 00d1 00       		.byte	0x0
 197              		.section	.debug_abbrev
 198 0000 01       		.uleb128 0x1
 199 0001 11       		.uleb128 0x11
 200 0002 01       		.byte	0x1
 201 0003 25       		.uleb128 0x25
 202 0004 0E       		.uleb128 0xe
 203 0005 13       		.uleb128 0x13
 204 0006 0B       		.uleb128 0xb
 205 0007 03       		.uleb128 0x3
 206 0008 0E       		.uleb128 0xe
 207 0009 1B       		.uleb128 0x1b
 208 000a 0E       		.uleb128 0xe
 209 000b 11       		.uleb128 0x11
 210 000c 01       		.uleb128 0x1
 211 000d 52       		.uleb128 0x52
 212 000e 01       		.uleb128 0x1
 213 000f 55       		.uleb128 0x55
 214 0010 06       		.uleb128 0x6
 215 0011 10       		.uleb128 0x10
 216 0012 06       		.uleb128 0x6
 217 0013 00       		.byte	0x0
 218 0014 00       		.byte	0x0
 219 0015 02       		.uleb128 0x2
 220 0016 24       		.uleb128 0x24
 221 0017 00       		.byte	0x0
 222 0018 0B       		.uleb128 0xb
 223 0019 0B       		.uleb128 0xb
ARM GAS  /tmp/ccAkQz9V.s 			page 5


 224 001a 3E       		.uleb128 0x3e
 225 001b 0B       		.uleb128 0xb
 226 001c 03       		.uleb128 0x3
 227 001d 08       		.uleb128 0x8
 228 001e 00       		.byte	0x0
 229 001f 00       		.byte	0x0
 230 0020 03       		.uleb128 0x3
 231 0021 24       		.uleb128 0x24
 232 0022 00       		.byte	0x0
 233 0023 0B       		.uleb128 0xb
 234 0024 0B       		.uleb128 0xb
 235 0025 3E       		.uleb128 0x3e
 236 0026 0B       		.uleb128 0xb
 237 0027 03       		.uleb128 0x3
 238 0028 0E       		.uleb128 0xe
 239 0029 00       		.byte	0x0
 240 002a 00       		.byte	0x0
 241 002b 04       		.uleb128 0x4
 242 002c 16       		.uleb128 0x16
 243 002d 00       		.byte	0x0
 244 002e 03       		.uleb128 0x3
 245 002f 0E       		.uleb128 0xe
 246 0030 3A       		.uleb128 0x3a
 247 0031 0B       		.uleb128 0xb
 248 0032 3B       		.uleb128 0x3b
 249 0033 0B       		.uleb128 0xb
 250 0034 49       		.uleb128 0x49
 251 0035 13       		.uleb128 0x13
 252 0036 00       		.byte	0x0
 253 0037 00       		.byte	0x0
 254 0038 05       		.uleb128 0x5
 255 0039 35       		.uleb128 0x35
 256 003a 00       		.byte	0x0
 257 003b 49       		.uleb128 0x49
 258 003c 13       		.uleb128 0x13
 259 003d 00       		.byte	0x0
 260 003e 00       		.byte	0x0
 261 003f 06       		.uleb128 0x6
 262 0040 2E       		.uleb128 0x2e
 263 0041 00       		.byte	0x0
 264 0042 3F       		.uleb128 0x3f
 265 0043 0C       		.uleb128 0xc
 266 0044 03       		.uleb128 0x3
 267 0045 0E       		.uleb128 0xe
 268 0046 3A       		.uleb128 0x3a
 269 0047 0B       		.uleb128 0xb
 270 0048 3B       		.uleb128 0x3b
 271 0049 0B       		.uleb128 0xb
 272 004a 27       		.uleb128 0x27
 273 004b 0C       		.uleb128 0xc
 274 004c 49       		.uleb128 0x49
 275 004d 13       		.uleb128 0x13
 276 004e 11       		.uleb128 0x11
 277 004f 01       		.uleb128 0x1
 278 0050 12       		.uleb128 0x12
 279 0051 01       		.uleb128 0x1
 280 0052 40       		.uleb128 0x40
ARM GAS  /tmp/ccAkQz9V.s 			page 6


 281 0053 06       		.uleb128 0x6
 282 0054 00       		.byte	0x0
 283 0055 00       		.byte	0x0
 284 0056 07       		.uleb128 0x7
 285 0057 34       		.uleb128 0x34
 286 0058 00       		.byte	0x0
 287 0059 03       		.uleb128 0x3
 288 005a 0E       		.uleb128 0xe
 289 005b 3A       		.uleb128 0x3a
 290 005c 0B       		.uleb128 0xb
 291 005d 3B       		.uleb128 0x3b
 292 005e 05       		.uleb128 0x5
 293 005f 49       		.uleb128 0x49
 294 0060 13       		.uleb128 0x13
 295 0061 3F       		.uleb128 0x3f
 296 0062 0C       		.uleb128 0xc
 297 0063 3C       		.uleb128 0x3c
 298 0064 0C       		.uleb128 0xc
 299 0065 00       		.byte	0x0
 300 0066 00       		.byte	0x0
 301 0067 00       		.byte	0x0
 302              		.section	.debug_pubnames,"",%progbits
 303 0000 17000000 		.4byte	0x17
 304 0004 0200     		.2byte	0x2
 305 0006 00000000 		.4byte	.Ldebug_info0
 306 000a D2000000 		.4byte	0xd2
 307 000e 9C000000 		.4byte	0x9c
 308 0012 6D61696E 		.ascii	"main\000"
 308      00
 309 0017 00000000 		.4byte	0x0
 310              		.section	.debug_pubtypes,"",%progbits
 311 0000 35000000 		.4byte	0x35
 312 0004 0200     		.2byte	0x2
 313 0006 00000000 		.4byte	.Ldebug_info0
 314 000a D2000000 		.4byte	0xd2
 315 000e 53000000 		.4byte	0x53
 316 0012 696E7433 		.ascii	"int32_t\000"
 316      325F7400 
 317 001a 65000000 		.4byte	0x65
 318 001e 75696E74 		.ascii	"uint32_t\000"
 318      33325F74 
 318      00
 319 0027 85000000 		.4byte	0x85
 320 002b 73797374 		.ascii	"systime_t\000"
 320      696D655F 
 320      7400
 321 0035 00000000 		.4byte	0x0
 322              		.section	.debug_aranges,"",%progbits
 323 0000 1C000000 		.4byte	0x1c
 324 0004 0200     		.2byte	0x2
 325 0006 00000000 		.4byte	.Ldebug_info0
 326 000a 04       		.byte	0x4
 327 000b 00       		.byte	0x0
 328 000c 0000     		.2byte	0x0
 329 000e 0000     		.2byte	0x0
 330 0010 00000000 		.4byte	.LFB55
 331 0014 48000000 		.4byte	.LFE55-.LFB55
ARM GAS  /tmp/ccAkQz9V.s 			page 7


 332 0018 00000000 		.4byte	0x0
 333 001c 00000000 		.4byte	0x0
 334              		.section	.debug_ranges,"",%progbits
 335              	.Ldebug_ranges0:
 336 0000 00000000 		.4byte	.LFB55
 337 0004 48000000 		.4byte	.LFE55
 338 0008 00000000 		.4byte	0x0
 339 000c 00000000 		.4byte	0x0
 340              		.section	.debug_str,"MS",%progbits,1
 341              	.LASF9:
 342 0000 6C6F6E67 		.ascii	"long long int\000"
 342      206C6F6E 
 342      6720696E 
 342      7400
 343              	.LASF4:
 344 000e 73686F72 		.ascii	"short unsigned int\000"
 344      7420756E 
 344      7369676E 
 344      65642069 
 344      6E7400
 345              	.LASF14:
 346 0021 474E5520 		.ascii	"GNU C 4.5.2\000"
 346      4320342E 
 346      352E3200 
 347              	.LASF0:
 348 002d 756E7369 		.ascii	"unsigned int\000"
 348      676E6564 
 348      20696E74 
 348      00
 349              	.LASF8:
 350 003a 6C6F6E67 		.ascii	"long unsigned int\000"
 350      20756E73 
 350      69676E65 
 350      6420696E 
 350      7400
 351              	.LASF10:
 352 004c 6C6F6E67 		.ascii	"long long unsigned int\000"
 352      206C6F6E 
 352      6720756E 
 352      7369676E 
 352      65642069 
 353              	.LASF16:
 354 0063 2F686F6D 		.ascii	"/home/z80/projects/ipm/soft/firmware/valve\000"
 354      652F7A38 
 354      302F7072 
 354      6F6A6563 
 354      74732F69 
 355              	.LASF15:
 356 008e 2E2F7372 		.ascii	"./src/main.c\000"
 356      632F6D61 
 356      696E2E63 
 356      00
 357              	.LASF2:
 358 009b 756E7369 		.ascii	"unsigned char\000"
 358      676E6564 
 358      20636861 
 358      7200
ARM GAS  /tmp/ccAkQz9V.s 			page 8


 359              	.LASF17:
 360 00a9 6D61696E 		.ascii	"main\000"
 360      00
 361              	.LASF7:
 362 00ae 75696E74 		.ascii	"uint32_t\000"
 362      33325F74 
 362      00
 363              	.LASF5:
 364 00b7 6C6F6E67 		.ascii	"long int\000"
 364      20696E74 
 364      00
 365              	.LASF13:
 366 00c0 49544D5F 		.ascii	"ITM_RxBuffer\000"
 366      52784275 
 366      66666572 
 366      00
 367              	.LASF1:
 368 00cd 7369676E 		.ascii	"signed char\000"
 368      65642063 
 368      68617200 
 369              	.LASF11:
 370 00d9 73797374 		.ascii	"systime_t\000"
 370      696D655F 
 370      7400
 371              	.LASF3:
 372 00e3 73686F72 		.ascii	"short int\000"
 372      7420696E 
 372      7400
 373              	.LASF6:
 374 00ed 696E7433 		.ascii	"int32_t\000"
 374      325F7400 
 375              	.LASF12:
 376 00f5 63686172 		.ascii	"char\000"
 376      00
 377              		.ident	"GCC: (Sourcery G++ Lite 2011.03-42) 4.5.2"
ARM GAS  /tmp/ccAkQz9V.s 			page 9


DEFINED SYMBOLS
                            *ABS*:00000000 main.c
     /tmp/ccAkQz9V.s:24     .text.main:00000000 $t
     /tmp/ccAkQz9V.s:30     .text.main:00000000 main
                     .debug_frame:00000010 $d

UNDEFINED SYMBOLS
halInit
chSysInit
initLed
setLeds
chThdSleep
