ARM GAS  C:\DOCUME~1\z_80\LOCALS~1\Temp\cc9Qelsf.s 			page 1


   1              		.syntax unified
   2              		.cpu cortex-m3
   3              		.fpu softvfp
   4              		.eabi_attribute 20, 1
   5              		.eabi_attribute 21, 1
   6              		.eabi_attribute 23, 3
   7              		.eabi_attribute 24, 1
   8              		.eabi_attribute 25, 1
   9              		.eabi_attribute 26, 1
  10              		.eabi_attribute 30, 2
  11              		.eabi_attribute 18, 4
  12              		.thumb
  13              		.file	"nvic.c"
  14              		.section	.debug_abbrev,"",%progbits
  15              	.Ldebug_abbrev0:
  16              		.section	.debug_info,"",%progbits
  17              	.Ldebug_info0:
  18              		.section	.debug_line,"",%progbits
  19              	.Ldebug_line0:
  20 0000 1A010000 		.text
  20      0200C800 
  20      00000201 
  20      FB0E0D00 
  20      01010101 
  21              	.Ltext0:
  22              		.cfi_sections	.debug_frame
  23              		.section	.text.nvicEnableVector,"ax",%progbits
  24              		.align	2
  25              		.p2align 4,,15
  26              		.global	nvicEnableVector
  27              		.thumb
  28              		.thumb_func
  29              		.type	nvicEnableVector, %function
  30              	nvicEnableVector:
  31              	.LFB0:
  32              		.file 1 "../chibios_2.4.x/os/ports/common/ARMCMx/nvic.c"
  33              		.loc 1 46 0
  34              		.cfi_startproc
  35              		@ args = 0, pretend = 0, frame = 0
  36              		@ frame_needed = 0, uses_anonymous_args = 0
  37              		@ link register save eliminated.
  38              	.LVL0:
  39 0000 F0B4     		push	{r4, r5, r6, r7}
  40              	.LCFI0:
  41              		.cfi_def_cfa_offset 16
  42              		.loc 1 47 0
  43 0002 00F00307 		and	r7, r0, #3
  44              		.cfi_offset 7, -4
  45              		.cfi_offset 6, -8
  46              		.cfi_offset 5, -12
  47              		.cfi_offset 4, -16
  48 0006 FE00     		lsls	r6, r7, #3
  49              		.loc 1 49 0
  50 0008 FF23     		movs	r3, #255
  51 000a 13FA06F2 		lsls	r2, r3, r6
  52              		.loc 1 50 0
  53 000e 00F01F04 		and	r4, r0, #31
ARM GAS  C:\DOCUME~1\z_80\LOCALS~1\Temp\cc9Qelsf.s 			page 2


  54              		.loc 1 49 0
  55 0012 B140     		lsls	r1, r1, r6
  56              	.LVL1:
  57              		.loc 1 50 0
  58 0014 0125     		movs	r5, #1
  59 0016 A540     		lsls	r5, r5, r4
  60              		.loc 1 49 0
  61 0018 8608     		lsrs	r6, r0, #2
  62 001a 094C     		ldr	r4, .L2
  63 001c C036     		adds	r6, r6, #192
  64 001e 54F82670 		ldr	r7, [r4, r6, lsl #2]
  65              		.loc 1 50 0
  66 0022 4009     		lsrs	r0, r0, #5
  67              	.LVL2:
  68              		.loc 1 49 0
  69 0024 27EA0202 		bic	r2, r7, r2
  70 0028 42EA0103 		orr	r3, r2, r1
  71              		.loc 1 50 0
  72 002c 00F16007 		add	r7, r0, #96
  73              		.loc 1 49 0
  74 0030 44F82630 		str	r3, [r4, r6, lsl #2]
  75              		.loc 1 50 0
  76 0034 44F82750 		str	r5, [r4, r7, lsl #2]
  77              		.loc 1 51 0
  78 0038 44F82050 		str	r5, [r4, r0, lsl #2]
  79              		.loc 1 52 0
  80 003c F0BC     		pop	{r4, r5, r6, r7}
  81 003e 7047     		bx	lr
  82              	.L3:
  83              		.align	2
  84              	.L2:
  85 0040 00E100E0 		.word	-536813312
  86              		.cfi_endproc
  87              	.LFE0:
  88              		.size	nvicEnableVector, .-nvicEnableVector
  89 0044 AFF30080 		.section	.text.nvicDisableVector,"ax",%progbits
  89      AFF30080 
  89      AFF30080 
  90              		.align	2
  91              		.p2align 4,,15
  92              		.global	nvicDisableVector
  93              		.thumb
  94              		.thumb_func
  95              		.type	nvicDisableVector, %function
  96              	nvicDisableVector:
  97              	.LFB1:
  98              		.loc 1 60 0
  99              		.cfi_startproc
 100              		@ args = 0, pretend = 0, frame = 0
 101              		@ frame_needed = 0, uses_anonymous_args = 0
 102              		@ link register save eliminated.
 103              	.LVL3:
 104 0000 10B4     		push	{r4}
 105              	.LCFI1:
 106              		.cfi_def_cfa_offset 4
 107              		.loc 1 63 0
 108 0002 00F01F02 		and	r2, r0, #31
ARM GAS  C:\DOCUME~1\z_80\LOCALS~1\Temp\cc9Qelsf.s 			page 3


 109 0006 0124     		movs	r4, #1
 110              		.cfi_offset 4, -4
 111 0008 9440     		lsls	r4, r4, r2
 112              		.loc 1 61 0
 113 000a 00F00301 		and	r1, r0, #3
 114 000e CA00     		lsls	r2, r1, #3
 115              		.loc 1 64 0
 116 0010 FF23     		movs	r3, #255
 117 0012 13FA02F2 		lsls	r2, r3, r2
 118              		.loc 1 63 0
 119 0016 4109     		lsrs	r1, r0, #5
 120 0018 064B     		ldr	r3, .L5
 121 001a 2031     		adds	r1, r1, #32
 122              		.loc 1 64 0
 123 001c 8008     		lsrs	r0, r0, #2
 124              	.LVL4:
 125              		.loc 1 63 0
 126 001e 43F82140 		str	r4, [r3, r1, lsl #2]
 127              		.loc 1 64 0
 128 0022 C030     		adds	r0, r0, #192
 129 0024 53F82010 		ldr	r1, [r3, r0, lsl #2]
 130 0028 21EA0202 		bic	r2, r1, r2
 131 002c 43F82020 		str	r2, [r3, r0, lsl #2]
 132              		.loc 1 65 0
 133 0030 10BC     		pop	{r4}
 134 0032 7047     		bx	lr
 135              	.L6:
 136              		.align	2
 137              	.L5:
 138 0034 00E100E0 		.word	-536813312
 139              		.cfi_endproc
 140              	.LFE1:
 141              		.size	nvicDisableVector, .-nvicDisableVector
 142 0038 AFF30080 		.section	.text.nvicSetSystemHandlerPriority,"ax",%progbits
 142      AFF30080 
 143              		.align	2
 144              		.p2align 4,,15
 145              		.global	nvicSetSystemHandlerPriority
 146              		.thumb
 147              		.thumb_func
 148              		.type	nvicSetSystemHandlerPriority, %function
 149              	nvicSetSystemHandlerPriority:
 150              	.LFB2:
 151              		.loc 1 74 0
 152              		.cfi_startproc
 153              		@ args = 0, pretend = 0, frame = 0
 154              		@ frame_needed = 0, uses_anonymous_args = 0
 155              		@ link register save eliminated.
 156              	.LVL5:
 157              		.loc 1 75 0
 158 0000 00F00302 		and	r2, r0, #3
 159              		.loc 1 74 0
 160 0004 10B4     		push	{r4}
 161              	.LCFI2:
 162              		.cfi_def_cfa_offset 4
 163              		.loc 1 78 0
 164 0006 FF23     		movs	r3, #255
ARM GAS  C:\DOCUME~1\z_80\LOCALS~1\Temp\cc9Qelsf.s 			page 4


 165              		.loc 1 75 0
 166 0008 D400     		lsls	r4, r2, #3
 167              		.cfi_offset 4, -4
 168              		.loc 1 78 0
 169 000a 13FA04F2 		lsls	r2, r3, r4
 170 000e A140     		lsls	r1, r1, r4
 171              	.LVL6:
 172              		.loc 1 77 0
 173 0010 8008     		lsrs	r0, r0, #2
 174              	.LVL7:
 175 0012 064C     		ldr	r4, .L8
 176 0014 0630     		adds	r0, r0, #6
 177 0016 54F82030 		ldr	r3, [r4, r0, lsl #2]
 178 001a 23EA0202 		bic	r2, r3, r2
 179              		.loc 1 78 0
 180 001e 42EA0103 		orr	r3, r2, r1
 181              		.loc 1 77 0
 182 0022 44F82030 		str	r3, [r4, r0, lsl #2]
 183              		.loc 1 79 0
 184 0026 10BC     		pop	{r4}
 185 0028 7047     		bx	lr
 186              	.L9:
 187 002a 00BF     		.align	2
 188              	.L8:
 189 002c 00ED00E0 		.word	-536810240
 190              		.cfi_endproc
 191              	.LFE2:
 192              		.size	nvicSetSystemHandlerPriority, .-nvicSetSystemHandlerPriority
 193              		.text
 194              	.Letext0:
 195              		.section	.debug_loc,"",%progbits
 196              	.Ldebug_loc0:
 197              	.LLST0:
 198 0000 00000000 		.4byte	.LFB0
 199 0004 02000000 		.4byte	.LCFI0
 200 0008 0200     		.2byte	0x2
 201 000a 7D       		.byte	0x7d
 202 000b 00       		.sleb128 0
 203 000c 02000000 		.4byte	.LCFI0
 204 0010 44000000 		.4byte	.LFE0
 205 0014 0200     		.2byte	0x2
 206 0016 7D       		.byte	0x7d
 207 0017 10       		.sleb128 16
 208 0018 00000000 		.4byte	0x0
 209 001c 00000000 		.4byte	0x0
 210              	.LLST1:
 211 0020 00000000 		.4byte	.LVL0
 212 0024 24000000 		.4byte	.LVL2
 213 0028 0100     		.2byte	0x1
 214 002a 50       		.byte	0x50
 215 002b 00000000 		.4byte	0x0
 216 002f 00000000 		.4byte	0x0
 217              	.LLST2:
 218 0033 00000000 		.4byte	.LVL0
 219 0037 14000000 		.4byte	.LVL1
 220 003b 0100     		.2byte	0x1
 221 003d 51       		.byte	0x51
ARM GAS  C:\DOCUME~1\z_80\LOCALS~1\Temp\cc9Qelsf.s 			page 5


 222 003e 00000000 		.4byte	0x0
 223 0042 00000000 		.4byte	0x0
 224              	.LLST3:
 225 0046 00000000 		.4byte	.LVL0
 226 004a 24000000 		.4byte	.LVL2
 227 004e 0700     		.2byte	0x7
 228 0050 70       		.byte	0x70
 229 0051 00       		.sleb128 0
 230 0052 33       		.byte	0x33
 231 0053 1A       		.byte	0x1a
 232 0054 33       		.byte	0x33
 233 0055 24       		.byte	0x24
 234 0056 9F       		.byte	0x9f
 235 0057 00000000 		.4byte	0x0
 236 005b 00000000 		.4byte	0x0
 237              	.LLST4:
 238 005f 00000000 		.4byte	.LFB1
 239 0063 02000000 		.4byte	.LCFI1
 240 0067 0200     		.2byte	0x2
 241 0069 7D       		.byte	0x7d
 242 006a 00       		.sleb128 0
 243 006b 02000000 		.4byte	.LCFI1
 244 006f 38000000 		.4byte	.LFE1
 245 0073 0200     		.2byte	0x2
 246 0075 7D       		.byte	0x7d
 247 0076 04       		.sleb128 4
 248 0077 00000000 		.4byte	0x0
 249 007b 00000000 		.4byte	0x0
 250              	.LLST5:
 251 007f 00000000 		.4byte	.LVL3
 252 0083 1E000000 		.4byte	.LVL4
 253 0087 0100     		.2byte	0x1
 254 0089 50       		.byte	0x50
 255 008a 00000000 		.4byte	0x0
 256 008e 00000000 		.4byte	0x0
 257              	.LLST6:
 258 0092 00000000 		.4byte	.LVL3
 259 0096 1E000000 		.4byte	.LVL4
 260 009a 0700     		.2byte	0x7
 261 009c 70       		.byte	0x70
 262 009d 00       		.sleb128 0
 263 009e 33       		.byte	0x33
 264 009f 1A       		.byte	0x1a
 265 00a0 33       		.byte	0x33
 266 00a1 24       		.byte	0x24
 267 00a2 9F       		.byte	0x9f
 268 00a3 00000000 		.4byte	0x0
 269 00a7 00000000 		.4byte	0x0
 270              	.LLST7:
 271 00ab 00000000 		.4byte	.LFB2
 272 00af 06000000 		.4byte	.LCFI2
 273 00b3 0200     		.2byte	0x2
 274 00b5 7D       		.byte	0x7d
 275 00b6 00       		.sleb128 0
 276 00b7 06000000 		.4byte	.LCFI2
 277 00bb 30000000 		.4byte	.LFE2
 278 00bf 0200     		.2byte	0x2
ARM GAS  C:\DOCUME~1\z_80\LOCALS~1\Temp\cc9Qelsf.s 			page 6


 279 00c1 7D       		.byte	0x7d
 280 00c2 04       		.sleb128 4
 281 00c3 00000000 		.4byte	0x0
 282 00c7 00000000 		.4byte	0x0
 283              	.LLST8:
 284 00cb 00000000 		.4byte	.LVL5
 285 00cf 12000000 		.4byte	.LVL7
 286 00d3 0100     		.2byte	0x1
 287 00d5 50       		.byte	0x50
 288 00d6 00000000 		.4byte	0x0
 289 00da 00000000 		.4byte	0x0
 290              	.LLST9:
 291 00de 00000000 		.4byte	.LVL5
 292 00e2 10000000 		.4byte	.LVL6
 293 00e6 0100     		.2byte	0x1
 294 00e8 51       		.byte	0x51
 295 00e9 00000000 		.4byte	0x0
 296 00ed 00000000 		.4byte	0x0
 297              	.LLST10:
 298 00f1 00000000 		.4byte	.LVL5
 299 00f5 12000000 		.4byte	.LVL7
 300 00f9 0700     		.2byte	0x7
 301 00fb 70       		.byte	0x70
 302 00fc 00       		.sleb128 0
 303 00fd 33       		.byte	0x33
 304 00fe 1A       		.byte	0x1a
 305 00ff 33       		.byte	0x33
 306 0100 24       		.byte	0x24
 307 0101 9F       		.byte	0x9f
 308 0102 00000000 		.4byte	0x0
 309 0106 00000000 		.4byte	0x0
 310              		.file 2 "../chibios_2.4.x/os/ports/common/ARMCMx/nvic.h"
 311              		.file 3 "c:\\programs\\codesourcery\\arm-2012.03-56\\bin\\../lib/gcc/arm-none-eabi/4.5.2/../../../
 312              		.section	.debug_info
 313 0000 35040000 		.4byte	0x435
 314 0004 0200     		.2byte	0x2
 315 0006 00000000 		.4byte	.Ldebug_abbrev0
 316 000a 04       		.byte	0x4
 317 000b 01       		.uleb128 0x1
 318 000c 90000000 		.4byte	.LASF43
 319 0010 01       		.byte	0x1
 320 0011 5D010000 		.4byte	.LASF44
 321 0015 39010000 		.4byte	.LASF45
 322 0019 00000000 		.4byte	0x0
 323 001d 00000000 		.4byte	0x0
 324 0021 00000000 		.4byte	.Ldebug_ranges0+0x0
 325 0025 00000000 		.4byte	.Ldebug_line0
 326 0029 02       		.uleb128 0x2
 327 002a 04       		.byte	0x4
 328 002b 05       		.byte	0x5
 329 002c 696E7400 		.ascii	"int\000"
 330 0030 03       		.uleb128 0x3
 331 0031 04       		.byte	0x4
 332 0032 07       		.byte	0x7
 333 0033 CD000000 		.4byte	.LASF0
 334 0037 03       		.uleb128 0x3
 335 0038 01       		.byte	0x1
ARM GAS  C:\DOCUME~1\z_80\LOCALS~1\Temp\cc9Qelsf.s 			page 7


 336 0039 06       		.byte	0x6
 337 003a A9010000 		.4byte	.LASF1
 338 003e 03       		.uleb128 0x3
 339 003f 01       		.byte	0x1
 340 0040 08       		.byte	0x8
 341 0041 3A000000 		.4byte	.LASF2
 342 0045 03       		.uleb128 0x3
 343 0046 02       		.byte	0x2
 344 0047 05       		.byte	0x5
 345 0048 C3000000 		.4byte	.LASF3
 346 004c 03       		.uleb128 0x3
 347 004d 02       		.byte	0x2
 348 004e 07       		.byte	0x7
 349 004f 78000000 		.4byte	.LASF4
 350 0053 03       		.uleb128 0x3
 351 0054 04       		.byte	0x4
 352 0055 05       		.byte	0x5
 353 0056 9B010000 		.4byte	.LASF5
 354 005a 04       		.uleb128 0x4
 355 005b 92010000 		.4byte	.LASF21
 356 005f 03       		.byte	0x3
 357 0060 50       		.byte	0x50
 358 0061 65000000 		.4byte	0x65
 359 0065 03       		.uleb128 0x3
 360 0066 04       		.byte	0x4
 361 0067 07       		.byte	0x7
 362 0068 A6000000 		.4byte	.LASF6
 363 006c 03       		.uleb128 0x3
 364 006d 08       		.byte	0x8
 365 006e 05       		.byte	0x5
 366 006f 1B010000 		.4byte	.LASF7
 367 0073 03       		.uleb128 0x3
 368 0074 08       		.byte	0x8
 369 0075 07       		.byte	0x7
 370 0076 E4000000 		.4byte	.LASF8
 371 007a 05       		.uleb128 0x5
 372 007b 65000000 		.4byte	0x65
 373 007f 06       		.uleb128 0x6
 374 0080 040E     		.2byte	0xe04
 375 0082 02       		.byte	0x2
 376 0083 6A       		.byte	0x6a
 377 0084 4A010000 		.4byte	0x14a
 378 0088 07       		.uleb128 0x7
 379 0089 34010000 		.4byte	.LASF9
 380 008d 02       		.byte	0x2
 381 008e 6B       		.byte	0x6b
 382 008f 5A010000 		.4byte	0x15a
 383 0093 02       		.byte	0x2
 384 0094 23       		.byte	0x23
 385 0095 00       		.uleb128 0x0
 386 0096 07       		.uleb128 0x7
 387 0097 48000000 		.4byte	.LASF10
 388 009b 02       		.byte	0x2
 389 009c 6C       		.byte	0x6c
 390 009d 6F010000 		.4byte	0x16f
 391 00a1 02       		.byte	0x2
 392 00a2 23       		.byte	0x23
ARM GAS  C:\DOCUME~1\z_80\LOCALS~1\Temp\cc9Qelsf.s 			page 8


 393 00a3 20       		.uleb128 0x20
 394 00a4 07       		.uleb128 0x7
 395 00a5 35000000 		.4byte	.LASF11
 396 00a9 02       		.byte	0x2
 397 00aa 6D       		.byte	0x6d
 398 00ab 74010000 		.4byte	0x174
 399 00af 03       		.byte	0x3
 400 00b0 23       		.byte	0x23
 401 00b1 8001     		.uleb128 0x80
 402 00b3 07       		.uleb128 0x7
 403 00b4 50000000 		.4byte	.LASF12
 404 00b8 02       		.byte	0x2
 405 00b9 6E       		.byte	0x6e
 406 00ba 79010000 		.4byte	0x179
 407 00be 03       		.byte	0x3
 408 00bf 23       		.byte	0x23
 409 00c0 A001     		.uleb128 0xa0
 410 00c2 07       		.uleb128 0x7
 411 00c3 DA000000 		.4byte	.LASF13
 412 00c7 02       		.byte	0x2
 413 00c8 6F       		.byte	0x6f
 414 00c9 7E010000 		.4byte	0x17e
 415 00cd 03       		.byte	0x3
 416 00ce 23       		.byte	0x23
 417 00cf 8002     		.uleb128 0x100
 418 00d1 07       		.uleb128 0x7
 419 00d2 58000000 		.4byte	.LASF14
 420 00d6 02       		.byte	0x2
 421 00d7 70       		.byte	0x70
 422 00d8 83010000 		.4byte	0x183
 423 00dc 03       		.byte	0x3
 424 00dd 23       		.byte	0x23
 425 00de A002     		.uleb128 0x120
 426 00e0 07       		.uleb128 0x7
 427 00e1 05000000 		.4byte	.LASF15
 428 00e5 02       		.byte	0x2
 429 00e6 71       		.byte	0x71
 430 00e7 88010000 		.4byte	0x188
 431 00eb 03       		.byte	0x3
 432 00ec 23       		.byte	0x23
 433 00ed 8003     		.uleb128 0x180
 434 00ef 07       		.uleb128 0x7
 435 00f0 60000000 		.4byte	.LASF16
 436 00f4 02       		.byte	0x2
 437 00f5 72       		.byte	0x72
 438 00f6 8D010000 		.4byte	0x18d
 439 00fa 03       		.byte	0x3
 440 00fb 23       		.byte	0x23
 441 00fc A003     		.uleb128 0x1a0
 442 00fe 07       		.uleb128 0x7
 443 00ff D2010000 		.4byte	.LASF17
 444 0103 02       		.byte	0x2
 445 0104 73       		.byte	0x73
 446 0105 92010000 		.4byte	0x192
 447 0109 03       		.byte	0x3
 448 010a 23       		.byte	0x23
 449 010b 8004     		.uleb128 0x200
ARM GAS  C:\DOCUME~1\z_80\LOCALS~1\Temp\cc9Qelsf.s 			page 9


 450 010d 07       		.uleb128 0x7
 451 010e 68000000 		.4byte	.LASF18
 452 0112 02       		.byte	0x2
 453 0113 74       		.byte	0x74
 454 0114 A7010000 		.4byte	0x1a7
 455 0118 03       		.byte	0x3
 456 0119 23       		.byte	0x23
 457 011a A004     		.uleb128 0x220
 458 011c 08       		.uleb128 0x8
 459 011d 49505200 		.ascii	"IPR\000"
 460 0121 02       		.byte	0x2
 461 0122 75       		.byte	0x75
 462 0123 BC010000 		.4byte	0x1bc
 463 0127 03       		.byte	0x3
 464 0128 23       		.byte	0x23
 465 0129 8006     		.uleb128 0x300
 466 012b 07       		.uleb128 0x7
 467 012c 70000000 		.4byte	.LASF19
 468 0130 02       		.byte	0x2
 469 0131 76       		.byte	0x76
 470 0132 D2010000 		.4byte	0x1d2
 471 0136 03       		.byte	0x3
 472 0137 23       		.byte	0x23
 473 0138 F007     		.uleb128 0x3f0
 474 013a 07       		.uleb128 0x7
 475 013b BE000000 		.4byte	.LASF20
 476 013f 02       		.byte	0x2
 477 0140 77       		.byte	0x77
 478 0141 7A000000 		.4byte	0x7a
 479 0145 03       		.byte	0x3
 480 0146 23       		.byte	0x23
 481 0147 801C     		.uleb128 0xe00
 482 0149 00       		.byte	0x0
 483 014a 09       		.uleb128 0x9
 484 014b 65000000 		.4byte	0x65
 485 014f 5A010000 		.4byte	0x15a
 486 0153 0A       		.uleb128 0xa
 487 0154 30000000 		.4byte	0x30
 488 0158 07       		.byte	0x7
 489 0159 00       		.byte	0x0
 490 015a 05       		.uleb128 0x5
 491 015b 4A010000 		.4byte	0x14a
 492 015f 09       		.uleb128 0x9
 493 0160 65000000 		.4byte	0x65
 494 0164 6F010000 		.4byte	0x16f
 495 0168 0A       		.uleb128 0xa
 496 0169 30000000 		.4byte	0x30
 497 016d 17       		.byte	0x17
 498 016e 00       		.byte	0x0
 499 016f 05       		.uleb128 0x5
 500 0170 5F010000 		.4byte	0x15f
 501 0174 05       		.uleb128 0x5
 502 0175 4A010000 		.4byte	0x14a
 503 0179 05       		.uleb128 0x5
 504 017a 5F010000 		.4byte	0x15f
 505 017e 05       		.uleb128 0x5
 506 017f 4A010000 		.4byte	0x14a
ARM GAS  C:\DOCUME~1\z_80\LOCALS~1\Temp\cc9Qelsf.s 			page 10


 507 0183 05       		.uleb128 0x5
 508 0184 5F010000 		.4byte	0x15f
 509 0188 05       		.uleb128 0x5
 510 0189 4A010000 		.4byte	0x14a
 511 018d 05       		.uleb128 0x5
 512 018e 5F010000 		.4byte	0x15f
 513 0192 05       		.uleb128 0x5
 514 0193 4A010000 		.4byte	0x14a
 515 0197 09       		.uleb128 0x9
 516 0198 65000000 		.4byte	0x65
 517 019c A7010000 		.4byte	0x1a7
 518 01a0 0A       		.uleb128 0xa
 519 01a1 30000000 		.4byte	0x30
 520 01a5 37       		.byte	0x37
 521 01a6 00       		.byte	0x0
 522 01a7 05       		.uleb128 0x5
 523 01a8 97010000 		.4byte	0x197
 524 01ac 09       		.uleb128 0x9
 525 01ad 65000000 		.4byte	0x65
 526 01b1 BC010000 		.4byte	0x1bc
 527 01b5 0A       		.uleb128 0xa
 528 01b6 30000000 		.4byte	0x30
 529 01ba 3B       		.byte	0x3b
 530 01bb 00       		.byte	0x0
 531 01bc 05       		.uleb128 0x5
 532 01bd AC010000 		.4byte	0x1ac
 533 01c1 09       		.uleb128 0x9
 534 01c2 65000000 		.4byte	0x65
 535 01c6 D2010000 		.4byte	0x1d2
 536 01ca 0B       		.uleb128 0xb
 537 01cb 30000000 		.4byte	0x30
 538 01cf 8302     		.2byte	0x283
 539 01d1 00       		.byte	0x0
 540 01d2 05       		.uleb128 0x5
 541 01d3 C1010000 		.4byte	0x1c1
 542 01d7 04       		.uleb128 0x4
 543 01d8 27000000 		.4byte	.LASF22
 544 01dc 02       		.byte	0x2
 545 01dd 78       		.byte	0x78
 546 01de 7F000000 		.4byte	0x7f
 547 01e2 0C       		.uleb128 0xc
 548 01e3 8C       		.byte	0x8c
 549 01e4 02       		.byte	0x2
 550 01e5 89       		.byte	0x89
 551 01e6 12030000 		.4byte	0x312
 552 01ea 07       		.uleb128 0x7
 553 01eb 29010000 		.4byte	.LASF23
 554 01ef 02       		.byte	0x2
 555 01f0 8A       		.byte	0x8a
 556 01f1 7A000000 		.4byte	0x7a
 557 01f5 02       		.byte	0x2
 558 01f6 23       		.byte	0x23
 559 01f7 00       		.uleb128 0x0
 560 01f8 07       		.uleb128 0x7
 561 01f9 FB000000 		.4byte	.LASF24
 562 01fd 02       		.byte	0x2
 563 01fe 8B       		.byte	0x8b
ARM GAS  C:\DOCUME~1\z_80\LOCALS~1\Temp\cc9Qelsf.s 			page 11


 564 01ff 7A000000 		.4byte	0x7a
 565 0203 02       		.byte	0x2
 566 0204 23       		.byte	0x23
 567 0205 04       		.uleb128 0x4
 568 0206 07       		.uleb128 0x7
 569 0207 30000000 		.4byte	.LASF25
 570 020b 02       		.byte	0x2
 571 020c 8C       		.byte	0x8c
 572 020d 7A000000 		.4byte	0x7a
 573 0211 02       		.byte	0x2
 574 0212 23       		.byte	0x23
 575 0213 08       		.uleb128 0x8
 576 0214 07       		.uleb128 0x7
 577 0215 08010000 		.4byte	.LASF26
 578 0219 02       		.byte	0x2
 579 021a 8D       		.byte	0x8d
 580 021b 7A000000 		.4byte	0x7a
 581 021f 02       		.byte	0x2
 582 0220 23       		.byte	0x23
 583 0221 0C       		.uleb128 0xc
 584 0222 08       		.uleb128 0x8
 585 0223 53435200 		.ascii	"SCR\000"
 586 0227 02       		.byte	0x2
 587 0228 8E       		.byte	0x8e
 588 0229 7A000000 		.4byte	0x7a
 589 022d 02       		.byte	0x2
 590 022e 23       		.byte	0x23
 591 022f 10       		.uleb128 0x10
 592 0230 08       		.uleb128 0x8
 593 0231 43435200 		.ascii	"CCR\000"
 594 0235 02       		.byte	0x2
 595 0236 8F       		.byte	0x8f
 596 0237 7A000000 		.4byte	0x7a
 597 023b 02       		.byte	0x2
 598 023c 23       		.byte	0x23
 599 023d 14       		.uleb128 0x14
 600 023e 07       		.uleb128 0x7
 601 023f A4010000 		.4byte	.LASF27
 602 0243 02       		.byte	0x2
 603 0244 90       		.byte	0x90
 604 0245 22030000 		.4byte	0x322
 605 0249 02       		.byte	0x2
 606 024a 23       		.byte	0x23
 607 024b 18       		.uleb128 0x18
 608 024c 07       		.uleb128 0x7
 609 024d 0F000000 		.4byte	.LASF28
 610 0251 02       		.byte	0x2
 611 0252 91       		.byte	0x91
 612 0253 7A000000 		.4byte	0x7a
 613 0257 02       		.byte	0x2
 614 0258 23       		.byte	0x23
 615 0259 24       		.uleb128 0x24
 616 025a 07       		.uleb128 0x7
 617 025b 8B000000 		.4byte	.LASF29
 618 025f 02       		.byte	0x2
 619 0260 92       		.byte	0x92
 620 0261 7A000000 		.4byte	0x7a
ARM GAS  C:\DOCUME~1\z_80\LOCALS~1\Temp\cc9Qelsf.s 			page 12


 621 0265 02       		.byte	0x2
 622 0266 23       		.byte	0x23
 623 0267 28       		.uleb128 0x28
 624 0268 07       		.uleb128 0x7
 625 0269 A1000000 		.4byte	.LASF30
 626 026d 02       		.byte	0x2
 627 026e 93       		.byte	0x93
 628 026f 7A000000 		.4byte	0x7a
 629 0273 02       		.byte	0x2
 630 0274 23       		.byte	0x23
 631 0275 2C       		.uleb128 0x2c
 632 0276 07       		.uleb128 0x7
 633 0277 DF000000 		.4byte	.LASF31
 634 027b 02       		.byte	0x2
 635 027c 94       		.byte	0x94
 636 027d 7A000000 		.4byte	0x7a
 637 0281 02       		.byte	0x2
 638 0282 23       		.byte	0x23
 639 0283 30       		.uleb128 0x30
 640 0284 07       		.uleb128 0x7
 641 0285 8C010000 		.4byte	.LASF32
 642 0289 02       		.byte	0x2
 643 028a 95       		.byte	0x95
 644 028b 7A000000 		.4byte	0x7a
 645 028f 02       		.byte	0x2
 646 0290 23       		.byte	0x23
 647 0291 34       		.uleb128 0x34
 648 0292 07       		.uleb128 0x7
 649 0293 0E010000 		.4byte	.LASF33
 650 0297 02       		.byte	0x2
 651 0298 96       		.byte	0x96
 652 0299 7A000000 		.4byte	0x7a
 653 029d 02       		.byte	0x2
 654 029e 23       		.byte	0x23
 655 029f 38       		.uleb128 0x38
 656 02a0 07       		.uleb128 0x7
 657 02a1 9C000000 		.4byte	.LASF34
 658 02a5 02       		.byte	0x2
 659 02a6 97       		.byte	0x97
 660 02a7 7A000000 		.4byte	0x7a
 661 02ab 02       		.byte	0x2
 662 02ac 23       		.byte	0x23
 663 02ad 3C       		.uleb128 0x3c
 664 02ae 08       		.uleb128 0x8
 665 02af 50465200 		.ascii	"PFR\000"
 666 02b3 02       		.byte	0x2
 667 02b4 98       		.byte	0x98
 668 02b5 37030000 		.4byte	0x337
 669 02b9 02       		.byte	0x2
 670 02ba 23       		.byte	0x23
 671 02bb 40       		.uleb128 0x40
 672 02bc 08       		.uleb128 0x8
 673 02bd 44465200 		.ascii	"DFR\000"
 674 02c1 02       		.byte	0x2
 675 02c2 99       		.byte	0x99
 676 02c3 7A000000 		.4byte	0x7a
 677 02c7 02       		.byte	0x2
ARM GAS  C:\DOCUME~1\z_80\LOCALS~1\Temp\cc9Qelsf.s 			page 13


 678 02c8 23       		.byte	0x23
 679 02c9 48       		.uleb128 0x48
 680 02ca 08       		.uleb128 0x8
 681 02cb 41445200 		.ascii	"ADR\000"
 682 02cf 02       		.byte	0x2
 683 02d0 9A       		.byte	0x9a
 684 02d1 7A000000 		.4byte	0x7a
 685 02d5 02       		.byte	0x2
 686 02d6 23       		.byte	0x23
 687 02d7 4C       		.uleb128 0x4c
 688 02d8 07       		.uleb128 0x7
 689 02d9 0A000000 		.4byte	.LASF35
 690 02dd 02       		.byte	0x2
 691 02de 9B       		.byte	0x9b
 692 02df 4C030000 		.4byte	0x34c
 693 02e3 02       		.byte	0x2
 694 02e4 23       		.byte	0x23
 695 02e5 50       		.uleb128 0x50
 696 02e6 08       		.uleb128 0x8
 697 02e7 53415200 		.ascii	"SAR\000"
 698 02eb 02       		.byte	0x2
 699 02ec 9C       		.byte	0x9c
 700 02ed 61030000 		.4byte	0x361
 701 02f1 02       		.byte	0x2
 702 02f2 23       		.byte	0x23
 703 02f3 60       		.uleb128 0x60
 704 02f4 07       		.uleb128 0x7
 705 02f5 48000000 		.4byte	.LASF10
 706 02f9 02       		.byte	0x2
 707 02fa 9D       		.byte	0x9d
 708 02fb 66030000 		.4byte	0x366
 709 02ff 02       		.byte	0x2
 710 0300 23       		.byte	0x23
 711 0301 74       		.uleb128 0x74
 712 0302 07       		.uleb128 0x7
 713 0303 B8000000 		.4byte	.LASF36
 714 0307 02       		.byte	0x2
 715 0308 9E       		.byte	0x9e
 716 0309 7A000000 		.4byte	0x7a
 717 030d 03       		.byte	0x3
 718 030e 23       		.byte	0x23
 719 030f 8801     		.uleb128 0x88
 720 0311 00       		.byte	0x0
 721 0312 09       		.uleb128 0x9
 722 0313 65000000 		.4byte	0x65
 723 0317 22030000 		.4byte	0x322
 724 031b 0A       		.uleb128 0xa
 725 031c 30000000 		.4byte	0x30
 726 0320 02       		.byte	0x2
 727 0321 00       		.byte	0x0
 728 0322 05       		.uleb128 0x5
 729 0323 12030000 		.4byte	0x312
 730 0327 09       		.uleb128 0x9
 731 0328 65000000 		.4byte	0x65
 732 032c 37030000 		.4byte	0x337
 733 0330 0A       		.uleb128 0xa
 734 0331 30000000 		.4byte	0x30
ARM GAS  C:\DOCUME~1\z_80\LOCALS~1\Temp\cc9Qelsf.s 			page 14


 735 0335 01       		.byte	0x1
 736 0336 00       		.byte	0x0
 737 0337 05       		.uleb128 0x5
 738 0338 27030000 		.4byte	0x327
 739 033c 09       		.uleb128 0x9
 740 033d 65000000 		.4byte	0x65
 741 0341 4C030000 		.4byte	0x34c
 742 0345 0A       		.uleb128 0xa
 743 0346 30000000 		.4byte	0x30
 744 034a 03       		.byte	0x3
 745 034b 00       		.byte	0x0
 746 034c 05       		.uleb128 0x5
 747 034d 3C030000 		.4byte	0x33c
 748 0351 09       		.uleb128 0x9
 749 0352 65000000 		.4byte	0x65
 750 0356 61030000 		.4byte	0x361
 751 035a 0A       		.uleb128 0xa
 752 035b 30000000 		.4byte	0x30
 753 035f 04       		.byte	0x4
 754 0360 00       		.byte	0x0
 755 0361 05       		.uleb128 0x5
 756 0362 51030000 		.4byte	0x351
 757 0366 05       		.uleb128 0x5
 758 0367 51030000 		.4byte	0x351
 759 036b 04       		.uleb128 0x4
 760 036c 00010000 		.4byte	.LASF37
 761 0370 02       		.byte	0x2
 762 0371 9F       		.byte	0x9f
 763 0372 E2010000 		.4byte	0x1e2
 764 0376 03       		.uleb128 0x3
 765 0377 01       		.byte	0x1
 766 0378 08       		.byte	0x8
 767 0379 2F010000 		.4byte	.LASF38
 768 037d 0D       		.uleb128 0xd
 769 037e 01       		.byte	0x1
 770 037f D7010000 		.4byte	.LASF40
 771 0383 01       		.byte	0x1
 772 0384 2E       		.byte	0x2e
 773 0385 01       		.byte	0x1
 774 0386 00000000 		.4byte	.LFB0
 775 038a 44000000 		.4byte	.LFE0
 776 038e 00000000 		.4byte	.LLST0
 777 0392 C1030000 		.4byte	0x3c1
 778 0396 0E       		.uleb128 0xe
 779 0397 6E00     		.ascii	"n\000"
 780 0399 01       		.byte	0x1
 781 039a 2E       		.byte	0x2e
 782 039b 5A000000 		.4byte	0x5a
 783 039f 20000000 		.4byte	.LLST1
 784 03a3 0F       		.uleb128 0xf
 785 03a4 00000000 		.4byte	.LASF39
 786 03a8 01       		.byte	0x1
 787 03a9 2E       		.byte	0x2e
 788 03aa 5A000000 		.4byte	0x5a
 789 03ae 33000000 		.4byte	.LLST2
 790 03b2 10       		.uleb128 0x10
 791 03b3 736800   		.ascii	"sh\000"
ARM GAS  C:\DOCUME~1\z_80\LOCALS~1\Temp\cc9Qelsf.s 			page 15


 792 03b6 01       		.byte	0x1
 793 03b7 2F       		.byte	0x2f
 794 03b8 30000000 		.4byte	0x30
 795 03bc 46000000 		.4byte	.LLST3
 796 03c0 00       		.byte	0x0
 797 03c1 0D       		.uleb128 0xd
 798 03c2 01       		.byte	0x1
 799 03c3 15000000 		.4byte	.LASF41
 800 03c7 01       		.byte	0x1
 801 03c8 3C       		.byte	0x3c
 802 03c9 01       		.byte	0x1
 803 03ca 00000000 		.4byte	.LFB1
 804 03ce 38000000 		.4byte	.LFE1
 805 03d2 5F000000 		.4byte	.LLST4
 806 03d6 F6030000 		.4byte	0x3f6
 807 03da 0E       		.uleb128 0xe
 808 03db 6E00     		.ascii	"n\000"
 809 03dd 01       		.byte	0x1
 810 03de 3C       		.byte	0x3c
 811 03df 5A000000 		.4byte	0x5a
 812 03e3 7F000000 		.4byte	.LLST5
 813 03e7 10       		.uleb128 0x10
 814 03e8 736800   		.ascii	"sh\000"
 815 03eb 01       		.byte	0x1
 816 03ec 3D       		.byte	0x3d
 817 03ed 30000000 		.4byte	0x30
 818 03f1 92000000 		.4byte	.LLST6
 819 03f5 00       		.byte	0x0
 820 03f6 11       		.uleb128 0x11
 821 03f7 01       		.byte	0x1
 822 03f8 B5010000 		.4byte	.LASF46
 823 03fc 01       		.byte	0x1
 824 03fd 4A       		.byte	0x4a
 825 03fe 01       		.byte	0x1
 826 03ff 00000000 		.4byte	.LFB2
 827 0403 30000000 		.4byte	.LFE2
 828 0407 AB000000 		.4byte	.LLST7
 829 040b 0F       		.uleb128 0xf
 830 040c 13010000 		.4byte	.LASF42
 831 0410 01       		.byte	0x1
 832 0411 4A       		.byte	0x4a
 833 0412 5A000000 		.4byte	0x5a
 834 0416 CB000000 		.4byte	.LLST8
 835 041a 0F       		.uleb128 0xf
 836 041b 00000000 		.4byte	.LASF39
 837 041f 01       		.byte	0x1
 838 0420 4A       		.byte	0x4a
 839 0421 5A000000 		.4byte	0x5a
 840 0425 DE000000 		.4byte	.LLST9
 841 0429 10       		.uleb128 0x10
 842 042a 736800   		.ascii	"sh\000"
 843 042d 01       		.byte	0x1
 844 042e 4B       		.byte	0x4b
 845 042f 30000000 		.4byte	0x30
 846 0433 F1000000 		.4byte	.LLST10
 847 0437 00       		.byte	0x0
 848 0438 00       		.byte	0x0
ARM GAS  C:\DOCUME~1\z_80\LOCALS~1\Temp\cc9Qelsf.s 			page 16


 849              		.section	.debug_abbrev
 850 0000 01       		.uleb128 0x1
 851 0001 11       		.uleb128 0x11
 852 0002 01       		.byte	0x1
 853 0003 25       		.uleb128 0x25
 854 0004 0E       		.uleb128 0xe
 855 0005 13       		.uleb128 0x13
 856 0006 0B       		.uleb128 0xb
 857 0007 03       		.uleb128 0x3
 858 0008 0E       		.uleb128 0xe
 859 0009 1B       		.uleb128 0x1b
 860 000a 0E       		.uleb128 0xe
 861 000b 11       		.uleb128 0x11
 862 000c 01       		.uleb128 0x1
 863 000d 52       		.uleb128 0x52
 864 000e 01       		.uleb128 0x1
 865 000f 55       		.uleb128 0x55
 866 0010 06       		.uleb128 0x6
 867 0011 10       		.uleb128 0x10
 868 0012 06       		.uleb128 0x6
 869 0013 00       		.byte	0x0
 870 0014 00       		.byte	0x0
 871 0015 02       		.uleb128 0x2
 872 0016 24       		.uleb128 0x24
 873 0017 00       		.byte	0x0
 874 0018 0B       		.uleb128 0xb
 875 0019 0B       		.uleb128 0xb
 876 001a 3E       		.uleb128 0x3e
 877 001b 0B       		.uleb128 0xb
 878 001c 03       		.uleb128 0x3
 879 001d 08       		.uleb128 0x8
 880 001e 00       		.byte	0x0
 881 001f 00       		.byte	0x0
 882 0020 03       		.uleb128 0x3
 883 0021 24       		.uleb128 0x24
 884 0022 00       		.byte	0x0
 885 0023 0B       		.uleb128 0xb
 886 0024 0B       		.uleb128 0xb
 887 0025 3E       		.uleb128 0x3e
 888 0026 0B       		.uleb128 0xb
 889 0027 03       		.uleb128 0x3
 890 0028 0E       		.uleb128 0xe
 891 0029 00       		.byte	0x0
 892 002a 00       		.byte	0x0
 893 002b 04       		.uleb128 0x4
 894 002c 16       		.uleb128 0x16
 895 002d 00       		.byte	0x0
 896 002e 03       		.uleb128 0x3
 897 002f 0E       		.uleb128 0xe
 898 0030 3A       		.uleb128 0x3a
 899 0031 0B       		.uleb128 0xb
 900 0032 3B       		.uleb128 0x3b
 901 0033 0B       		.uleb128 0xb
 902 0034 49       		.uleb128 0x49
 903 0035 13       		.uleb128 0x13
 904 0036 00       		.byte	0x0
 905 0037 00       		.byte	0x0
ARM GAS  C:\DOCUME~1\z_80\LOCALS~1\Temp\cc9Qelsf.s 			page 17


 906 0038 05       		.uleb128 0x5
 907 0039 35       		.uleb128 0x35
 908 003a 00       		.byte	0x0
 909 003b 49       		.uleb128 0x49
 910 003c 13       		.uleb128 0x13
 911 003d 00       		.byte	0x0
 912 003e 00       		.byte	0x0
 913 003f 06       		.uleb128 0x6
 914 0040 13       		.uleb128 0x13
 915 0041 01       		.byte	0x1
 916 0042 0B       		.uleb128 0xb
 917 0043 05       		.uleb128 0x5
 918 0044 3A       		.uleb128 0x3a
 919 0045 0B       		.uleb128 0xb
 920 0046 3B       		.uleb128 0x3b
 921 0047 0B       		.uleb128 0xb
 922 0048 01       		.uleb128 0x1
 923 0049 13       		.uleb128 0x13
 924 004a 00       		.byte	0x0
 925 004b 00       		.byte	0x0
 926 004c 07       		.uleb128 0x7
 927 004d 0D       		.uleb128 0xd
 928 004e 00       		.byte	0x0
 929 004f 03       		.uleb128 0x3
 930 0050 0E       		.uleb128 0xe
 931 0051 3A       		.uleb128 0x3a
 932 0052 0B       		.uleb128 0xb
 933 0053 3B       		.uleb128 0x3b
 934 0054 0B       		.uleb128 0xb
 935 0055 49       		.uleb128 0x49
 936 0056 13       		.uleb128 0x13
 937 0057 38       		.uleb128 0x38
 938 0058 0A       		.uleb128 0xa
 939 0059 00       		.byte	0x0
 940 005a 00       		.byte	0x0
 941 005b 08       		.uleb128 0x8
 942 005c 0D       		.uleb128 0xd
 943 005d 00       		.byte	0x0
 944 005e 03       		.uleb128 0x3
 945 005f 08       		.uleb128 0x8
 946 0060 3A       		.uleb128 0x3a
 947 0061 0B       		.uleb128 0xb
 948 0062 3B       		.uleb128 0x3b
 949 0063 0B       		.uleb128 0xb
 950 0064 49       		.uleb128 0x49
 951 0065 13       		.uleb128 0x13
 952 0066 38       		.uleb128 0x38
 953 0067 0A       		.uleb128 0xa
 954 0068 00       		.byte	0x0
 955 0069 00       		.byte	0x0
 956 006a 09       		.uleb128 0x9
 957 006b 01       		.uleb128 0x1
 958 006c 01       		.byte	0x1
 959 006d 49       		.uleb128 0x49
 960 006e 13       		.uleb128 0x13
 961 006f 01       		.uleb128 0x1
 962 0070 13       		.uleb128 0x13
ARM GAS  C:\DOCUME~1\z_80\LOCALS~1\Temp\cc9Qelsf.s 			page 18


 963 0071 00       		.byte	0x0
 964 0072 00       		.byte	0x0
 965 0073 0A       		.uleb128 0xa
 966 0074 21       		.uleb128 0x21
 967 0075 00       		.byte	0x0
 968 0076 49       		.uleb128 0x49
 969 0077 13       		.uleb128 0x13
 970 0078 2F       		.uleb128 0x2f
 971 0079 0B       		.uleb128 0xb
 972 007a 00       		.byte	0x0
 973 007b 00       		.byte	0x0
 974 007c 0B       		.uleb128 0xb
 975 007d 21       		.uleb128 0x21
 976 007e 00       		.byte	0x0
 977 007f 49       		.uleb128 0x49
 978 0080 13       		.uleb128 0x13
 979 0081 2F       		.uleb128 0x2f
 980 0082 05       		.uleb128 0x5
 981 0083 00       		.byte	0x0
 982 0084 00       		.byte	0x0
 983 0085 0C       		.uleb128 0xc
 984 0086 13       		.uleb128 0x13
 985 0087 01       		.byte	0x1
 986 0088 0B       		.uleb128 0xb
 987 0089 0B       		.uleb128 0xb
 988 008a 3A       		.uleb128 0x3a
 989 008b 0B       		.uleb128 0xb
 990 008c 3B       		.uleb128 0x3b
 991 008d 0B       		.uleb128 0xb
 992 008e 01       		.uleb128 0x1
 993 008f 13       		.uleb128 0x13
 994 0090 00       		.byte	0x0
 995 0091 00       		.byte	0x0
 996 0092 0D       		.uleb128 0xd
 997 0093 2E       		.uleb128 0x2e
 998 0094 01       		.byte	0x1
 999 0095 3F       		.uleb128 0x3f
 1000 0096 0C       		.uleb128 0xc
 1001 0097 03       		.uleb128 0x3
 1002 0098 0E       		.uleb128 0xe
 1003 0099 3A       		.uleb128 0x3a
 1004 009a 0B       		.uleb128 0xb
 1005 009b 3B       		.uleb128 0x3b
 1006 009c 0B       		.uleb128 0xb
 1007 009d 27       		.uleb128 0x27
 1008 009e 0C       		.uleb128 0xc
 1009 009f 11       		.uleb128 0x11
 1010 00a0 01       		.uleb128 0x1
 1011 00a1 12       		.uleb128 0x12
 1012 00a2 01       		.uleb128 0x1
 1013 00a3 40       		.uleb128 0x40
 1014 00a4 06       		.uleb128 0x6
 1015 00a5 01       		.uleb128 0x1
 1016 00a6 13       		.uleb128 0x13
 1017 00a7 00       		.byte	0x0
 1018 00a8 00       		.byte	0x0
 1019 00a9 0E       		.uleb128 0xe
ARM GAS  C:\DOCUME~1\z_80\LOCALS~1\Temp\cc9Qelsf.s 			page 19


 1020 00aa 05       		.uleb128 0x5
 1021 00ab 00       		.byte	0x0
 1022 00ac 03       		.uleb128 0x3
 1023 00ad 08       		.uleb128 0x8
 1024 00ae 3A       		.uleb128 0x3a
 1025 00af 0B       		.uleb128 0xb
 1026 00b0 3B       		.uleb128 0x3b
 1027 00b1 0B       		.uleb128 0xb
 1028 00b2 49       		.uleb128 0x49
 1029 00b3 13       		.uleb128 0x13
 1030 00b4 02       		.uleb128 0x2
 1031 00b5 06       		.uleb128 0x6
 1032 00b6 00       		.byte	0x0
 1033 00b7 00       		.byte	0x0
 1034 00b8 0F       		.uleb128 0xf
 1035 00b9 05       		.uleb128 0x5
 1036 00ba 00       		.byte	0x0
 1037 00bb 03       		.uleb128 0x3
 1038 00bc 0E       		.uleb128 0xe
 1039 00bd 3A       		.uleb128 0x3a
 1040 00be 0B       		.uleb128 0xb
 1041 00bf 3B       		.uleb128 0x3b
 1042 00c0 0B       		.uleb128 0xb
 1043 00c1 49       		.uleb128 0x49
 1044 00c2 13       		.uleb128 0x13
 1045 00c3 02       		.uleb128 0x2
 1046 00c4 06       		.uleb128 0x6
 1047 00c5 00       		.byte	0x0
 1048 00c6 00       		.byte	0x0
 1049 00c7 10       		.uleb128 0x10
 1050 00c8 34       		.uleb128 0x34
 1051 00c9 00       		.byte	0x0
 1052 00ca 03       		.uleb128 0x3
 1053 00cb 08       		.uleb128 0x8
 1054 00cc 3A       		.uleb128 0x3a
 1055 00cd 0B       		.uleb128 0xb
 1056 00ce 3B       		.uleb128 0x3b
 1057 00cf 0B       		.uleb128 0xb
 1058 00d0 49       		.uleb128 0x49
 1059 00d1 13       		.uleb128 0x13
 1060 00d2 02       		.uleb128 0x2
 1061 00d3 06       		.uleb128 0x6
 1062 00d4 00       		.byte	0x0
 1063 00d5 00       		.byte	0x0
 1064 00d6 11       		.uleb128 0x11
 1065 00d7 2E       		.uleb128 0x2e
 1066 00d8 01       		.byte	0x1
 1067 00d9 3F       		.uleb128 0x3f
 1068 00da 0C       		.uleb128 0xc
 1069 00db 03       		.uleb128 0x3
 1070 00dc 0E       		.uleb128 0xe
 1071 00dd 3A       		.uleb128 0x3a
 1072 00de 0B       		.uleb128 0xb
 1073 00df 3B       		.uleb128 0x3b
 1074 00e0 0B       		.uleb128 0xb
 1075 00e1 27       		.uleb128 0x27
 1076 00e2 0C       		.uleb128 0xc
ARM GAS  C:\DOCUME~1\z_80\LOCALS~1\Temp\cc9Qelsf.s 			page 20


 1077 00e3 11       		.uleb128 0x11
 1078 00e4 01       		.uleb128 0x1
 1079 00e5 12       		.uleb128 0x12
 1080 00e6 01       		.uleb128 0x1
 1081 00e7 40       		.uleb128 0x40
 1082 00e8 06       		.uleb128 0x6
 1083 00e9 00       		.byte	0x0
 1084 00ea 00       		.byte	0x0
 1085 00eb 00       		.byte	0x0
 1086              		.section	.debug_pubnames,"",%progbits
 1087 0000 5A000000 		.4byte	0x5a
 1088 0004 0200     		.2byte	0x2
 1089 0006 00000000 		.4byte	.Ldebug_info0
 1090 000a 39040000 		.4byte	0x439
 1091 000e 7D030000 		.4byte	0x37d
 1092 0012 6E766963 		.ascii	"nvicEnableVector\000"
 1092      456E6162 
 1092      6C655665 
 1092      63746F72 
 1092      00
 1093 0023 C1030000 		.4byte	0x3c1
 1094 0027 6E766963 		.ascii	"nvicDisableVector\000"
 1094      44697361 
 1094      626C6556 
 1094      6563746F 
 1094      7200
 1095 0039 F6030000 		.4byte	0x3f6
 1096 003d 6E766963 		.ascii	"nvicSetSystemHandlerPriority\000"
 1096      53657453 
 1096      79737465 
 1096      6D48616E 
 1096      646C6572 
 1097 005a 00000000 		.4byte	0x0
 1098              		.section	.debug_pubtypes,"",%progbits
 1099 0000 34000000 		.4byte	0x34
 1100 0004 0200     		.2byte	0x2
 1101 0006 00000000 		.4byte	.Ldebug_info0
 1102 000a 39040000 		.4byte	0x439
 1103 000e 5A000000 		.4byte	0x5a
 1104 0012 75696E74 		.ascii	"uint32_t\000"
 1104      33325F74 
 1104      00
 1105 001b D7010000 		.4byte	0x1d7
 1106 001f 434D785F 		.ascii	"CMx_NVIC\000"
 1106      4E564943 
 1106      00
 1107 0028 6B030000 		.4byte	0x36b
 1108 002c 434D785F 		.ascii	"CMx_SCB\000"
 1108      53434200 
 1109 0034 00000000 		.4byte	0x0
 1110              		.section	.debug_aranges,"",%progbits
 1111 0000 2C000000 		.4byte	0x2c
 1112 0004 0200     		.2byte	0x2
 1113 0006 00000000 		.4byte	.Ldebug_info0
 1114 000a 04       		.byte	0x4
 1115 000b 00       		.byte	0x0
 1116 000c 0000     		.2byte	0x0
ARM GAS  C:\DOCUME~1\z_80\LOCALS~1\Temp\cc9Qelsf.s 			page 21


 1117 000e 0000     		.2byte	0x0
 1118 0010 00000000 		.4byte	.LFB0
 1119 0014 44000000 		.4byte	.LFE0-.LFB0
 1120 0018 00000000 		.4byte	.LFB1
 1121 001c 38000000 		.4byte	.LFE1-.LFB1
 1122 0020 00000000 		.4byte	.LFB2
 1123 0024 30000000 		.4byte	.LFE2-.LFB2
 1124 0028 00000000 		.4byte	0x0
 1125 002c 00000000 		.4byte	0x0
 1126              		.section	.debug_ranges,"",%progbits
 1127              	.Ldebug_ranges0:
 1128 0000 00000000 		.4byte	.LFB0
 1129 0004 44000000 		.4byte	.LFE0
 1130 0008 00000000 		.4byte	.LFB1
 1131 000c 38000000 		.4byte	.LFE1
 1132 0010 00000000 		.4byte	.LFB2
 1133 0014 30000000 		.4byte	.LFE2
 1134 0018 00000000 		.4byte	0x0
 1135 001c 00000000 		.4byte	0x0
 1136              		.section	.debug_str,"MS",%progbits,1
 1137              	.LASF39:
 1138 0000 7072696F 		.ascii	"prio\000"
 1138      00
 1139              	.LASF15:
 1140 0005 49435052 		.ascii	"ICPR\000"
 1140      00
 1141              	.LASF35:
 1142 000a 4D4D4652 		.ascii	"MMFR\000"
 1142      00
 1143              	.LASF28:
 1144 000f 53484353 		.ascii	"SHCSR\000"
 1144      5200
 1145              	.LASF41:
 1146 0015 6E766963 		.ascii	"nvicDisableVector\000"
 1146      44697361 
 1146      626C6556 
 1146      6563746F 
 1146      7200
 1147              	.LASF22:
 1148 0027 434D785F 		.ascii	"CMx_NVIC\000"
 1148      4E564943 
 1148      00
 1149              	.LASF25:
 1150 0030 56544F52 		.ascii	"VTOR\000"
 1150      00
 1151              	.LASF11:
 1152 0035 49434552 		.ascii	"ICER\000"
 1152      00
 1153              	.LASF2:
 1154 003a 756E7369 		.ascii	"unsigned char\000"
 1154      676E6564 
 1154      20636861 
 1154      7200
 1155              	.LASF10:
 1156 0048 756E7573 		.ascii	"unused1\000"
 1156      65643100 
 1157              	.LASF12:
ARM GAS  C:\DOCUME~1\z_80\LOCALS~1\Temp\cc9Qelsf.s 			page 22


 1158 0050 756E7573 		.ascii	"unused2\000"
 1158      65643200 
 1159              	.LASF14:
 1160 0058 756E7573 		.ascii	"unused3\000"
 1160      65643300 
 1161              	.LASF16:
 1162 0060 756E7573 		.ascii	"unused4\000"
 1162      65643400 
 1163              	.LASF18:
 1164 0068 756E7573 		.ascii	"unused5\000"
 1164      65643500 
 1165              	.LASF19:
 1166 0070 756E7573 		.ascii	"unused6\000"
 1166      65643600 
 1167              	.LASF4:
 1168 0078 73686F72 		.ascii	"short unsigned int\000"
 1168      7420756E 
 1168      7369676E 
 1168      65642069 
 1168      6E7400
 1169              	.LASF29:
 1170 008b 43465352 		.ascii	"CFSR\000"
 1170      00
 1171              	.LASF43:
 1172 0090 474E5520 		.ascii	"GNU C 4.5.2\000"
 1172      4320342E 
 1172      352E3200 
 1173              	.LASF34:
 1174 009c 41465352 		.ascii	"AFSR\000"
 1174      00
 1175              	.LASF30:
 1176 00a1 48465352 		.ascii	"HFSR\000"
 1176      00
 1177              	.LASF6:
 1178 00a6 6C6F6E67 		.ascii	"long unsigned int\000"
 1178      20756E73 
 1178      69676E65 
 1178      6420696E 
 1178      7400
 1179              	.LASF36:
 1180 00b8 43504143 		.ascii	"CPACR\000"
 1180      5200
 1181              	.LASF20:
 1182 00be 53544952 		.ascii	"STIR\000"
 1182      00
 1183              	.LASF3:
 1184 00c3 73686F72 		.ascii	"short int\000"
 1184      7420696E 
 1184      7400
 1185              	.LASF0:
 1186 00cd 756E7369 		.ascii	"unsigned int\000"
 1186      676E6564 
 1186      20696E74 
 1186      00
 1187              	.LASF13:
 1188 00da 49535052 		.ascii	"ISPR\000"
 1188      00
ARM GAS  C:\DOCUME~1\z_80\LOCALS~1\Temp\cc9Qelsf.s 			page 23


 1189              	.LASF31:
 1190 00df 44465352 		.ascii	"DFSR\000"
 1190      00
 1191              	.LASF8:
 1192 00e4 6C6F6E67 		.ascii	"long long unsigned int\000"
 1192      206C6F6E 
 1192      6720756E 
 1192      7369676E 
 1192      65642069 
 1193              	.LASF24:
 1194 00fb 49435352 		.ascii	"ICSR\000"
 1194      00
 1195              	.LASF37:
 1196 0100 434D785F 		.ascii	"CMx_SCB\000"
 1196      53434200 
 1197              	.LASF26:
 1198 0108 41495243 		.ascii	"AIRCR\000"
 1198      5200
 1199              	.LASF33:
 1200 010e 42464152 		.ascii	"BFAR\000"
 1200      00
 1201              	.LASF42:
 1202 0113 68616E64 		.ascii	"handler\000"
 1202      6C657200 
 1203              	.LASF7:
 1204 011b 6C6F6E67 		.ascii	"long long int\000"
 1204      206C6F6E 
 1204      6720696E 
 1204      7400
 1205              	.LASF23:
 1206 0129 43505549 		.ascii	"CPUID\000"
 1206      4400
 1207              	.LASF38:
 1208 012f 63686172 		.ascii	"char\000"
 1208      00
 1209              	.LASF9:
 1210 0134 49534552 		.ascii	"ISER\000"
 1210      00
 1211              	.LASF45:
 1212 0139 433A5C70 		.ascii	"C:\\projects\\ipm\\soft\\firmware\\valve\000"
 1212      726F6A65 
 1212      6374735C 
 1212      69706D5C 
 1212      736F6674 
 1213              	.LASF44:
 1214 015d 2E2E2F63 		.ascii	"../chibios_2.4.x/os/ports/common/ARMCMx/nvic.c\000"
 1214      68696269 
 1214      6F735F32 
 1214      2E342E78 
 1214      2F6F732F 
 1215              	.LASF32:
 1216 018c 4D4D4641 		.ascii	"MMFAR\000"
 1216      5200
 1217              	.LASF21:
 1218 0192 75696E74 		.ascii	"uint32_t\000"
 1218      33325F74 
 1218      00
ARM GAS  C:\DOCUME~1\z_80\LOCALS~1\Temp\cc9Qelsf.s 			page 24


 1219              	.LASF5:
 1220 019b 6C6F6E67 		.ascii	"long int\000"
 1220      20696E74 
 1220      00
 1221              	.LASF27:
 1222 01a4 53485052 		.ascii	"SHPR\000"
 1222      00
 1223              	.LASF1:
 1224 01a9 7369676E 		.ascii	"signed char\000"
 1224      65642063 
 1224      68617200 
 1225              	.LASF46:
 1226 01b5 6E766963 		.ascii	"nvicSetSystemHandlerPriority\000"
 1226      53657453 
 1226      79737465 
 1226      6D48616E 
 1226      646C6572 
 1227              	.LASF17:
 1228 01d2 49414252 		.ascii	"IABR\000"
 1228      00
 1229              	.LASF40:
 1230 01d7 6E766963 		.ascii	"nvicEnableVector\000"
 1230      456E6162 
 1230      6C655665 
 1230      63746F72 
 1230      00
 1231              		.ident	"GCC: (Sourcery G++ Lite 2011.03-42) 4.5.2"
ARM GAS  C:\DOCUME~1\z_80\LOCALS~1\Temp\cc9Qelsf.s 			page 25


DEFINED SYMBOLS
                            *ABS*:00000000 nvic.c
C:\DOCUME~1\z_80\LOCALS~1\Temp\cc9Qelsf.s:24     .text.nvicEnableVector:00000000 $t
C:\DOCUME~1\z_80\LOCALS~1\Temp\cc9Qelsf.s:30     .text.nvicEnableVector:00000000 nvicEnableVector
C:\DOCUME~1\z_80\LOCALS~1\Temp\cc9Qelsf.s:85     .text.nvicEnableVector:00000040 $d
C:\DOCUME~1\z_80\LOCALS~1\Temp\cc9Qelsf.s:90     .text.nvicDisableVector:00000000 $t
C:\DOCUME~1\z_80\LOCALS~1\Temp\cc9Qelsf.s:96     .text.nvicDisableVector:00000000 nvicDisableVector
C:\DOCUME~1\z_80\LOCALS~1\Temp\cc9Qelsf.s:138    .text.nvicDisableVector:00000034 $d
C:\DOCUME~1\z_80\LOCALS~1\Temp\cc9Qelsf.s:143    .text.nvicSetSystemHandlerPriority:00000000 $t
C:\DOCUME~1\z_80\LOCALS~1\Temp\cc9Qelsf.s:149    .text.nvicSetSystemHandlerPriority:00000000 nvicSetSystemHandlerPriority
C:\DOCUME~1\z_80\LOCALS~1\Temp\cc9Qelsf.s:189    .text.nvicSetSystemHandlerPriority:0000002c $d
                     .debug_frame:00000010 $d
C:\DOCUME~1\z_80\LOCALS~1\Temp\cc9Qelsf.s:89     .text.nvicEnableVector:00000044 $t
C:\DOCUME~1\z_80\LOCALS~1\Temp\cc9Qelsf.s:142    .text.nvicDisableVector:00000038 $t

NO UNDEFINED SYMBOLS
