This file contains any messages produced by compilers while
running configure, to aid debugging if configure makes a mistake.

It was created by gloox configure 0.9.9.12, which was
generated by GNU Autoconf 2.64.  Invocation command line was

  $ ./configure 

## --------- ##
## Platform. ##
## --------- ##

hostname = z80
uname -m = i686
uname -r = 3.2.0-30-generic
uname -s = Linux
uname -v = #48-Ubuntu SMP Fri Aug 24 16:54:40 UTC 2012

/usr/bin/uname -p = unknown
/bin/uname -X     = unknown

/bin/arch              = unknown
/usr/bin/arch -k       = unknown
/usr/convex/getsysinfo = unknown
/usr/bin/hostinfo      = unknown
/bin/machine           = unknown
/usr/bin/oslevel       = unknown
/bin/universe          = unknown

PATH: /usr/lib/lightdm/lightdm
PATH: /usr/local/sbin
PATH: /usr/local/bin
PATH: /usr/sbin
PATH: /usr/bin
PATH: /sbin
PATH: /bin
PATH: /usr/games


## ----------- ##
## Core tests. ##
## ----------- ##

configure:2498: checking for a BSD-compatible install
configure:2566: result: /usr/bin/install -c
configure:2577: checking whether build environment is sane
configure:2627: result: yes
configure:2768: checking for a thread-safe mkdir -p
configure:2807: result: /bin/mkdir -p
configure:2820: checking for gawk
configure:2836: found /usr/bin/gawk
configure:2847: result: gawk
configure:2858: checking whether make sets $(MAKE)
configure:2880: result: yes
configure:2973: checking build system type
configure:2987: result: i686-pc-linux-gnu
configure:3007: checking host system type
configure:3020: result: i686-pc-linux-gnu
configure:3090: checking for gcc
configure:3106: found /usr/bin/gcc
configure:3117: result: gcc
configure:3346: checking for C compiler version
configure:3355: gcc --version >&5
gcc (Ubuntu/Linaro 4.6.3-1ubuntu5) 4.6.3
Copyright (C) 2011 Free Software Foundation, Inc.
This is free software; see the source for copying conditions.  There is NO
warranty; not even for MERCHANTABILITY or FITNESS FOR A PARTICULAR PURPOSE.

configure:3366: $? = 0
configure:3355: gcc -v >&5
Using built-in specs.
COLLECT_GCC=gcc
COLLECT_LTO_WRAPPER=/usr/lib/gcc/i686-linux-gnu/4.6/lto-wrapper
Target: i686-linux-gnu
Configured with: ../src/configure -v --with-pkgversion='Ubuntu/Linaro 4.6.3-1ubuntu5' --with-bugurl=file:///usr/share/doc/gcc-4.6/README.Bugs --enable-languages=c,c++,fortran,objc,obj-c++ --prefix=/usr --program-suffix=-4.6 --enable-shared --enable-linker-build-id --with-system-zlib --libexecdir=/usr/lib --without-included-gettext --enable-threads=posix --with-gxx-include-dir=/usr/include/c++/4.6 --libdir=/usr/lib --enable-nls --with-sysroot=/ --enable-clocale=gnu --enable-libstdcxx-debug --enable-libstdcxx-time=yes --enable-gnu-unique-object --enable-plugin --enable-objc-gc --enable-targets=all --disable-werror --with-arch-32=i686 --with-tune=generic --enable-checking=release --build=i686-linux-gnu --host=i686-linux-gnu --target=i686-linux-gnu
Thread model: posix
gcc version 4.6.3 (Ubuntu/Linaro 4.6.3-1ubuntu5) 
configure:3366: $? = 0
configure:3355: gcc -V >&5
gcc: error: unrecognized option '-V'
gcc: fatal error: no input files
compilation terminated.
configure:3366: $? = 4
configure:3355: gcc -qversion >&5
gcc: error: unrecognized option '-qversion'
gcc: fatal error: no input files
compilation terminated.
configure:3366: $? = 4
configure:3388: checking for C compiler default output file name
configure:3410: gcc    conftest.c  >&5
configure:3414: $? = 0
configure:3451: result: a.out
configure:3467: checking whether the C compiler works
configure:3476: ./a.out
configure:3480: $? = 0
configure:3495: result: yes
configure:3502: checking whether we are cross compiling
configure:3504: result: no
configure:3507: checking for suffix of executables
configure:3514: gcc -o conftest    conftest.c  >&5
configure:3518: $? = 0
configure:3540: result: 
configure:3546: checking for suffix of object files
configure:3568: gcc -c   conftest.c >&5
configure:3572: $? = 0
configure:3593: result: o
configure:3597: checking whether we are using the GNU C compiler
configure:3616: gcc -c   conftest.c >&5
configure:3616: $? = 0
configure:3625: result: yes
configure:3634: checking whether gcc accepts -g
configure:3654: gcc -c -g  conftest.c >&5
configure:3654: $? = 0
configure:3695: result: yes
configure:3712: checking for gcc option to accept ISO C89
configure:3776: gcc  -c -g -O2  conftest.c >&5
configure:3776: $? = 0
configure:3789: result: none needed
configure:3820: checking for style of include used by make
configure:3848: result: GNU
configure:3873: checking dependency style of gcc
configure:3983: result: gcc3
configure:4056: checking for g++
configure:4072: found /usr/bin/g++
configure:4083: result: g++
configure:4110: checking for C++ compiler version
configure:4119: g++ --version >&5
g++ (Ubuntu/Linaro 4.6.3-1ubuntu5) 4.6.3
Copyright (C) 2011 Free Software Foundation, Inc.
This is free software; see the source for copying conditions.  There is NO
warranty; not even for MERCHANTABILITY or FITNESS FOR A PARTICULAR PURPOSE.

configure:4130: $? = 0
configure:4119: g++ -v >&5
Using built-in specs.
COLLECT_GCC=g++
COLLECT_LTO_WRAPPER=/usr/lib/gcc/i686-linux-gnu/4.6/lto-wrapper
Target: i686-linux-gnu
Configured with: ../src/configure -v --with-pkgversion='Ubuntu/Linaro 4.6.3-1ubuntu5' --with-bugurl=file:///usr/share/doc/gcc-4.6/README.Bugs --enable-languages=c,c++,fortran,objc,obj-c++ --prefix=/usr --program-suffix=-4.6 --enable-shared --enable-linker-build-id --with-system-zlib --libexecdir=/usr/lib --without-included-gettext --enable-threads=posix --with-gxx-include-dir=/usr/include/c++/4.6 --libdir=/usr/lib --enable-nls --with-sysroot=/ --enable-clocale=gnu --enable-libstdcxx-debug --enable-libstdcxx-time=yes --enable-gnu-unique-object --enable-plugin --enable-objc-gc --enable-targets=all --disable-werror --with-arch-32=i686 --with-tune=generic --enable-checking=release --build=i686-linux-gnu --host=i686-linux-gnu --target=i686-linux-gnu
Thread model: posix
gcc version 4.6.3 (Ubuntu/Linaro 4.6.3-1ubuntu5) 
configure:4130: $? = 0
configure:4119: g++ -V >&5
g++: error: unrecognized option '-V'
g++: fatal error: no input files
compilation terminated.
configure:4130: $? = 4
configure:4119: g++ -qversion >&5
g++: error: unrecognized option '-qversion'
g++: fatal error: no input files
compilation terminated.
configure:4130: $? = 4
configure:4134: checking whether we are using the GNU C++ compiler
configure:4153: g++ -c   conftest.cpp >&5
configure:4153: $? = 0
configure:4162: result: yes
configure:4171: checking whether g++ accepts -g
configure:4191: g++ -c -g  conftest.cpp >&5
configure:4191: $? = 0
configure:4232: result: yes
configure:4257: checking dependency style of g++
configure:4367: result: gcc3
configure:4425: checking for ranlib
configure:4441: found /usr/bin/ranlib
configure:4452: result: ranlib
configure:4499: checking for a sed that does not truncate output
configure:4563: result: /bin/sed
configure:4581: checking for grep that handles long lines and -e
configure:4639: result: /bin/grep
configure:4644: checking for egrep
configure:4706: result: /bin/grep -E
configure:4711: checking for fgrep
configure:4773: result: /bin/grep -F
configure:4808: checking for ld used by gcc
configure:4875: result: /usr/bin/ld
configure:4882: checking if the linker (/usr/bin/ld) is GNU ld
configure:4897: result: yes
configure:4909: checking for BSD- or MS-compatible name lister (nm)
configure:4958: result: /usr/bin/nm -B
configure:5076: checking the name lister (/usr/bin/nm -B) interface
configure:5083: gcc -c -g -O2  conftest.c >&5
configure:5086: /usr/bin/nm -B "conftest.o"
configure:5089: output
00000000 B some_variable
configure:5096: result: BSD nm
configure:5099: checking whether ln -s works
configure:5103: result: yes
configure:5111: checking the maximum length of command line arguments
configure:5231: result: 1572864
configure:5248: checking whether the shell understands some XSI constructs
configure:5258: result: yes
configure:5262: checking whether the shell understands "+="
configure:5268: result: yes
configure:5303: checking for /usr/bin/ld option to reload object files
configure:5310: result: -r
configure:5379: checking for objdump
configure:5395: found /usr/bin/objdump
configure:5406: result: objdump
configure:5438: checking how to recognize dependent libraries
configure:5634: result: pass_all
configure:5694: checking for ar
configure:5710: found /usr/bin/ar
configure:5721: result: ar
configure:5799: checking for strip
configure:5815: found /usr/bin/strip
configure:5826: result: strip
configure:5898: checking for ranlib
configure:5925: result: ranlib
configure:6015: checking command to parse /usr/bin/nm -B output from gcc object
configure:6133: gcc -c -g -O2  conftest.c >&5
configure:6136: $? = 0
configure:6140: /usr/bin/nm -B conftest.o \| sed -n -e 's/^.*[	 ]\([ABCDGIRSTW][ABCDGIRSTW]*\)[	 ][	 ]*\([_A-Za-z][_A-Za-z0-9]*\)$/\1 \2 \2/p' \> conftest.nm
configure:6143: $? = 0
configure:6197: gcc -o conftest -g -O2   conftest.c conftstm.o >&5
configure:6200: $? = 0
configure:6238: result: ok
configure:7047: checking how to run the C preprocessor
configure:7078: gcc -E  conftest.c
configure:7078: $? = 0
configure:7092: gcc -E  conftest.c
conftest.c:11:28: fatal error: ac_nonexistent.h: No such file or directory
compilation terminated.
configure:7092: $? = 1
configure: failed program was:
| /* confdefs.h */
| #define PACKAGE_NAME "gloox"
| #define PACKAGE_TARNAME "gloox"
| #define PACKAGE_VERSION "0.9.9.12"
| #define PACKAGE_STRING "gloox 0.9.9.12"
| #define PACKAGE_BUGREPORT "js@camaya.net"
| #define PACKAGE_URL ""
| #define PACKAGE "gloox"
| #define VERSION "0.9.9.12"
| /* end confdefs.h.  */
| #include <ac_nonexistent.h>
configure:7117: result: gcc -E
configure:7137: gcc -E  conftest.c
configure:7137: $? = 0
configure:7151: gcc -E  conftest.c
conftest.c:11:28: fatal error: ac_nonexistent.h: No such file or directory
compilation terminated.
configure:7151: $? = 1
configure: failed program was:
| /* confdefs.h */
| #define PACKAGE_NAME "gloox"
| #define PACKAGE_TARNAME "gloox"
| #define PACKAGE_VERSION "0.9.9.12"
| #define PACKAGE_STRING "gloox 0.9.9.12"
| #define PACKAGE_BUGREPORT "js@camaya.net"
| #define PACKAGE_URL ""
| #define PACKAGE "gloox"
| #define VERSION "0.9.9.12"
| /* end confdefs.h.  */
| #include <ac_nonexistent.h>
configure:7180: checking for ANSI C header files
configure:7200: gcc -c -g -O2  conftest.c >&5
configure:7200: $? = 0
configure:7273: gcc -o conftest -g -O2   conftest.c  >&5
configure:7273: $? = 0
configure:7273: ./conftest
configure:7273: $? = 0
configure:7284: result: yes
configure:7297: checking for sys/types.h
configure:7297: gcc -c -g -O2  conftest.c >&5
configure:7297: $? = 0
configure:7297: result: yes
configure:7297: checking for sys/stat.h
configure:7297: gcc -c -g -O2  conftest.c >&5
configure:7297: $? = 0
configure:7297: result: yes
configure:7297: checking for stdlib.h
configure:7297: gcc -c -g -O2  conftest.c >&5
configure:7297: $? = 0
configure:7297: result: yes
configure:7297: checking for string.h
configure:7297: gcc -c -g -O2  conftest.c >&5
configure:7297: $? = 0
configure:7297: result: yes
configure:7297: checking for memory.h
configure:7297: gcc -c -g -O2  conftest.c >&5
configure:7297: $? = 0
configure:7297: result: yes
configure:7297: checking for strings.h
configure:7297: gcc -c -g -O2  conftest.c >&5
configure:7297: $? = 0
configure:7297: result: yes
configure:7297: checking for inttypes.h
configure:7297: gcc -c -g -O2  conftest.c >&5
configure:7297: $? = 0
configure:7297: result: yes
configure:7297: checking for stdint.h
configure:7297: gcc -c -g -O2  conftest.c >&5
configure:7297: $? = 0
configure:7297: result: yes
configure:7297: checking for unistd.h
configure:7297: gcc -c -g -O2  conftest.c >&5
configure:7297: $? = 0
configure:7297: result: yes
configure:7312: checking for dlfcn.h
configure:7312: gcc -c -g -O2  conftest.c >&5
configure:7312: $? = 0
configure:7312: result: yes
configure:7437: checking for C++ compiler version
configure:7446: g++ --version >&5
g++ (Ubuntu/Linaro 4.6.3-1ubuntu5) 4.6.3
Copyright (C) 2011 Free Software Foundation, Inc.
This is free software; see the source for copying conditions.  There is NO
warranty; not even for MERCHANTABILITY or FITNESS FOR A PARTICULAR PURPOSE.

configure:7457: $? = 0
configure:7446: g++ -v >&5
Using built-in specs.
COLLECT_GCC=g++
COLLECT_LTO_WRAPPER=/usr/lib/gcc/i686-linux-gnu/4.6/lto-wrapper
Target: i686-linux-gnu
Configured with: ../src/configure -v --with-pkgversion='Ubuntu/Linaro 4.6.3-1ubuntu5' --with-bugurl=file:///usr/share/doc/gcc-4.6/README.Bugs --enable-languages=c,c++,fortran,objc,obj-c++ --prefix=/usr --program-suffix=-4.6 --enable-shared --enable-linker-build-id --with-system-zlib --libexecdir=/usr/lib --without-included-gettext --enable-threads=posix --with-gxx-include-dir=/usr/include/c++/4.6 --libdir=/usr/lib --enable-nls --with-sysroot=/ --enable-clocale=gnu --enable-libstdcxx-debug --enable-libstdcxx-time=yes --enable-gnu-unique-object --enable-plugin --enable-objc-gc --enable-targets=all --disable-werror --with-arch-32=i686 --with-tune=generic --enable-checking=release --build=i686-linux-gnu --host=i686-linux-gnu --target=i686-linux-gnu
Thread model: posix
gcc version 4.6.3 (Ubuntu/Linaro 4.6.3-1ubuntu5) 
configure:7457: $? = 0
configure:7446: g++ -V >&5
g++: error: unrecognized option '-V'
g++: fatal error: no input files
compilation terminated.
configure:7457: $? = 4
configure:7446: g++ -qversion >&5
g++: error: unrecognized option '-qversion'
g++: fatal error: no input files
compilation terminated.
configure:7457: $? = 4
configure:7461: checking whether we are using the GNU C++ compiler
configure:7489: result: yes
configure:7498: checking whether g++ accepts -g
configure:7559: result: yes
configure:7584: checking dependency style of g++
configure:7694: result: gcc3
configure:7717: checking how to run the C++ preprocessor
configure:7744: g++ -E  conftest.cpp
configure:7744: $? = 0
configure:7758: g++ -E  conftest.cpp
conftest.cpp:22:28: fatal error: ac_nonexistent.h: No such file or directory
compilation terminated.
configure:7758: $? = 1
configure: failed program was:
| /* confdefs.h */
| #define PACKAGE_NAME "gloox"
| #define PACKAGE_TARNAME "gloox"
| #define PACKAGE_VERSION "0.9.9.12"
| #define PACKAGE_STRING "gloox 0.9.9.12"
| #define PACKAGE_BUGREPORT "js@camaya.net"
| #define PACKAGE_URL ""
| #define PACKAGE "gloox"
| #define VERSION "0.9.9.12"
| #define STDC_HEADERS 1
| #define HAVE_SYS_TYPES_H 1
| #define HAVE_SYS_STAT_H 1
| #define HAVE_STDLIB_H 1
| #define HAVE_STRING_H 1
| #define HAVE_MEMORY_H 1
| #define HAVE_STRINGS_H 1
| #define HAVE_INTTYPES_H 1
| #define HAVE_STDINT_H 1
| #define HAVE_UNISTD_H 1
| #define HAVE_DLFCN_H 1
| /* end confdefs.h.  */
| #include <ac_nonexistent.h>
configure:7783: result: g++ -E
configure:7803: g++ -E  conftest.cpp
configure:7803: $? = 0
configure:7817: g++ -E  conftest.cpp
conftest.cpp:22:28: fatal error: ac_nonexistent.h: No such file or directory
compilation terminated.
configure:7817: $? = 1
configure: failed program was:
| /* confdefs.h */
| #define PACKAGE_NAME "gloox"
| #define PACKAGE_TARNAME "gloox"
| #define PACKAGE_VERSION "0.9.9.12"
| #define PACKAGE_STRING "gloox 0.9.9.12"
| #define PACKAGE_BUGREPORT "js@camaya.net"
| #define PACKAGE_URL ""
| #define PACKAGE "gloox"
| #define VERSION "0.9.9.12"
| #define STDC_HEADERS 1
| #define HAVE_SYS_TYPES_H 1
| #define HAVE_SYS_STAT_H 1
| #define HAVE_STDLIB_H 1
| #define HAVE_STRING_H 1
| #define HAVE_MEMORY_H 1
| #define HAVE_STRINGS_H 1
| #define HAVE_INTTYPES_H 1
| #define HAVE_STDINT_H 1
| #define HAVE_UNISTD_H 1
| #define HAVE_DLFCN_H 1
| /* end confdefs.h.  */
| #include <ac_nonexistent.h>
configure:8023: checking for objdir
configure:8038: result: .libs
configure:8330: checking if gcc supports -fno-rtti -fno-exceptions
configure:8348: gcc -c -g -O2  -fno-rtti -fno-exceptions conftest.c >&5
cc1: warning: command line option '-fno-rtti' is valid for C++/ObjC++ but not for C [enabled by default]
configure:8352: $? = 0
configure:8365: result: no
configure:8385: checking for gcc option to produce PIC
configure:8657: result: -fPIC -DPIC
configure:8669: checking if gcc PIC flag -fPIC -DPIC works
configure:8687: gcc -c -g -O2  -fPIC -DPIC -DPIC conftest.c >&5
configure:8691: $? = 0
configure:8704: result: yes
configure:8728: checking if gcc static flag -static works
configure:8756: result: yes
configure:8771: checking if gcc supports -c -o file.o
configure:8792: gcc -c -g -O2  -o out/conftest2.o conftest.c >&5
configure:8796: $? = 0
configure:8818: result: yes
configure:8826: checking if gcc supports -c -o file.o
configure:8873: result: yes
configure:8906: checking whether the gcc linker (/usr/bin/ld) supports shared libraries
configure:9896: result: yes
configure:9933: checking whether -lc should be explicitly linked in
configure:9938: gcc -c -g -O2  conftest.c >&5
configure:9941: $? = 0
configure:9956: gcc -shared conftest.o  -v -Wl,-soname -Wl,conftest -o conftest 2\>\&1 \| /bin/grep  -lc  \>/dev/null 2\>\&1
configure:9959: $? = 0
configure:9971: result: no
configure:10135: checking dynamic linker characteristics
configure:10568: gcc -o conftest -g -O2   -Wl,-rpath -Wl,/foo conftest.c  >&5
configure:10568: $? = 0
configure:10798: result: GNU/Linux ld.so
configure:10900: checking how to hardcode library paths into programs
configure:10925: result: immediate
configure:11445: checking whether stripping libraries is possible
configure:11450: result: yes
configure:11485: checking if libtool supports shared libraries
configure:11487: result: yes
configure:11490: checking whether to build shared libraries
configure:11511: result: yes
configure:11514: checking whether to build static libraries
configure:11518: result: yes
configure:11668: checking for ld used by g++
configure:11735: result: /usr/bin/ld
configure:11742: checking if the linker (/usr/bin/ld) is GNU ld
configure:11757: result: yes
configure:11812: checking whether the g++ linker (/usr/bin/ld) supports shared libraries
configure:12725: result: yes
configure:12753: g++ -c -g -O2  conftest.cpp >&5
configure:12756: $? = 0
configure:12938: checking for g++ option to produce PIC
configure:13255: result: -fPIC -DPIC
configure:13264: checking if g++ PIC flag -fPIC -DPIC works
configure:13282: g++ -c -g -O2  -fPIC -DPIC -DPIC conftest.cpp >&5
configure:13286: $? = 0
configure:13299: result: yes
configure:13320: checking if g++ static flag -static works
configure:13348: result: yes
configure:13360: checking if g++ supports -c -o file.o
configure:13381: g++ -c -g -O2  -o out/conftest2.o conftest.cpp >&5
configure:13385: $? = 0
configure:13407: result: yes
configure:13412: checking if g++ supports -c -o file.o
configure:13459: result: yes
configure:13489: checking whether the g++ linker (/usr/bin/ld) supports shared libraries
configure:13518: result: yes
configure:13655: checking dynamic linker characteristics
configure:14036: g++ -o conftest -g -O2   -Wl,-rpath -Wl,/foo conftest.cpp  >&5
configure:14036: $? = 0
configure:14266: result: GNU/Linux ld.so
configure:14317: checking how to hardcode library paths into programs
configure:14342: result: immediate
configure:14439: checking idna.h usability
configure:14439: gcc -c -g -O2  conftest.c >&5
configure:14439: $? = 0
configure:14439: result: yes
configure:14439: checking idna.h presence
configure:14439: gcc -E  conftest.c
configure:14439: $? = 0
configure:14439: result: yes
configure:14439: checking for idna.h
configure:14439: result: yes
configure:14441: checking for stringprep_check_version in -lidn
configure:14466: gcc -o conftest -g -O2   conftest.c -lidn   >&5
configure:14466: $? = 0
configure:14475: result: yes
configure:14497: checking if Libidn should be used
configure:14499: result: yes
configure:14550: checking gnutls/gnutls.h usability
configure:14550: gcc -c -g -O2  conftest.c >&5
configure:14550: $? = 0
configure:14550: result: yes
configure:14550: checking gnutls/gnutls.h presence
configure:14550: gcc -E  conftest.c
configure:14550: $? = 0
configure:14550: result: yes
configure:14550: checking for gnutls/gnutls.h
configure:14550: result: yes
configure:14552: checking for gnutls_check_version in -lgnutls
configure:14577: gcc -o conftest -g -O2   conftest.c -lgnutls   -lidn >&5
configure:14577: $? = 0
configure:14586: result: yes
configure:14609: checking if GnuTLS should be used
configure:14611: result: yes
configure:14708: checking zlib.h usability
configure:14708: gcc -c -g -O2  conftest.c >&5
configure:14708: $? = 0
configure:14708: result: yes
configure:14708: checking zlib.h presence
configure:14708: gcc -E  conftest.c
configure:14708: $? = 0
configure:14708: result: yes
configure:14708: checking for zlib.h
configure:14708: result: yes
configure:14710: checking for zlibVersion in -lz
configure:14735: gcc -o conftest -g -O2   conftest.c -lz   -lidn -lgnutls   >&5
configure:14735: $? = 0
configure:14744: result: yes
configure:14766: checking if Zlib should be used
configure:14768: result: yes
configure:14936: checking for the pthreads library -lpthreads
configure:14969: gcc -o conftest -g -O2    conftest.c -lpthreads  -lidn -lgnutls   -lz >&5
/usr/bin/ld: cannot find -lpthreads
collect2: ld returned 1 exit status
configure:14969: $? = 1
configure: failed program was:
| /* confdefs.h */
| #define PACKAGE_NAME "gloox"
| #define PACKAGE_TARNAME "gloox"
| #define PACKAGE_VERSION "0.9.9.12"
| #define PACKAGE_STRING "gloox 0.9.9.12"
| #define PACKAGE_BUGREPORT "js@camaya.net"
| #define PACKAGE_URL ""
| #define PACKAGE "gloox"
| #define VERSION "0.9.9.12"
| #define STDC_HEADERS 1
| #define HAVE_SYS_TYPES_H 1
| #define HAVE_SYS_STAT_H 1
| #define HAVE_STDLIB_H 1
| #define HAVE_STRING_H 1
| #define HAVE_MEMORY_H 1
| #define HAVE_STRINGS_H 1
| #define HAVE_INTTYPES_H 1
| #define HAVE_STDINT_H 1
| #define HAVE_UNISTD_H 1
| #define HAVE_DLFCN_H 1
| #define LT_OBJDIR ".libs/"
| #define HAVE_LIBIDN 1
| #define HAVE_GNUTLS 1
| #define HAVE_ZLIB 1
| /* end confdefs.h.  */
| #include <pthread.h>
| int
| main ()
| {
| pthread_t th; pthread_join(th, 0);
|                      pthread_attr_init(0); pthread_cleanup_push(0, 0);
|                      pthread_create(0,0,0,0); pthread_cleanup_pop(0);
|   ;
|   return 0;
| }
configure:14978: result: no
configure:14881: checking whether pthreads work without any flags
configure:14969: gcc -o conftest -g -O2    conftest.c   -lidn -lgnutls   -lz >&5
/tmp/ccKmHCAC.o: In function `main':
/home/z80/projects/robocam.git/projects/irc_tests/3dparty/gloox-1.0/conftest.c:30: undefined reference to `pthread_join'
/home/z80/projects/robocam.git/projects/irc_tests/3dparty/gloox-1.0/conftest.c:31: undefined reference to `__pthread_register_cancel'
/home/z80/projects/robocam.git/projects/irc_tests/3dparty/gloox-1.0/conftest.c:32: undefined reference to `pthread_create'
/home/z80/projects/robocam.git/projects/irc_tests/3dparty/gloox-1.0/conftest.c:32: undefined reference to `__pthread_unregister_cancel'
collect2: ld returned 1 exit status
configure:14969: $? = 1
configure: failed program was:
| /* confdefs.h */
| #define PACKAGE_NAME "gloox"
| #define PACKAGE_TARNAME "gloox"
| #define PACKAGE_VERSION "0.9.9.12"
| #define PACKAGE_STRING "gloox 0.9.9.12"
| #define PACKAGE_BUGREPORT "js@camaya.net"
| #define PACKAGE_URL ""
| #define PACKAGE "gloox"
| #define VERSION "0.9.9.12"
| #define STDC_HEADERS 1
| #define HAVE_SYS_TYPES_H 1
| #define HAVE_SYS_STAT_H 1
| #define HAVE_STDLIB_H 1
| #define HAVE_STRING_H 1
| #define HAVE_MEMORY_H 1
| #define HAVE_STRINGS_H 1
| #define HAVE_INTTYPES_H 1
| #define HAVE_STDINT_H 1
| #define HAVE_UNISTD_H 1
| #define HAVE_DLFCN_H 1
| #define LT_OBJDIR ".libs/"
| #define HAVE_LIBIDN 1
| #define HAVE_GNUTLS 1
| #define HAVE_ZLIB 1
| /* end confdefs.h.  */
| #include <pthread.h>
| int
| main ()
| {
| pthread_t th; pthread_join(th, 0);
|                      pthread_attr_init(0); pthread_cleanup_push(0, 0);
|                      pthread_create(0,0,0,0); pthread_cleanup_pop(0);
|   ;
|   return 0;
| }
configure:14978: result: no
configure:14886: checking whether pthreads work with -Kthread
configure:14969: gcc -o conftest -g -O2 -Kthread   conftest.c   -lidn -lgnutls   -lz >&5
gcc: error: unrecognized option '-Kthread'
configure:14969: $? = 1
configure: failed program was:
| /* confdefs.h */
| #define PACKAGE_NAME "gloox"
| #define PACKAGE_TARNAME "gloox"
| #define PACKAGE_VERSION "0.9.9.12"
| #define PACKAGE_STRING "gloox 0.9.9.12"
| #define PACKAGE_BUGREPORT "js@camaya.net"
| #define PACKAGE_URL ""
| #define PACKAGE "gloox"
| #define VERSION "0.9.9.12"
| #define STDC_HEADERS 1
| #define HAVE_SYS_TYPES_H 1
| #define HAVE_SYS_STAT_H 1
| #define HAVE_STDLIB_H 1
| #define HAVE_STRING_H 1
| #define HAVE_MEMORY_H 1
| #define HAVE_STRINGS_H 1
| #define HAVE_INTTYPES_H 1
| #define HAVE_STDINT_H 1
| #define HAVE_UNISTD_H 1
| #define HAVE_DLFCN_H 1
| #define LT_OBJDIR ".libs/"
| #define HAVE_LIBIDN 1
| #define HAVE_GNUTLS 1
| #define HAVE_ZLIB 1
| /* end confdefs.h.  */
| #include <pthread.h>
| int
| main ()
| {
| pthread_t th; pthread_join(th, 0);
|                      pthread_attr_init(0); pthread_cleanup_push(0, 0);
|                      pthread_create(0,0,0,0); pthread_cleanup_pop(0);
|   ;
|   return 0;
| }
configure:14978: result: no
configure:14886: checking whether pthreads work with -kthread
configure:14969: gcc -o conftest -g -O2 -kthread   conftest.c   -lidn -lgnutls   -lz >&5
gcc: error: unrecognized option '-kthread'
configure:14969: $? = 1
configure: failed program was:
| /* confdefs.h */
| #define PACKAGE_NAME "gloox"
| #define PACKAGE_TARNAME "gloox"
| #define PACKAGE_VERSION "0.9.9.12"
| #define PACKAGE_STRING "gloox 0.9.9.12"
| #define PACKAGE_BUGREPORT "js@camaya.net"
| #define PACKAGE_URL ""
| #define PACKAGE "gloox"
| #define VERSION "0.9.9.12"
| #define STDC_HEADERS 1
| #define HAVE_SYS_TYPES_H 1
| #define HAVE_SYS_STAT_H 1
| #define HAVE_STDLIB_H 1
| #define HAVE_STRING_H 1
| #define HAVE_MEMORY_H 1
| #define HAVE_STRINGS_H 1
| #define HAVE_INTTYPES_H 1
| #define HAVE_STDINT_H 1
| #define HAVE_UNISTD_H 1
| #define HAVE_DLFCN_H 1
| #define LT_OBJDIR ".libs/"
| #define HAVE_LIBIDN 1
| #define HAVE_GNUTLS 1
| #define HAVE_ZLIB 1
| /* end confdefs.h.  */
| #include <pthread.h>
| int
| main ()
| {
| pthread_t th; pthread_join(th, 0);
|                      pthread_attr_init(0); pthread_cleanup_push(0, 0);
|                      pthread_create(0,0,0,0); pthread_cleanup_pop(0);
|   ;
|   return 0;
| }
configure:14978: result: no
configure:14936: checking for the pthreads library -llthread
configure:14969: gcc -o conftest -g -O2    conftest.c -llthread  -lidn -lgnutls   -lz >&5
/usr/bin/ld: cannot find -llthread
collect2: ld returned 1 exit status
configure:14969: $? = 1
configure: failed program was:
| /* confdefs.h */
| #define PACKAGE_NAME "gloox"
| #define PACKAGE_TARNAME "gloox"
| #define PACKAGE_VERSION "0.9.9.12"
| #define PACKAGE_STRING "gloox 0.9.9.12"
| #define PACKAGE_BUGREPORT "js@camaya.net"
| #define PACKAGE_URL ""
| #define PACKAGE "gloox"
| #define VERSION "0.9.9.12"
| #define STDC_HEADERS 1
| #define HAVE_SYS_TYPES_H 1
| #define HAVE_SYS_STAT_H 1
| #define HAVE_STDLIB_H 1
| #define HAVE_STRING_H 1
| #define HAVE_MEMORY_H 1
| #define HAVE_STRINGS_H 1
| #define HAVE_INTTYPES_H 1
| #define HAVE_STDINT_H 1
| #define HAVE_UNISTD_H 1
| #define HAVE_DLFCN_H 1
| #define LT_OBJDIR ".libs/"
| #define HAVE_LIBIDN 1
| #define HAVE_GNUTLS 1
| #define HAVE_ZLIB 1
| /* end confdefs.h.  */
| #include <pthread.h>
| int
| main ()
| {
| pthread_t th; pthread_join(th, 0);
|                      pthread_attr_init(0); pthread_cleanup_push(0, 0);
|                      pthread_create(0,0,0,0); pthread_cleanup_pop(0);
|   ;
|   return 0;
| }
configure:14978: result: no
configure:14886: checking whether pthreads work with -pthread
configure:14969: gcc -o conftest -g -O2 -pthread   conftest.c   -lidn -lgnutls   -lz >&5
configure:14969: $? = 0
configure:14978: result: yes
configure:14997: checking for joinable pthread attribute
configure:15012: gcc -o conftest -g -O2 -pthread   conftest.c   -lidn -lgnutls   -lz >&5
configure:15012: $? = 0
configure:15018: result: PTHREAD_CREATE_JOINABLE
configure:15028: checking if more special flags are required for pthreads
configure:15035: result: no
configure:15122: checking for res_querydomain
configure:15122: gcc -o conftest -g -O2  -pthread  conftest.c   -lidn -lgnutls   -lz >&5
/tmp/ccB5cYq8.o: In function `main':
/home/z80/projects/robocam.git/projects/irc_tests/3dparty/gloox-1.0/conftest.c:61: undefined reference to `res_querydomain'
collect2: ld returned 1 exit status
configure:15122: $? = 1
configure: failed program was:
| /* confdefs.h */
| #define PACKAGE_NAME "gloox"
| #define PACKAGE_TARNAME "gloox"
| #define PACKAGE_VERSION "0.9.9.12"
| #define PACKAGE_STRING "gloox 0.9.9.12"
| #define PACKAGE_BUGREPORT "js@camaya.net"
| #define PACKAGE_URL ""
| #define PACKAGE "gloox"
| #define VERSION "0.9.9.12"
| #define STDC_HEADERS 1
| #define HAVE_SYS_TYPES_H 1
| #define HAVE_SYS_STAT_H 1
| #define HAVE_STDLIB_H 1
| #define HAVE_STRING_H 1
| #define HAVE_MEMORY_H 1
| #define HAVE_STRINGS_H 1
| #define HAVE_INTTYPES_H 1
| #define HAVE_STDINT_H 1
| #define HAVE_UNISTD_H 1
| #define HAVE_DLFCN_H 1
| #define LT_OBJDIR ".libs/"
| #define HAVE_LIBIDN 1
| #define HAVE_GNUTLS 1
| #define HAVE_ZLIB 1
| #define HAVE_PTHREAD 1
| /* end confdefs.h.  */
| /* Define res_querydomain to an innocuous variant, in case <limits.h> declares res_querydomain.
|    For example, HP-UX 11i <limits.h> declares gettimeofday.  */
| #define res_querydomain innocuous_res_querydomain
| 
| /* System header to define __stub macros and hopefully few prototypes,
|     which can conflict with char res_querydomain (); below.
|     Prefer <limits.h> to <assert.h> if __STDC__ is defined, since
|     <limits.h> exists even on freestanding compilers.  */
| 
| #ifdef __STDC__
| # include <limits.h>
| #else
| # include <assert.h>
| #endif
| 
| #undef res_querydomain
| 
| /* Override any GCC internal prototype to avoid an error.
|    Use char because int might match the return type of a GCC
|    builtin and then its argument prototype would still apply.  */
| #ifdef __cplusplus
| extern "C"
| #endif
| char res_querydomain ();
| /* The GNU C library defines this for functions which it implements
|     to always fail with ENOSYS.  Some functions are actually named
|     something starting with __ and the normal name is an alias.  */
| #if defined __stub_res_querydomain || defined __stub___res_querydomain
| choke me
| #endif
| 
| int
| main ()
| {
| return res_querydomain ();
|   ;
|   return 0;
| }
configure:15122: result: no
configure:15134: checking for res_querydomain in -lresolv
configure:15159: gcc -o conftest -g -O2  -pthread  conftest.c -lresolv    -lidn -lgnutls   -lz >&5
configure:15159: $? = 0
configure:15168: result: yes
configure:15268: checking for dn_skipname
configure:15268: gcc -o conftest -g -O2  -pthread  conftest.c -lresolv   -lidn -lgnutls   -lz >&5
/tmp/ccWzgJsr.o: In function `main':
/home/z80/projects/robocam.git/projects/irc_tests/3dparty/gloox-1.0/conftest.c:63: undefined reference to `dn_skipname'
collect2: ld returned 1 exit status
configure:15268: $? = 1
configure: failed program was:
| /* confdefs.h */
| #define PACKAGE_NAME "gloox"
| #define PACKAGE_TARNAME "gloox"
| #define PACKAGE_VERSION "0.9.9.12"
| #define PACKAGE_STRING "gloox 0.9.9.12"
| #define PACKAGE_BUGREPORT "js@camaya.net"
| #define PACKAGE_URL ""
| #define PACKAGE "gloox"
| #define VERSION "0.9.9.12"
| #define STDC_HEADERS 1
| #define HAVE_SYS_TYPES_H 1
| #define HAVE_SYS_STAT_H 1
| #define HAVE_STDLIB_H 1
| #define HAVE_STRING_H 1
| #define HAVE_MEMORY_H 1
| #define HAVE_STRINGS_H 1
| #define HAVE_INTTYPES_H 1
| #define HAVE_STDINT_H 1
| #define HAVE_UNISTD_H 1
| #define HAVE_DLFCN_H 1
| #define LT_OBJDIR ".libs/"
| #define HAVE_LIBIDN 1
| #define HAVE_GNUTLS 1
| #define HAVE_ZLIB 1
| #define HAVE_PTHREAD 1
| #define HAVE_LIBRESOLV 1
| #define HAVE_RES_QUERYDOMAIN 1
| /* end confdefs.h.  */
| /* Define dn_skipname to an innocuous variant, in case <limits.h> declares dn_skipname.
|    For example, HP-UX 11i <limits.h> declares gettimeofday.  */
| #define dn_skipname innocuous_dn_skipname
| 
| /* System header to define __stub macros and hopefully few prototypes,
|     which can conflict with char dn_skipname (); below.
|     Prefer <limits.h> to <assert.h> if __STDC__ is defined, since
|     <limits.h> exists even on freestanding compilers.  */
| 
| #ifdef __STDC__
| # include <limits.h>
| #else
| # include <assert.h>
| #endif
| 
| #undef dn_skipname
| 
| /* Override any GCC internal prototype to avoid an error.
|    Use char because int might match the return type of a GCC
|    builtin and then its argument prototype would still apply.  */
| #ifdef __cplusplus
| extern "C"
| #endif
| char dn_skipname ();
| /* The GNU C library defines this for functions which it implements
|     to always fail with ENOSYS.  Some functions are actually named
|     something starting with __ and the normal name is an alias.  */
| #if defined __stub_dn_skipname || defined __stub___dn_skipname
| choke me
| #endif
| 
| int
| main ()
| {
| return dn_skipname ();
|   ;
|   return 0;
| }
configure:15268: result: no
configure:15280: checking for dn_skipname in -lresolv
configure:15305: gcc -o conftest -g -O2  -pthread  conftest.c -lresolv  -lresolv   -lidn -lgnutls   -lz >&5
/tmp/ccVrJL8A.o: In function `main':
/home/z80/projects/robocam.git/projects/irc_tests/3dparty/gloox-1.0/conftest.c:40: undefined reference to `dn_skipname'
collect2: ld returned 1 exit status
configure:15305: $? = 1
configure: failed program was:
| /* confdefs.h */
| #define PACKAGE_NAME "gloox"
| #define PACKAGE_TARNAME "gloox"
| #define PACKAGE_VERSION "0.9.9.12"
| #define PACKAGE_STRING "gloox 0.9.9.12"
| #define PACKAGE_BUGREPORT "js@camaya.net"
| #define PACKAGE_URL ""
| #define PACKAGE "gloox"
| #define VERSION "0.9.9.12"
| #define STDC_HEADERS 1
| #define HAVE_SYS_TYPES_H 1
| #define HAVE_SYS_STAT_H 1
| #define HAVE_STDLIB_H 1
| #define HAVE_STRING_H 1
| #define HAVE_MEMORY_H 1
| #define HAVE_STRINGS_H 1
| #define HAVE_INTTYPES_H 1
| #define HAVE_STDINT_H 1
| #define HAVE_UNISTD_H 1
| #define HAVE_DLFCN_H 1
| #define LT_OBJDIR ".libs/"
| #define HAVE_LIBIDN 1
| #define HAVE_GNUTLS 1
| #define HAVE_ZLIB 1
| #define HAVE_PTHREAD 1
| #define HAVE_LIBRESOLV 1
| #define HAVE_RES_QUERYDOMAIN 1
| /* end confdefs.h.  */
| 
| /* Override any GCC internal prototype to avoid an error.
|    Use char because int might match the return type of a GCC
|    builtin and then its argument prototype would still apply.  */
| #ifdef __cplusplus
| extern "C"
| #endif
| char dn_skipname ();
| int
| main ()
| {
| return dn_skipname ();
|   ;
|   return 0;
| }
configure:15314: result: no
configure:15330: checking for dn_skipname in -lbind
configure:15355: gcc -o conftest -g -O2  -pthread  conftest.c -lbind  -lresolv   -lidn -lgnutls   -lz >&5
/usr/bin/ld: cannot find -lbind
collect2: ld returned 1 exit status
configure:15355: $? = 1
configure: failed program was:
| /* confdefs.h */
| #define PACKAGE_NAME "gloox"
| #define PACKAGE_TARNAME "gloox"
| #define PACKAGE_VERSION "0.9.9.12"
| #define PACKAGE_STRING "gloox 0.9.9.12"
| #define PACKAGE_BUGREPORT "js@camaya.net"
| #define PACKAGE_URL ""
| #define PACKAGE "gloox"
| #define VERSION "0.9.9.12"
| #define STDC_HEADERS 1
| #define HAVE_SYS_TYPES_H 1
| #define HAVE_SYS_STAT_H 1
| #define HAVE_STDLIB_H 1
| #define HAVE_STRING_H 1
| #define HAVE_MEMORY_H 1
| #define HAVE_STRINGS_H 1
| #define HAVE_INTTYPES_H 1
| #define HAVE_STDINT_H 1
| #define HAVE_UNISTD_H 1
| #define HAVE_DLFCN_H 1
| #define LT_OBJDIR ".libs/"
| #define HAVE_LIBIDN 1
| #define HAVE_GNUTLS 1
| #define HAVE_ZLIB 1
| #define HAVE_PTHREAD 1
| #define HAVE_LIBRESOLV 1
| #define HAVE_RES_QUERYDOMAIN 1
| /* end confdefs.h.  */
| 
| /* Override any GCC internal prototype to avoid an error.
|    Use char because int might match the return type of a GCC
|    builtin and then its argument prototype would still apply.  */
| #ifdef __cplusplus
| extern "C"
| #endif
| char dn_skipname ();
| int
| main ()
| {
| return dn_skipname ();
|   ;
|   return 0;
| }
configure:15364: result: no
configure:15380: checking for dn_skipname in -lresolv (alternate version)
configure:15396: gcc -o conftest -g -O2  -pthread  conftest.c -lresolv -lresolv   -lidn -lgnutls   -lz >&5
configure:15396: $? = 0
configure:15397: result: yes
configure:15415: checking for res_query
configure:15415: gcc -o conftest -g -O2  -pthread  conftest.c -lresolv -lresolv   -lidn -lgnutls   -lz >&5
configure:15415: $? = 0
configure:15415: result: yes
configure:15579: checking whether to enable debug
configure:15581: result: no
configure:15584: checking for ANSI C header files
configure:15688: result: yes
configure:15699: checking for unistd.h
configure:15699: result: yes
configure:15699: checking for strings.h
configure:15699: result: yes
configure:15699: checking errno.h usability
configure:15699: gcc -c -g -O2  -pthread conftest.c >&5
configure:15699: $? = 0
configure:15699: result: yes
configure:15699: checking errno.h presence
configure:15699: gcc -E  -pthread conftest.c
configure:15699: $? = 0
configure:15699: result: yes
configure:15699: checking for errno.h
configure:15699: result: yes
configure:15699: checking arpa/nameser.h usability
configure:15699: gcc -c -g -O2  -pthread conftest.c >&5
configure:15699: $? = 0
configure:15699: result: yes
configure:15699: checking arpa/nameser.h presence
configure:15699: gcc -E  -pthread conftest.c
configure:15699: $? = 0
configure:15699: result: yes
configure:15699: checking for arpa/nameser.h
configure:15699: result: yes
configure:15712: checking for setsockopt
configure:15712: gcc -o conftest -g -O2  -pthread  conftest.c -lresolv -lresolv   -lidn -lgnutls   -lz >&5
configure:15712: $? = 0
configure:15712: result: yes
configure:15768: checking for an ANSI C-conforming const
configure:15833: gcc -c -g -O2  -pthread conftest.c >&5
configure:15833: $? = 0
configure:15840: result: yes
configure:15848: checking for inline
configure:15864: gcc -c -g -O2  -pthread conftest.c >&5
configure:15864: $? = 0
configure:15872: result: inline
configure:16026: creating ./config.status

## ---------------------- ##
## Running config.status. ##
## ---------------------- ##

This file was extended by gloox config.status 0.9.9.12, which was
generated by GNU Autoconf 2.64.  Invocation command line was

  CONFIG_FILES    = 
  CONFIG_HEADERS  = 
  CONFIG_LINKS    = 
  CONFIG_COMMANDS = 
  $ ./config.status 

on z80

config.status:1170: creating Makefile
config.status:1170: creating gloox.pc
config.status:1170: creating gloox-config
config.status:1170: creating src/Makefile
config.status:1170: creating src/examples/Makefile
config.status:1170: creating src/tests/Makefile
config.status:1170: creating src/tests/base64/Makefile
config.status:1170: creating src/tests/chatstatefilter/Makefile
config.status:1170: creating src/tests/client/Makefile
config.status:1170: creating src/tests/clientbase/Makefile
config.status:1170: creating src/tests/dataform/Makefile
config.status:1170: creating src/tests/dataformfield/Makefile
config.status:1170: creating src/tests/delayeddelivery/Makefile
config.status:1170: creating src/tests/gpgencrypted/Makefile
config.status:1170: creating src/tests/gpgsigned/Makefile
config.status:1170: creating src/tests/jid/Makefile
config.status:1170: creating src/tests/md5/Makefile
config.status:1170: creating src/tests/messageeventfilter/Makefile
config.status:1170: creating src/tests/oob/Makefile
config.status:1170: creating src/tests/parser/Makefile
config.status:1170: creating src/tests/prep/Makefile
config.status:1170: creating src/tests/search/Makefile
config.status:1170: creating src/tests/sha/Makefile
config.status:1170: creating src/tests/simanager/Makefile
config.status:1170: creating src/tests/stanza/Makefile
config.status:1170: creating src/tests/stanzaextensionfactory/Makefile
config.status:1170: creating src/tests/tag/Makefile
config.status:1170: creating src/tests/tlsgnutls/Makefile
config.status:1170: creating src/tests/vcardupdate/Makefile
config.status:1170: creating src/tests/xdelayeddelivery/Makefile
config.status:1170: creating src/tests/xpath/Makefile
config.status:1170: creating src/tests/zlib/Makefile
config.status:1170: creating config.h
config.status:1390: executing depfiles commands
config.status:1390: executing libtool commands

## ---------------- ##
## Cache variables. ##
## ---------------- ##

ac_cv_build=i686-pc-linux-gnu
ac_cv_c_compiler_gnu=yes
ac_cv_c_const=yes
ac_cv_c_inline=inline
ac_cv_cxx_compiler_gnu=yes
ac_cv_env_CCC_set=
ac_cv_env_CCC_value=
ac_cv_env_CC_set=
ac_cv_env_CC_value=
ac_cv_env_CFLAGS_set=
ac_cv_env_CFLAGS_value=
ac_cv_env_CPPFLAGS_set=
ac_cv_env_CPPFLAGS_value=
ac_cv_env_CPP_set=
ac_cv_env_CPP_value=
ac_cv_env_CXXCPP_set=
ac_cv_env_CXXCPP_value=
ac_cv_env_CXXFLAGS_set=
ac_cv_env_CXXFLAGS_value=
ac_cv_env_CXX_set=
ac_cv_env_CXX_value=
ac_cv_env_LDFLAGS_set=
ac_cv_env_LDFLAGS_value=
ac_cv_env_LIBS_set=
ac_cv_env_LIBS_value=
ac_cv_env_build_alias_set=
ac_cv_env_build_alias_value=
ac_cv_env_host_alias_set=
ac_cv_env_host_alias_value=
ac_cv_env_target_alias_set=
ac_cv_env_target_alias_value=
ac_cv_func_dn_skipname=no
ac_cv_func_res_query=yes
ac_cv_func_res_querydomain=no
ac_cv_func_setsockopt=yes
ac_cv_header_arpa_nameser_h=yes
ac_cv_header_dlfcn_h=yes
ac_cv_header_errno_h=yes
ac_cv_header_gnutls_gnutls_h=yes
ac_cv_header_idna_h=yes
ac_cv_header_inttypes_h=yes
ac_cv_header_memory_h=yes
ac_cv_header_stdc=yes
ac_cv_header_stdint_h=yes
ac_cv_header_stdlib_h=yes
ac_cv_header_string_h=yes
ac_cv_header_strings_h=yes
ac_cv_header_sys_stat_h=yes
ac_cv_header_sys_types_h=yes
ac_cv_header_unistd_h=yes
ac_cv_header_zlib_h=yes
ac_cv_host=i686-pc-linux-gnu
ac_cv_lib_bind_dn_skipname=no
ac_cv_lib_gnutls_gnutls_check_version=yes
ac_cv_lib_idn_stringprep_check_version=yes
ac_cv_lib_resolv_dn_skipname=no
ac_cv_lib_resolv_res_querydomain=yes
ac_cv_lib_z_zlibVersion=yes
ac_cv_objext=o
ac_cv_path_EGREP='/bin/grep -E'
ac_cv_path_FGREP='/bin/grep -F'
ac_cv_path_GREP=/bin/grep
ac_cv_path_SED=/bin/sed
ac_cv_path_install='/usr/bin/install -c'
ac_cv_path_mkdir=/bin/mkdir
ac_cv_prog_AWK=gawk
ac_cv_prog_CPP='gcc -E'
ac_cv_prog_CXXCPP='g++ -E'
ac_cv_prog_ac_ct_AR=ar
ac_cv_prog_ac_ct_CC=gcc
ac_cv_prog_ac_ct_CXX=g++
ac_cv_prog_ac_ct_OBJDUMP=objdump
ac_cv_prog_ac_ct_RANLIB=ranlib
ac_cv_prog_ac_ct_STRIP=strip
ac_cv_prog_cc_c89=
ac_cv_prog_cc_g=yes
ac_cv_prog_cxx_g=yes
ac_cv_prog_make_make_set=yes
am_cv_CC_dependencies_compiler_type=gcc3
am_cv_CXX_dependencies_compiler_type=gcc3
lt_cv_deplibs_check_method=pass_all
lt_cv_file_magic_cmd='$MAGIC_CMD'
lt_cv_file_magic_test_file=
lt_cv_ld_reload_flag=-r
lt_cv_nm_interface='BSD nm'
lt_cv_objdir=.libs
lt_cv_path_LD=/usr/bin/ld
lt_cv_path_LDCXX=/usr/bin/ld
lt_cv_path_NM='/usr/bin/nm -B'
lt_cv_prog_compiler_c_o=yes
lt_cv_prog_compiler_c_o_CXX=yes
lt_cv_prog_compiler_pic_works=yes
lt_cv_prog_compiler_pic_works_CXX=yes
lt_cv_prog_compiler_rtti_exceptions=no
lt_cv_prog_compiler_static_works=yes
lt_cv_prog_compiler_static_works_CXX=yes
lt_cv_prog_gnu_ld=yes
lt_cv_prog_gnu_ldcxx=yes
lt_cv_sys_global_symbol_pipe='sed -n -e '\''s/^.*[	 ]\([ABCDGIRSTW][ABCDGIRSTW]*\)[	 ][	 ]*\([_A-Za-z][_A-Za-z0-9]*\)$/\1 \2 \2/p'\'''
lt_cv_sys_global_symbol_to_c_name_address='sed -n -e '\''s/^: \([^ ]*\) $/  {\"\1\", (void *) 0},/p'\'' -e '\''s/^[ABCDGIRSTW]* \([^ ]*\) \([^ ]*\)$/  {"\2", (void *) \&\2},/p'\'''
lt_cv_sys_global_symbol_to_c_name_address_lib_prefix='sed -n -e '\''s/^: \([^ ]*\) $/  {\"\1\", (void *) 0},/p'\'' -e '\''s/^[ABCDGIRSTW]* \([^ ]*\) \(lib[^ ]*\)$/  {"\2", (void *) \&\2},/p'\'' -e '\''s/^[ABCDGIRSTW]* \([^ ]*\) \([^ ]*\)$/  {"lib\2", (void *) \&\2},/p'\'''
lt_cv_sys_global_symbol_to_cdecl='sed -n -e '\''s/^T .* \(.*\)$/extern int \1();/p'\'' -e '\''s/^[ABCDGIRSTW]* .* \(.*\)$/extern char \1;/p'\'''
lt_cv_sys_max_cmd_len=1572864

## ----------------- ##
## Output variables. ##
## ----------------- ##

ACLOCAL='${SHELL} /home/z80/projects/robocam.git/projects/irc_tests/3dparty/gloox-1.0/missing --run aclocal-1.11'
AMDEPBACKSLASH='\'
AMDEP_FALSE='#'
AMDEP_TRUE=''
AMTAR='${SHELL} /home/z80/projects/robocam.git/projects/irc_tests/3dparty/gloox-1.0/missing --run tar'
AR='ar'
AUTOCONF='${SHELL} /home/z80/projects/robocam.git/projects/irc_tests/3dparty/gloox-1.0/missing --run autoconf'
AUTOHEADER='${SHELL} /home/z80/projects/robocam.git/projects/irc_tests/3dparty/gloox-1.0/missing --run autoheader'
AUTOMAKE='${SHELL} /home/z80/projects/robocam.git/projects/irc_tests/3dparty/gloox-1.0/missing --run automake-1.11'
AWK='gawk'
CC='gcc'
CCDEPMODE='depmode=gcc3'
CFLAGS='-g -O2'
CPP='gcc -E'
CPPFLAGS=' -pthread'
CXX='g++'
CXXCPP='g++ -E'
CXXDEPMODE='depmode=gcc3'
CXXFLAGS='-g -O2'
CYGPATH_W='echo'
DEFS='-DHAVE_CONFIG_H'
DEPDIR='.deps'
DSYMUTIL=''
DUMPBIN=''
ECHO_C=''
ECHO_N='-n'
ECHO_T=''
EGREP='/bin/grep -E'
EXEEXT=''
FGREP='/bin/grep -F'
GREP='/bin/grep'
INSTALL_DATA='${INSTALL} -m 644'
INSTALL_PROGRAM='${INSTALL}'
INSTALL_SCRIPT='${INSTALL}'
INSTALL_STRIP_PROGRAM='$(install_sh) -c -s'
ISODATE='2012-09-11'
LD='/usr/bin/ld'
LDFLAGS=''
LIBOBJS=''
LIBS='-lresolv -lresolv   -lidn -lgnutls   -lz'
LIBTOOL='$(SHELL) $(top_builddir)/libtool'
LIPO=''
LN_S='ln -s'
LTLIBOBJS=''
MAKEINFO='${SHELL} /home/z80/projects/robocam.git/projects/irc_tests/3dparty/gloox-1.0/missing --run makeinfo'
MKDIR_P='/bin/mkdir -p'
NM='/usr/bin/nm -B'
NMEDIT=''
OBJDUMP='objdump'
OBJEXT='o'
OTOOL64=''
OTOOL=''
PACKAGE='gloox'
PACKAGE_BUGREPORT='js@camaya.net'
PACKAGE_NAME='gloox'
PACKAGE_STRING='gloox 0.9.9.12'
PACKAGE_TARNAME='gloox'
PACKAGE_URL=''
PACKAGE_VERSION='0.9.9.12'
PATH_SEPARATOR=':'
PTHREAD_CC='gcc'
PTHREAD_CFLAGS='-pthread'
PTHREAD_LIBS=''
RANLIB='ranlib'
SED='/bin/sed'
SET_MAKE=''
SHELL='/bin/sh'
STRIP='strip'
VERSION='0.9.9.12'
ac_ct_CC='gcc'
ac_ct_CXX='g++'
ac_ct_DUMPBIN=''
acx_pthread_config=''
am__EXEEXT_FALSE=''
am__EXEEXT_TRUE='#'
am__fastdepCC_FALSE='#'
am__fastdepCC_TRUE=''
am__fastdepCXX_FALSE='#'
am__fastdepCXX_TRUE=''
am__include='include'
am__isrc=''
am__leading_dot='.'
am__quote=''
am__tar='${AMTAR} chof - "$$tardir"'
am__untar='${AMTAR} xf -'
bindir='${exec_prefix}/bin'
build='i686-pc-linux-gnu'
build_alias=''
build_cpu='i686'
build_os='linux-gnu'
build_vendor='pc'
datadir='${datarootdir}'
datarootdir='${prefix}/share'
docdir='${datarootdir}/doc/${PACKAGE_TARNAME}'
dvidir='${docdir}'
exec_prefix='${prefix}'
host='i686-pc-linux-gnu'
host_alias=''
host_cpu='i686'
host_os='linux-gnu'
host_vendor='pc'
htmldir='${docdir}'
includedir='${prefix}/include'
infodir='${datarootdir}/info'
install_sh='${SHELL} /home/z80/projects/robocam.git/projects/irc_tests/3dparty/gloox-1.0/install-sh'
libdir='${exec_prefix}/lib'
libexecdir='${exec_prefix}/libexec'
localedir='${datarootdir}/locale'
localstatedir='${prefix}/var'
lt_ECHO='echo'
mandir='${datarootdir}/man'
mkdir_p='/bin/mkdir -p'
oldincludedir='/usr/include'
pdfdir='${docdir}'
prefix='/usr/local'
program_transform_name='s,x,x,'
psdir='${docdir}'
sbindir='${exec_prefix}/sbin'
sharedstatedir='${prefix}/com'
sysconfdir='${prefix}/etc'
target_alias=''

## ----------- ##
## confdefs.h. ##
## ----------- ##

/* confdefs.h */
#define PACKAGE_NAME "gloox"
#define PACKAGE_TARNAME "gloox"
#define PACKAGE_VERSION "0.9.9.12"
#define PACKAGE_STRING "gloox 0.9.9.12"
#define PACKAGE_BUGREPORT "js@camaya.net"
#define PACKAGE_URL ""
#define PACKAGE "gloox"
#define VERSION "0.9.9.12"
#define STDC_HEADERS 1
#define HAVE_SYS_TYPES_H 1
#define HAVE_SYS_STAT_H 1
#define HAVE_STDLIB_H 1
#define HAVE_STRING_H 1
#define HAVE_MEMORY_H 1
#define HAVE_STRINGS_H 1
#define HAVE_INTTYPES_H 1
#define HAVE_STDINT_H 1
#define HAVE_UNISTD_H 1
#define HAVE_DLFCN_H 1
#define LT_OBJDIR ".libs/"
#define HAVE_LIBIDN 1
#define HAVE_GNUTLS 1
#define HAVE_ZLIB 1
#define HAVE_PTHREAD 1
#define HAVE_LIBRESOLV 1
#define HAVE_RES_QUERYDOMAIN 1
#define HAVE_DN_SKIPNAME 1
#define HAVE_RES_QUERY 1
#define STDC_HEADERS 1
#define HAVE_UNISTD_H 1
#define HAVE_STRINGS_H 1
#define HAVE_ERRNO_H 1
#define HAVE_ARPA_NAMESER_H 1
#define HAVE_SETSOCKOPT 1

configure: exit 0
